[ 2016-01-20T20:46:34+08:00 ] 127.0.0.1 /Qiao/Home/Index/index.html
INFO: [ app_init ] --START--
INFO: Run Behavior\BuildLiteBehavior [ RunTime:0.000065s ]
INFO: [ app_init ] --END-- [ RunTime:0.004075s ]
INFO: [ app_begin ] --START--
INFO: Run Behavior\ReadHtmlCacheBehavior [ RunTime:0.002712s ]
INFO: [ app_begin ] --END-- [ RunTime:0.003336s ]

[ 2016-01-20T20:46:34+08:00 ] 127.0.0.1 /Qiao/Home/Login/index.html
INFO: [ app_init ] --START--
INFO: Run Behavior\BuildLiteBehavior [ RunTime:0.000061s ]
INFO: [ app_init ] --END-- [ RunTime:0.001239s ]
INFO: [ app_begin ] --START--
INFO: Run Behavior\ReadHtmlCacheBehavior [ RunTime:0.002231s ]
INFO: [ app_begin ] --END-- [ RunTime:0.002746s ]
INFO: [ view_parse ] --START--
INFO: [ template_filter ] --START--
INFO: Run Behavior\ContentReplaceBehavior [ RunTime:0.000999s ]
INFO: [ template_filter ] --END-- [ RunTime:0.001290s ]
INFO: Run Behavior\ParseTemplateBehavior [ RunTime:0.034172s ]
INFO: [ view_parse ] --END-- [ RunTime:0.034487s ]
INFO: [ view_filter ] --START--
INFO: Run Behavior\WriteHtmlCacheBehavior [ RunTime:0.002477s ]
INFO: [ view_filter ] --END-- [ RunTime:0.002778s ]
INFO: [ app_end ] --START--
INFO: Run Behavior\ShowPageTraceBehavior [ RunTime:0.003686s ]
INFO: [ app_end ] --END-- [ RunTime:0.004149s ]

[ 2016-01-20T20:46:34+08:00 ] 127.0.0.1 /Qiao/Home/Code/getCode.html
INFO: [ app_init ] --START--
INFO: Run Behavior\BuildLiteBehavior [ RunTime:0.000114s ]
INFO: [ app_init ] --END-- [ RunTime:0.002478s ]
INFO: [ app_begin ] --START--
INFO: Run Behavior\ReadHtmlCacheBehavior [ RunTime:0.001931s ]
INFO: [ app_begin ] --END-- [ RunTime:0.002296s ]
INFO: [ app_end ] --START--
INFO: Run Behavior\ShowPageTraceBehavior [ RunTime:0.002890s ]
INFO: [ app_end ] --END-- [ RunTime:0.003286s ]

[ 2016-01-20T20:46:51+08:00 ] 127.0.0.1 /Qiao/Home/Code/getCode.html
INFO: [ app_init ] --START--
INFO: Run Behavior\BuildLiteBehavior [ RunTime:0.000157s ]
INFO: [ app_init ] --END-- [ RunTime:0.001790s ]
INFO: [ app_begin ] --START--
INFO: Run Behavior\ReadHtmlCacheBehavior [ RunTime:0.001829s ]
INFO: [ app_begin ] --END-- [ RunTime:0.002157s ]
INFO: [ app_end ] --START--
INFO: Run Behavior\ShowPageTraceBehavior [ RunTime:0.002486s ]
INFO: [ app_end ] --END-- [ RunTime:0.002893s ]

[ 2016-01-20T20:46:59+08:00 ] 127.0.0.1 /Qiao/Home/Login/login.html
INFO: [ app_init ] --START--
INFO: Run Behavior\BuildLiteBehavior [ RunTime:0.000058s ]
INFO: [ app_init ] --END-- [ RunTime:0.001155s ]
INFO: [ app_begin ] --START--
INFO: Run Behavior\ReadHtmlCacheBehavior [ RunTime:0.001524s ]
INFO: [ app_begin ] --END-- [ RunTime:0.001833s ]
SQL: SHOW COLUMNS FROM `user` [ RunTime:0.0165s ]

[ 2016-01-20T20:47:01+08:00 ] 127.0.0.1 /Qiao/Home/Code/getCode.html
INFO: [ app_init ] --START--
INFO: Run Behavior\BuildLiteBehavior [ RunTime:0.000092s ]
INFO: [ app_init ] --END-- [ RunTime:0.002192s ]
INFO: [ app_begin ] --START--
INFO: Run Behavior\ReadHtmlCacheBehavior [ RunTime:0.001991s ]
INFO: [ app_begin ] --END-- [ RunTime:0.002361s ]
INFO: [ app_end ] --START--
INFO: Run Behavior\ShowPageTraceBehavior [ RunTime:0.002011s ]
INFO: [ app_end ] --END-- [ RunTime:0.002407s ]

[ 2016-01-20T20:47:03+08:00 ] 127.0.0.1 /Qiao/Home/Code/getCode.html
INFO: [ app_init ] --START--
INFO: Run Behavior\BuildLiteBehavior [ RunTime:0.000056s ]
INFO: [ app_init ] --END-- [ RunTime:0.001291s ]
INFO: [ app_begin ] --START--
INFO: Run Behavior\ReadHtmlCacheBehavior [ RunTime:0.001618s ]
INFO: [ app_begin ] --END-- [ RunTime:0.001928s ]
INFO: [ app_end ] --START--
INFO: Run Behavior\ShowPageTraceBehavior [ RunTime:0.001756s ]
INFO: [ app_end ] --END-- [ RunTime:0.002062s ]

[ 2016-01-20T20:47:12+08:00 ] 127.0.0.1 /Qiao/Home/Login/login.html
INFO: [ app_init ] --START--
INFO: Run Behavior\BuildLiteBehavior [ RunTime:0.000058s ]
INFO: [ app_init ] --END-- [ RunTime:0.001365s ]
INFO: [ app_begin ] --START--
INFO: Run Behavior\ReadHtmlCacheBehavior [ RunTime:0.002189s ]
INFO: [ app_begin ] --END-- [ RunTime:0.002539s ]
SQL: SHOW COLUMNS FROM `user` [ RunTime:0.0088s ]
SQL: select *from user where username='admin' [ RunTime:0.0032s ]

[ 2016-01-20T20:47:12+08:00 ] 127.0.0.1 /Qiao/Home/Index/index.html
INFO: [ app_init ] --START--
INFO: Run Behavior\BuildLiteBehavior [ RunTime:0.000055s ]
INFO: [ app_init ] --END-- [ RunTime:0.001174s ]
INFO: [ app_begin ] --START--
INFO: Run Behavior\ReadHtmlCacheBehavior [ RunTime:0.001982s ]
INFO: [ app_begin ] --END-- [ RunTime:0.002260s ]
SQL: SHOW COLUMNS FROM `bridge` [ RunTime:0.0122s ]
SQL: SELECT COUNT(*) AS tp_count FROM `bridge` WHERE `user` = 'admin' LIMIT 1   [ RunTime:0.0035s ]
SQL: SELECT * FROM `bridge` WHERE `user` = 'admin' ORDER BY bid asc LIMIT 0,10   [ RunTime:0.0018s ]
INFO: [ view_parse ] --START--
INFO: [ template_filter ] --START--
INFO: Run Behavior\ContentReplaceBehavior [ RunTime:0.000276s ]
INFO: [ template_filter ] --END-- [ RunTime:0.000523s ]
INFO: Run Behavior\ParseTemplateBehavior [ RunTime:0.052833s ]
INFO: [ view_parse ] --END-- [ RunTime:0.053163s ]
INFO: [ view_filter ] --START--
INFO: Run Behavior\WriteHtmlCacheBehavior [ RunTime:0.002193s ]
INFO: [ view_filter ] --END-- [ RunTime:0.002553s ]
INFO: [ app_end ] --START--
INFO: Run Behavior\ShowPageTraceBehavior [ RunTime:0.002052s ]
INFO: [ app_end ] --END-- [ RunTime:0.002332s ]

[ 2016-01-20T20:47:12+08:00 ] 127.0.0.1 /Qiao/Home/Index/index.html
INFO: [ app_init ] --START--
INFO: Run Behavior\BuildLiteBehavior [ RunTime:0.000056s ]
INFO: [ app_init ] --END-- [ RunTime:0.001227s ]
INFO: [ app_begin ] --START--
INFO: Run Behavior\ReadHtmlCacheBehavior [ RunTime:0.001643s ]
INFO: [ app_begin ] --END-- [ RunTime:0.001933s ]
SQL: SHOW COLUMNS FROM `bridge` [ RunTime:0.0092s ]
SQL: SELECT COUNT(*) AS tp_count FROM `bridge` WHERE `user` = 'admin' LIMIT 1   [ RunTime:0.0008s ]
SQL: SELECT * FROM `bridge` WHERE `user` = 'admin' ORDER BY bid asc LIMIT 0,10   [ RunTime:0.0010s ]
INFO: [ view_parse ] --START--
INFO: [ template_filter ] --START--
INFO: Run Behavior\ContentReplaceBehavior [ RunTime:0.000252s ]
INFO: [ template_filter ] --END-- [ RunTime:0.000556s ]
INFO: Run Behavior\ParseTemplateBehavior [ RunTime:0.040587s ]
INFO: [ view_parse ] --END-- [ RunTime:0.040870s ]
INFO: [ view_filter ] --START--
INFO: Run Behavior\WriteHtmlCacheBehavior [ RunTime:0.001220s ]
INFO: [ view_filter ] --END-- [ RunTime:0.001485s ]
INFO: [ app_end ] --START--
INFO: Run Behavior\ShowPageTraceBehavior [ RunTime:0.001623s ]
INFO: [ app_end ] --END-- [ RunTime:0.001865s ]

[ 2016-01-20T20:47:22+08:00 ] 127.0.0.1 /Qiao/Home/Info/index/bid/59.html
INFO: [ app_init ] --START--
INFO: Run Behavior\BuildLiteBehavior [ RunTime:0.000058s ]
INFO: [ app_init ] --END-- [ RunTime:0.001384s ]
INFO: [ app_begin ] --START--
INFO: Run Behavior\ReadHtmlCacheBehavior [ RunTime:0.001823s ]
INFO: [ app_begin ] --END-- [ RunTime:0.002143s ]
SQL: SHOW COLUMNS FROM `info1` [ RunTime:0.0115s ]
SQL: SHOW COLUMNS FROM `bridge` [ RunTime:0.0079s ]
SQL: SELECT `user` FROM `bridge` WHERE ( bid=59 )  [ RunTime:0.0015s ]
SQL: SELECT * FROM `info1` WHERE ( bid=59 )  [ RunTime:0.0015s ]
SQL: SELECT * FROM `bridge` WHERE ( bid=59 )  [ RunTime:0.0007s ]
INFO: [ view_parse ] --START--
INFO: [ template_filter ] --START--
INFO: Run Behavior\ContentReplaceBehavior [ RunTime:0.000423s ]
INFO: [ template_filter ] --END-- [ RunTime:0.000811s ]
INFO: Run Behavior\ParseTemplateBehavior [ RunTime:0.045291s ]
INFO: [ view_parse ] --END-- [ RunTime:0.045595s ]
INFO: [ view_filter ] --START--
INFO: Run Behavior\WriteHtmlCacheBehavior [ RunTime:0.001198s ]
INFO: [ view_filter ] --END-- [ RunTime:0.001437s ]
INFO: [ app_end ] --START--
INFO: Run Behavior\ShowPageTraceBehavior [ RunTime:0.001749s ]
INFO: [ app_end ] --END-- [ RunTime:0.001998s ]

[ 2016-01-20T20:47:29+08:00 ] 127.0.0.1 /Qiao/Home/Info/info.html
INFO: [ app_init ] --START--
INFO: Run Behavior\BuildLiteBehavior [ RunTime:0.000093s ]
INFO: [ app_init ] --END-- [ RunTime:0.001612s ]
INFO: [ app_begin ] --START--
INFO: Run Behavior\ReadHtmlCacheBehavior [ RunTime:0.002445s ]
INFO: [ app_begin ] --END-- [ RunTime:0.002915s ]
SQL: SHOW COLUMNS FROM `info2` [ RunTime:0.0130s ]
SQL: SELECT * FROM `info2` WHERE ( bid=59 )  [ RunTime:0.0023s ]
NOTIC: [8] Use of undefined constant info - assumed 'info' C:\wamp\www\Qiao\Application\Home\Controller\InfoController.class.php 第 68 行.
INFO: [ view_parse ] --START--
INFO: [ template_filter ] --START--
INFO: Run Behavior\ContentReplaceBehavior [ RunTime:0.000508s ]
INFO: [ template_filter ] --END-- [ RunTime:0.001069s ]
INFO: Run Behavior\ParseTemplateBehavior [ RunTime:0.052414s ]
INFO: [ view_parse ] --END-- [ RunTime:0.052803s ]
INFO: [ view_filter ] --START--
INFO: Run Behavior\WriteHtmlCacheBehavior [ RunTime:0.001320s ]
INFO: [ view_filter ] --END-- [ RunTime:0.001655s ]
INFO: [ app_end ] --START--
INFO: Run Behavior\ShowPageTraceBehavior [ RunTime:0.001531s ]
INFO: [ app_end ] --END-- [ RunTime:0.001861s ]

[ 2016-01-20T20:47:31+08:00 ] 127.0.0.1 /Qiao/Home/Index/index.html
INFO: [ app_init ] --START--
INFO: Run Behavior\BuildLiteBehavior [ RunTime:0.000057s ]
INFO: [ app_init ] --END-- [ RunTime:0.001340s ]
INFO: [ app_begin ] --START--
INFO: Run Behavior\ReadHtmlCacheBehavior [ RunTime:0.001599s ]
INFO: [ app_begin ] --END-- [ RunTime:0.001875s ]
SQL: SHOW COLUMNS FROM `bridge` [ RunTime:0.0082s ]
SQL: SELECT COUNT(*) AS tp_count FROM `bridge` WHERE `user` = 'admin' LIMIT 1   [ RunTime:0.0007s ]
SQL: SELECT * FROM `bridge` WHERE `user` = 'admin' ORDER BY bid asc LIMIT 0,10   [ RunTime:0.0009s ]
INFO: [ view_parse ] --START--
INFO: [ template_filter ] --START--
INFO: Run Behavior\ContentReplaceBehavior [ RunTime:0.000256s ]
INFO: [ template_filter ] --END-- [ RunTime:0.000583s ]
INFO: Run Behavior\ParseTemplateBehavior [ RunTime:0.038749s ]
INFO: [ view_parse ] --END-- [ RunTime:0.039050s ]
INFO: [ view_filter ] --START--
INFO: Run Behavior\WriteHtmlCacheBehavior [ RunTime:0.001206s ]
INFO: [ view_filter ] --END-- [ RunTime:0.001447s ]
INFO: [ app_end ] --START--
INFO: Run Behavior\ShowPageTraceBehavior [ RunTime:0.001651s ]
INFO: [ app_end ] --END-- [ RunTime:0.001891s ]

[ 2016-01-20T20:47:34+08:00 ] 127.0.0.1 /Qiao/Home/Pingding/index/bid/55.html
INFO: [ app_init ] --START--
INFO: Run Behavior\BuildLiteBehavior [ RunTime:0.000058s ]
INFO: [ app_init ] --END-- [ RunTime:0.001434s ]
INFO: [ app_begin ] --START--
INFO: Run Behavior\ReadHtmlCacheBehavior [ RunTime:0.001692s ]
INFO: [ app_begin ] --END-- [ RunTime:0.001989s ]
SQL: SHOW COLUMNS FROM `info2` [ RunTime:0.0115s ]
SQL: SHOW COLUMNS FROM `bujianlist` [ RunTime:0.0101s ]
SQL: SELECT `name` FROM `bujianlist`  [ RunTime:0.0016s ]
SQL: SHOW COLUMNS FROM `bridge` [ RunTime:0.0089s ]
SQL: SELECT `user` FROM `bridge` WHERE ( bid=55 )  [ RunTime:0.0006s ]
SQL: SELECT * FROM `info2` WHERE ( bid=55 )  [ RunTime:0.0008s ]
INFO: [ view_parse ] --START--
INFO: [ template_filter ] --START--
INFO: Run Behavior\ContentReplaceBehavior [ RunTime:0.000529s ]
INFO: [ template_filter ] --END-- [ RunTime:0.000869s ]
INFO: Run Behavior\ParseTemplateBehavior [ RunTime:0.071484s ]
INFO: [ view_parse ] --END-- [ RunTime:0.072001s ]
INFO: [ view_filter ] --START--
INFO: Run Behavior\WriteHtmlCacheBehavior [ RunTime:0.001886s ]
INFO: [ view_filter ] --END-- [ RunTime:0.002281s ]
INFO: [ app_end ] --START--
INFO: Run Behavior\ShowPageTraceBehavior [ RunTime:0.005704s ]
INFO: [ app_end ] --END-- [ RunTime:0.006129s ]

[ 2016-01-20T20:47:37+08:00 ] 127.0.0.1 /Qiao/Home/Pingding/setbujian.html
INFO: [ app_init ] --START--
INFO: Run Behavior\BuildLiteBehavior [ RunTime:0.000076s ]
INFO: [ app_init ] --END-- [ RunTime:0.001475s ]
INFO: [ app_begin ] --START--
INFO: Run Behavior\ReadHtmlCacheBehavior [ RunTime:0.005254s ]
INFO: [ app_begin ] --END-- [ RunTime:0.005611s ]
SQL: SHOW COLUMNS FROM `goujian` [ RunTime:0.0118s ]
SQL: SELECT `name`,`gid` FROM `goujian` WHERE ( bid=55 and bujian='t2' ) ORDER BY gid asc  [ RunTime:0.0019s ]

[ 2016-01-20T20:47:39+08:00 ] 127.0.0.1 /Qiao/Home/Pingding/setbujian.html
INFO: [ app_init ] --START--
INFO: Run Behavior\BuildLiteBehavior [ RunTime:0.000061s ]
INFO: [ app_init ] --END-- [ RunTime:0.001921s ]
INFO: [ app_begin ] --START--
INFO: Run Behavior\ReadHtmlCacheBehavior [ RunTime:0.001943s ]
INFO: [ app_begin ] --END-- [ RunTime:0.002264s ]
SQL: SHOW COLUMNS FROM `goujian` [ RunTime:0.0097s ]
SQL: SELECT `name`,`gid` FROM `goujian` WHERE ( bid=55 and bujian='t4' ) ORDER BY gid asc  [ RunTime:0.0007s ]

[ 2016-01-20T20:47:40+08:00 ] 127.0.0.1 /Qiao/Home/Pingding/setbujian.html
INFO: [ app_init ] --START--
INFO: Run Behavior\BuildLiteBehavior [ RunTime:0.000094s ]
INFO: [ app_init ] --END-- [ RunTime:0.001735s ]
INFO: [ app_begin ] --START--
INFO: Run Behavior\ReadHtmlCacheBehavior [ RunTime:0.002409s ]
INFO: [ app_begin ] --END-- [ RunTime:0.002803s ]
SQL: SHOW COLUMNS FROM `goujian` [ RunTime:0.0097s ]
SQL: SELECT `name`,`gid` FROM `goujian` WHERE ( bid=55 and bujian='t6' ) ORDER BY gid asc  [ RunTime:0.0009s ]

[ 2016-01-20T20:47:40+08:00 ] 127.0.0.1 /Qiao/Home/Pingding/setbujian.html
INFO: [ app_init ] --START--
INFO: Run Behavior\BuildLiteBehavior [ RunTime:0.000093s ]
INFO: [ app_init ] --END-- [ RunTime:0.001751s ]
INFO: [ app_begin ] --START--
INFO: Run Behavior\ReadHtmlCacheBehavior [ RunTime:0.002021s ]
INFO: [ app_begin ] --END-- [ RunTime:0.002286s ]
SQL: SHOW COLUMNS FROM `goujian` [ RunTime:0.0093s ]
SQL: SELECT `name`,`gid` FROM `goujian` WHERE ( bid=55 and bujian='t8' ) ORDER BY gid asc  [ RunTime:0.0007s ]

[ 2016-01-20T20:47:42+08:00 ] 127.0.0.1 /Qiao/Home/Pingding/setbujian.html
INFO: [ app_init ] --START--
INFO: Run Behavior\BuildLiteBehavior [ RunTime:0.000073s ]
INFO: [ app_init ] --END-- [ RunTime:0.001427s ]
INFO: [ app_begin ] --START--
INFO: Run Behavior\ReadHtmlCacheBehavior [ RunTime:0.001474s ]
INFO: [ app_begin ] --END-- [ RunTime:0.001704s ]
SQL: SHOW COLUMNS FROM `goujian` [ RunTime:0.0097s ]
SQL: SELECT `name`,`gid` FROM `goujian` WHERE ( bid=55 and bujian='t10' ) ORDER BY gid asc  [ RunTime:0.0009s ]

[ 2016-01-20T20:47:42+08:00 ] 127.0.0.1 /Qiao/Home/Pingding/setbujian.html
INFO: [ app_init ] --START--
INFO: Run Behavior\BuildLiteBehavior [ RunTime:0.000092s ]
INFO: [ app_init ] --END-- [ RunTime:0.001848s ]
INFO: [ app_begin ] --START--
INFO: Run Behavior\ReadHtmlCacheBehavior [ RunTime:0.001813s ]
INFO: [ app_begin ] --END-- [ RunTime:0.002197s ]
SQL: SHOW COLUMNS FROM `goujian` [ RunTime:0.0086s ]
SQL: SELECT `name`,`gid` FROM `goujian` WHERE ( bid=55 and bujian='t12' ) ORDER BY gid asc  [ RunTime:0.0007s ]

[ 2016-01-20T20:47:43+08:00 ] 127.0.0.1 /Qiao/Home/Pingding/setbujian.html
INFO: [ app_init ] --START--
INFO: Run Behavior\BuildLiteBehavior [ RunTime:0.000074s ]
INFO: [ app_init ] --END-- [ RunTime:0.001227s ]
INFO: [ app_begin ] --START--
INFO: Run Behavior\ReadHtmlCacheBehavior [ RunTime:0.001476s ]
INFO: [ app_begin ] --END-- [ RunTime:0.001741s ]
SQL: SHOW COLUMNS FROM `goujian` [ RunTime:0.0093s ]
SQL: SELECT `name`,`gid` FROM `goujian` WHERE ( bid=55 and bujian='t16' ) ORDER BY gid asc  [ RunTime:0.0010s ]

[ 2016-01-20T20:47:44+08:00 ] 127.0.0.1 /Qiao/Home/Pingding/setbujian.html
INFO: [ app_init ] --START--
INFO: Run Behavior\BuildLiteBehavior [ RunTime:0.000074s ]
INFO: [ app_init ] --END-- [ RunTime:0.001811s ]
INFO: [ app_begin ] --START--
INFO: Run Behavior\ReadHtmlCacheBehavior [ RunTime:0.001919s ]
INFO: [ app_begin ] --END-- [ RunTime:0.002220s ]
SQL: SHOW COLUMNS FROM `goujian` [ RunTime:0.0071s ]
SQL: SELECT `name`,`gid` FROM `goujian` WHERE ( bid=55 and bujian='t18' ) ORDER BY gid asc  [ RunTime:0.0009s ]

[ 2016-01-20T20:47:46+08:00 ] 127.0.0.1 /Qiao/Home/Pingding/pingding.html
INFO: [ app_init ] --START--
INFO: Run Behavior\BuildLiteBehavior [ RunTime:0.000059s ]
INFO: [ app_init ] --END-- [ RunTime:0.001610s ]
INFO: [ app_begin ] --START--
INFO: Run Behavior\ReadHtmlCacheBehavior [ RunTime:0.001451s ]
INFO: [ app_begin ] --END-- [ RunTime:0.001718s ]
SQL: SHOW COLUMNS FROM `binghai` [ RunTime:0.0143s ]
SQL: SELECT `gid`,`bingid`,`score` FROM `binghai` WHERE ( bid=55 ) ORDER BY gid,score desc  [ RunTime:0.0015s ]
SQL: SHOW COLUMNS FROM `goujian` [ RunTime:0.0081s ]
SQL: SHOW COLUMNS FROM `info2` [ RunTime:0.0100s ]
SQL: SELECT * FROM `info2` WHERE ( bid=55 )  [ RunTime:0.0012s ]
SQL: SELECT `score`,`bujian`,`gid` FROM `goujian` WHERE ( bid=55 and bujian='t2' ) ORDER BY score  [ RunTime:0.0009s ]
SQL: SELECT `score`,`bujian`,`gid` FROM `goujian` WHERE ( bid=55 and bujian='t4' ) ORDER BY score  [ RunTime:0.0007s ]
SQL: SELECT `score`,`bujian`,`gid` FROM `goujian` WHERE ( bid=55 and bujian='t6' ) ORDER BY score  [ RunTime:0.0009s ]
SQL: SELECT `score`,`bujian`,`gid` FROM `goujian` WHERE ( bid=55 and bujian='t8' ) ORDER BY score  [ RunTime:0.0007s ]
SQL: SELECT `score`,`bujian`,`gid` FROM `goujian` WHERE ( bid=55 and bujian='t10' ) ORDER BY score  [ RunTime:0.0007s ]
SQL: SELECT `score`,`bujian`,`gid` FROM `goujian` WHERE ( bid=55 and bujian='t12' ) ORDER BY score  [ RunTime:0.0008s ]
SQL: SELECT `score`,`bujian`,`gid` FROM `goujian` WHERE ( bid=55 and bujian='t14' ) ORDER BY score  [ RunTime:0.0007s ]
SQL: SELECT `score`,`bujian`,`gid` FROM `goujian` WHERE ( bid=55 and bujian='t16' ) ORDER BY score  [ RunTime:0.0008s ]
SQL: SELECT `score`,`bujian`,`gid` FROM `goujian` WHERE ( bid=55 and bujian='t18' ) ORDER BY score  [ RunTime:0.0008s ]
SQL: SELECT `score`,`bujian`,`gid` FROM `goujian` WHERE ( bid=55 and bujian='t20' ) ORDER BY score  [ RunTime:0.0011s ]
SQL: SELECT `score`,`bujian`,`gid` FROM `goujian` WHERE ( bid=55 and bujian='t22' ) ORDER BY score  [ RunTime:0.0007s ]
SQL: SELECT `score`,`bujian`,`gid` FROM `goujian` WHERE ( bid=55 and bujian='t24' ) ORDER BY score  [ RunTime:0.0008s ]
SQL: SELECT `score`,`bujian`,`gid` FROM `goujian` WHERE ( bid=55 and bujian='t26' ) ORDER BY score  [ RunTime:0.0008s ]
SQL: SELECT `score`,`bujian`,`gid` FROM `goujian` WHERE ( bid=55 and bujian='t28' ) ORDER BY score  [ RunTime:0.0007s ]
SQL: SELECT `score`,`bujian`,`gid` FROM `goujian` WHERE ( bid=55 and bujian='t30' ) ORDER BY score  [ RunTime:0.0007s ]
SQL: SELECT `score`,`bujian`,`gid` FROM `goujian` WHERE ( bid=55 and bujian='t32' ) ORDER BY score  [ RunTime:0.0008s ]
SQL: SHOW COLUMNS FROM `pingfen` [ RunTime:0.0130s ]
SQL: SELECT * FROM `pingfen` WHERE ( bid=55 )  [ RunTime:0.0012s ]
SQL: UPDATE `pingfen` SET `t2`='100.00',`t4`='100.00',`t6`='100.00',`t8`='100.00',`t10`='100.00',`t12`='100.00',`t14`='100.00',`t16`='100.00',`t18`='100.00',`t20`='100.00',`t22`='100.00',`t24`='100.00',`t26`='100.00',`t28`='100.00',`t30`='100.00',`t32`='100.00' WHERE `bid` = 55 [ RunTime:0.0070s ]
SQL: UPDATE `pingfen` SET `t2`='100.00',`t4`='100.00',`t6`='100.00',`t8`='100.00',`t10`='100.00',`t12`='100.00',`t14`='100.00',`t16`='100.00',`t18`='100.00',`t20`='100.00',`t22`='100.00',`t24`='100.00',`t26`='100.00',`t28`='100.00',`t30`='100.00',`t32`='100.00',`j3`='100.00',`j2`='100.00',`j1`='100.00',`q`='100.00',`jd1`='1',`jd2`='1',`jd3`='1',`qd`='1' WHERE `bid` = 55 [ RunTime:0.0018s ]
SQL: SHOW COLUMNS FROM `bridge` [ RunTime:0.0090s ]
SQL: SELECT * FROM `pingfen` WHERE ( bid=55 )  [ RunTime:0.0008s ]
SQL: UPDATE `bridge` SET `score`='100.00',`level`='1' WHERE ( bid=55 ) [ RunTime:0.0008s ]
NOTIC: [8] Use of undefined constant pingding - assumed 'pingding' C:\wamp\www\Qiao\Application\Home\Controller\PingdingController.class.php 第 716 行.
INFO: [ view_parse ] --START--
INFO: [ template_filter ] --START--
INFO: Run Behavior\ContentReplaceBehavior [ RunTime:0.000224s ]
INFO: [ template_filter ] --END-- [ RunTime:0.000542s ]
INFO: Run Behavior\ParseTemplateBehavior [ RunTime:0.024690s ]
INFO: [ view_parse ] --END-- [ RunTime:0.024988s ]
INFO: [ view_filter ] --START--
INFO: Run Behavior\WriteHtmlCacheBehavior [ RunTime:0.001198s ]
INFO: [ view_filter ] --END-- [ RunTime:0.001469s ]
INFO: [ app_end ] --START--
INFO: Run Behavior\ShowPageTraceBehavior [ RunTime:0.001748s ]
INFO: [ app_end ] --END-- [ RunTime:0.001996s ]

[ 2016-01-20T20:47:49+08:00 ] 127.0.0.1 /Qiao/Home/Index/index.html
INFO: [ app_init ] --START--
INFO: Run Behavior\BuildLiteBehavior [ RunTime:0.000059s ]
INFO: [ app_init ] --END-- [ RunTime:0.001393s ]
INFO: [ app_begin ] --START--
INFO: Run Behavior\ReadHtmlCacheBehavior [ RunTime:0.001492s ]
INFO: [ app_begin ] --END-- [ RunTime:0.001742s ]
SQL: SHOW COLUMNS FROM `bridge` [ RunTime:0.0079s ]
SQL: SELECT COUNT(*) AS tp_count FROM `bridge` WHERE `user` = 'admin' LIMIT 1   [ RunTime:0.0008s ]
SQL: SELECT * FROM `bridge` WHERE `user` = 'admin' ORDER BY bid asc LIMIT 0,10   [ RunTime:0.0010s ]
INFO: [ view_parse ] --START--
INFO: [ template_filter ] --START--
INFO: Run Behavior\ContentReplaceBehavior [ RunTime:0.000252s ]
INFO: [ template_filter ] --END-- [ RunTime:0.000537s ]
INFO: Run Behavior\ParseTemplateBehavior [ RunTime:0.045658s ]
INFO: [ view_parse ] --END-- [ RunTime:0.046018s ]
INFO: [ view_filter ] --START--
INFO: Run Behavior\WriteHtmlCacheBehavior [ RunTime:0.001197s ]
INFO: [ view_filter ] --END-- [ RunTime:0.001441s ]
INFO: [ app_end ] --START--
INFO: Run Behavior\ShowPageTraceBehavior [ RunTime:0.001612s ]
INFO: [ app_end ] --END-- [ RunTime:0.001852s ]

[ 2016-01-20T20:47:59+08:00 ] 127.0.0.1 /Qiao/Home/Pingding/index/bid/59.html
INFO: [ app_init ] --START--
INFO: Run Behavior\BuildLiteBehavior [ RunTime:0.000060s ]
INFO: [ app_init ] --END-- [ RunTime:0.001340s ]
INFO: [ app_begin ] --START--
INFO: Run Behavior\ReadHtmlCacheBehavior [ RunTime:0.001651s ]
INFO: [ app_begin ] --END-- [ RunTime:0.001923s ]
SQL: SHOW COLUMNS FROM `info2` [ RunTime:0.0091s ]
SQL: SHOW COLUMNS FROM `bujianlist` [ RunTime:0.0071s ]
SQL: SELECT `name` FROM `bujianlist`  [ RunTime:0.0007s ]
SQL: SHOW COLUMNS FROM `bridge` [ RunTime:0.0083s ]
SQL: SELECT `user` FROM `bridge` WHERE ( bid=59 )  [ RunTime:0.0008s ]
SQL: SELECT * FROM `info2` WHERE ( bid=59 )  [ RunTime:0.0009s ]
INFO: [ view_parse ] --START--
INFO: [ template_filter ] --START--
INFO: Run Behavior\ContentReplaceBehavior [ RunTime:0.000583s ]
INFO: [ template_filter ] --END-- [ RunTime:0.000880s ]
INFO: Run Behavior\ParseTemplateBehavior [ RunTime:0.049868s ]
INFO: [ view_parse ] --END-- [ RunTime:0.050140s ]
INFO: [ view_filter ] --START--
INFO: Run Behavior\WriteHtmlCacheBehavior [ RunTime:0.001111s ]
INFO: [ view_filter ] --END-- [ RunTime:0.001352s ]
INFO: [ app_end ] --START--
INFO: Run Behavior\ShowPageTraceBehavior [ RunTime:0.002422s ]
INFO: [ app_end ] --END-- [ RunTime:0.002788s ]

[ 2016-01-20T20:48:02+08:00 ] 127.0.0.1 /Qiao/Home/Pingding/setbujian.html
INFO: [ app_init ] --START--
INFO: Run Behavior\BuildLiteBehavior [ RunTime:0.000057s ]
INFO: [ app_init ] --END-- [ RunTime:0.001439s ]
INFO: [ app_begin ] --START--
INFO: Run Behavior\ReadHtmlCacheBehavior [ RunTime:0.001788s ]
INFO: [ app_begin ] --END-- [ RunTime:0.002090s ]
SQL: SHOW COLUMNS FROM `goujian` [ RunTime:0.0087s ]
SQL: SELECT `name`,`gid` FROM `goujian` WHERE ( bid=59 and bujian='t2' ) ORDER BY gid asc  [ RunTime:0.0008s ]

[ 2016-01-20T20:48:03+08:00 ] 127.0.0.1 /Qiao/Home/Pingding/setbujian.html
INFO: [ app_init ] --START--
INFO: Run Behavior\BuildLiteBehavior [ RunTime:0.000058s ]
INFO: [ app_init ] --END-- [ RunTime:0.001372s ]
INFO: [ app_begin ] --START--
INFO: Run Behavior\ReadHtmlCacheBehavior [ RunTime:0.001955s ]
INFO: [ app_begin ] --END-- [ RunTime:0.002210s ]
SQL: SHOW COLUMNS FROM `goujian` [ RunTime:0.0072s ]
SQL: SELECT `name`,`gid` FROM `goujian` WHERE ( bid=59 and bujian='t4' ) ORDER BY gid asc  [ RunTime:0.0008s ]

[ 2016-01-20T20:48:04+08:00 ] 127.0.0.1 /Qiao/Home/Pingding/setbujian.html
INFO: [ app_init ] --START--
INFO: Run Behavior\BuildLiteBehavior [ RunTime:0.000062s ]
INFO: [ app_init ] --END-- [ RunTime:0.001414s ]
INFO: [ app_begin ] --START--
INFO: Run Behavior\ReadHtmlCacheBehavior [ RunTime:0.001598s ]
INFO: [ app_begin ] --END-- [ RunTime:0.001850s ]
SQL: SHOW COLUMNS FROM `goujian` [ RunTime:0.0086s ]
SQL: SELECT `name`,`gid` FROM `goujian` WHERE ( bid=59 and bujian='t6' ) ORDER BY gid asc  [ RunTime:0.0010s ]

[ 2016-01-20T20:48:05+08:00 ] 127.0.0.1 /Qiao/Home/Pingding/setbujian.html
INFO: [ app_init ] --START--
INFO: Run Behavior\BuildLiteBehavior [ RunTime:0.000067s ]
INFO: [ app_init ] --END-- [ RunTime:0.001350s ]
INFO: [ app_begin ] --START--
INFO: Run Behavior\ReadHtmlCacheBehavior [ RunTime:0.001556s ]
INFO: [ app_begin ] --END-- [ RunTime:0.001804s ]
SQL: SHOW COLUMNS FROM `goujian` [ RunTime:0.0086s ]
SQL: SELECT `name`,`gid` FROM `goujian` WHERE ( bid=59 and bujian='t8' ) ORDER BY gid asc  [ RunTime:0.0009s ]

[ 2016-01-20T20:48:06+08:00 ] 127.0.0.1 /Qiao/Home/Pingding/setbujian.html
INFO: [ app_init ] --START--
INFO: Run Behavior\BuildLiteBehavior [ RunTime:0.000059s ]
INFO: [ app_init ] --END-- [ RunTime:0.001405s ]
INFO: [ app_begin ] --START--
INFO: Run Behavior\ReadHtmlCacheBehavior [ RunTime:0.001632s ]
INFO: [ app_begin ] --END-- [ RunTime:0.001866s ]
SQL: SHOW COLUMNS FROM `goujian` [ RunTime:0.0080s ]
SQL: SELECT `name`,`gid` FROM `goujian` WHERE ( bid=59 and bujian='t10' ) ORDER BY gid asc  [ RunTime:0.0008s ]

[ 2016-01-20T20:48:07+08:00 ] 127.0.0.1 /Qiao/Home/Pingding/setbujian.html
INFO: [ app_init ] --START--
INFO: Run Behavior\BuildLiteBehavior [ RunTime:0.000059s ]
INFO: [ app_init ] --END-- [ RunTime:0.001328s ]
INFO: [ app_begin ] --START--
INFO: Run Behavior\ReadHtmlCacheBehavior [ RunTime:0.001573s ]
INFO: [ app_begin ] --END-- [ RunTime:0.001810s ]
SQL: SHOW COLUMNS FROM `goujian` [ RunTime:0.0083s ]
SQL: SELECT `name`,`gid` FROM `goujian` WHERE ( bid=59 and bujian='t12' ) ORDER BY gid asc  [ RunTime:0.0010s ]

[ 2016-01-20T20:48:07+08:00 ] 127.0.0.1 /Qiao/Home/Pingding/setbujian.html
INFO: [ app_init ] --START--
INFO: Run Behavior\BuildLiteBehavior [ RunTime:0.000072s ]
INFO: [ app_init ] --END-- [ RunTime:0.001279s ]
INFO: [ app_begin ] --START--
INFO: Run Behavior\ReadHtmlCacheBehavior [ RunTime:0.002375s ]
INFO: [ app_begin ] --END-- [ RunTime:0.002959s ]
SQL: SHOW COLUMNS FROM `goujian` [ RunTime:0.0093s ]
SQL: SELECT `name`,`gid` FROM `goujian` WHERE ( bid=59 and bujian='t14' ) ORDER BY gid asc  [ RunTime:0.0008s ]

[ 2016-01-20T20:48:08+08:00 ] 127.0.0.1 /Qiao/Home/Pingding/setbujian.html
INFO: [ app_init ] --START--
INFO: Run Behavior\BuildLiteBehavior [ RunTime:0.000058s ]
INFO: [ app_init ] --END-- [ RunTime:0.001241s ]
INFO: [ app_begin ] --START--
INFO: Run Behavior\ReadHtmlCacheBehavior [ RunTime:0.001811s ]
INFO: [ app_begin ] --END-- [ RunTime:0.002117s ]
SQL: SHOW COLUMNS FROM `goujian` [ RunTime:0.0105s ]
SQL: SELECT `name`,`gid` FROM `goujian` WHERE ( bid=59 and bujian='t16' ) ORDER BY gid asc  [ RunTime:0.0008s ]

[ 2016-01-20T20:48:09+08:00 ] 127.0.0.1 /Qiao/Home/Pingding/setbujian.html
INFO: [ app_init ] --START--
INFO: Run Behavior\BuildLiteBehavior [ RunTime:0.000058s ]
INFO: [ app_init ] --END-- [ RunTime:0.001476s ]
INFO: [ app_begin ] --START--
INFO: Run Behavior\ReadHtmlCacheBehavior [ RunTime:0.001537s ]
INFO: [ app_begin ] --END-- [ RunTime:0.001785s ]
SQL: SHOW COLUMNS FROM `goujian` [ RunTime:0.0077s ]
SQL: SELECT `name`,`gid` FROM `goujian` WHERE ( bid=59 and bujian='t18' ) ORDER BY gid asc  [ RunTime:0.0009s ]

[ 2016-01-20T20:48:10+08:00 ] 127.0.0.1 /Qiao/Home/Pingding/setbujian.html
INFO: [ app_init ] --START--
INFO: Run Behavior\BuildLiteBehavior [ RunTime:0.000086s ]
INFO: [ app_init ] --END-- [ RunTime:0.001824s ]
INFO: [ app_begin ] --START--
INFO: Run Behavior\ReadHtmlCacheBehavior [ RunTime:0.001692s ]
INFO: [ app_begin ] --END-- [ RunTime:0.001919s ]
SQL: SHOW COLUMNS FROM `goujian` [ RunTime:0.0072s ]
SQL: SELECT `name`,`gid` FROM `goujian` WHERE ( bid=59 and bujian='t20' ) ORDER BY gid asc  [ RunTime:0.0011s ]

[ 2016-01-20T20:48:11+08:00 ] 127.0.0.1 /Qiao/Home/Pingding/setbujian.html
INFO: [ app_init ] --START--
INFO: Run Behavior\BuildLiteBehavior [ RunTime:0.000057s ]
INFO: [ app_init ] --END-- [ RunTime:0.001325s ]
INFO: [ app_begin ] --START--
INFO: Run Behavior\ReadHtmlCacheBehavior [ RunTime:0.001575s ]
INFO: [ app_begin ] --END-- [ RunTime:0.001808s ]
SQL: SHOW COLUMNS FROM `goujian` [ RunTime:0.0079s ]
SQL: SELECT `name`,`gid` FROM `goujian` WHERE ( bid=59 and bujian='t22' ) ORDER BY gid asc  [ RunTime:0.0009s ]

[ 2016-01-20T20:48:14+08:00 ] 127.0.0.1 /Qiao/Home/Pingding/setbujian.html
INFO: [ app_init ] --START--
INFO: Run Behavior\BuildLiteBehavior [ RunTime:0.000058s ]
INFO: [ app_init ] --END-- [ RunTime:0.001316s ]
INFO: [ app_begin ] --START--
INFO: Run Behavior\ReadHtmlCacheBehavior [ RunTime:0.001568s ]
INFO: [ app_begin ] --END-- [ RunTime:0.001847s ]
SQL: SHOW COLUMNS FROM `goujian` [ RunTime:0.0073s ]
SQL: SELECT `name`,`gid` FROM `goujian` WHERE ( bid=59 and bujian='t24' ) ORDER BY gid asc  [ RunTime:0.0009s ]

[ 2016-01-20T20:48:15+08:00 ] 127.0.0.1 /Qiao/Home/Pingding/setbujian.html
INFO: [ app_init ] --START--
INFO: Run Behavior\BuildLiteBehavior [ RunTime:0.000100s ]
INFO: [ app_init ] --END-- [ RunTime:0.001463s ]
INFO: [ app_begin ] --START--
INFO: Run Behavior\ReadHtmlCacheBehavior [ RunTime:0.001582s ]
INFO: [ app_begin ] --END-- [ RunTime:0.001820s ]
SQL: SHOW COLUMNS FROM `goujian` [ RunTime:0.0079s ]
SQL: SELECT `name`,`gid` FROM `goujian` WHERE ( bid=59 and bujian='t26' ) ORDER BY gid asc  [ RunTime:0.0008s ]

[ 2016-01-20T20:48:16+08:00 ] 127.0.0.1 /Qiao/Home/Pingding/setbujian.html
INFO: [ app_init ] --START--
INFO: Run Behavior\BuildLiteBehavior [ RunTime:0.000056s ]
INFO: [ app_init ] --END-- [ RunTime:0.001330s ]
INFO: [ app_begin ] --START--
INFO: Run Behavior\ReadHtmlCacheBehavior [ RunTime:0.001809s ]
INFO: [ app_begin ] --END-- [ RunTime:0.002067s ]
SQL: SHOW COLUMNS FROM `goujian` [ RunTime:0.0072s ]
SQL: SELECT `name`,`gid` FROM `goujian` WHERE ( bid=59 and bujian='t28' ) ORDER BY gid asc  [ RunTime:0.0010s ]

[ 2016-01-20T20:48:17+08:00 ] 127.0.0.1 /Qiao/Home/Pingding/setbujian.html
INFO: [ app_init ] --START--
INFO: Run Behavior\BuildLiteBehavior [ RunTime:0.000099s ]
INFO: [ app_init ] --END-- [ RunTime:0.001607s ]
INFO: [ app_begin ] --START--
INFO: Run Behavior\ReadHtmlCacheBehavior [ RunTime:0.002736s ]
INFO: [ app_begin ] --END-- [ RunTime:0.003191s ]
SQL: SHOW COLUMNS FROM `goujian` [ RunTime:0.0081s ]
SQL: SELECT `name`,`gid` FROM `goujian` WHERE ( bid=59 and bujian='t30' ) ORDER BY gid asc  [ RunTime:0.0009s ]

[ 2016-01-20T20:48:18+08:00 ] 127.0.0.1 /Qiao/Home/Pingding/setbujian.html
INFO: [ app_init ] --START--
INFO: Run Behavior\BuildLiteBehavior [ RunTime:0.000055s ]
INFO: [ app_init ] --END-- [ RunTime:0.001279s ]
INFO: [ app_begin ] --START--
INFO: Run Behavior\ReadHtmlCacheBehavior [ RunTime:0.001927s ]
INFO: [ app_begin ] --END-- [ RunTime:0.002312s ]
SQL: SHOW COLUMNS FROM `goujian` [ RunTime:0.0080s ]
SQL: SELECT `name`,`gid` FROM `goujian` WHERE ( bid=59 and bujian='t32' ) ORDER BY gid asc  [ RunTime:0.0008s ]

[ 2016-01-20T20:48:20+08:00 ] 127.0.0.1 /Qiao/Home/Pingding/pingding.html
INFO: [ app_init ] --START--
INFO: Run Behavior\BuildLiteBehavior [ RunTime:0.000093s ]
INFO: [ app_init ] --END-- [ RunTime:0.001266s ]
INFO: [ app_begin ] --START--
INFO: Run Behavior\ReadHtmlCacheBehavior [ RunTime:0.001722s ]
INFO: [ app_begin ] --END-- [ RunTime:0.001993s ]
SQL: SHOW COLUMNS FROM `binghai` [ RunTime:0.0079s ]
SQL: SELECT `gid`,`bingid`,`score` FROM `binghai` WHERE ( bid=59 ) ORDER BY gid,score desc  [ RunTime:0.0009s ]
SQL: SHOW COLUMNS FROM `goujian` [ RunTime:0.0073s ]
SQL: UPDATE `goujian` SET `score`='55.00' WHERE ( gid=69 ) [ RunTime:0.0011s ]
SQL: SHOW COLUMNS FROM `info2` [ RunTime:0.0110s ]
SQL: SELECT * FROM `info2` WHERE ( bid=59 )  [ RunTime:0.0014s ]
SQL: SELECT `score`,`bujian`,`gid` FROM `goujian` WHERE ( bid=59 and bujian='t2' ) ORDER BY score  [ RunTime:0.0008s ]
SQL: SELECT `score`,`bujian`,`gid` FROM `goujian` WHERE ( bid=59 and bujian='t4' ) ORDER BY score  [ RunTime:0.0007s ]
SQL: SELECT `score`,`bujian`,`gid` FROM `goujian` WHERE ( bid=59 and bujian='t6' ) ORDER BY score  [ RunTime:0.0008s ]
SQL: SELECT `score`,`bujian`,`gid` FROM `goujian` WHERE ( bid=59 and bujian='t8' ) ORDER BY score  [ RunTime:0.0008s ]
SQL: SELECT `score`,`bujian`,`gid` FROM `goujian` WHERE ( bid=59 and bujian='t10' ) ORDER BY score  [ RunTime:0.0007s ]
SQL: SELECT `score`,`bujian`,`gid` FROM `goujian` WHERE ( bid=59 and bujian='t12' ) ORDER BY score  [ RunTime:0.0009s ]
SQL: SELECT `score`,`bujian`,`gid` FROM `goujian` WHERE ( bid=59 and bujian='t14' ) ORDER BY score  [ RunTime:0.0007s ]
SQL: SELECT `score`,`bujian`,`gid` FROM `goujian` WHERE ( bid=59 and bujian='t16' ) ORDER BY score  [ RunTime:0.0006s ]
SQL: SELECT `score`,`bujian`,`gid` FROM `goujian` WHERE ( bid=59 and bujian='t18' ) ORDER BY score  [ RunTime:0.0007s ]
SQL: SELECT `score`,`bujian`,`gid` FROM `goujian` WHERE ( bid=59 and bujian='t20' ) ORDER BY score  [ RunTime:0.0007s ]
SQL: SELECT `score`,`bujian`,`gid` FROM `goujian` WHERE ( bid=59 and bujian='t22' ) ORDER BY score  [ RunTime:0.0008s ]
SQL: SELECT `score`,`bujian`,`gid` FROM `goujian` WHERE ( bid=59 and bujian='t24' ) ORDER BY score  [ RunTime:0.0007s ]
SQL: SELECT `score`,`bujian`,`gid` FROM `goujian` WHERE ( bid=59 and bujian='t26' ) ORDER BY score  [ RunTime:0.0007s ]
SQL: SELECT `score`,`bujian`,`gid` FROM `goujian` WHERE ( bid=59 and bujian='t28' ) ORDER BY score  [ RunTime:0.0007s ]
SQL: SELECT `score`,`bujian`,`gid` FROM `goujian` WHERE ( bid=59 and bujian='t30' ) ORDER BY score  [ RunTime:0.0007s ]
SQL: SELECT `score`,`bujian`,`gid` FROM `goujian` WHERE ( bid=59 and bujian='t32' ) ORDER BY score  [ RunTime:0.0007s ]
SQL: SHOW COLUMNS FROM `pingfen` [ RunTime:0.0084s ]
SQL: SELECT * FROM `pingfen` WHERE ( bid=59 )  [ RunTime:0.0009s ]
SQL: UPDATE `pingfen` SET `t2`='55.00',`t4`='100.00',`t6`='100.00',`t8`='100.00',`t10`='100.00',`t12`='100.00',`t14`='100.00',`t16`='100.00',`t18`='100.00',`t20`='100.00',`t22`='100.00',`t24`='100.00',`t26`='100.00',`t28`='100.00',`t30`='100.00',`t32`='100.00' WHERE `bid` = 59 [ RunTime:0.0009s ]
SQL: UPDATE `pingfen` SET `t2`='55.00',`t4`='100.00',`t6`='100.00',`t8`='100.00',`t10`='100.00',`t12`='100.00',`t14`='100.00',`t16`='100.00',`t18`='100.00',`t20`='100.00',`t22`='100.00',`t24`='100.00',`t26`='100.00',`t28`='100.00',`t30`='100.00',`t32`='100.00',`j3`='100.00',`j2`='100.00',`j1`='68.50',`q`='87.40',`jd1`='3',`jd2`='1',`jd3`='1',`qd`='2' WHERE `bid` = 59 [ RunTime:0.0010s ]
SQL: SHOW COLUMNS FROM `bridge` [ RunTime:0.0075s ]
SQL: SELECT * FROM `pingfen` WHERE ( bid=59 )  [ RunTime:0.0008s ]
SQL: UPDATE `bridge` SET `score`='87.40',`level`='2' WHERE ( bid=59 ) [ RunTime:0.0008s ]
NOTIC: [8] Use of undefined constant pingding - assumed 'pingding' C:\wamp\www\Qiao\Application\Home\Controller\PingdingController.class.php 第 716 行.
INFO: [ view_parse ] --START--
INFO: [ template_filter ] --START--
INFO: Run Behavior\ContentReplaceBehavior [ RunTime:0.000224s ]
INFO: [ template_filter ] --END-- [ RunTime:0.000496s ]
INFO: Run Behavior\ParseTemplateBehavior [ RunTime:0.023443s ]
INFO: [ view_parse ] --END-- [ RunTime:0.023741s ]
INFO: [ view_filter ] --START--
INFO: Run Behavior\WriteHtmlCacheBehavior [ RunTime:0.001123s ]
INFO: [ view_filter ] --END-- [ RunTime:0.001411s ]
INFO: [ app_end ] --START--
INFO: Run Behavior\ShowPageTraceBehavior [ RunTime:0.001698s ]
INFO: [ app_end ] --END-- [ RunTime:0.001953s ]

[ 2016-01-20T20:48:24+08:00 ] 127.0.0.1 /Qiao/Home/Index/index.html
INFO: [ app_init ] --START--
INFO: Run Behavior\BuildLiteBehavior [ RunTime:0.000056s ]
INFO: [ app_init ] --END-- [ RunTime:0.001452s ]
INFO: [ app_begin ] --START--
INFO: Run Behavior\ReadHtmlCacheBehavior [ RunTime:0.001567s ]
INFO: [ app_begin ] --END-- [ RunTime:0.001831s ]
SQL: SHOW COLUMNS FROM `bridge` [ RunTime:0.0088s ]
SQL: SELECT COUNT(*) AS tp_count FROM `bridge` WHERE `user` = 'admin' LIMIT 1   [ RunTime:0.0007s ]
SQL: SELECT * FROM `bridge` WHERE `user` = 'admin' ORDER BY bid asc LIMIT 0,10   [ RunTime:0.0011s ]
INFO: [ view_parse ] --START--
INFO: [ template_filter ] --START--
INFO: Run Behavior\ContentReplaceBehavior [ RunTime:0.000260s ]
INFO: [ template_filter ] --END-- [ RunTime:0.000547s ]
INFO: Run Behavior\ParseTemplateBehavior [ RunTime:0.047084s ]
INFO: [ view_parse ] --END-- [ RunTime:0.047442s ]
INFO: [ view_filter ] --START--
INFO: Run Behavior\WriteHtmlCacheBehavior [ RunTime:0.001163s ]
INFO: [ view_filter ] --END-- [ RunTime:0.001406s ]
INFO: [ app_end ] --START--
INFO: Run Behavior\ShowPageTraceBehavior [ RunTime:0.002286s ]
INFO: [ app_end ] --END-- [ RunTime:0.002679s ]

[ 2016-01-20T20:48:34+08:00 ] 127.0.0.1 /Qiao/Home/Info/index/bid/55.html
INFO: [ app_init ] --START--
INFO: Run Behavior\BuildLiteBehavior [ RunTime:0.000055s ]
INFO: [ app_init ] --END-- [ RunTime:0.001187s ]
INFO: [ app_begin ] --START--
INFO: Run Behavior\ReadHtmlCacheBehavior [ RunTime:0.001471s ]
INFO: [ app_begin ] --END-- [ RunTime:0.001730s ]
SQL: SHOW COLUMNS FROM `info1` [ RunTime:0.0090s ]
SQL: SHOW COLUMNS FROM `bridge` [ RunTime:0.0095s ]
SQL: SELECT `user` FROM `bridge` WHERE ( bid=55 )  [ RunTime:0.0015s ]
SQL: SELECT * FROM `info1` WHERE ( bid=55 )  [ RunTime:0.0009s ]
SQL: SELECT * FROM `bridge` WHERE ( bid=55 )  [ RunTime:0.0006s ]
INFO: [ view_parse ] --START--
INFO: [ template_filter ] --START--
INFO: Run Behavior\ContentReplaceBehavior [ RunTime:0.000358s ]
INFO: [ template_filter ] --END-- [ RunTime:0.000645s ]
NOTIC: [8] Undefined index: t1 C:\wamp\www\Qiao\Application\Runtime\Cache\Home\3f36e03cb4a38b2ed27bc75332298af5.php 第 199 行.
NOTIC: [8] Undefined index: t2 C:\wamp\www\Qiao\Application\Runtime\Cache\Home\3f36e03cb4a38b2ed27bc75332298af5.php 第 201 行.
NOTIC: [8] Undefined index: t3 C:\wamp\www\Qiao\Application\Runtime\Cache\Home\3f36e03cb4a38b2ed27bc75332298af5.php 第 203 行.
NOTIC: [8] Undefined index: t4 C:\wamp\www\Qiao\Application\Runtime\Cache\Home\3f36e03cb4a38b2ed27bc75332298af5.php 第 207 行.
NOTIC: [8] Undefined index: t5 C:\wamp\www\Qiao\Application\Runtime\Cache\Home\3f36e03cb4a38b2ed27bc75332298af5.php 第 209 行.
NOTIC: [8] Undefined index: t6 C:\wamp\www\Qiao\Application\Runtime\Cache\Home\3f36e03cb4a38b2ed27bc75332298af5.php 第 211 行.
NOTIC: [8] Undefined index: t7 C:\wamp\www\Qiao\Application\Runtime\Cache\Home\3f36e03cb4a38b2ed27bc75332298af5.php 第 215 行.
NOTIC: [8] Undefined index: t8 C:\wamp\www\Qiao\Application\Runtime\Cache\Home\3f36e03cb4a38b2ed27bc75332298af5.php 第 217 行.
NOTIC: [8] Undefined index: t9 C:\wamp\www\Qiao\Application\Runtime\Cache\Home\3f36e03cb4a38b2ed27bc75332298af5.php 第 219 行.
NOTIC: [8] Undefined index: t10 C:\wamp\www\Qiao\Application\Runtime\Cache\Home\3f36e03cb4a38b2ed27bc75332298af5.php 第 223 行.
NOTIC: [8] Undefined index: t11 C:\wamp\www\Qiao\Application\Runtime\Cache\Home\3f36e03cb4a38b2ed27bc75332298af5.php 第 225 行.
NOTIC: [8] Undefined index: t12 C:\wamp\www\Qiao\Application\Runtime\Cache\Home\3f36e03cb4a38b2ed27bc75332298af5.php 第 227 行.
NOTIC: [8] Undefined index: t13 C:\wamp\www\Qiao\Application\Runtime\Cache\Home\3f36e03cb4a38b2ed27bc75332298af5.php 第 231 行.
NOTIC: [8] Undefined index: t14 C:\wamp\www\Qiao\Application\Runtime\Cache\Home\3f36e03cb4a38b2ed27bc75332298af5.php 第 233 行.
NOTIC: [8] Undefined index: t15 C:\wamp\www\Qiao\Application\Runtime\Cache\Home\3f36e03cb4a38b2ed27bc75332298af5.php 第 235 行.
NOTIC: [8] Undefined index: t16 C:\wamp\www\Qiao\Application\Runtime\Cache\Home\3f36e03cb4a38b2ed27bc75332298af5.php 第 254 行.
NOTIC: [8] Undefined index: t17 C:\wamp\www\Qiao\Application\Runtime\Cache\Home\3f36e03cb4a38b2ed27bc75332298af5.php 第 256 行.
NOTIC: [8] Undefined index: t18 C:\wamp\www\Qiao\Application\Runtime\Cache\Home\3f36e03cb4a38b2ed27bc75332298af5.php 第 258 行.
NOTIC: [8] Undefined index: t19 C:\wamp\www\Qiao\Application\Runtime\Cache\Home\3f36e03cb4a38b2ed27bc75332298af5.php 第 262 行.
NOTIC: [8] Undefined index: t20 C:\wamp\www\Qiao\Application\Runtime\Cache\Home\3f36e03cb4a38b2ed27bc75332298af5.php 第 264 行.
NOTIC: [8] Undefined index: t21 C:\wamp\www\Qiao\Application\Runtime\Cache\Home\3f36e03cb4a38b2ed27bc75332298af5.php 第 266 行.
NOTIC: [8] Undefined index: t22 C:\wamp\www\Qiao\Application\Runtime\Cache\Home\3f36e03cb4a38b2ed27bc75332298af5.php 第 270 行.
NOTIC: [8] Undefined index: t23 C:\wamp\www\Qiao\Application\Runtime\Cache\Home\3f36e03cb4a38b2ed27bc75332298af5.php 第 272 行.
NOTIC: [8] Undefined index: t24 C:\wamp\www\Qiao\Application\Runtime\Cache\Home\3f36e03cb4a38b2ed27bc75332298af5.php 第 274 行.
NOTIC: [8] Undefined index: t25 C:\wamp\www\Qiao\Application\Runtime\Cache\Home\3f36e03cb4a38b2ed27bc75332298af5.php 第 278 行.
NOTIC: [8] Undefined index: t26 C:\wamp\www\Qiao\Application\Runtime\Cache\Home\3f36e03cb4a38b2ed27bc75332298af5.php 第 280 行.
NOTIC: [8] Undefined index: t27 C:\wamp\www\Qiao\Application\Runtime\Cache\Home\3f36e03cb4a38b2ed27bc75332298af5.php 第 282 行.
NOTIC: [8] Undefined index: t28 C:\wamp\www\Qiao\Application\Runtime\Cache\Home\3f36e03cb4a38b2ed27bc75332298af5.php 第 286 行.
NOTIC: [8] Undefined index: t29 C:\wamp\www\Qiao\Application\Runtime\Cache\Home\3f36e03cb4a38b2ed27bc75332298af5.php 第 288 行.
NOTIC: [8] Undefined index: t30 C:\wamp\www\Qiao\Application\Runtime\Cache\Home\3f36e03cb4a38b2ed27bc75332298af5.php 第 290 行.
NOTIC: [8] Undefined index: t1 C:\wamp\www\Qiao\Application\Runtime\Cache\Home\3f36e03cb4a38b2ed27bc75332298af5.php 第 310 行.
NOTIC: [8] Undefined index: t2 C:\wamp\www\Qiao\Application\Runtime\Cache\Home\3f36e03cb4a38b2ed27bc75332298af5.php 第 314 行.
NOTIC: [8] Undefined index: t3 C:\wamp\www\Qiao\Application\Runtime\Cache\Home\3f36e03cb4a38b2ed27bc75332298af5.php 第 318 行.
NOTIC: [8] Undefined index: t4 C:\wamp\www\Qiao\Application\Runtime\Cache\Home\3f36e03cb4a38b2ed27bc75332298af5.php 第 324 行.
NOTIC: [8] Undefined index: t5 C:\wamp\www\Qiao\Application\Runtime\Cache\Home\3f36e03cb4a38b2ed27bc75332298af5.php 第 328 行.
NOTIC: [8] Undefined index: t6 C:\wamp\www\Qiao\Application\Runtime\Cache\Home\3f36e03cb4a38b2ed27bc75332298af5.php 第 332 行.
NOTIC: [8] Undefined index: t7 C:\wamp\www\Qiao\Application\Runtime\Cache\Home\3f36e03cb4a38b2ed27bc75332298af5.php 第 338 行.
NOTIC: [8] Undefined index: t8 C:\wamp\www\Qiao\Application\Runtime\Cache\Home\3f36e03cb4a38b2ed27bc75332298af5.php 第 342 行.
NOTIC: [8] Undefined index: t9 C:\wamp\www\Qiao\Application\Runtime\Cache\Home\3f36e03cb4a38b2ed27bc75332298af5.php 第 346 行.
NOTIC: [8] Undefined index: t10 C:\wamp\www\Qiao\Application\Runtime\Cache\Home\3f36e03cb4a38b2ed27bc75332298af5.php 第 352 行.
NOTIC: [8] Undefined index: t11 C:\wamp\www\Qiao\Application\Runtime\Cache\Home\3f36e03cb4a38b2ed27bc75332298af5.php 第 356 行.
NOTIC: [8] Undefined index: t12 C:\wamp\www\Qiao\Application\Runtime\Cache\Home\3f36e03cb4a38b2ed27bc75332298af5.php 第 360 行.
NOTIC: [8] Undefined index: t13 C:\wamp\www\Qiao\Application\Runtime\Cache\Home\3f36e03cb4a38b2ed27bc75332298af5.php 第 366 行.
NOTIC: [8] Undefined index: t14 C:\wamp\www\Qiao\Application\Runtime\Cache\Home\3f36e03cb4a38b2ed27bc75332298af5.php 第 370 行.
NOTIC: [8] Undefined index: t15 C:\wamp\www\Qiao\Application\Runtime\Cache\Home\3f36e03cb4a38b2ed27bc75332298af5.php 第 374 行.
NOTIC: [8] Undefined index: t16 C:\wamp\www\Qiao\Application\Runtime\Cache\Home\3f36e03cb4a38b2ed27bc75332298af5.php 第 395 行.
NOTIC: [8] Undefined index: t17 C:\wamp\www\Qiao\Application\Runtime\Cache\Home\3f36e03cb4a38b2ed27bc75332298af5.php 第 399 行.
NOTIC: [8] Undefined index: t18 C:\wamp\www\Qiao\Application\Runtime\Cache\Home\3f36e03cb4a38b2ed27bc75332298af5.php 第 403 行.
NOTIC: [8] Undefined index: t19 C:\wamp\www\Qiao\Application\Runtime\Cache\Home\3f36e03cb4a38b2ed27bc75332298af5.php 第 409 行.
NOTIC: [8] Undefined index: t20 C:\wamp\www\Qiao\Application\Runtime\Cache\Home\3f36e03cb4a38b2ed27bc75332298af5.php 第 413 行.
NOTIC: [8] Undefined index: t21 C:\wamp\www\Qiao\Application\Runtime\Cache\Home\3f36e03cb4a38b2ed27bc75332298af5.php 第 417 行.
NOTIC: [8] Undefined index: t22 C:\wamp\www\Qiao\Application\Runtime\Cache\Home\3f36e03cb4a38b2ed27bc75332298af5.php 第 423 行.
NOTIC: [8] Undefined index: t23 C:\wamp\www\Qiao\Application\Runtime\Cache\Home\3f36e03cb4a38b2ed27bc75332298af5.php 第 427 行.
NOTIC: [8] Undefined index: t24 C:\wamp\www\Qiao\Application\Runtime\Cache\Home\3f36e03cb4a38b2ed27bc75332298af5.php 第 431 行.
NOTIC: [8] Undefined index: t25 C:\wamp\www\Qiao\Application\Runtime\Cache\Home\3f36e03cb4a38b2ed27bc75332298af5.php 第 437 行.
NOTIC: [8] Undefined index: t26 C:\wamp\www\Qiao\Application\Runtime\Cache\Home\3f36e03cb4a38b2ed27bc75332298af5.php 第 441 行.
NOTIC: [8] Undefined index: t27 C:\wamp\www\Qiao\Application\Runtime\Cache\Home\3f36e03cb4a38b2ed27bc75332298af5.php 第 445 行.
NOTIC: [8] Undefined index: t28 C:\wamp\www\Qiao\Application\Runtime\Cache\Home\3f36e03cb4a38b2ed27bc75332298af5.php 第 451 行.
NOTIC: [8] Undefined index: t29 C:\wamp\www\Qiao\Application\Runtime\Cache\Home\3f36e03cb4a38b2ed27bc75332298af5.php 第 455 行.
NOTIC: [8] Undefined index: t30 C:\wamp\www\Qiao\Application\Runtime\Cache\Home\3f36e03cb4a38b2ed27bc75332298af5.php 第 459 行.
INFO: Run Behavior\ParseTemplateBehavior [ RunTime:0.058428s ]
INFO: [ view_parse ] --END-- [ RunTime:0.058758s ]
INFO: [ view_filter ] --START--
INFO: Run Behavior\WriteHtmlCacheBehavior [ RunTime:0.001661s ]
INFO: [ view_filter ] --END-- [ RunTime:0.002003s ]
INFO: [ app_end ] --START--
INFO: Run Behavior\ShowPageTraceBehavior [ RunTime:0.001534s ]
INFO: [ app_end ] --END-- [ RunTime:0.001791s ]

[ 2016-01-20T20:48:36+08:00 ] 127.0.0.1 /Qiao/Home/Info/info.html
INFO: [ app_init ] --START--
INFO: Run Behavior\BuildLiteBehavior [ RunTime:0.000059s ]
INFO: [ app_init ] --END-- [ RunTime:0.001660s ]
INFO: [ app_begin ] --START--
INFO: Run Behavior\ReadHtmlCacheBehavior [ RunTime:0.001902s ]
INFO: [ app_begin ] --END-- [ RunTime:0.002226s ]
SQL: SHOW COLUMNS FROM `info2` [ RunTime:0.0108s ]
SQL: SELECT * FROM `info2` WHERE ( bid=55 )  [ RunTime:0.0010s ]
NOTIC: [8] Use of undefined constant info - assumed 'info' C:\wamp\www\Qiao\Application\Home\Controller\InfoController.class.php 第 68 行.
INFO: [ view_parse ] --START--
INFO: [ template_filter ] --START--
INFO: Run Behavior\ContentReplaceBehavior [ RunTime:0.000288s ]
INFO: [ template_filter ] --END-- [ RunTime:0.000574s ]
INFO: Run Behavior\ParseTemplateBehavior [ RunTime:0.044672s ]
INFO: [ view_parse ] --END-- [ RunTime:0.045026s ]
INFO: [ view_filter ] --START--
INFO: Run Behavior\WriteHtmlCacheBehavior [ RunTime:0.001281s ]
INFO: [ view_filter ] --END-- [ RunTime:0.001521s ]
INFO: [ app_end ] --START--
INFO: Run Behavior\ShowPageTraceBehavior [ RunTime:0.001787s ]
INFO: [ app_end ] --END-- [ RunTime:0.002029s ]

[ 2016-01-20T20:48:38+08:00 ] 127.0.0.1 /Qiao/Home/Index/index.html
INFO: [ app_init ] --START--
INFO: Run Behavior\BuildLiteBehavior [ RunTime:0.000058s ]
INFO: [ app_init ] --END-- [ RunTime:0.001382s ]
INFO: [ app_begin ] --START--
INFO: Run Behavior\ReadHtmlCacheBehavior [ RunTime:0.001813s ]
INFO: [ app_begin ] --END-- [ RunTime:0.002071s ]
SQL: SHOW COLUMNS FROM `bridge` [ RunTime:0.0079s ]
SQL: SELECT COUNT(*) AS tp_count FROM `bridge` WHERE `user` = 'admin' LIMIT 1   [ RunTime:0.0007s ]
SQL: SELECT * FROM `bridge` WHERE `user` = 'admin' ORDER BY bid asc LIMIT 0,10   [ RunTime:0.0010s ]
INFO: [ view_parse ] --START--
INFO: [ template_filter ] --START--
INFO: Run Behavior\ContentReplaceBehavior [ RunTime:0.000263s ]
INFO: [ template_filter ] --END-- [ RunTime:0.000630s ]
INFO: Run Behavior\ParseTemplateBehavior [ RunTime:0.040349s ]
INFO: [ view_parse ] --END-- [ RunTime:0.040736s ]
INFO: [ view_filter ] --START--
INFO: Run Behavior\WriteHtmlCacheBehavior [ RunTime:0.001417s ]
INFO: [ view_filter ] --END-- [ RunTime:0.001661s ]
INFO: [ app_end ] --START--
INFO: Run Behavior\ShowPageTraceBehavior [ RunTime:0.001797s ]
INFO: [ app_end ] --END-- [ RunTime:0.002038s ]

[ 2016-01-20T20:51:07+08:00 ] 127.0.0.1 /Qiao/Home/Info/index/bid/55.html
INFO: [ app_init ] --START--
INFO: Run Behavior\BuildLiteBehavior [ RunTime:0.000058s ]
INFO: [ app_init ] --END-- [ RunTime:0.001448s ]
INFO: [ app_begin ] --START--
INFO: Run Behavior\ReadHtmlCacheBehavior [ RunTime:0.001962s ]
INFO: [ app_begin ] --END-- [ RunTime:0.002231s ]
SQL: SHOW COLUMNS FROM `info1` [ RunTime:0.0111s ]
SQL: SHOW COLUMNS FROM `bridge` [ RunTime:0.0102s ]
SQL: SELECT `user` FROM `bridge` WHERE ( bid=55 )  [ RunTime:0.0008s ]
SQL: SELECT * FROM `info1` WHERE ( bid=55 )  [ RunTime:0.0008s ]
SQL: SELECT * FROM `bridge` WHERE ( bid=55 )  [ RunTime:0.0007s ]
INFO: [ view_parse ] --START--
INFO: [ template_filter ] --START--
INFO: Run Behavior\ContentReplaceBehavior [ RunTime:0.000370s ]
INFO: [ template_filter ] --END-- [ RunTime:0.000653s ]
NOTIC: [8] Undefined index: t1 C:\wamp\www\Qiao\Application\Runtime\Cache\Home\3f36e03cb4a38b2ed27bc75332298af5.php 第 199 行.
NOTIC: [8] Undefined index: t2 C:\wamp\www\Qiao\Application\Runtime\Cache\Home\3f36e03cb4a38b2ed27bc75332298af5.php 第 201 行.
NOTIC: [8] Undefined index: t3 C:\wamp\www\Qiao\Application\Runtime\Cache\Home\3f36e03cb4a38b2ed27bc75332298af5.php 第 203 行.
NOTIC: [8] Undefined index: t4 C:\wamp\www\Qiao\Application\Runtime\Cache\Home\3f36e03cb4a38b2ed27bc75332298af5.php 第 207 行.
NOTIC: [8] Undefined index: t5 C:\wamp\www\Qiao\Application\Runtime\Cache\Home\3f36e03cb4a38b2ed27bc75332298af5.php 第 209 行.
NOTIC: [8] Undefined index: t6 C:\wamp\www\Qiao\Application\Runtime\Cache\Home\3f36e03cb4a38b2ed27bc75332298af5.php 第 211 行.
NOTIC: [8] Undefined index: t7 C:\wamp\www\Qiao\Application\Runtime\Cache\Home\3f36e03cb4a38b2ed27bc75332298af5.php 第 215 行.
NOTIC: [8] Undefined index: t8 C:\wamp\www\Qiao\Application\Runtime\Cache\Home\3f36e03cb4a38b2ed27bc75332298af5.php 第 217 行.
NOTIC: [8] Undefined index: t9 C:\wamp\www\Qiao\Application\Runtime\Cache\Home\3f36e03cb4a38b2ed27bc75332298af5.php 第 219 行.
NOTIC: [8] Undefined index: t10 C:\wamp\www\Qiao\Application\Runtime\Cache\Home\3f36e03cb4a38b2ed27bc75332298af5.php 第 223 行.
NOTIC: [8] Undefined index: t11 C:\wamp\www\Qiao\Application\Runtime\Cache\Home\3f36e03cb4a38b2ed27bc75332298af5.php 第 225 行.
NOTIC: [8] Undefined index: t12 C:\wamp\www\Qiao\Application\Runtime\Cache\Home\3f36e03cb4a38b2ed27bc75332298af5.php 第 227 行.
NOTIC: [8] Undefined index: t13 C:\wamp\www\Qiao\Application\Runtime\Cache\Home\3f36e03cb4a38b2ed27bc75332298af5.php 第 231 行.
NOTIC: [8] Undefined index: t14 C:\wamp\www\Qiao\Application\Runtime\Cache\Home\3f36e03cb4a38b2ed27bc75332298af5.php 第 233 行.
NOTIC: [8] Undefined index: t15 C:\wamp\www\Qiao\Application\Runtime\Cache\Home\3f36e03cb4a38b2ed27bc75332298af5.php 第 235 行.
NOTIC: [8] Undefined index: t16 C:\wamp\www\Qiao\Application\Runtime\Cache\Home\3f36e03cb4a38b2ed27bc75332298af5.php 第 254 行.
NOTIC: [8] Undefined index: t17 C:\wamp\www\Qiao\Application\Runtime\Cache\Home\3f36e03cb4a38b2ed27bc75332298af5.php 第 256 行.
NOTIC: [8] Undefined index: t18 C:\wamp\www\Qiao\Application\Runtime\Cache\Home\3f36e03cb4a38b2ed27bc75332298af5.php 第 258 行.
NOTIC: [8] Undefined index: t19 C:\wamp\www\Qiao\Application\Runtime\Cache\Home\3f36e03cb4a38b2ed27bc75332298af5.php 第 262 行.
NOTIC: [8] Undefined index: t20 C:\wamp\www\Qiao\Application\Runtime\Cache\Home\3f36e03cb4a38b2ed27bc75332298af5.php 第 264 行.
NOTIC: [8] Undefined index: t21 C:\wamp\www\Qiao\Application\Runtime\Cache\Home\3f36e03cb4a38b2ed27bc75332298af5.php 第 266 行.
NOTIC: [8] Undefined index: t22 C:\wamp\www\Qiao\Application\Runtime\Cache\Home\3f36e03cb4a38b2ed27bc75332298af5.php 第 270 行.
NOTIC: [8] Undefined index: t23 C:\wamp\www\Qiao\Application\Runtime\Cache\Home\3f36e03cb4a38b2ed27bc75332298af5.php 第 272 行.
NOTIC: [8] Undefined index: t24 C:\wamp\www\Qiao\Application\Runtime\Cache\Home\3f36e03cb4a38b2ed27bc75332298af5.php 第 274 行.
NOTIC: [8] Undefined index: t25 C:\wamp\www\Qiao\Application\Runtime\Cache\Home\3f36e03cb4a38b2ed27bc75332298af5.php 第 278 行.
NOTIC: [8] Undefined index: t26 C:\wamp\www\Qiao\Application\Runtime\Cache\Home\3f36e03cb4a38b2ed27bc75332298af5.php 第 280 行.
NOTIC: [8] Undefined index: t27 C:\wamp\www\Qiao\Application\Runtime\Cache\Home\3f36e03cb4a38b2ed27bc75332298af5.php 第 282 行.
NOTIC: [8] Undefined index: t28 C:\wamp\www\Qiao\Application\Runtime\Cache\Home\3f36e03cb4a38b2ed27bc75332298af5.php 第 286 行.
NOTIC: [8] Undefined index: t29 C:\wamp\www\Qiao\Application\Runtime\Cache\Home\3f36e03cb4a38b2ed27bc75332298af5.php 第 288 行.
NOTIC: [8] Undefined index: t30 C:\wamp\www\Qiao\Application\Runtime\Cache\Home\3f36e03cb4a38b2ed27bc75332298af5.php 第 290 行.
NOTIC: [8] Undefined index: t1 C:\wamp\www\Qiao\Application\Runtime\Cache\Home\3f36e03cb4a38b2ed27bc75332298af5.php 第 310 行.
NOTIC: [8] Undefined index: t2 C:\wamp\www\Qiao\Application\Runtime\Cache\Home\3f36e03cb4a38b2ed27bc75332298af5.php 第 314 行.
NOTIC: [8] Undefined index: t3 C:\wamp\www\Qiao\Application\Runtime\Cache\Home\3f36e03cb4a38b2ed27bc75332298af5.php 第 318 行.
NOTIC: [8] Undefined index: t4 C:\wamp\www\Qiao\Application\Runtime\Cache\Home\3f36e03cb4a38b2ed27bc75332298af5.php 第 324 行.
NOTIC: [8] Undefined index: t5 C:\wamp\www\Qiao\Application\Runtime\Cache\Home\3f36e03cb4a38b2ed27bc75332298af5.php 第 328 行.
NOTIC: [8] Undefined index: t6 C:\wamp\www\Qiao\Application\Runtime\Cache\Home\3f36e03cb4a38b2ed27bc75332298af5.php 第 332 行.
NOTIC: [8] Undefined index: t7 C:\wamp\www\Qiao\Application\Runtime\Cache\Home\3f36e03cb4a38b2ed27bc75332298af5.php 第 338 行.
NOTIC: [8] Undefined index: t8 C:\wamp\www\Qiao\Application\Runtime\Cache\Home\3f36e03cb4a38b2ed27bc75332298af5.php 第 342 行.
NOTIC: [8] Undefined index: t9 C:\wamp\www\Qiao\Application\Runtime\Cache\Home\3f36e03cb4a38b2ed27bc75332298af5.php 第 346 行.
NOTIC: [8] Undefined index: t10 C:\wamp\www\Qiao\Application\Runtime\Cache\Home\3f36e03cb4a38b2ed27bc75332298af5.php 第 352 行.
NOTIC: [8] Undefined index: t11 C:\wamp\www\Qiao\Application\Runtime\Cache\Home\3f36e03cb4a38b2ed27bc75332298af5.php 第 356 行.
NOTIC: [8] Undefined index: t12 C:\wamp\www\Qiao\Application\Runtime\Cache\Home\3f36e03cb4a38b2ed27bc75332298af5.php 第 360 行.
NOTIC: [8] Undefined index: t13 C:\wamp\www\Qiao\Application\Runtime\Cache\Home\3f36e03cb4a38b2ed27bc75332298af5.php 第 366 行.
NOTIC: [8] Undefined index: t14 C:\wamp\www\Qiao\Application\Runtime\Cache\Home\3f36e03cb4a38b2ed27bc75332298af5.php 第 370 行.
NOTIC: [8] Undefined index: t15 C:\wamp\www\Qiao\Application\Runtime\Cache\Home\3f36e03cb4a38b2ed27bc75332298af5.php 第 374 行.
NOTIC: [8] Undefined index: t16 C:\wamp\www\Qiao\Application\Runtime\Cache\Home\3f36e03cb4a38b2ed27bc75332298af5.php 第 395 行.
NOTIC: [8] Undefined index: t17 C:\wamp\www\Qiao\Application\Runtime\Cache\Home\3f36e03cb4a38b2ed27bc75332298af5.php 第 399 行.
NOTIC: [8] Undefined index: t18 C:\wamp\www\Qiao\Application\Runtime\Cache\Home\3f36e03cb4a38b2ed27bc75332298af5.php 第 403 行.
NOTIC: [8] Undefined index: t19 C:\wamp\www\Qiao\Application\Runtime\Cache\Home\3f36e03cb4a38b2ed27bc75332298af5.php 第 409 行.
NOTIC: [8] Undefined index: t20 C:\wamp\www\Qiao\Application\Runtime\Cache\Home\3f36e03cb4a38b2ed27bc75332298af5.php 第 413 行.
NOTIC: [8] Undefined index: t21 C:\wamp\www\Qiao\Application\Runtime\Cache\Home\3f36e03cb4a38b2ed27bc75332298af5.php 第 417 行.
NOTIC: [8] Undefined index: t22 C:\wamp\www\Qiao\Application\Runtime\Cache\Home\3f36e03cb4a38b2ed27bc75332298af5.php 第 423 行.
NOTIC: [8] Undefined index: t23 C:\wamp\www\Qiao\Application\Runtime\Cache\Home\3f36e03cb4a38b2ed27bc75332298af5.php 第 427 行.
NOTIC: [8] Undefined index: t24 C:\wamp\www\Qiao\Application\Runtime\Cache\Home\3f36e03cb4a38b2ed27bc75332298af5.php 第 431 行.
NOTIC: [8] Undefined index: t25 C:\wamp\www\Qiao\Application\Runtime\Cache\Home\3f36e03cb4a38b2ed27bc75332298af5.php 第 437 行.
NOTIC: [8] Undefined index: t26 C:\wamp\www\Qiao\Application\Runtime\Cache\Home\3f36e03cb4a38b2ed27bc75332298af5.php 第 441 行.
NOTIC: [8] Undefined index: t27 C:\wamp\www\Qiao\Application\Runtime\Cache\Home\3f36e03cb4a38b2ed27bc75332298af5.php 第 445 行.
NOTIC: [8] Undefined index: t28 C:\wamp\www\Qiao\Application\Runtime\Cache\Home\3f36e03cb4a38b2ed27bc75332298af5.php 第 451 行.
NOTIC: [8] Undefined index: t29 C:\wamp\www\Qiao\Application\Runtime\Cache\Home\3f36e03cb4a38b2ed27bc75332298af5.php 第 455 行.
NOTIC: [8] Undefined index: t30 C:\wamp\www\Qiao\Application\Runtime\Cache\Home\3f36e03cb4a38b2ed27bc75332298af5.php 第 459 行.
INFO: Run Behavior\ParseTemplateBehavior [ RunTime:0.052627s ]
INFO: [ view_parse ] --END-- [ RunTime:0.052962s ]
INFO: [ view_filter ] --START--
INFO: Run Behavior\WriteHtmlCacheBehavior [ RunTime:0.001845s ]
INFO: [ view_filter ] --END-- [ RunTime:0.002205s ]
INFO: [ app_end ] --START--
INFO: Run Behavior\ShowPageTraceBehavior [ RunTime:0.001860s ]
INFO: [ app_end ] --END-- [ RunTime:0.002161s ]

[ 2016-01-20T20:51:09+08:00 ] 127.0.0.1 /Qiao/Home/Login/logout.html
INFO: [ app_init ] --START--
INFO: Run Behavior\BuildLiteBehavior [ RunTime:0.000061s ]
INFO: [ app_init ] --END-- [ RunTime:0.001317s ]
INFO: [ app_begin ] --START--
INFO: Run Behavior\ReadHtmlCacheBehavior [ RunTime:0.001894s ]
INFO: [ app_begin ] --END-- [ RunTime:0.002190s ]

[ 2016-01-20T20:51:09+08:00 ] 127.0.0.1 /Qiao/Home/Login/index.html
INFO: [ app_init ] --START--
INFO: Run Behavior\BuildLiteBehavior [ RunTime:0.000059s ]
INFO: [ app_init ] --END-- [ RunTime:0.001316s ]
INFO: [ app_begin ] --START--
INFO: Run Behavior\ReadHtmlCacheBehavior [ RunTime:0.001441s ]
INFO: [ app_begin ] --END-- [ RunTime:0.001696s ]
INFO: [ view_parse ] --START--
INFO: [ template_filter ] --START--
INFO: Run Behavior\ContentReplaceBehavior [ RunTime:0.000225s ]
INFO: [ template_filter ] --END-- [ RunTime:0.000516s ]
INFO: Run Behavior\ParseTemplateBehavior [ RunTime:0.023728s ]
INFO: [ view_parse ] --END-- [ RunTime:0.024048s ]
INFO: [ view_filter ] --START--
INFO: Run Behavior\WriteHtmlCacheBehavior [ RunTime:0.001231s ]
INFO: [ view_filter ] --END-- [ RunTime:0.001478s ]
INFO: [ app_end ] --START--
INFO: Run Behavior\ShowPageTraceBehavior [ RunTime:0.001710s ]
INFO: [ app_end ] --END-- [ RunTime:0.001971s ]

[ 2016-01-20T20:51:10+08:00 ] 127.0.0.1 /Qiao/Home/Code/getCode.html
INFO: [ app_init ] --START--
INFO: Run Behavior\BuildLiteBehavior [ RunTime:0.000089s ]
INFO: [ app_init ] --END-- [ RunTime:0.001672s ]
INFO: [ app_begin ] --START--
INFO: Run Behavior\ReadHtmlCacheBehavior [ RunTime:0.002394s ]
INFO: [ app_begin ] --END-- [ RunTime:0.002874s ]
INFO: [ app_end ] --START--
INFO: Run Behavior\ShowPageTraceBehavior [ RunTime:0.002309s ]
INFO: [ app_end ] --END-- [ RunTime:0.002759s ]

