[ 2016-01-15T00:02:52+08:00 ] 127.0.0.1 /Qiao/Home/Index/index.html
INFO: [ app_init ] --START--
INFO: Run Behavior\BuildLiteBehavior [ RunTime:0.000203s ]
INFO: [ app_init ] --END-- [ RunTime:0.002053s ]
INFO: [ app_begin ] --START--
INFO: Run Behavior\ReadHtmlCacheBehavior [ RunTime:0.004474s ]
INFO: [ app_begin ] --END-- [ RunTime:0.004802s ]
SQL: SHOW COLUMNS FROM `bridge` [ RunTime:0.0236s ]
SQL: SELECT COUNT(*) AS tp_count FROM `bridge` WHERE `user` = 'admin' LIMIT 1   [ RunTime:0.0010s ]
SQL: SELECT * FROM `bridge` WHERE `user` = 'admin' ORDER BY bid asc LIMIT 0,10   [ RunTime:0.0012s ]
INFO: [ view_parse ] --START--
INFO: [ template_filter ] --START--
INFO: Run Behavior\ContentReplaceBehavior [ RunTime:0.000431s ]
INFO: [ template_filter ] --END-- [ RunTime:0.000956s ]
INFO: Run Behavior\ParseTemplateBehavior [ RunTime:0.116130s ]
INFO: [ view_parse ] --END-- [ RunTime:0.116612s ]
INFO: [ view_filter ] --START--
INFO: Run Behavior\WriteHtmlCacheBehavior [ RunTime:0.012640s ]
INFO: [ view_filter ] --END-- [ RunTime:0.013543s ]
INFO: [ app_end ] --START--
INFO: Run Behavior\ShowPageTraceBehavior [ RunTime:0.008895s ]
INFO: [ app_end ] --END-- [ RunTime:0.009575s ]

[ 2016-01-15T00:02:59+08:00 ] 127.0.0.1 /Qiao/Home/Baobiao/index/bid/55.html
INFO: [ app_init ] --START--
INFO: Run Behavior\BuildLiteBehavior [ RunTime:0.000100s ]
INFO: [ app_init ] --END-- [ RunTime:0.008453s ]
INFO: [ app_begin ] --START--
INFO: Run Behavior\ReadHtmlCacheBehavior [ RunTime:0.002993s ]
INFO: [ app_begin ] --END-- [ RunTime:0.003689s ]
SQL: SHOW COLUMNS FROM `info1` [ RunTime:0.0175s ]
SQL: SHOW COLUMNS FROM `bridge` [ RunTime:0.0137s ]
SQL: SELECT `user` FROM `bridge` WHERE ( bid=55 )  [ RunTime:0.0009s ]
SQL: SELECT * FROM `info1` WHERE ( bid=55 )  [ RunTime:0.0012s ]
SQL: SELECT * FROM `bridge` WHERE ( bid=55 )  [ RunTime:0.0011s ]
INFO: [ view_parse ] --START--
INFO: [ template_filter ] --START--
INFO: Run Behavior\ContentReplaceBehavior [ RunTime:0.000454s ]
INFO: [ template_filter ] --END-- [ RunTime:0.000936s ]
NOTIC: [8] Undefined index: t1 C:\wamp\www\Qiao\Application\Runtime\Cache\Home\f55f054a7103b8ff2b17624628bbba10.php 第 12 行.
NOTIC: [8] Undefined index: t2 C:\wamp\www\Qiao\Application\Runtime\Cache\Home\f55f054a7103b8ff2b17624628bbba10.php 第 12 行.
NOTIC: [8] Undefined index: t3 C:\wamp\www\Qiao\Application\Runtime\Cache\Home\f55f054a7103b8ff2b17624628bbba10.php 第 12 行.
NOTIC: [8] Undefined index: t16 C:\wamp\www\Qiao\Application\Runtime\Cache\Home\f55f054a7103b8ff2b17624628bbba10.php 第 12 行.
NOTIC: [8] Undefined index: t17 C:\wamp\www\Qiao\Application\Runtime\Cache\Home\f55f054a7103b8ff2b17624628bbba10.php 第 12 行.
NOTIC: [8] Undefined index: t18 C:\wamp\www\Qiao\Application\Runtime\Cache\Home\f55f054a7103b8ff2b17624628bbba10.php 第 12 行.
NOTIC: [8] Undefined index: t4 C:\wamp\www\Qiao\Application\Runtime\Cache\Home\f55f054a7103b8ff2b17624628bbba10.php 第 94 行.
NOTIC: [8] Undefined index: t5 C:\wamp\www\Qiao\Application\Runtime\Cache\Home\f55f054a7103b8ff2b17624628bbba10.php 第 96 行.
NOTIC: [8] Undefined index: t6 C:\wamp\www\Qiao\Application\Runtime\Cache\Home\f55f054a7103b8ff2b17624628bbba10.php 第 98 行.
NOTIC: [8] Undefined index: t7 C:\wamp\www\Qiao\Application\Runtime\Cache\Home\f55f054a7103b8ff2b17624628bbba10.php 第 102 行.
NOTIC: [8] Undefined index: t8 C:\wamp\www\Qiao\Application\Runtime\Cache\Home\f55f054a7103b8ff2b17624628bbba10.php 第 104 行.
NOTIC: [8] Undefined index: t9 C:\wamp\www\Qiao\Application\Runtime\Cache\Home\f55f054a7103b8ff2b17624628bbba10.php 第 106 行.
NOTIC: [8] Undefined index: t10 C:\wamp\www\Qiao\Application\Runtime\Cache\Home\f55f054a7103b8ff2b17624628bbba10.php 第 110 行.
NOTIC: [8] Undefined index: t11 C:\wamp\www\Qiao\Application\Runtime\Cache\Home\f55f054a7103b8ff2b17624628bbba10.php 第 112 行.
NOTIC: [8] Undefined index: t12 C:\wamp\www\Qiao\Application\Runtime\Cache\Home\f55f054a7103b8ff2b17624628bbba10.php 第 114 行.
NOTIC: [8] Undefined index: t13 C:\wamp\www\Qiao\Application\Runtime\Cache\Home\f55f054a7103b8ff2b17624628bbba10.php 第 118 行.
NOTIC: [8] Undefined index: t14 C:\wamp\www\Qiao\Application\Runtime\Cache\Home\f55f054a7103b8ff2b17624628bbba10.php 第 120 行.
NOTIC: [8] Undefined index: t15 C:\wamp\www\Qiao\Application\Runtime\Cache\Home\f55f054a7103b8ff2b17624628bbba10.php 第 122 行.
NOTIC: [8] Undefined index: t19 C:\wamp\www\Qiao\Application\Runtime\Cache\Home\f55f054a7103b8ff2b17624628bbba10.php 第 149 行.
NOTIC: [8] Undefined index: t20 C:\wamp\www\Qiao\Application\Runtime\Cache\Home\f55f054a7103b8ff2b17624628bbba10.php 第 151 行.
NOTIC: [8] Undefined index: t21 C:\wamp\www\Qiao\Application\Runtime\Cache\Home\f55f054a7103b8ff2b17624628bbba10.php 第 153 行.
NOTIC: [8] Undefined index: t22 C:\wamp\www\Qiao\Application\Runtime\Cache\Home\f55f054a7103b8ff2b17624628bbba10.php 第 157 行.
NOTIC: [8] Undefined index: t23 C:\wamp\www\Qiao\Application\Runtime\Cache\Home\f55f054a7103b8ff2b17624628bbba10.php 第 159 行.
NOTIC: [8] Undefined index: t24 C:\wamp\www\Qiao\Application\Runtime\Cache\Home\f55f054a7103b8ff2b17624628bbba10.php 第 161 行.
NOTIC: [8] Undefined index: t25 C:\wamp\www\Qiao\Application\Runtime\Cache\Home\f55f054a7103b8ff2b17624628bbba10.php 第 165 行.
NOTIC: [8] Undefined index: t26 C:\wamp\www\Qiao\Application\Runtime\Cache\Home\f55f054a7103b8ff2b17624628bbba10.php 第 167 行.
NOTIC: [8] Undefined index: t27 C:\wamp\www\Qiao\Application\Runtime\Cache\Home\f55f054a7103b8ff2b17624628bbba10.php 第 169 行.
NOTIC: [8] Undefined index: t28 C:\wamp\www\Qiao\Application\Runtime\Cache\Home\f55f054a7103b8ff2b17624628bbba10.php 第 173 行.
NOTIC: [8] Undefined index: t29 C:\wamp\www\Qiao\Application\Runtime\Cache\Home\f55f054a7103b8ff2b17624628bbba10.php 第 175 行.
NOTIC: [8] Undefined index: t30 C:\wamp\www\Qiao\Application\Runtime\Cache\Home\f55f054a7103b8ff2b17624628bbba10.php 第 177 行.
INFO: Run Behavior\ParseTemplateBehavior [ RunTime:0.056421s ]
INFO: [ view_parse ] --END-- [ RunTime:0.056883s ]
INFO: [ view_filter ] --START--
INFO: Run Behavior\WriteHtmlCacheBehavior [ RunTime:0.002349s ]
INFO: [ view_filter ] --END-- [ RunTime:0.002751s ]
INFO: [ app_end ] --START--
INFO: Run Behavior\ShowPageTraceBehavior [ RunTime:0.004015s ]
INFO: [ app_end ] --END-- [ RunTime:0.004474s ]

[ 2016-01-15T00:58:31+08:00 ] 127.0.0.1 /Qiao/Home/Login/logout.html
INFO: [ app_init ] --START--
INFO: Run Behavior\BuildLiteBehavior [ RunTime:0.000128s ]
INFO: [ app_init ] --END-- [ RunTime:0.002718s ]
INFO: [ app_begin ] --START--
INFO: Run Behavior\ReadHtmlCacheBehavior [ RunTime:0.002649s ]
INFO: [ app_begin ] --END-- [ RunTime:0.003081s ]

[ 2016-01-15T00:58:32+08:00 ] 127.0.0.1 /Qiao/Home/Login/index.html
INFO: [ app_init ] --START--
INFO: Run Behavior\BuildLiteBehavior [ RunTime:0.000096s ]
INFO: [ app_init ] --END-- [ RunTime:0.001990s ]
INFO: [ app_begin ] --START--
INFO: Run Behavior\ReadHtmlCacheBehavior [ RunTime:0.003730s ]
INFO: [ app_begin ] --END-- [ RunTime:0.004112s ]
INFO: [ view_parse ] --START--
INFO: [ template_filter ] --START--
INFO: Run Behavior\ContentReplaceBehavior [ RunTime:0.000435s ]
INFO: [ template_filter ] --END-- [ RunTime:0.001078s ]
INFO: Run Behavior\ParseTemplateBehavior [ RunTime:0.076509s ]
INFO: [ view_parse ] --END-- [ RunTime:0.076979s ]
INFO: [ view_filter ] --START--
INFO: Run Behavior\WriteHtmlCacheBehavior [ RunTime:0.002021s ]
INFO: [ view_filter ] --END-- [ RunTime:0.002561s ]
INFO: [ app_end ] --START--
INFO: Run Behavior\ShowPageTraceBehavior [ RunTime:0.003446s ]
INFO: [ app_end ] --END-- [ RunTime:0.004817s ]

[ 2016-01-15T00:58:32+08:00 ] 127.0.0.1 /Qiao/Home/Code/getCode.html
INFO: [ app_init ] --START--
INFO: Run Behavior\BuildLiteBehavior [ RunTime:0.000060s ]
INFO: [ app_init ] --END-- [ RunTime:0.001502s ]
INFO: [ app_begin ] --START--
INFO: Run Behavior\ReadHtmlCacheBehavior [ RunTime:0.004407s ]
INFO: [ app_begin ] --END-- [ RunTime:0.004710s ]
INFO: [ app_end ] --START--
INFO: Run Behavior\ShowPageTraceBehavior [ RunTime:0.002153s ]
INFO: [ app_end ] --END-- [ RunTime:0.002546s ]

[ 2016-01-15T00:59:22+08:00 ] 127.0.0.1 /Qiao/
INFO: [ app_init ] --START--
INFO: Run Behavior\BuildLiteBehavior [ RunTime:0.000105s ]
INFO: [ app_init ] --END-- [ RunTime:0.009619s ]
INFO: [ app_begin ] --START--
INFO: Run Behavior\ReadHtmlCacheBehavior [ RunTime:0.044665s ]
INFO: [ app_begin ] --END-- [ RunTime:0.045407s ]

[ 2016-01-15T00:59:23+08:00 ] 127.0.0.1 /Qiao/Home/Login/index.html
INFO: [ app_init ] --START--
INFO: Run Behavior\BuildLiteBehavior [ RunTime:0.000095s ]
INFO: [ app_init ] --END-- [ RunTime:0.002425s ]
INFO: [ app_begin ] --START--
INFO: Run Behavior\ReadHtmlCacheBehavior [ RunTime:0.033699s ]
INFO: [ app_begin ] --END-- [ RunTime:0.036387s ]
INFO: [ view_parse ] --START--
INFO: [ template_filter ] --START--
INFO: Run Behavior\ContentReplaceBehavior [ RunTime:0.000226s ]
INFO: [ template_filter ] --END-- [ RunTime:0.000520s ]
INFO: Run Behavior\ParseTemplateBehavior [ RunTime:0.060926s ]
INFO: [ view_parse ] --END-- [ RunTime:0.061410s ]
INFO: [ view_filter ] --START--
INFO: Run Behavior\WriteHtmlCacheBehavior [ RunTime:0.004388s ]
INFO: [ view_filter ] --END-- [ RunTime:0.004831s ]
INFO: [ app_end ] --START--
INFO: Run Behavior\ShowPageTraceBehavior [ RunTime:0.009250s ]
INFO: [ app_end ] --END-- [ RunTime:0.009731s ]

[ 2016-01-15T00:59:23+08:00 ] 127.0.0.1 /Qiao/Home/Code/getCode.html
INFO: [ app_init ] --START--
INFO: Run Behavior\BuildLiteBehavior [ RunTime:0.000194s ]
INFO: [ app_init ] --END-- [ RunTime:0.002514s ]
INFO: [ app_begin ] --START--
INFO: Run Behavior\ReadHtmlCacheBehavior [ RunTime:0.011524s ]
INFO: [ app_begin ] --END-- [ RunTime:0.014302s ]
INFO: [ app_end ] --START--
INFO: Run Behavior\ShowPageTraceBehavior [ RunTime:0.002785s ]
INFO: [ app_end ] --END-- [ RunTime:0.003315s ]

