[ 2015-12-14T00:10:44+08:00 ] 127.0.0.1 /Qiao/Application/Home/View/Public/img//img4.jpg
INFO: [ app_init ] --START--
INFO: Run Behavior\BuildLiteBehavior [ RunTime:0.000046s ]
INFO: [ app_init ] --END-- [ RunTime:0.000924s ]
ERR: 无法加载模块:Application

[ 2015-12-14T00:13:50+08:00 ] 127.0.0.1 /Qiao/Application/Home/View/Public/img//img4.jpg
INFO: [ app_init ] --START--
INFO: Run Behavior\BuildLiteBehavior [ RunTime:0.000045s ]
INFO: [ app_init ] --END-- [ RunTime:0.000928s ]
ERR: 无法加载模块:Application

[ 2015-12-14T00:45:19+08:00 ] 127.0.0.1 /Qiao/Application/Home/View/Public/img//img4.jpg
INFO: [ app_init ] --START--
INFO: Run Behavior\BuildLiteBehavior [ RunTime:0.000116s ]
INFO: [ app_init ] --END-- [ RunTime:0.000994s ]
ERR: 无法加载模块:Application

[ 2015-12-14T00:45:19+08:00 ] 127.0.0.1 /Qiao/Application/Home/View/Public/img//img4.jpg
INFO: [ app_init ] --START--
INFO: Run Behavior\BuildLiteBehavior [ RunTime:0.000044s ]
INFO: [ app_init ] --END-- [ RunTime:0.000883s ]
ERR: 无法加载模块:Application

[ 2015-12-14T00:46:44+08:00 ] 127.0.0.1 /Qiao/Application/Home/View/Public/img//img4.jpg
INFO: [ app_init ] --START--
INFO: Run Behavior\BuildLiteBehavior [ RunTime:0.000043s ]
INFO: [ app_init ] --END-- [ RunTime:0.000776s ]
ERR: 无法加载模块:Application

[ 2015-12-14T00:49:18+08:00 ] 127.0.0.1 /Qiao/Application/Home/View/Public/img//img4.jpg
INFO: [ app_init ] --START--
INFO: Run Behavior\BuildLiteBehavior [ RunTime:0.000044s ]
INFO: [ app_init ] --END-- [ RunTime:0.000898s ]
ERR: 无法加载模块:Application

[ 2015-12-14T00:56:31+08:00 ] 127.0.0.1 /Qiao/Application/Home/View/Public/img//img4.jpg
INFO: [ app_init ] --START--
INFO: Run Behavior\BuildLiteBehavior [ RunTime:0.000036s ]
INFO: [ app_init ] --END-- [ RunTime:0.000711s ]
ERR: 无法加载模块:Application

[ 2015-12-14T01:01:11+08:00 ] 127.0.0.1 /Qiao/Application/Home/View/Public/img//img4.jpg
INFO: [ app_init ] --START--
INFO: Run Behavior\BuildLiteBehavior [ RunTime:0.000038s ]
INFO: [ app_init ] --END-- [ RunTime:0.000839s ]
ERR: 无法加载模块:Application

[ 2015-12-14T01:01:11+08:00 ] 127.0.0.1 /Qiao/Application/Home/View/Public/img//img4.jpg
INFO: [ app_init ] --START--
INFO: Run Behavior\BuildLiteBehavior [ RunTime:0.000045s ]
INFO: [ app_init ] --END-- [ RunTime:0.001307s ]
ERR: 无法加载模块:Application

[ 2015-12-14T01:29:28+08:00 ] 127.0.0.1 /Qiao/Application/Home/View/Public/img//img4.jpg
INFO: [ app_init ] --START--
INFO: Run Behavior\BuildLiteBehavior [ RunTime:0.000040s ]
INFO: [ app_init ] --END-- [ RunTime:0.000814s ]
ERR: 无法加载模块:Application

[ 2015-12-14T01:29:51+08:00 ] 127.0.0.1 /Qiao/Application/Home/View/Public/img//img4.jpg
INFO: [ app_init ] --START--
INFO: Run Behavior\BuildLiteBehavior [ RunTime:0.000041s ]
INFO: [ app_init ] --END-- [ RunTime:0.000775s ]
ERR: 无法加载模块:Application

[ 2015-12-14T01:31:08+08:00 ] 127.0.0.1 /Qiao/Application/Home/View/Public/img//img4.jpg
INFO: [ app_init ] --START--
INFO: Run Behavior\BuildLiteBehavior [ RunTime:0.000042s ]
INFO: [ app_init ] --END-- [ RunTime:0.000794s ]
ERR: 无法加载模块:Application

[ 2015-12-14T01:34:14+08:00 ] 127.0.0.1 /Qiao/Application/Home/View/Public/img//img4.jpg
INFO: [ app_init ] --START--
INFO: Run Behavior\BuildLiteBehavior [ RunTime:0.000105s ]
INFO: [ app_init ] --END-- [ RunTime:0.001942s ]
ERR: 无法加载模块:Application

[ 2015-12-14T01:36:16+08:00 ] 127.0.0.1 /Qiao/Application/Home/View/Public/img//img4.jpg
INFO: [ app_init ] --START--
INFO: Run Behavior\BuildLiteBehavior [ RunTime:0.000048s ]
INFO: [ app_init ] --END-- [ RunTime:0.001163s ]
ERR: 无法加载模块:Application

[ 2015-12-14T01:36:29+08:00 ] 127.0.0.1 /Qiao/Application/Home/View/Public/img//img4.jpg
INFO: [ app_init ] --START--
INFO: Run Behavior\BuildLiteBehavior [ RunTime:0.000038s ]
INFO: [ app_init ] --END-- [ RunTime:0.001239s ]
ERR: 无法加载模块:Application

[ 2015-12-14T01:36:30+08:00 ] 127.0.0.1 /Qiao/Application/Home/View/Public/img//img4.jpg
INFO: [ app_init ] --START--
INFO: Run Behavior\BuildLiteBehavior [ RunTime:0.000391s ]
INFO: [ app_init ] --END-- [ RunTime:0.001243s ]
ERR: 无法加载模块:Application

[ 2015-12-14T01:53:39+08:00 ] 127.0.0.1 /Qiao/Application/Home/View/Public/img//img4.jpg
INFO: [ app_init ] --START--
INFO: Run Behavior\BuildLiteBehavior [ RunTime:0.000052s ]
INFO: [ app_init ] --END-- [ RunTime:0.000979s ]
ERR: 无法加载模块:Application

[ 2015-12-14T01:54:29+08:00 ] 127.0.0.1 /Qiao/Application/Home/View/Public/img//img4.jpg
INFO: [ app_init ] --START--
INFO: Run Behavior\BuildLiteBehavior [ RunTime:0.000046s ]
INFO: [ app_init ] --END-- [ RunTime:0.000875s ]
ERR: 无法加载模块:Application

[ 2015-12-14T01:54:36+08:00 ] 127.0.0.1 /Qiao/Application/Home/View/Public/img//img4.jpg
INFO: [ app_init ] --START--
INFO: Run Behavior\BuildLiteBehavior [ RunTime:0.000050s ]
INFO: [ app_init ] --END-- [ RunTime:0.005149s ]
ERR: 无法加载模块:Application

[ 2015-12-14T01:56:14+08:00 ] 127.0.0.1 /Qiao/Application/Home/View/Public/img//img4.jpg
INFO: [ app_init ] --START--
INFO: Run Behavior\BuildLiteBehavior [ RunTime:0.000047s ]
INFO: [ app_init ] --END-- [ RunTime:0.001081s ]
ERR: 无法加载模块:Application

[ 2015-12-14T02:00:31+08:00 ] 127.0.0.1 /Qiao/Application/Home/View/Public/img//img4.jpg
INFO: [ app_init ] --START--
INFO: Run Behavior\BuildLiteBehavior [ RunTime:0.000043s ]
INFO: [ app_init ] --END-- [ RunTime:0.000848s ]
ERR: 无法加载模块:Application

[ 2015-12-14T02:10:26+08:00 ] 127.0.0.1 /Qiao/Application/Home/View/Public/img//img4.jpg
INFO: [ app_init ] --START--
INFO: Run Behavior\BuildLiteBehavior [ RunTime:0.000037s ]
INFO: [ app_init ] --END-- [ RunTime:0.000802s ]
ERR: 无法加载模块:Application

[ 2015-12-14T02:11:22+08:00 ] 127.0.0.1 /Qiao/Application/Home/View/Public/img//img4.jpg
INFO: [ app_init ] --START--
INFO: Run Behavior\BuildLiteBehavior [ RunTime:0.000043s ]
INFO: [ app_init ] --END-- [ RunTime:0.000947s ]
ERR: 无法加载模块:Application

[ 2015-12-14T02:27:44+08:00 ] 127.0.0.1 /Qiao/Application/Home/View/Public/img//img4.jpg
INFO: [ app_init ] --START--
INFO: Run Behavior\BuildLiteBehavior [ RunTime:0.000039s ]
INFO: [ app_init ] --END-- [ RunTime:0.000813s ]
ERR: 无法加载模块:Application

[ 2015-12-14T02:31:07+08:00 ] 127.0.0.1 /Qiao/Application/Home/View/Public/img//img4.jpg
INFO: [ app_init ] --START--
INFO: Run Behavior\BuildLiteBehavior [ RunTime:0.000044s ]
INFO: [ app_init ] --END-- [ RunTime:0.000976s ]
ERR: 无法加载模块:Application

[ 2015-12-14T02:31:08+08:00 ] 127.0.0.1 /Qiao/Application/Home/View/Public/img//img4.jpg
INFO: [ app_init ] --START--
INFO: Run Behavior\BuildLiteBehavior [ RunTime:0.000047s ]
INFO: [ app_init ] --END-- [ RunTime:0.000870s ]
ERR: 无法加载模块:Application

[ 2015-12-14T02:33:43+08:00 ] 127.0.0.1 /Qiao/Application/Home/View/Public/img//img4.jpg
INFO: [ app_init ] --START--
INFO: Run Behavior\BuildLiteBehavior [ RunTime:0.000042s ]
INFO: [ app_init ] --END-- [ RunTime:0.000875s ]
ERR: 无法加载模块:Application

[ 2015-12-14T02:39:20+08:00 ] 127.0.0.1 /Qiao/Application/Home/View/Public/img//img4.jpg
INFO: [ app_init ] --START--
INFO: Run Behavior\BuildLiteBehavior [ RunTime:0.000046s ]
INFO: [ app_init ] --END-- [ RunTime:0.000897s ]
ERR: 无法加载模块:Application

[ 2015-12-14T02:40:32+08:00 ] 127.0.0.1 /Qiao/Application/Home/View/Public/img//img4.jpg
INFO: [ app_init ] --START--
INFO: Run Behavior\BuildLiteBehavior [ RunTime:0.000043s ]
INFO: [ app_init ] --END-- [ RunTime:0.002185s ]
ERR: 无法加载模块:Application

[ 2015-12-14T02:41:29+08:00 ] 127.0.0.1 /Qiao/Application/Home/View/Public/img//img4.jpg
INFO: [ app_init ] --START--
INFO: Run Behavior\BuildLiteBehavior [ RunTime:0.000043s ]
INFO: [ app_init ] --END-- [ RunTime:0.001105s ]
ERR: 无法加载模块:Application

[ 2015-12-14T02:41:29+08:00 ] 127.0.0.1 /Qiao/Application/Home/View/Public/img//img4.jpg
INFO: [ app_init ] --START--
INFO: Run Behavior\BuildLiteBehavior [ RunTime:0.000050s ]
INFO: [ app_init ] --END-- [ RunTime:0.000975s ]
ERR: 无法加载模块:Application

[ 2015-12-14T02:41:51+08:00 ] 127.0.0.1 /Qiao/Application/Home/View/Public/img//img4.jpg
INFO: [ app_init ] --START--
INFO: Run Behavior\BuildLiteBehavior [ RunTime:0.000047s ]
INFO: [ app_init ] --END-- [ RunTime:0.001054s ]
ERR: 无法加载模块:Application

[ 2015-12-14T02:42:30+08:00 ] 127.0.0.1 /Qiao/Application/Home/View/Public/img//img4.jpg
INFO: [ app_init ] --START--
INFO: Run Behavior\BuildLiteBehavior [ RunTime:0.000041s ]
INFO: [ app_init ] --END-- [ RunTime:0.000754s ]
ERR: 无法加载模块:Application

[ 2015-12-14T02:42:30+08:00 ] 127.0.0.1 /Qiao/Application/Home/View/Public/img//img4.jpg
INFO: [ app_init ] --START--
INFO: Run Behavior\BuildLiteBehavior [ RunTime:0.000046s ]
INFO: [ app_init ] --END-- [ RunTime:0.001184s ]
ERR: 无法加载模块:Application

[ 2015-12-14T02:43:47+08:00 ] 127.0.0.1 /Qiao/Application/Home/View/Public/img//img4.jpg
INFO: [ app_init ] --START--
INFO: Run Behavior\BuildLiteBehavior [ RunTime:0.000048s ]
INFO: [ app_init ] --END-- [ RunTime:0.000903s ]
ERR: 无法加载模块:Application

[ 2015-12-14T02:46:32+08:00 ] 127.0.0.1 /Qiao/Application/Home/View/Public/img//img4.jpg
INFO: [ app_init ] --START--
INFO: Run Behavior\BuildLiteBehavior [ RunTime:0.000044s ]
INFO: [ app_init ] --END-- [ RunTime:0.000804s ]
ERR: 无法加载模块:Application

[ 2015-12-14T02:48:11+08:00 ] 127.0.0.1 /Qiao/Application/Home/View/Public/img//img4.jpg
INFO: [ app_init ] --START--
INFO: Run Behavior\BuildLiteBehavior [ RunTime:0.000042s ]
INFO: [ app_init ] --END-- [ RunTime:0.000905s ]
ERR: 无法加载模块:Application

[ 2015-12-14T02:54:53+08:00 ] 127.0.0.1 /Qiao/Application/Home/View/Public/img//img4.jpg
INFO: [ app_init ] --START--
INFO: Run Behavior\BuildLiteBehavior [ RunTime:0.000039s ]
INFO: [ app_init ] --END-- [ RunTime:0.000796s ]
ERR: 无法加载模块:Application

[ 2015-12-14T02:56:01+08:00 ] 127.0.0.1 /Qiao/Application/Home/View/Public/img//img4.jpg
INFO: [ app_init ] --START--
INFO: Run Behavior\BuildLiteBehavior [ RunTime:0.000045s ]
INFO: [ app_init ] --END-- [ RunTime:0.000900s ]
ERR: 无法加载模块:Application

[ 2015-12-14T02:56:01+08:00 ] 127.0.0.1 /Qiao/Application/Home/View/Public/img//img4.jpg
INFO: [ app_init ] --START--
INFO: Run Behavior\BuildLiteBehavior [ RunTime:0.000042s ]
INFO: [ app_init ] --END-- [ RunTime:0.000766s ]
ERR: 无法加载模块:Application

[ 2015-12-14T02:58:35+08:00 ] 127.0.0.1 /Qiao/Application/Home/View/Public/img//img4.jpg
INFO: [ app_init ] --START--
INFO: Run Behavior\BuildLiteBehavior [ RunTime:0.000047s ]
INFO: [ app_init ] --END-- [ RunTime:0.000877s ]
ERR: 无法加载模块:Application

[ 2015-12-14T03:01:28+08:00 ] 127.0.0.1 /Qiao/Application/Home/View/Public/img//img4.jpg
INFO: [ app_init ] --START--
INFO: Run Behavior\BuildLiteBehavior [ RunTime:0.000045s ]
INFO: [ app_init ] --END-- [ RunTime:0.000914s ]
ERR: 无法加载模块:Application

[ 2015-12-14T03:02:23+08:00 ] 127.0.0.1 /Qiao/Application/Home/View/Public/img//img4.jpg
INFO: [ app_init ] --START--
INFO: Run Behavior\BuildLiteBehavior [ RunTime:0.000044s ]
INFO: [ app_init ] --END-- [ RunTime:0.000779s ]
ERR: 无法加载模块:Application

[ 2015-12-14T03:03:03+08:00 ] 127.0.0.1 /Qiao/Application/Home/View/Public/img//img4.jpg
INFO: [ app_init ] --START--
INFO: Run Behavior\BuildLiteBehavior [ RunTime:0.000041s ]
INFO: [ app_init ] --END-- [ RunTime:0.000760s ]
ERR: 无法加载模块:Application

[ 2015-12-14T03:04:00+08:00 ] 127.0.0.1 /Qiao/Application/Home/View/Public/img//img4.jpg
INFO: [ app_init ] --START--
INFO: Run Behavior\BuildLiteBehavior [ RunTime:0.000035s ]
INFO: [ app_init ] --END-- [ RunTime:0.000710s ]
ERR: 无法加载模块:Application

[ 2015-12-14T03:05:06+08:00 ] 127.0.0.1 /Qiao/Application/Home/View/Public/img//img4.jpg
INFO: [ app_init ] --START--
INFO: Run Behavior\BuildLiteBehavior [ RunTime:0.000043s ]
INFO: [ app_init ] --END-- [ RunTime:0.000890s ]
ERR: 无法加载模块:Application

[ 2015-12-14T03:11:49+08:00 ] 127.0.0.1 /Qiao/Application/Home/View/Public/img//img4.jpg
INFO: [ app_init ] --START--
INFO: Run Behavior\BuildLiteBehavior [ RunTime:0.000040s ]
INFO: [ app_init ] --END-- [ RunTime:0.000891s ]
ERR: 无法加载模块:Application

[ 2015-12-14T03:15:13+08:00 ] 127.0.0.1 /Qiao/Application/Home/View/Public/img//img4.jpg
INFO: [ app_init ] --START--
INFO: Run Behavior\BuildLiteBehavior [ RunTime:0.000042s ]
INFO: [ app_init ] --END-- [ RunTime:0.000808s ]
ERR: 无法加载模块:Application

[ 2015-12-14T03:15:41+08:00 ] 127.0.0.1 /Qiao/Application/Home/View/Public/img//img4.jpg
INFO: [ app_init ] --START--
INFO: Run Behavior\BuildLiteBehavior [ RunTime:0.000041s ]
INFO: [ app_init ] --END-- [ RunTime:0.000850s ]
ERR: 无法加载模块:Application

[ 2015-12-14T03:16:47+08:00 ] 127.0.0.1 /Qiao/Application/Home/View/Public/img//img4.jpg
INFO: [ app_init ] --START--
INFO: Run Behavior\BuildLiteBehavior [ RunTime:0.000035s ]
INFO: [ app_init ] --END-- [ RunTime:0.000646s ]
ERR: 无法加载模块:Application

[ 2015-12-14T03:18:40+08:00 ] 127.0.0.1 /Qiao/Application/Home/View/Public/img//img4.jpg
INFO: [ app_init ] --START--
INFO: Run Behavior\BuildLiteBehavior [ RunTime:0.000064s ]
INFO: [ app_init ] --END-- [ RunTime:0.000964s ]
ERR: 无法加载模块:Application

[ 2015-12-14T03:18:42+08:00 ] 127.0.0.1 /Qiao/Application/Home/View/Public/img//img4.jpg
INFO: [ app_init ] --START--
INFO: Run Behavior\BuildLiteBehavior [ RunTime:0.000048s ]
INFO: [ app_init ] --END-- [ RunTime:0.000936s ]
ERR: 无法加载模块:Application

[ 2015-12-14T03:21:42+08:00 ] 127.0.0.1 /Qiao/Application/Home/View/Public/img//img4.jpg
INFO: [ app_init ] --START--
INFO: Run Behavior\BuildLiteBehavior [ RunTime:0.000035s ]
INFO: [ app_init ] --END-- [ RunTime:0.000802s ]
ERR: 无法加载模块:Application

[ 2015-12-14T03:24:33+08:00 ] 127.0.0.1 /Qiao/Application/Home/View/Public/img//img4.jpg
INFO: [ app_init ] --START--
INFO: Run Behavior\BuildLiteBehavior [ RunTime:0.000040s ]
INFO: [ app_init ] --END-- [ RunTime:0.000800s ]
ERR: 无法加载模块:Application

[ 2015-12-14T03:31:02+08:00 ] 127.0.0.1 /Qiao/Application/Home/View/Public/img//img4.jpg
INFO: [ app_init ] --START--
INFO: Run Behavior\BuildLiteBehavior [ RunTime:0.000042s ]
INFO: [ app_init ] --END-- [ RunTime:0.000868s ]
ERR: 无法加载模块:Application

[ 2015-12-14T03:33:29+08:00 ] 127.0.0.1 /Qiao/Application/Home/View/Public/img//img4.jpg
INFO: [ app_init ] --START--
INFO: Run Behavior\BuildLiteBehavior [ RunTime:0.000042s ]
INFO: [ app_init ] --END-- [ RunTime:0.000894s ]
ERR: 无法加载模块:Application

[ 2015-12-14T03:34:41+08:00 ] 127.0.0.1 /Qiao/Application/Home/View/Public/img//img4.jpg
INFO: [ app_init ] --START--
INFO: Run Behavior\BuildLiteBehavior [ RunTime:0.000056s ]
INFO: [ app_init ] --END-- [ RunTime:0.001050s ]
ERR: 无法加载模块:Application

[ 2015-12-14T03:35:12+08:00 ] 127.0.0.1 /Qiao/Application/Home/View/Public/img//img4.jpg
INFO: [ app_init ] --START--
INFO: Run Behavior\BuildLiteBehavior [ RunTime:0.000041s ]
INFO: [ app_init ] --END-- [ RunTime:0.000794s ]
ERR: 无法加载模块:Application

[ 2015-12-14T03:37:27+08:00 ] 127.0.0.1 /Qiao/Application/Home/View/Public/img//img4.jpg
INFO: [ app_init ] --START--
INFO: Run Behavior\BuildLiteBehavior [ RunTime:0.000038s ]
INFO: [ app_init ] --END-- [ RunTime:0.000683s ]
ERR: 无法加载模块:Application

[ 2015-12-14T03:38:40+08:00 ] 127.0.0.1 /Qiao/Application/Home/View/Public/img//img4.jpg
INFO: [ app_init ] --START--
INFO: Run Behavior\BuildLiteBehavior [ RunTime:0.000037s ]
INFO: [ app_init ] --END-- [ RunTime:0.000789s ]
ERR: 无法加载模块:Application

[ 2015-12-14T03:50:41+08:00 ] 127.0.0.1 /Qiao/Application/Home/View/Public/img//img4.jpg
INFO: [ app_init ] --START--
INFO: Run Behavior\BuildLiteBehavior [ RunTime:0.000044s ]
INFO: [ app_init ] --END-- [ RunTime:0.007388s ]
ERR: 无法加载模块:Application

[ 2015-12-14T03:53:10+08:00 ] 127.0.0.1 /Qiao/Application/Home/View/Public/img//img4.jpg
INFO: [ app_init ] --START--
INFO: Run Behavior\BuildLiteBehavior [ RunTime:0.000073s ]
INFO: [ app_init ] --END-- [ RunTime:0.001425s ]
ERR: 无法加载模块:Application

[ 2015-12-14T03:54:34+08:00 ] 127.0.0.1 /Qiao/Application/Home/View/Public/img//img4.jpg
INFO: [ app_init ] --START--
INFO: Run Behavior\BuildLiteBehavior [ RunTime:0.000042s ]
INFO: [ app_init ] --END-- [ RunTime:0.000833s ]
ERR: 无法加载模块:Application

[ 2015-12-14T03:54:34+08:00 ] 127.0.0.1 /Qiao/Application/Home/View/Public/img//img4.jpg
INFO: [ app_init ] --START--
INFO: Run Behavior\BuildLiteBehavior [ RunTime:0.000047s ]
INFO: [ app_init ] --END-- [ RunTime:0.000861s ]
ERR: 无法加载模块:Application

[ 2015-12-14T03:59:46+08:00 ] 127.0.0.1 /Qiao/Application/Home/View/Public/img//img4.jpg
INFO: [ app_init ] --START--
INFO: Run Behavior\BuildLiteBehavior [ RunTime:0.000071s ]
INFO: [ app_init ] --END-- [ RunTime:0.000837s ]
ERR: 无法加载模块:Application

[ 2015-12-14T04:00:49+08:00 ] 127.0.0.1 /Qiao/Application/Home/View/Public/img//img4.jpg
INFO: [ app_init ] --START--
INFO: Run Behavior\BuildLiteBehavior [ RunTime:0.000040s ]
INFO: [ app_init ] --END-- [ RunTime:0.000732s ]
ERR: 无法加载模块:Application

[ 2015-12-14T04:04:41+08:00 ] 127.0.0.1 /Qiao/Application/Home/View/Public/img//img4.jpg
INFO: [ app_init ] --START--
INFO: Run Behavior\BuildLiteBehavior [ RunTime:0.000043s ]
INFO: [ app_init ] --END-- [ RunTime:0.000949s ]
ERR: 无法加载模块:Application

[ 2015-12-14T04:05:29+08:00 ] 127.0.0.1 /Qiao/Application/Home/View/Public/img//img4.jpg
INFO: [ app_init ] --START--
INFO: Run Behavior\BuildLiteBehavior [ RunTime:0.000039s ]
INFO: [ app_init ] --END-- [ RunTime:0.000813s ]
ERR: 无法加载模块:Application

[ 2015-12-14T04:06:15+08:00 ] 127.0.0.1 /Qiao/Application/Home/View/Public/img//img4.jpg
INFO: [ app_init ] --START--
INFO: Run Behavior\BuildLiteBehavior [ RunTime:0.000037s ]
INFO: [ app_init ] --END-- [ RunTime:0.000764s ]
ERR: 无法加载模块:Application

[ 2015-12-14T04:08:30+08:00 ] 127.0.0.1 /Qiao/Application/Home/View/Public/img//img4.jpg
INFO: [ app_init ] --START--
INFO: Run Behavior\BuildLiteBehavior [ RunTime:0.000037s ]
INFO: [ app_init ] --END-- [ RunTime:0.000769s ]
ERR: 无法加载模块:Application

[ 2015-12-14T04:10:00+08:00 ] 127.0.0.1 /Qiao/Application/Home/View/Public/img//img4.jpg
INFO: [ app_init ] --START--
INFO: Run Behavior\BuildLiteBehavior [ RunTime:0.000043s ]
INFO: [ app_init ] --END-- [ RunTime:0.000802s ]
ERR: 无法加载模块:Application

[ 2015-12-14T04:19:22+08:00 ] 127.0.0.1 /Qiao/Application/Home/View/Public/img//img4.jpg
INFO: [ app_init ] --START--
INFO: Run Behavior\BuildLiteBehavior [ RunTime:0.000051s ]
INFO: [ app_init ] --END-- [ RunTime:0.000935s ]
ERR: 无法加载模块:Application

[ 2015-12-14T04:20:27+08:00 ] 127.0.0.1 /Qiao/Application/Home/View/Public/img//img4.jpg
INFO: [ app_init ] --START--
INFO: Run Behavior\BuildLiteBehavior [ RunTime:0.000041s ]
INFO: [ app_init ] --END-- [ RunTime:0.000752s ]
ERR: 无法加载模块:Application

[ 2015-12-14T04:20:38+08:00 ] 127.0.0.1 /Qiao/Application/Home/View/Public/img//img4.jpg
INFO: [ app_init ] --START--
INFO: Run Behavior\BuildLiteBehavior [ RunTime:0.000038s ]
INFO: [ app_init ] --END-- [ RunTime:0.000724s ]
ERR: 无法加载模块:Application

[ 2015-12-14T04:21:34+08:00 ] 127.0.0.1 /Qiao/Application/Home/View/Public/img//img4.jpg
INFO: [ app_init ] --START--
INFO: Run Behavior\BuildLiteBehavior [ RunTime:0.000044s ]
INFO: [ app_init ] --END-- [ RunTime:0.001097s ]
ERR: 无法加载模块:Application

[ 2015-12-14T04:26:09+08:00 ] 127.0.0.1 /Qiao/Application/Home/View/Public/img//img4.jpg
INFO: [ app_init ] --START--
INFO: Run Behavior\BuildLiteBehavior [ RunTime:0.000051s ]
INFO: [ app_init ] --END-- [ RunTime:0.000926s ]
ERR: 无法加载模块:Application

[ 2015-12-14T04:26:41+08:00 ] 127.0.0.1 /Qiao/Application/Home/View/Public/img//img4.jpg
INFO: [ app_init ] --START--
INFO: Run Behavior\BuildLiteBehavior [ RunTime:0.000045s ]
INFO: [ app_init ] --END-- [ RunTime:0.002280s ]
ERR: 无法加载模块:Application

[ 2015-12-14T04:26:41+08:00 ] 127.0.0.1 /Qiao/Application/Home/View/Public/img//img4.jpg
INFO: [ app_init ] --START--
INFO: Run Behavior\BuildLiteBehavior [ RunTime:0.000107s ]
INFO: [ app_init ] --END-- [ RunTime:0.001069s ]
ERR: 无法加载模块:Application

[ 2015-12-14T04:27:24+08:00 ] 127.0.0.1 /Qiao/Application/Home/View/Public/img//img4.jpg
INFO: [ app_init ] --START--
INFO: Run Behavior\BuildLiteBehavior [ RunTime:0.000044s ]
INFO: [ app_init ] --END-- [ RunTime:0.000791s ]
ERR: 无法加载模块:Application

[ 2015-12-14T04:27:54+08:00 ] 127.0.0.1 /Qiao/Application/Home/View/Public/img//img4.jpg
INFO: [ app_init ] --START--
INFO: Run Behavior\BuildLiteBehavior [ RunTime:0.000043s ]
INFO: [ app_init ] --END-- [ RunTime:0.001427s ]
ERR: 无法加载模块:Application

[ 2015-12-14T04:27:57+08:00 ] 127.0.0.1 /Qiao/Application/Home/View/Public/img//img4.jpg
INFO: [ app_init ] --START--
INFO: Run Behavior\BuildLiteBehavior [ RunTime:0.000052s ]
INFO: [ app_init ] --END-- [ RunTime:0.000863s ]
ERR: 无法加载模块:Application

[ 2015-12-14T04:28:44+08:00 ] 127.0.0.1 /Qiao/Application/Home/View/Public/img//img4.jpg
INFO: [ app_init ] --START--
INFO: Run Behavior\BuildLiteBehavior [ RunTime:0.000038s ]
INFO: [ app_init ] --END-- [ RunTime:0.000769s ]
ERR: 无法加载模块:Application

[ 2015-12-14T10:04:37+08:00 ] 127.0.0.1 /Qiao/Application/Home/View/Public/img//img4.jpg
INFO: [ app_init ] --START--
INFO: Run Behavior\BuildLiteBehavior [ RunTime:0.000045s ]
INFO: [ app_init ] --END-- [ RunTime:0.000871s ]
ERR: 无法加载模块:Application

[ 2015-12-14T10:19:44+08:00 ] 127.0.0.1 /Qiao/Application/Home/View/Public/img//img4.jpg
INFO: [ app_init ] --START--
INFO: Run Behavior\BuildLiteBehavior [ RunTime:0.000046s ]
INFO: [ app_init ] --END-- [ RunTime:0.000780s ]
ERR: 无法加载模块:Application

[ 2015-12-14T10:19:59+08:00 ] 127.0.0.1 /Qiao/Application/Home/View/Public/img//img4.jpg
INFO: [ app_init ] --START--
INFO: Run Behavior\BuildLiteBehavior [ RunTime:0.000035s ]
INFO: [ app_init ] --END-- [ RunTime:0.000481s ]
ERR: 无法加载模块:Application

[ 2015-12-14T10:20:42+08:00 ] 127.0.0.1 /Qiao/Application/Home/View/Public/img//img4.jpg
INFO: [ app_init ] --START--
INFO: Run Behavior\BuildLiteBehavior [ RunTime:0.000072s ]
INFO: [ app_init ] --END-- [ RunTime:0.000895s ]
ERR: 无法加载模块:Application

[ 2015-12-14T10:21:52+08:00 ] 127.0.0.1 /Qiao/Application/Home/View/Public/img//img4.jpg
INFO: [ app_init ] --START--
INFO: Run Behavior\BuildLiteBehavior [ RunTime:0.000046s ]
INFO: [ app_init ] --END-- [ RunTime:0.000823s ]
ERR: 无法加载模块:Application

[ 2015-12-14T10:43:57+08:00 ] 127.0.0.1 /Qiao/Application/Home/View/Public/img//img4.jpg
INFO: [ app_init ] --START--
INFO: Run Behavior\BuildLiteBehavior [ RunTime:0.000046s ]
INFO: [ app_init ] --END-- [ RunTime:0.000906s ]
ERR: 无法加载模块:Application

[ 2015-12-14T10:45:38+08:00 ] 127.0.0.1 /Qiao/Application/Home/View/Public/img//img4.jpg
INFO: [ app_init ] --START--
INFO: Run Behavior\BuildLiteBehavior [ RunTime:0.000048s ]
INFO: [ app_init ] --END-- [ RunTime:0.000900s ]
ERR: 无法加载模块:Application

[ 2015-12-14T10:49:05+08:00 ] 127.0.0.1 /Qiao/Application/Home/View/Public/img//img4.jpg
INFO: [ app_init ] --START--
INFO: Run Behavior\BuildLiteBehavior [ RunTime:0.000047s ]
INFO: [ app_init ] --END-- [ RunTime:0.000926s ]
ERR: 无法加载模块:Application

[ 2015-12-14T10:49:05+08:00 ] 127.0.0.1 /Qiao/Application/Home/View/Public/img//img4.jpg
INFO: [ app_init ] --START--
INFO: Run Behavior\BuildLiteBehavior [ RunTime:0.000047s ]
INFO: [ app_init ] --END-- [ RunTime:0.000951s ]
ERR: 无法加载模块:Application

[ 2015-12-14T10:49:05+08:00 ] 127.0.0.1 /Qiao/Application/Home/View/Public/img//img4.jpg
INFO: [ app_init ] --START--
INFO: Run Behavior\BuildLiteBehavior [ RunTime:0.000046s ]
INFO: [ app_init ] --END-- [ RunTime:0.000875s ]
ERR: 无法加载模块:Application

[ 2015-12-14T11:01:26+08:00 ] 127.0.0.1 /Qiao/Application/Home/View/Public/img//img4.jpg
INFO: [ app_init ] --START--
INFO: Run Behavior\BuildLiteBehavior [ RunTime:0.000041s ]
INFO: [ app_init ] --END-- [ RunTime:0.000854s ]
ERR: 无法加载模块:Application

[ 2015-12-14T11:01:43+08:00 ] 127.0.0.1 /Qiao/Application/Home/View/Public/img//img4.jpg
INFO: [ app_init ] --START--
INFO: Run Behavior\BuildLiteBehavior [ RunTime:0.000043s ]
INFO: [ app_init ] --END-- [ RunTime:0.000904s ]
ERR: 无法加载模块:Application

[ 2015-12-14T11:01:43+08:00 ] 127.0.0.1 /Qiao/Application/Home/View/Public/img//img4.jpg
INFO: [ app_init ] --START--
INFO: Run Behavior\BuildLiteBehavior [ RunTime:0.000045s ]
INFO: [ app_init ] --END-- [ RunTime:0.000868s ]
ERR: 无法加载模块:Application

[ 2015-12-14T11:29:06+08:00 ] 127.0.0.1 /Qiao/Application/Home/View/Public/img//img4.jpg
INFO: [ app_init ] --START--
INFO: Run Behavior\BuildLiteBehavior [ RunTime:0.000040s ]
INFO: [ app_init ] --END-- [ RunTime:0.000746s ]
ERR: 无法加载模块:Application

[ 2015-12-14T11:31:09+08:00 ] 127.0.0.1 /Qiao/Application/Home/View/Public/img//img4.jpg
INFO: [ app_init ] --START--
INFO: Run Behavior\BuildLiteBehavior [ RunTime:0.000039s ]
INFO: [ app_init ] --END-- [ RunTime:0.000909s ]
ERR: 无法加载模块:Application

[ 2015-12-14T11:31:09+08:00 ] 127.0.0.1 /Qiao/Application/Home/View/Public/img//img4.jpg
INFO: [ app_init ] --START--
INFO: Run Behavior\BuildLiteBehavior [ RunTime:0.000042s ]
INFO: [ app_init ] --END-- [ RunTime:0.000802s ]
ERR: 无法加载模块:Application

[ 2015-12-14T11:35:05+08:00 ] 127.0.0.1 /Qiao/Application/Home/View/Public/img//img4.jpg
INFO: [ app_init ] --START--
INFO: Run Behavior\BuildLiteBehavior [ RunTime:0.000047s ]
INFO: [ app_init ] --END-- [ RunTime:0.000984s ]
ERR: 无法加载模块:Application

[ 2015-12-14T11:35:42+08:00 ] 127.0.0.1 /Qiao/Application/Home/View/Public/img//img4.jpg
INFO: [ app_init ] --START--
INFO: Run Behavior\BuildLiteBehavior [ RunTime:0.000034s ]
INFO: [ app_init ] --END-- [ RunTime:0.000648s ]
ERR: 无法加载模块:Application

[ 2015-12-14T11:39:46+08:00 ] 127.0.0.1 /Qiao/Application/Home/View/Public/img//img4.jpg
INFO: [ app_init ] --START--
INFO: Run Behavior\BuildLiteBehavior [ RunTime:0.000037s ]
INFO: [ app_init ] --END-- [ RunTime:0.000760s ]
ERR: 无法加载模块:Application

[ 2015-12-14T11:40:46+08:00 ] 127.0.0.1 /Qiao/Application/Home/View/Public/img//img4.jpg
INFO: [ app_init ] --START--
INFO: Run Behavior\BuildLiteBehavior [ RunTime:0.000044s ]
INFO: [ app_init ] --END-- [ RunTime:0.000903s ]
ERR: 无法加载模块:Application

[ 2015-12-14T11:42:22+08:00 ] 127.0.0.1 /Qiao/Application/Home/View/Public/img//img4.jpg
INFO: [ app_init ] --START--
INFO: Run Behavior\BuildLiteBehavior [ RunTime:0.000036s ]
INFO: [ app_init ] --END-- [ RunTime:0.000841s ]
ERR: 无法加载模块:Application

[ 2015-12-14T11:43:04+08:00 ] 127.0.0.1 /Qiao/Application/Home/View/Public/img//img4.jpg
INFO: [ app_init ] --START--
INFO: Run Behavior\BuildLiteBehavior [ RunTime:0.000047s ]
INFO: [ app_init ] --END-- [ RunTime:0.000982s ]
ERR: 无法加载模块:Application

[ 2015-12-14T11:46:09+08:00 ] 127.0.0.1 /Qiao/Application/Home/View/Public/img//img4.jpg
INFO: [ app_init ] --START--
INFO: Run Behavior\BuildLiteBehavior [ RunTime:0.000047s ]
INFO: [ app_init ] --END-- [ RunTime:0.001778s ]
ERR: 无法加载模块:Application

[ 2015-12-14T11:46:45+08:00 ] 127.0.0.1 /Qiao/Application/Home/View/Public/img//img4.jpg
INFO: [ app_init ] --START--
INFO: Run Behavior\BuildLiteBehavior [ RunTime:0.000049s ]
INFO: [ app_init ] --END-- [ RunTime:0.001024s ]
ERR: 无法加载模块:Application

[ 2015-12-14T11:52:24+08:00 ] 127.0.0.1 /Qiao/Application/Home/View/Public/img//img4.jpg
INFO: [ app_init ] --START--
INFO: Run Behavior\BuildLiteBehavior [ RunTime:0.000070s ]
INFO: [ app_init ] --END-- [ RunTime:0.001139s ]
ERR: 无法加载模块:Application

[ 2015-12-14T11:56:11+08:00 ] 127.0.0.1 /Qiao/Application/Home/View/Public/img//img4.jpg
INFO: [ app_init ] --START--
INFO: Run Behavior\BuildLiteBehavior [ RunTime:0.000049s ]
INFO: [ app_init ] --END-- [ RunTime:0.004784s ]
ERR: 无法加载模块:Application

[ 2015-12-14T12:08:50+08:00 ] 127.0.0.1 /Qiao/Application/Home/View/Public/img//img4.jpg
INFO: [ app_init ] --START--
INFO: Run Behavior\BuildLiteBehavior [ RunTime:0.000066s ]
INFO: [ app_init ] --END-- [ RunTime:0.001072s ]
ERR: 无法加载模块:Application

[ 2015-12-14T12:13:15+08:00 ] 127.0.0.1 /Qiao/Application/Home/View/Public/img//img4.jpg
INFO: [ app_init ] --START--
INFO: Run Behavior\BuildLiteBehavior [ RunTime:0.000041s ]
INFO: [ app_init ] --END-- [ RunTime:0.000806s ]
ERR: 无法加载模块:Application

[ 2015-12-14T12:13:49+08:00 ] 127.0.0.1 /Qiao/Application/Home/View/Public/img//img4.jpg
INFO: [ app_init ] --START--
INFO: Run Behavior\BuildLiteBehavior [ RunTime:0.000036s ]
INFO: [ app_init ] --END-- [ RunTime:0.000685s ]
ERR: 无法加载模块:Application

[ 2015-12-14T12:56:21+08:00 ] 127.0.0.1 /Qiao/Application/Home/View/Public/img//img4.jpg
INFO: [ app_init ] --START--
INFO: Run Behavior\BuildLiteBehavior [ RunTime:0.000056s ]
INFO: [ app_init ] --END-- [ RunTime:0.001067s ]
ERR: 无法加载模块:Application

[ 2015-12-14T12:56:22+08:00 ] 127.0.0.1 /Qiao/Application/Home/View/Public/img//img4.jpg
INFO: [ app_init ] --START--
INFO: Run Behavior\BuildLiteBehavior [ RunTime:0.000037s ]
INFO: [ app_init ] --END-- [ RunTime:0.000815s ]
ERR: 无法加载模块:Application

[ 2015-12-14T12:56:22+08:00 ] 127.0.0.1 /Qiao/Application/Home/View/Public/img//img4.jpg
INFO: [ app_init ] --START--
INFO: Run Behavior\BuildLiteBehavior [ RunTime:0.000095s ]
INFO: [ app_init ] --END-- [ RunTime:0.000856s ]
ERR: 无法加载模块:Application

[ 2015-12-14T13:15:32+08:00 ] 127.0.0.1 /Qiao/Application/Home/View/Public/img//img4.jpg
INFO: [ app_init ] --START--
INFO: Run Behavior\BuildLiteBehavior [ RunTime:0.000041s ]
INFO: [ app_init ] --END-- [ RunTime:0.000886s ]
ERR: 无法加载模块:Application

[ 2015-12-14T13:15:55+08:00 ] 127.0.0.1 /Qiao/Application/Home/View/Public/img//img4.jpg
INFO: [ app_init ] --START--
INFO: Run Behavior\BuildLiteBehavior [ RunTime:0.000041s ]
INFO: [ app_init ] --END-- [ RunTime:0.000929s ]
ERR: 无法加载模块:Application

[ 2015-12-14T13:17:28+08:00 ] 127.0.0.1 /Qiao/Application/Home/View/Public/img//img4.jpg
INFO: [ app_init ] --START--
INFO: Run Behavior\BuildLiteBehavior [ RunTime:0.000047s ]
INFO: [ app_init ] --END-- [ RunTime:0.000840s ]
ERR: 无法加载模块:Application

[ 2015-12-14T13:18:50+08:00 ] 127.0.0.1 /Qiao/Application/Home/View/Public/img//img4.jpg
INFO: [ app_init ] --START--
INFO: Run Behavior\BuildLiteBehavior [ RunTime:0.000035s ]
INFO: [ app_init ] --END-- [ RunTime:0.000732s ]
ERR: 无法加载模块:Application

[ 2015-12-14T13:21:35+08:00 ] 127.0.0.1 /Qiao/Application/Home/View/Public/img//img4.jpg
INFO: [ app_init ] --START--
INFO: Run Behavior\BuildLiteBehavior [ RunTime:0.000040s ]
INFO: [ app_init ] --END-- [ RunTime:0.000834s ]
ERR: 无法加载模块:Application

[ 2015-12-14T13:22:18+08:00 ] 127.0.0.1 /Qiao/Application/Home/View/Public/img//img4.jpg
INFO: [ app_init ] --START--
INFO: Run Behavior\BuildLiteBehavior [ RunTime:0.000032s ]
INFO: [ app_init ] --END-- [ RunTime:0.000531s ]
ERR: 无法加载模块:Application

[ 2015-12-14T13:24:31+08:00 ] 127.0.0.1 /Qiao/Application/Home/View/Public/img//img4.jpg
INFO: [ app_init ] --START--
INFO: Run Behavior\BuildLiteBehavior [ RunTime:0.000045s ]
INFO: [ app_init ] --END-- [ RunTime:0.000937s ]
ERR: 无法加载模块:Application

[ 2015-12-14T13:27:56+08:00 ] 127.0.0.1 /Qiao/Application/Home/View/Public/img//img4.jpg
INFO: [ app_init ] --START--
INFO: Run Behavior\BuildLiteBehavior [ RunTime:0.000051s ]
INFO: [ app_init ] --END-- [ RunTime:0.001010s ]
ERR: 无法加载模块:Application

[ 2015-12-14T13:28:16+08:00 ] 127.0.0.1 /Qiao/Application/Home/View/Public/img//img4.jpg
INFO: [ app_init ] --START--
INFO: Run Behavior\BuildLiteBehavior [ RunTime:0.000040s ]
INFO: [ app_init ] --END-- [ RunTime:0.000861s ]
ERR: 无法加载模块:Application

[ 2015-12-14T13:28:16+08:00 ] 127.0.0.1 /Qiao/Application/Home/View/Public/img//img4.jpg
INFO: [ app_init ] --START--
INFO: Run Behavior\BuildLiteBehavior [ RunTime:0.000046s ]
INFO: [ app_init ] --END-- [ RunTime:0.000815s ]
ERR: 无法加载模块:Application

[ 2015-12-14T13:28:22+08:00 ] 127.0.0.1 /Qiao/Application/Home/View/Public/img//img4.jpg
INFO: [ app_init ] --START--
INFO: Run Behavior\BuildLiteBehavior [ RunTime:0.000038s ]
INFO: [ app_init ] --END-- [ RunTime:0.001025s ]
ERR: 无法加载模块:Application

[ 2015-12-14T13:30:13+08:00 ] 127.0.0.1 /Qiao/Application/Home/View/Public/img//img4.jpg
INFO: [ app_init ] --START--
INFO: Run Behavior\BuildLiteBehavior [ RunTime:0.000039s ]
INFO: [ app_init ] --END-- [ RunTime:0.000773s ]
ERR: 无法加载模块:Application

[ 2015-12-14T13:48:09+08:00 ] 127.0.0.1 /Qiao/Application/Home/View/Public/img//img4.jpg
INFO: [ app_init ] --START--
INFO: Run Behavior\BuildLiteBehavior [ RunTime:0.000038s ]
INFO: [ app_init ] --END-- [ RunTime:0.000791s ]
ERR: 无法加载模块:Application

[ 2015-12-14T13:49:23+08:00 ] 127.0.0.1 /Qiao/Application/Home/View/Public/img//img4.jpg
INFO: [ app_init ] --START--
INFO: Run Behavior\BuildLiteBehavior [ RunTime:0.000042s ]
INFO: [ app_init ] --END-- [ RunTime:0.000686s ]
ERR: 无法加载模块:Application

[ 2015-12-14T13:51:15+08:00 ] 127.0.0.1 /Qiao/Application/Home/View/Public/img//img4.jpg
INFO: [ app_init ] --START--
INFO: Run Behavior\BuildLiteBehavior [ RunTime:0.000074s ]
INFO: [ app_init ] --END-- [ RunTime:0.002375s ]
ERR: 无法加载模块:Application

[ 2015-12-14T13:52:50+08:00 ] 127.0.0.1 /Qiao/Application/Home/View/Public/img//img4.jpg
INFO: [ app_init ] --START--
INFO: Run Behavior\BuildLiteBehavior [ RunTime:0.000037s ]
INFO: [ app_init ] --END-- [ RunTime:0.000895s ]
ERR: 无法加载模块:Application

[ 2015-12-14T13:53:33+08:00 ] 127.0.0.1 /Qiao/Application/Home/View/Public/img//img4.jpg
INFO: [ app_init ] --START--
INFO: Run Behavior\BuildLiteBehavior [ RunTime:0.000084s ]
INFO: [ app_init ] --END-- [ RunTime:0.000918s ]
ERR: 无法加载模块:Application

[ 2015-12-14T13:53:33+08:00 ] 127.0.0.1 /Qiao/Application/Home/View/Public/img//img4.jpg
INFO: [ app_init ] --START--
INFO: Run Behavior\BuildLiteBehavior [ RunTime:0.000094s ]
INFO: [ app_init ] --END-- [ RunTime:0.000948s ]
ERR: 无法加载模块:Application

[ 2015-12-14T13:59:07+08:00 ] 127.0.0.1 /Qiao/Application/Home/View/Public/img//img4.jpg
INFO: [ app_init ] --START--
INFO: Run Behavior\BuildLiteBehavior [ RunTime:0.000045s ]
INFO: [ app_init ] --END-- [ RunTime:0.000967s ]
ERR: 无法加载模块:Application

[ 2015-12-14T14:07:37+08:00 ] 127.0.0.1 /Qiao/Application/Home/View/Public/img//img4.jpg
INFO: [ app_init ] --START--
INFO: Run Behavior\BuildLiteBehavior [ RunTime:0.000048s ]
INFO: [ app_init ] --END-- [ RunTime:0.000954s ]
ERR: 无法加载模块:Application

[ 2015-12-14T14:07:40+08:00 ] 127.0.0.1 /Qiao/Application/Home/View/Public/img//img4.jpg
INFO: [ app_init ] --START--
INFO: Run Behavior\BuildLiteBehavior [ RunTime:0.000039s ]
INFO: [ app_init ] --END-- [ RunTime:0.000806s ]
ERR: 无法加载模块:Application

[ 2015-12-14T14:07:59+08:00 ] 127.0.0.1 /Qiao/Application/Home/View/Public/img//img4.jpg
INFO: [ app_init ] --START--
INFO: Run Behavior\BuildLiteBehavior [ RunTime:0.000045s ]
INFO: [ app_init ] --END-- [ RunTime:0.001084s ]
ERR: 无法加载模块:Application

[ 2015-12-14T14:08:47+08:00 ] 127.0.0.1 /Qiao/Application/Home/View/Public/img//img4.jpg
INFO: [ app_init ] --START--
INFO: Run Behavior\BuildLiteBehavior [ RunTime:0.000027s ]
INFO: [ app_init ] --END-- [ RunTime:0.000478s ]
ERR: 无法加载模块:Application

[ 2015-12-14T14:09:08+08:00 ] 127.0.0.1 /Qiao/Application/Home/View/Public/img//img4.jpg
INFO: [ app_init ] --START--
INFO: Run Behavior\BuildLiteBehavior [ RunTime:0.000044s ]
INFO: [ app_init ] --END-- [ RunTime:0.000930s ]
ERR: 无法加载模块:Application

[ 2015-12-14T14:09:08+08:00 ] 127.0.0.1 /Qiao/Application/Home/View/Public/img//img4.jpg
INFO: [ app_init ] --START--
INFO: Run Behavior\BuildLiteBehavior [ RunTime:0.000026s ]
INFO: [ app_init ] --END-- [ RunTime:0.000511s ]
ERR: 无法加载模块:Application

[ 2015-12-14T14:12:19+08:00 ] 127.0.0.1 /Qiao/Application/Home/View/Public/img//img4.jpg
INFO: [ app_init ] --START--
INFO: Run Behavior\BuildLiteBehavior [ RunTime:0.000043s ]
INFO: [ app_init ] --END-- [ RunTime:0.000850s ]
ERR: 无法加载模块:Application

[ 2015-12-14T14:13:59+08:00 ] 127.0.0.1 /Qiao/Application/Home/View/Public/img//img4.jpg
INFO: [ app_init ] --START--
INFO: Run Behavior\BuildLiteBehavior [ RunTime:0.000026s ]
INFO: [ app_init ] --END-- [ RunTime:0.000492s ]
ERR: 无法加载模块:Application

[ 2015-12-14T14:14:27+08:00 ] 127.0.0.1 /Qiao/Application/Home/View/Public/img//img4.jpg
INFO: [ app_init ] --START--
INFO: Run Behavior\BuildLiteBehavior [ RunTime:0.000029s ]
INFO: [ app_init ] --END-- [ RunTime:0.000714s ]
ERR: 无法加载模块:Application

[ 2015-12-14T14:22:40+08:00 ] 127.0.0.1 /Qiao/Application/Home/View/Public/img//img4.jpg
INFO: [ app_init ] --START--
INFO: Run Behavior\BuildLiteBehavior [ RunTime:0.000042s ]
INFO: [ app_init ] --END-- [ RunTime:0.000763s ]
ERR: 无法加载模块:Application

[ 2015-12-14T14:24:01+08:00 ] 127.0.0.1 /Qiao/Application/Home/View/Public/img//img4.jpg
INFO: [ app_init ] --START--
INFO: Run Behavior\BuildLiteBehavior [ RunTime:0.000048s ]
INFO: [ app_init ] --END-- [ RunTime:0.000964s ]
ERR: 无法加载模块:Application

[ 2015-12-14T14:28:30+08:00 ] 127.0.0.1 /Qiao/Application/Home/View/Public/img//img4.jpg
INFO: [ app_init ] --START--
INFO: Run Behavior\BuildLiteBehavior [ RunTime:0.000044s ]
INFO: [ app_init ] --END-- [ RunTime:0.000857s ]
ERR: 无法加载模块:Application

[ 2015-12-14T14:32:52+08:00 ] 127.0.0.1 /Qiao/Application/Home/View/Public/img//img4.jpg
INFO: [ app_init ] --START--
INFO: Run Behavior\BuildLiteBehavior [ RunTime:0.000047s ]
INFO: [ app_init ] --END-- [ RunTime:0.000881s ]
ERR: 无法加载模块:Application

[ 2015-12-14T14:32:55+08:00 ] 127.0.0.1 /Qiao/Application/Home/View/Public/img//img4.jpg
INFO: [ app_init ] --START--
INFO: Run Behavior\BuildLiteBehavior [ RunTime:0.000045s ]
INFO: [ app_init ] --END-- [ RunTime:0.001226s ]
ERR: 无法加载模块:Application

[ 2015-12-14T14:33:09+08:00 ] 127.0.0.1 /Qiao/Application/Home/View/Public/img//img4.jpg
INFO: [ app_init ] --START--
INFO: Run Behavior\BuildLiteBehavior [ RunTime:0.000036s ]
INFO: [ app_init ] --END-- [ RunTime:0.000725s ]
ERR: 无法加载模块:Application

[ 2015-12-14T14:33:31+08:00 ] 127.0.0.1 /Qiao/Application/Home/View/Public/img//img4.jpg
INFO: [ app_init ] --START--
INFO: Run Behavior\BuildLiteBehavior [ RunTime:0.000042s ]
INFO: [ app_init ] --END-- [ RunTime:0.000779s ]
ERR: 无法加载模块:Application

[ 2015-12-14T14:33:32+08:00 ] 127.0.0.1 /Qiao/Application/Home/View/Public/img//img4.jpg
INFO: [ app_init ] --START--
INFO: Run Behavior\BuildLiteBehavior [ RunTime:0.000047s ]
INFO: [ app_init ] --END-- [ RunTime:0.000984s ]
ERR: 无法加载模块:Application

[ 2015-12-14T14:36:25+08:00 ] 127.0.0.1 /Qiao/Application/Home/View/Public/img//img4.jpg
INFO: [ app_init ] --START--
INFO: Run Behavior\BuildLiteBehavior [ RunTime:0.000044s ]
INFO: [ app_init ] --END-- [ RunTime:0.000916s ]
ERR: 无法加载模块:Application

[ 2015-12-14T14:36:27+08:00 ] 127.0.0.1 /Qiao/Application/Home/View/Public/img//img4.jpg
INFO: [ app_init ] --START--
INFO: Run Behavior\BuildLiteBehavior [ RunTime:0.000043s ]
INFO: [ app_init ] --END-- [ RunTime:0.000838s ]
ERR: 无法加载模块:Application

[ 2015-12-14T14:42:41+08:00 ] 127.0.0.1 /Qiao/Application/Home/View/Public/img//img4.jpg
INFO: [ app_init ] --START--
INFO: Run Behavior\BuildLiteBehavior [ RunTime:0.000045s ]
INFO: [ app_init ] --END-- [ RunTime:0.000865s ]
ERR: 无法加载模块:Application

[ 2015-12-14T14:45:59+08:00 ] 127.0.0.1 /Qiao/Application/Home/View/Public/img//img4.jpg
INFO: [ app_init ] --START--
INFO: Run Behavior\BuildLiteBehavior [ RunTime:0.000043s ]
INFO: [ app_init ] --END-- [ RunTime:0.000846s ]
ERR: 无法加载模块:Application

[ 2015-12-14T14:57:37+08:00 ] 127.0.0.1 /Qiao/Application/Home/View/Public/img//img4.jpg
INFO: [ app_init ] --START--
INFO: Run Behavior\BuildLiteBehavior [ RunTime:0.000041s ]
INFO: [ app_init ] --END-- [ RunTime:0.000830s ]
ERR: 无法加载模块:Application

[ 2015-12-14T15:00:32+08:00 ] 127.0.0.1 /Qiao/Application/Home/View/Public/img//img4.jpg
INFO: [ app_init ] --START--
INFO: Run Behavior\BuildLiteBehavior [ RunTime:0.000037s ]
INFO: [ app_init ] --END-- [ RunTime:0.000724s ]
ERR: 无法加载模块:Application

[ 2015-12-14T15:02:38+08:00 ] 127.0.0.1 /Qiao/Application/Home/View/Public/img//img4.jpg
INFO: [ app_init ] --START--
INFO: Run Behavior\BuildLiteBehavior [ RunTime:0.000047s ]
INFO: [ app_init ] --END-- [ RunTime:0.000934s ]
ERR: 无法加载模块:Application

[ 2015-12-14T15:07:29+08:00 ] 127.0.0.1 /Qiao/Application/Home/View/Public/img//img4.jpg
INFO: [ app_init ] --START--
INFO: Run Behavior\BuildLiteBehavior [ RunTime:0.000040s ]
INFO: [ app_init ] --END-- [ RunTime:0.000710s ]
ERR: 无法加载模块:Application

[ 2015-12-14T15:07:29+08:00 ] 127.0.0.1 /Qiao/Application/Home/View/Public/img//img4.jpg
INFO: [ app_init ] --START--
INFO: Run Behavior\BuildLiteBehavior [ RunTime:0.000057s ]
INFO: [ app_init ] --END-- [ RunTime:0.000913s ]
ERR: 无法加载模块:Application

[ 2015-12-14T15:52:44+08:00 ] 127.0.0.1 /Qiao/Application/Home/View/Public/img//img4.jpg
INFO: [ app_init ] --START--
INFO: Run Behavior\BuildLiteBehavior [ RunTime:0.000040s ]
INFO: [ app_init ] --END-- [ RunTime:0.000756s ]
ERR: 无法加载模块:Application

[ 2015-12-14T15:52:44+08:00 ] 127.0.0.1 /Qiao/Application/Home/View/Public/img//img4.jpg
INFO: [ app_init ] --START--
INFO: Run Behavior\BuildLiteBehavior [ RunTime:0.000035s ]
INFO: [ app_init ] --END-- [ RunTime:0.000828s ]
ERR: 无法加载模块:Application

[ 2015-12-14T15:55:54+08:00 ] 127.0.0.1 /Qiao/Application/Home/View/Public/img//img4.jpg
INFO: [ app_init ] --START--
INFO: Run Behavior\BuildLiteBehavior [ RunTime:0.000043s ]
INFO: [ app_init ] --END-- [ RunTime:0.000808s ]
ERR: 无法加载模块:Application

[ 2015-12-14T15:57:19+08:00 ] 127.0.0.1 /Qiao/Application/Home/View/Public/img//img4.jpg
INFO: [ app_init ] --START--
INFO: Run Behavior\BuildLiteBehavior [ RunTime:0.000053s ]
INFO: [ app_init ] --END-- [ RunTime:0.000885s ]
ERR: 无法加载模块:Application

[ 2015-12-14T15:57:19+08:00 ] 127.0.0.1 /Qiao/Application/Home/View/Public/img//img4.jpg
INFO: [ app_init ] --START--
INFO: Run Behavior\BuildLiteBehavior [ RunTime:0.000057s ]
INFO: [ app_init ] --END-- [ RunTime:0.001069s ]
ERR: 无法加载模块:Application

[ 2015-12-14T15:57:36+08:00 ] 127.0.0.1 /Qiao/Application/Home/View/Public/img//img4.jpg
INFO: [ app_init ] --START--
INFO: Run Behavior\BuildLiteBehavior [ RunTime:0.000043s ]
INFO: [ app_init ] --END-- [ RunTime:0.000840s ]
ERR: 无法加载模块:Application

[ 2015-12-14T15:58:03+08:00 ] 127.0.0.1 /Qiao/Application/Home/View/Public/img//img4.jpg
INFO: [ app_init ] --START--
INFO: Run Behavior\BuildLiteBehavior [ RunTime:0.000044s ]
INFO: [ app_init ] --END-- [ RunTime:0.000774s ]
ERR: 无法加载模块:Application

[ 2015-12-14T15:58:10+08:00 ] 127.0.0.1 /Qiao/Application/Home/View/Public/img//img4.jpg
INFO: [ app_init ] --START--
INFO: Run Behavior\BuildLiteBehavior [ RunTime:0.000042s ]
INFO: [ app_init ] --END-- [ RunTime:0.000848s ]
ERR: 无法加载模块:Application

[ 2015-12-14T15:58:37+08:00 ] 127.0.0.1 /Qiao/Application/Home/View/Public/img//img4.jpg
INFO: [ app_init ] --START--
INFO: Run Behavior\BuildLiteBehavior [ RunTime:0.000044s ]
INFO: [ app_init ] --END-- [ RunTime:0.000850s ]
ERR: 无法加载模块:Application

[ 2015-12-14T15:59:26+08:00 ] 127.0.0.1 /Qiao/Application/Home/View/Public/img//img4.jpg
INFO: [ app_init ] --START--
INFO: Run Behavior\BuildLiteBehavior [ RunTime:0.000040s ]
INFO: [ app_init ] --END-- [ RunTime:0.000811s ]
ERR: 无法加载模块:Application

[ 2015-12-14T16:00:24+08:00 ] 127.0.0.1 /Qiao/Application/Home/View/Public/img//img4.jpg
INFO: [ app_init ] --START--
INFO: Run Behavior\BuildLiteBehavior [ RunTime:0.000039s ]
INFO: [ app_init ] --END-- [ RunTime:0.000902s ]
ERR: 无法加载模块:Application

[ 2015-12-14T16:01:26+08:00 ] 127.0.0.1 /Qiao/Application/Home/View/Public/img//img4.jpg
INFO: [ app_init ] --START--
INFO: Run Behavior\BuildLiteBehavior [ RunTime:0.000044s ]
INFO: [ app_init ] --END-- [ RunTime:0.000727s ]
ERR: 无法加载模块:Application

[ 2015-12-14T16:02:23+08:00 ] 127.0.0.1 /Qiao/Application/Home/View/Public/img//img4.jpg
INFO: [ app_init ] --START--
INFO: Run Behavior\BuildLiteBehavior [ RunTime:0.000042s ]
INFO: [ app_init ] --END-- [ RunTime:0.000907s ]
ERR: 无法加载模块:Application

[ 2015-12-14T16:02:38+08:00 ] 127.0.0.1 /Qiao/Application/Home/View/Public/img//img4.jpg
INFO: [ app_init ] --START--
INFO: Run Behavior\BuildLiteBehavior [ RunTime:0.000053s ]
INFO: [ app_init ] --END-- [ RunTime:0.000999s ]
ERR: 无法加载模块:Application

[ 2015-12-14T16:03:39+08:00 ] 127.0.0.1 /Qiao/Application/Home/View/Public/img//img4.jpg
INFO: [ app_init ] --START--
INFO: Run Behavior\BuildLiteBehavior [ RunTime:0.000070s ]
INFO: [ app_init ] --END-- [ RunTime:0.004803s ]
ERR: 无法加载模块:Application

[ 2015-12-14T16:03:41+08:00 ] 127.0.0.1 /Qiao/Application/Home/View/Public/img//img4.jpg
INFO: [ app_init ] --START--
INFO: Run Behavior\BuildLiteBehavior [ RunTime:0.000044s ]
INFO: [ app_init ] --END-- [ RunTime:0.000990s ]
ERR: 无法加载模块:Application

[ 2015-12-14T16:03:42+08:00 ] 127.0.0.1 /Qiao/Application/Home/View/Public/img//img4.jpg
INFO: [ app_init ] --START--
INFO: Run Behavior\BuildLiteBehavior [ RunTime:0.000041s ]
INFO: [ app_init ] --END-- [ RunTime:0.000811s ]
ERR: 无法加载模块:Application

[ 2015-12-14T16:03:43+08:00 ] 127.0.0.1 /Qiao/Application/Home/View/Public/img//img4.jpg
INFO: [ app_init ] --START--
INFO: Run Behavior\BuildLiteBehavior [ RunTime:0.000027s ]
INFO: [ app_init ] --END-- [ RunTime:0.000591s ]
ERR: 无法加载模块:Application

[ 2015-12-14T16:03:48+08:00 ] 127.0.0.1 /Qiao/Application/Home/View/Public/img//img4.jpg
INFO: [ app_init ] --START--
INFO: Run Behavior\BuildLiteBehavior [ RunTime:0.000042s ]
INFO: [ app_init ] --END-- [ RunTime:0.000745s ]
ERR: 无法加载模块:Application

[ 2015-12-14T16:04:07+08:00 ] 127.0.0.1 /Qiao/Application/Home/View/Public/img//img4.jpg
INFO: [ app_init ] --START--
INFO: Run Behavior\BuildLiteBehavior [ RunTime:0.000040s ]
INFO: [ app_init ] --END-- [ RunTime:0.000937s ]
ERR: 无法加载模块:Application

[ 2015-12-14T16:04:10+08:00 ] 127.0.0.1 /Qiao/Application/Home/View/Public/img//img4.jpg
INFO: [ app_init ] --START--
INFO: Run Behavior\BuildLiteBehavior [ RunTime:0.000041s ]
INFO: [ app_init ] --END-- [ RunTime:0.000823s ]
ERR: 无法加载模块:Application

[ 2015-12-14T16:04:13+08:00 ] 127.0.0.1 /Qiao/Application/Home/View/Public/img//img4.jpg
INFO: [ app_init ] --START--
INFO: Run Behavior\BuildLiteBehavior [ RunTime:0.000046s ]
INFO: [ app_init ] --END-- [ RunTime:0.001000s ]
ERR: 无法加载模块:Application

[ 2015-12-14T16:05:16+08:00 ] 127.0.0.1 /Qiao/Application/Home/View/Public/img//img4.jpg
INFO: [ app_init ] --START--
INFO: Run Behavior\BuildLiteBehavior [ RunTime:0.000045s ]
INFO: [ app_init ] --END-- [ RunTime:0.000910s ]
ERR: 无法加载模块:Application

[ 2015-12-14T16:14:50+08:00 ] 127.0.0.1 /Qiao/Application/Home/View/Public/img//img4.jpg
INFO: [ app_init ] --START--
INFO: Run Behavior\BuildLiteBehavior [ RunTime:0.000041s ]
INFO: [ app_init ] --END-- [ RunTime:0.007474s ]
ERR: 无法加载模块:Application

[ 2015-12-14T16:15:18+08:00 ] 127.0.0.1 /Qiao/Application/Home/View/Public/img//img4.jpg
INFO: [ app_init ] --START--
INFO: Run Behavior\BuildLiteBehavior [ RunTime:0.000038s ]
INFO: [ app_init ] --END-- [ RunTime:0.000767s ]
ERR: 无法加载模块:Application

[ 2015-12-14T16:16:48+08:00 ] 127.0.0.1 /Qiao/Application/Home/View/Public/img//img4.jpg
INFO: [ app_init ] --START--
INFO: Run Behavior\BuildLiteBehavior [ RunTime:0.000052s ]
INFO: [ app_init ] --END-- [ RunTime:0.000968s ]
ERR: 无法加载模块:Application

[ 2015-12-14T16:20:02+08:00 ] 127.0.0.1 /Qiao/Application/Home/View/Public/img//img4.jpg
INFO: [ app_init ] --START--
INFO: Run Behavior\BuildLiteBehavior [ RunTime:0.000048s ]
INFO: [ app_init ] --END-- [ RunTime:0.000958s ]
ERR: 无法加载模块:Application

[ 2015-12-14T16:21:05+08:00 ] 127.0.0.1 /Qiao/Application/Home/View/Public/img//img4.jpg
INFO: [ app_init ] --START--
INFO: Run Behavior\BuildLiteBehavior [ RunTime:0.000044s ]
INFO: [ app_init ] --END-- [ RunTime:0.000813s ]
ERR: 无法加载模块:Application

[ 2015-12-14T16:24:27+08:00 ] 127.0.0.1 /Qiao/Application/Home/View/Public/img//img4.jpg
INFO: [ app_init ] --START--
INFO: Run Behavior\BuildLiteBehavior [ RunTime:0.000043s ]
INFO: [ app_init ] --END-- [ RunTime:0.000810s ]
ERR: 无法加载模块:Application

[ 2015-12-14T16:26:02+08:00 ] 127.0.0.1 /Qiao/Application/Home/View/Public/img//img4.jpg
INFO: [ app_init ] --START--
INFO: Run Behavior\BuildLiteBehavior [ RunTime:0.000040s ]
INFO: [ app_init ] --END-- [ RunTime:0.000746s ]
ERR: 无法加载模块:Application

[ 2015-12-14T16:34:39+08:00 ] 127.0.0.1 /Qiao/Application/Home/View/Public/img//img4.jpg
INFO: [ app_init ] --START--
INFO: Run Behavior\BuildLiteBehavior [ RunTime:0.000044s ]
INFO: [ app_init ] --END-- [ RunTime:0.000908s ]
ERR: 无法加载模块:Application

[ 2015-12-14T16:34:40+08:00 ] 127.0.0.1 /Qiao/Application/Home/View/Public/img//img4.jpg
INFO: [ app_init ] --START--
INFO: Run Behavior\BuildLiteBehavior [ RunTime:0.000044s ]
INFO: [ app_init ] --END-- [ RunTime:0.000935s ]
ERR: 无法加载模块:Application

[ 2015-12-14T16:34:50+08:00 ] 127.0.0.1 /Qiao/Application/Home/View/Public/img//img4.jpg
INFO: [ app_init ] --START--
INFO: Run Behavior\BuildLiteBehavior [ RunTime:0.000058s ]
INFO: [ app_init ] --END-- [ RunTime:0.001116s ]
ERR: 无法加载模块:Application

[ 2015-12-14T16:35:10+08:00 ] 127.0.0.1 /Qiao/Application/Home/View/Public/img//img4.jpg
INFO: [ app_init ] --START--
INFO: Run Behavior\BuildLiteBehavior [ RunTime:0.000039s ]
INFO: [ app_init ] --END-- [ RunTime:0.001001s ]
ERR: 无法加载模块:Application

[ 2015-12-14T16:35:49+08:00 ] 127.0.0.1 /Qiao/Application/Home/View/Public/img//img4.jpg
INFO: [ app_init ] --START--
INFO: Run Behavior\BuildLiteBehavior [ RunTime:0.000036s ]
INFO: [ app_init ] --END-- [ RunTime:0.000669s ]
ERR: 无法加载模块:Application

[ 2015-12-14T16:37:47+08:00 ] 127.0.0.1 /Qiao/Application/Home/View/Public/img//img4.jpg
INFO: [ app_init ] --START--
INFO: Run Behavior\BuildLiteBehavior [ RunTime:0.000044s ]
INFO: [ app_init ] --END-- [ RunTime:0.000807s ]
ERR: 无法加载模块:Application

[ 2015-12-14T16:38:02+08:00 ] 127.0.0.1 /Qiao/Application/Home/View/Public/img//img4.jpg
INFO: [ app_init ] --START--
INFO: Run Behavior\BuildLiteBehavior [ RunTime:0.000045s ]
INFO: [ app_init ] --END-- [ RunTime:0.000857s ]
ERR: 无法加载模块:Application

[ 2015-12-14T16:38:38+08:00 ] 127.0.0.1 /Qiao/Application/Home/View/Public/img//img4.jpg
INFO: [ app_init ] --START--
INFO: Run Behavior\BuildLiteBehavior [ RunTime:0.000038s ]
INFO: [ app_init ] --END-- [ RunTime:0.000863s ]
ERR: 无法加载模块:Application

[ 2015-12-14T16:39:06+08:00 ] 127.0.0.1 /Qiao/Application/Home/View/Public/img//img4.jpg
INFO: [ app_init ] --START--
INFO: Run Behavior\BuildLiteBehavior [ RunTime:0.000038s ]
INFO: [ app_init ] --END-- [ RunTime:0.000831s ]
ERR: 无法加载模块:Application

[ 2015-12-14T16:39:57+08:00 ] 127.0.0.1 /Qiao/Application/Home/View/Public/img//img4.jpg
INFO: [ app_init ] --START--
INFO: Run Behavior\BuildLiteBehavior [ RunTime:0.000037s ]
INFO: [ app_init ] --END-- [ RunTime:0.000660s ]
ERR: 无法加载模块:Application

[ 2015-12-14T16:39:57+08:00 ] 127.0.0.1 /Qiao/Application/Home/View/Public/img//img4.jpg
INFO: [ app_init ] --START--
INFO: Run Behavior\BuildLiteBehavior [ RunTime:0.000042s ]
INFO: [ app_init ] --END-- [ RunTime:0.000990s ]
ERR: 无法加载模块:Application

[ 2015-12-14T16:40:37+08:00 ] 127.0.0.1 /Qiao/Application/Home/View/Public/img//img4.jpg
INFO: [ app_init ] --START--
INFO: Run Behavior\BuildLiteBehavior [ RunTime:0.000040s ]
INFO: [ app_init ] --END-- [ RunTime:0.000668s ]
ERR: 无法加载模块:Application

[ 2015-12-14T16:41:18+08:00 ] 127.0.0.1 /Qiao/Application/Home/View/Public/img//img4.jpg
INFO: [ app_init ] --START--
INFO: Run Behavior\BuildLiteBehavior [ RunTime:0.000042s ]
INFO: [ app_init ] --END-- [ RunTime:0.000869s ]
ERR: 无法加载模块:Application

[ 2015-12-14T16:43:18+08:00 ] 127.0.0.1 /Qiao/Application/Home/View/Public/img//img4.jpg
INFO: [ app_init ] --START--
INFO: Run Behavior\BuildLiteBehavior [ RunTime:0.000047s ]
INFO: [ app_init ] --END-- [ RunTime:0.000850s ]
ERR: 无法加载模块:Application

[ 2015-12-14T16:45:42+08:00 ] 127.0.0.1 /Qiao/Application/Home/View/Public/img//img4.jpg
INFO: [ app_init ] --START--
INFO: Run Behavior\BuildLiteBehavior [ RunTime:0.000044s ]
INFO: [ app_init ] --END-- [ RunTime:0.000826s ]
ERR: 无法加载模块:Application

[ 2015-12-14T16:46:27+08:00 ] 127.0.0.1 /Qiao/Application/Home/View/Public/img//img4.jpg
INFO: [ app_init ] --START--
INFO: Run Behavior\BuildLiteBehavior [ RunTime:0.000026s ]
INFO: [ app_init ] --END-- [ RunTime:0.000517s ]
ERR: 无法加载模块:Application

[ 2015-12-14T16:48:34+08:00 ] 127.0.0.1 /Qiao/Application/Home/View/Public/img//img4.jpg
INFO: [ app_init ] --START--
INFO: Run Behavior\BuildLiteBehavior [ RunTime:0.000047s ]
INFO: [ app_init ] --END-- [ RunTime:0.000992s ]
ERR: 无法加载模块:Application

[ 2015-12-14T16:48:48+08:00 ] 127.0.0.1 /Qiao/Application/Home/View/Public/img//img4.jpg
INFO: [ app_init ] --START--
INFO: Run Behavior\BuildLiteBehavior [ RunTime:0.000042s ]
INFO: [ app_init ] --END-- [ RunTime:0.000836s ]
ERR: 无法加载模块:Application

[ 2015-12-14T16:48:48+08:00 ] 127.0.0.1 /Qiao/Application/Home/View/Public/img//img4.jpg
INFO: [ app_init ] --START--
INFO: Run Behavior\BuildLiteBehavior [ RunTime:0.000047s ]
INFO: [ app_init ] --END-- [ RunTime:0.001120s ]
ERR: 无法加载模块:Application

[ 2015-12-14T16:55:41+08:00 ] 127.0.0.1 /Qiao/Application/Home/View/Public/img//img4.jpg
INFO: [ app_init ] --START--
INFO: Run Behavior\BuildLiteBehavior [ RunTime:0.000047s ]
INFO: [ app_init ] --END-- [ RunTime:0.000991s ]
ERR: 无法加载模块:Application

[ 2015-12-14T16:56:32+08:00 ] 127.0.0.1 /Qiao/Application/Home/View/Public/img//img4.jpg
INFO: [ app_init ] --START--
INFO: Run Behavior\BuildLiteBehavior [ RunTime:0.000048s ]
INFO: [ app_init ] --END-- [ RunTime:0.000840s ]
ERR: 无法加载模块:Application

[ 2015-12-14T16:57:09+08:00 ] 127.0.0.1 /Qiao/Application/Home/View/Public/img//img4.jpg
INFO: [ app_init ] --START--
INFO: Run Behavior\BuildLiteBehavior [ RunTime:0.000029s ]
INFO: [ app_init ] --END-- [ RunTime:0.000798s ]
ERR: 无法加载模块:Application

[ 2015-12-14T17:00:05+08:00 ] 127.0.0.1 /Qiao/Application/Home/View/Public/img//img4.jpg
INFO: [ app_init ] --START--
INFO: Run Behavior\BuildLiteBehavior [ RunTime:0.000044s ]
INFO: [ app_init ] --END-- [ RunTime:0.000957s ]
ERR: 无法加载模块:Application

[ 2015-12-14T17:10:21+08:00 ] 127.0.0.1 /Qiao/Application/Home/View/Public/img//img4.jpg
INFO: [ app_init ] --START--
INFO: Run Behavior\BuildLiteBehavior [ RunTime:0.000035s ]
INFO: [ app_init ] --END-- [ RunTime:0.000607s ]
ERR: 无法加载模块:Application

[ 2015-12-14T17:12:34+08:00 ] 127.0.0.1 /Qiao/Application/Home/View/Public/img//img4.jpg
INFO: [ app_init ] --START--
INFO: Run Behavior\BuildLiteBehavior [ RunTime:0.000107s ]
INFO: [ app_init ] --END-- [ RunTime:0.001096s ]
ERR: 无法加载模块:Application

[ 2015-12-14T17:13:31+08:00 ] 127.0.0.1 /Qiao/Application/Home/View/Public/img//img4.jpg
INFO: [ app_init ] --START--
INFO: Run Behavior\BuildLiteBehavior [ RunTime:0.000051s ]
INFO: [ app_init ] --END-- [ RunTime:0.000874s ]
ERR: 无法加载模块:Application

[ 2015-12-14T17:14:56+08:00 ] 127.0.0.1 /Qiao/Application/Home/View/Public/img//img4.jpg
INFO: [ app_init ] --START--
INFO: Run Behavior\BuildLiteBehavior [ RunTime:0.000055s ]
INFO: [ app_init ] --END-- [ RunTime:0.000934s ]
ERR: 无法加载模块:Application

[ 2015-12-14T17:19:33+08:00 ] 127.0.0.1 /Qiao/Application/Home/View/Public/img//img4.jpg
INFO: [ app_init ] --START--
INFO: Run Behavior\BuildLiteBehavior [ RunTime:0.000044s ]
INFO: [ app_init ] --END-- [ RunTime:0.000829s ]
ERR: 无法加载模块:Application

[ 2015-12-14T17:24:33+08:00 ] 127.0.0.1 /Qiao/Application/Home/View/Public/img//img4.jpg
INFO: [ app_init ] --START--
INFO: Run Behavior\BuildLiteBehavior [ RunTime:0.000042s ]
INFO: [ app_init ] --END-- [ RunTime:0.000811s ]
ERR: 无法加载模块:Application

[ 2015-12-14T17:25:18+08:00 ] 127.0.0.1 /Qiao/Application/Home/View/Public/img//img4.jpg
INFO: [ app_init ] --START--
INFO: Run Behavior\BuildLiteBehavior [ RunTime:0.000044s ]
INFO: [ app_init ] --END-- [ RunTime:0.000841s ]
ERR: 无法加载模块:Application

[ 2015-12-14T17:33:39+08:00 ] 127.0.0.1 /Qiao/Application/Home/View/Public/img//img4.jpg
INFO: [ app_init ] --START--
INFO: Run Behavior\BuildLiteBehavior [ RunTime:0.000046s ]
INFO: [ app_init ] --END-- [ RunTime:0.000939s ]
ERR: 无法加载模块:Application

[ 2015-12-14T17:39:51+08:00 ] 127.0.0.1 /Qiao/Application/Home/View/Public/img//img4.jpg
INFO: [ app_init ] --START--
INFO: Run Behavior\BuildLiteBehavior [ RunTime:0.000038s ]
INFO: [ app_init ] --END-- [ RunTime:0.000772s ]
ERR: 无法加载模块:Application

[ 2015-12-14T17:39:51+08:00 ] 127.0.0.1 /Qiao/Application/Home/View/Public/img//img4.jpg
INFO: [ app_init ] --START--
INFO: Run Behavior\BuildLiteBehavior [ RunTime:0.000041s ]
INFO: [ app_init ] --END-- [ RunTime:0.000966s ]
ERR: 无法加载模块:Application

[ 2015-12-14T17:48:40+08:00 ] 127.0.0.1 /Qiao/Application/Home/View/Public/img//img4.jpg
INFO: [ app_init ] --START--
INFO: Run Behavior\BuildLiteBehavior [ RunTime:0.000043s ]
INFO: [ app_init ] --END-- [ RunTime:0.000916s ]
ERR: 无法加载模块:Application

[ 2015-12-14T18:14:44+08:00 ] 127.0.0.1 /Qiao/Application/Home/View/Public/img//img4.jpg
INFO: [ app_init ] --START--
INFO: Run Behavior\BuildLiteBehavior [ RunTime:0.000041s ]
INFO: [ app_init ] --END-- [ RunTime:0.000629s ]
ERR: 无法加载模块:Application

[ 2015-12-14T18:15:39+08:00 ] 127.0.0.1 /Qiao/Application/Home/View/Public/img//img4.jpg
INFO: [ app_init ] --START--
INFO: Run Behavior\BuildLiteBehavior [ RunTime:0.000047s ]
INFO: [ app_init ] --END-- [ RunTime:0.000826s ]
ERR: 无法加载模块:Application

[ 2015-12-14T18:18:19+08:00 ] 127.0.0.1 /Qiao/Application/Home/View/Public/img//img4.jpg
INFO: [ app_init ] --START--
INFO: Run Behavior\BuildLiteBehavior [ RunTime:0.000062s ]
INFO: [ app_init ] --END-- [ RunTime:0.000916s ]
ERR: 无法加载模块:Application

[ 2015-12-14T18:48:27+08:00 ] 127.0.0.1 /Qiao/Application/Home/View/Public/img//img4.jpg
INFO: [ app_init ] --START--
INFO: Run Behavior\BuildLiteBehavior [ RunTime:0.000050s ]
INFO: [ app_init ] --END-- [ RunTime:0.001554s ]
ERR: 无法加载模块:Application

[ 2015-12-14T18:53:01+08:00 ] 127.0.0.1 /Qiao/Application/Home/View/Public/img//img4.jpg
INFO: [ app_init ] --START--
INFO: Run Behavior\BuildLiteBehavior [ RunTime:0.000044s ]
INFO: [ app_init ] --END-- [ RunTime:0.000905s ]
ERR: 无法加载模块:Application

[ 2015-12-14T19:04:49+08:00 ] 127.0.0.1 /Qiao/Application/Home/View/Public/img//img4.jpg
INFO: [ app_init ] --START--
INFO: Run Behavior\BuildLiteBehavior [ RunTime:0.000046s ]
INFO: [ app_init ] --END-- [ RunTime:0.000856s ]
ERR: 无法加载模块:Application

[ 2015-12-14T19:06:06+08:00 ] 127.0.0.1 /Qiao/Application/Home/View/Public/img//img4.jpg
INFO: [ app_init ] --START--
INFO: Run Behavior\BuildLiteBehavior [ RunTime:0.000041s ]
INFO: [ app_init ] --END-- [ RunTime:0.000899s ]
ERR: 无法加载模块:Application

[ 2015-12-14T19:07:07+08:00 ] 127.0.0.1 /Qiao/Application/Home/View/Public/img//img4.jpg
INFO: [ app_init ] --START--
INFO: Run Behavior\BuildLiteBehavior [ RunTime:0.000044s ]
INFO: [ app_init ] --END-- [ RunTime:0.000778s ]
ERR: 无法加载模块:Application

[ 2015-12-14T19:08:18+08:00 ] 127.0.0.1 /Qiao/Application/Home/View/Public/img//img4.jpg
INFO: [ app_init ] --START--
INFO: Run Behavior\BuildLiteBehavior [ RunTime:0.000048s ]
INFO: [ app_init ] --END-- [ RunTime:0.001067s ]
ERR: 无法加载模块:Application

[ 2015-12-14T19:08:58+08:00 ] 127.0.0.1 /Qiao/Application/Home/View/Public/img//img4.jpg
INFO: [ app_init ] --START--
INFO: Run Behavior\BuildLiteBehavior [ RunTime:0.000046s ]
INFO: [ app_init ] --END-- [ RunTime:0.000831s ]
ERR: 无法加载模块:Application

[ 2015-12-14T19:09:45+08:00 ] 127.0.0.1 /Qiao/Application/Home/View/Public/img//img4.jpg
INFO: [ app_init ] --START--
INFO: Run Behavior\BuildLiteBehavior [ RunTime:0.000039s ]
INFO: [ app_init ] --END-- [ RunTime:0.000713s ]
ERR: 无法加载模块:Application

[ 2015-12-14T19:10:44+08:00 ] 127.0.0.1 /Qiao/Application/Home/View/Public/img//img4.jpg
INFO: [ app_init ] --START--
INFO: Run Behavior\BuildLiteBehavior [ RunTime:0.000060s ]
INFO: [ app_init ] --END-- [ RunTime:0.000799s ]
ERR: 无法加载模块:Application

[ 2015-12-14T19:11:07+08:00 ] 127.0.0.1 /Qiao/Application/Home/View/Public/img//img4.jpg
INFO: [ app_init ] --START--
INFO: Run Behavior\BuildLiteBehavior [ RunTime:0.000041s ]
INFO: [ app_init ] --END-- [ RunTime:0.000692s ]
ERR: 无法加载模块:Application

[ 2015-12-14T19:11:59+08:00 ] 127.0.0.1 /Qiao/Application/Home/View/Public/img//img4.jpg
INFO: [ app_init ] --START--
INFO: Run Behavior\BuildLiteBehavior [ RunTime:0.000047s ]
INFO: [ app_init ] --END-- [ RunTime:0.000946s ]
ERR: 无法加载模块:Application

[ 2015-12-14T19:11:59+08:00 ] 127.0.0.1 /Qiao/Application/Home/View/Public/img//img4.jpg
INFO: [ app_init ] --START--
INFO: Run Behavior\BuildLiteBehavior [ RunTime:0.000042s ]
INFO: [ app_init ] --END-- [ RunTime:0.000919s ]
ERR: 无法加载模块:Application

[ 2015-12-14T19:12:55+08:00 ] 127.0.0.1 /Qiao/Application/Home/View/Public/img//img4.jpg
INFO: [ app_init ] --START--
INFO: Run Behavior\BuildLiteBehavior [ RunTime:0.000036s ]
INFO: [ app_init ] --END-- [ RunTime:0.000665s ]
ERR: 无法加载模块:Application

[ 2015-12-14T19:13:49+08:00 ] 127.0.0.1 /Qiao/Application/Home/View/Public/img//img4.jpg
INFO: [ app_init ] --START--
INFO: Run Behavior\BuildLiteBehavior [ RunTime:0.000044s ]
INFO: [ app_init ] --END-- [ RunTime:0.000850s ]
ERR: 无法加载模块:Application

[ 2015-12-14T19:14:24+08:00 ] 127.0.0.1 /Qiao/Application/Home/View/Public/img//img4.jpg
INFO: [ app_init ] --START--
INFO: Run Behavior\BuildLiteBehavior [ RunTime:0.000044s ]
INFO: [ app_init ] --END-- [ RunTime:0.000865s ]
ERR: 无法加载模块:Application

[ 2015-12-14T19:15:09+08:00 ] 127.0.0.1 /Qiao/Application/Home/View/Public/img//img4.jpg
INFO: [ app_init ] --START--
INFO: Run Behavior\BuildLiteBehavior [ RunTime:0.000042s ]
INFO: [ app_init ] --END-- [ RunTime:0.000865s ]
ERR: 无法加载模块:Application

[ 2015-12-14T19:15:54+08:00 ] 127.0.0.1 /Qiao/Application/Home/View/Public/img//img4.jpg
INFO: [ app_init ] --START--
INFO: Run Behavior\BuildLiteBehavior [ RunTime:0.000045s ]
INFO: [ app_init ] --END-- [ RunTime:0.000782s ]
ERR: 无法加载模块:Application

[ 2015-12-14T19:19:11+08:00 ] 127.0.0.1 /Qiao/Application/Home/View/Public/img//img4.jpg
INFO: [ app_init ] --START--
INFO: Run Behavior\BuildLiteBehavior [ RunTime:0.000049s ]
INFO: [ app_init ] --END-- [ RunTime:0.000954s ]
ERR: 无法加载模块:Application

[ 2015-12-14T19:31:36+08:00 ] 127.0.0.1 /Qiao/Application/Home/View/Public/img//img4.jpg
INFO: [ app_init ] --START--
INFO: Run Behavior\BuildLiteBehavior [ RunTime:0.000036s ]
INFO: [ app_init ] --END-- [ RunTime:0.000727s ]
ERR: 无法加载模块:Application

[ 2015-12-14T19:33:04+08:00 ] 127.0.0.1 /Qiao/Application/Home/View/Public/img//img4.jpg
INFO: [ app_init ] --START--
INFO: Run Behavior\BuildLiteBehavior [ RunTime:0.000049s ]
INFO: [ app_init ] --END-- [ RunTime:0.000825s ]
ERR: 无法加载模块:Application

[ 2015-12-14T19:33:04+08:00 ] 127.0.0.1 /Qiao/Application/Home/View/Public/img//img4.jpg
INFO: [ app_init ] --START--
INFO: Run Behavior\BuildLiteBehavior [ RunTime:0.000073s ]
INFO: [ app_init ] --END-- [ RunTime:0.001731s ]
ERR: 无法加载模块:Application

[ 2015-12-14T19:33:04+08:00 ] 127.0.0.1 /Qiao/Application/Home/View/Public/img//img4.jpg
INFO: [ app_init ] --START--
INFO: Run Behavior\BuildLiteBehavior [ RunTime:0.000043s ]
INFO: [ app_init ] --END-- [ RunTime:0.000913s ]
ERR: 无法加载模块:Application

[ 2015-12-14T19:57:07+08:00 ] 127.0.0.1 /Qiao/Application/Home/View/Public/img//img4.jpg
INFO: [ app_init ] --START--
INFO: Run Behavior\BuildLiteBehavior [ RunTime:0.000043s ]
INFO: [ app_init ] --END-- [ RunTime:0.000827s ]
ERR: 无法加载模块:Application

[ 2015-12-14T19:58:38+08:00 ] 127.0.0.1 /Qiao/Application/Home/View/Public/img//img4.jpg
INFO: [ app_init ] --START--
INFO: Run Behavior\BuildLiteBehavior [ RunTime:0.000039s ]
INFO: [ app_init ] --END-- [ RunTime:0.000768s ]
ERR: 无法加载模块:Application

[ 2015-12-14T19:59:45+08:00 ] 127.0.0.1 /Qiao/Application/Home/View/Public/img//img4.jpg
INFO: [ app_init ] --START--
INFO: Run Behavior\BuildLiteBehavior [ RunTime:0.000043s ]
INFO: [ app_init ] --END-- [ RunTime:0.000797s ]
ERR: 无法加载模块:Application

[ 2015-12-14T20:00:16+08:00 ] 127.0.0.1 /Qiao/Application/Home/View/Public/img//img4.jpg
INFO: [ app_init ] --START--
INFO: Run Behavior\BuildLiteBehavior [ RunTime:0.000042s ]
INFO: [ app_init ] --END-- [ RunTime:0.000707s ]
ERR: 无法加载模块:Application

[ 2015-12-14T20:01:26+08:00 ] 127.0.0.1 /Qiao/Application/Home/View/Public/img//img4.jpg
INFO: [ app_init ] --START--
INFO: Run Behavior\BuildLiteBehavior [ RunTime:0.000044s ]
INFO: [ app_init ] --END-- [ RunTime:0.000886s ]
ERR: 无法加载模块:Application

[ 2015-12-14T20:01:54+08:00 ] 127.0.0.1 /Qiao/Application/Home/View/Public/img//img4.jpg
INFO: [ app_init ] --START--
INFO: Run Behavior\BuildLiteBehavior [ RunTime:0.000040s ]
INFO: [ app_init ] --END-- [ RunTime:0.000803s ]
ERR: 无法加载模块:Application

[ 2015-12-14T20:03:25+08:00 ] 127.0.0.1 /Qiao/Application/Home/View/Public/img//img4.jpg
INFO: [ app_init ] --START--
INFO: Run Behavior\BuildLiteBehavior [ RunTime:0.000047s ]
INFO: [ app_init ] --END-- [ RunTime:0.000940s ]
ERR: 无法加载模块:Application

[ 2015-12-14T20:03:42+08:00 ] 127.0.0.1 /Qiao/Application/Home/View/Public/img//img4.jpg
INFO: [ app_init ] --START--
INFO: Run Behavior\BuildLiteBehavior [ RunTime:0.000046s ]
INFO: [ app_init ] --END-- [ RunTime:0.000758s ]
ERR: 无法加载模块:Application

[ 2015-12-14T20:06:06+08:00 ] 127.0.0.1 /Qiao/Application/Home/View/Public/img//img4.jpg
INFO: [ app_init ] --START--
INFO: Run Behavior\BuildLiteBehavior [ RunTime:0.000051s ]
INFO: [ app_init ] --END-- [ RunTime:0.000875s ]
ERR: 无法加载模块:Application

[ 2015-12-14T20:12:26+08:00 ] 127.0.0.1 /Qiao/Application/Home/View/Public/img//img4.jpg
INFO: [ app_init ] --START--
INFO: Run Behavior\BuildLiteBehavior [ RunTime:0.000046s ]
INFO: [ app_init ] --END-- [ RunTime:0.000908s ]
ERR: 无法加载模块:Application

[ 2015-12-14T20:13:30+08:00 ] 127.0.0.1 /Qiao/Application/Home/View/Public/img//img4.jpg
INFO: [ app_init ] --START--
INFO: Run Behavior\BuildLiteBehavior [ RunTime:0.000039s ]
INFO: [ app_init ] --END-- [ RunTime:0.000716s ]
ERR: 无法加载模块:Application

[ 2015-12-14T20:13:58+08:00 ] 127.0.0.1 /Qiao/Application/Home/View/Public/img//img4.jpg
INFO: [ app_init ] --START--
INFO: Run Behavior\BuildLiteBehavior [ RunTime:0.000045s ]
INFO: [ app_init ] --END-- [ RunTime:0.000920s ]
ERR: 无法加载模块:Application

[ 2015-12-14T20:14:17+08:00 ] 127.0.0.1 /Qiao/Application/Home/View/Public/img//img4.jpg
INFO: [ app_init ] --START--
INFO: Run Behavior\BuildLiteBehavior [ RunTime:0.000040s ]
INFO: [ app_init ] --END-- [ RunTime:0.001155s ]
ERR: 无法加载模块:Application

[ 2015-12-14T20:14:28+08:00 ] 127.0.0.1 /Qiao/Application/Home/View/Public/img//img4.jpg
INFO: [ app_init ] --START--
INFO: Run Behavior\BuildLiteBehavior [ RunTime:0.000048s ]
INFO: [ app_init ] --END-- [ RunTime:0.000914s ]
ERR: 无法加载模块:Application

[ 2015-12-14T20:17:27+08:00 ] 127.0.0.1 /Qiao/Application/Home/View/Public/img//img4.jpg
INFO: [ app_init ] --START--
INFO: Run Behavior\BuildLiteBehavior [ RunTime:0.000047s ]
INFO: [ app_init ] --END-- [ RunTime:0.001504s ]
ERR: 无法加载模块:Application

[ 2015-12-14T20:17:45+08:00 ] 127.0.0.1 /Qiao/Application/Home/View/Public/img//img4.jpg
INFO: [ app_init ] --START--
INFO: Run Behavior\BuildLiteBehavior [ RunTime:0.000040s ]
INFO: [ app_init ] --END-- [ RunTime:0.000839s ]
ERR: 无法加载模块:Application

[ 2015-12-14T20:18:30+08:00 ] 127.0.0.1 /Qiao/Application/Home/View/Public/img//img4.jpg
INFO: [ app_init ] --START--
INFO: Run Behavior\BuildLiteBehavior [ RunTime:0.000516s ]
INFO: [ app_init ] --END-- [ RunTime:0.001514s ]
ERR: 无法加载模块:Application

[ 2015-12-14T20:18:47+08:00 ] 127.0.0.1 /Qiao/Application/Home/View/Public/img//img4.jpg
INFO: [ app_init ] --START--
INFO: Run Behavior\BuildLiteBehavior [ RunTime:0.000043s ]
INFO: [ app_init ] --END-- [ RunTime:0.000858s ]
ERR: 无法加载模块:Application

[ 2015-12-14T20:19:46+08:00 ] 127.0.0.1 /Qiao/Application/Home/View/Public/img//img4.jpg
INFO: [ app_init ] --START--
INFO: Run Behavior\BuildLiteBehavior [ RunTime:0.000039s ]
INFO: [ app_init ] --END-- [ RunTime:0.000792s ]
ERR: 无法加载模块:Application

[ 2015-12-14T20:24:07+08:00 ] 127.0.0.1 /Qiao/Application/Home/View/Public/img//img4.jpg
INFO: [ app_init ] --START--
INFO: Run Behavior\BuildLiteBehavior [ RunTime:0.000040s ]
INFO: [ app_init ] --END-- [ RunTime:0.001348s ]
ERR: 无法加载模块:Application

[ 2015-12-14T20:27:22+08:00 ] 127.0.0.1 /Qiao/Application/Home/View/Public/img//img4.jpg
INFO: [ app_init ] --START--
INFO: Run Behavior\BuildLiteBehavior [ RunTime:0.000038s ]
INFO: [ app_init ] --END-- [ RunTime:0.000800s ]
ERR: 无法加载模块:Application

[ 2015-12-14T20:28:00+08:00 ] 127.0.0.1 /Qiao/Application/Home/View/Public/img//img4.jpg
INFO: [ app_init ] --START--
INFO: Run Behavior\BuildLiteBehavior [ RunTime:0.000043s ]
INFO: [ app_init ] --END-- [ RunTime:0.000869s ]
ERR: 无法加载模块:Application

[ 2015-12-14T20:31:45+08:00 ] 127.0.0.1 /Qiao/Application/Home/View/Public/img//img4.jpg
INFO: [ app_init ] --START--
INFO: Run Behavior\BuildLiteBehavior [ RunTime:0.000058s ]
INFO: [ app_init ] --END-- [ RunTime:0.000856s ]
ERR: 无法加载模块:Application

[ 2015-12-14T20:35:35+08:00 ] 127.0.0.1 /Qiao/Application/Home/View/Public/img//img4.jpg
INFO: [ app_init ] --START--
INFO: Run Behavior\BuildLiteBehavior [ RunTime:0.000049s ]
INFO: [ app_init ] --END-- [ RunTime:0.000836s ]
ERR: 无法加载模块:Application

[ 2015-12-14T20:38:30+08:00 ] 127.0.0.1 /Qiao/Application/Home/View/Public/img//img4.jpg
INFO: [ app_init ] --START--
INFO: Run Behavior\BuildLiteBehavior [ RunTime:0.000038s ]
INFO: [ app_init ] --END-- [ RunTime:0.000711s ]
ERR: 无法加载模块:Application

[ 2015-12-14T20:39:02+08:00 ] 127.0.0.1 /Qiao/Application/Home/View/Public/img//img4.jpg
INFO: [ app_init ] --START--
INFO: Run Behavior\BuildLiteBehavior [ RunTime:0.000044s ]
INFO: [ app_init ] --END-- [ RunTime:0.000850s ]
ERR: 无法加载模块:Application

[ 2015-12-14T20:39:37+08:00 ] 127.0.0.1 /Qiao/Application/Home/View/Public/img//img4.jpg
INFO: [ app_init ] --START--
INFO: Run Behavior\BuildLiteBehavior [ RunTime:0.000062s ]
INFO: [ app_init ] --END-- [ RunTime:0.000761s ]
ERR: 无法加载模块:Application

[ 2015-12-14T20:44:56+08:00 ] 127.0.0.1 /Qiao/Application/Home/View/Public/img//img4.jpg
INFO: [ app_init ] --START--
INFO: Run Behavior\BuildLiteBehavior [ RunTime:0.000028s ]
INFO: [ app_init ] --END-- [ RunTime:0.000628s ]
ERR: 无法加载模块:Application

[ 2015-12-14T20:51:32+08:00 ] 127.0.0.1 /Qiao/Application/Home/View/Public/img//img4.jpg
INFO: [ app_init ] --START--
INFO: Run Behavior\BuildLiteBehavior [ RunTime:0.000023s ]
INFO: [ app_init ] --END-- [ RunTime:0.000523s ]
ERR: 无法加载模块:Application

[ 2015-12-14T20:58:58+08:00 ] 127.0.0.1 /Qiao/Application/Home/View/Public/img//img4.jpg
INFO: [ app_init ] --START--
INFO: Run Behavior\BuildLiteBehavior [ RunTime:0.000043s ]
INFO: [ app_init ] --END-- [ RunTime:0.000825s ]
ERR: 无法加载模块:Application

[ 2015-12-14T20:59:40+08:00 ] 127.0.0.1 /Qiao/Application/Home/View/Public/img//img4.jpg
INFO: [ app_init ] --START--
INFO: Run Behavior\BuildLiteBehavior [ RunTime:0.000041s ]
INFO: [ app_init ] --END-- [ RunTime:0.000726s ]
ERR: 无法加载模块:Application

[ 2015-12-14T21:06:51+08:00 ] 127.0.0.1 /Qiao/Application/Home/View/Public/img//img4.jpg
INFO: [ app_init ] --START--
INFO: Run Behavior\BuildLiteBehavior [ RunTime:0.000044s ]
INFO: [ app_init ] --END-- [ RunTime:0.000948s ]
ERR: 无法加载模块:Application

[ 2015-12-14T21:08:02+08:00 ] 127.0.0.1 /Qiao/Application/Home/View/Public/img//img4.jpg
INFO: [ app_init ] --START--
INFO: Run Behavior\BuildLiteBehavior [ RunTime:0.000052s ]
INFO: [ app_init ] --END-- [ RunTime:0.001259s ]
ERR: 无法加载模块:Application

[ 2015-12-14T21:14:46+08:00 ] 127.0.0.1 /Qiao/Application/Home/View/Public/img//img4.jpg
INFO: [ app_init ] --START--
INFO: Run Behavior\BuildLiteBehavior [ RunTime:0.000085s ]
INFO: [ app_init ] --END-- [ RunTime:0.001357s ]
ERR: 无法加载模块:Application

[ 2015-12-14T21:19:04+08:00 ] 127.0.0.1 /Qiao/Application/Home/View/Public/img//img4.jpg
INFO: [ app_init ] --START--
INFO: Run Behavior\BuildLiteBehavior [ RunTime:0.000046s ]
INFO: [ app_init ] --END-- [ RunTime:0.000851s ]
ERR: 无法加载模块:Application

[ 2015-12-14T21:21:21+08:00 ] 127.0.0.1 /Qiao/Application/Home/View/Public/img//img4.jpg
INFO: [ app_init ] --START--
INFO: Run Behavior\BuildLiteBehavior [ RunTime:0.000048s ]
INFO: [ app_init ] --END-- [ RunTime:0.000938s ]
ERR: 无法加载模块:Application

[ 2015-12-14T21:23:56+08:00 ] 127.0.0.1 /Qiao/Application/Home/View/Public/img//img4.jpg
INFO: [ app_init ] --START--
INFO: Run Behavior\BuildLiteBehavior [ RunTime:0.000043s ]
INFO: [ app_init ] --END-- [ RunTime:0.000768s ]
ERR: 无法加载模块:Application

[ 2015-12-14T21:24:11+08:00 ] 127.0.0.1 /Qiao/Application/Home/View/Public/img//img4.jpg
INFO: [ app_init ] --START--
INFO: Run Behavior\BuildLiteBehavior [ RunTime:0.000046s ]
INFO: [ app_init ] --END-- [ RunTime:0.000851s ]
ERR: 无法加载模块:Application

[ 2015-12-14T22:30:00+08:00 ] 127.0.0.1 /Qiao/Application/Home/View/Public/img//img4.jpg
INFO: [ app_init ] --START--
INFO: Run Behavior\BuildLiteBehavior [ RunTime:0.000065s ]
INFO: [ app_init ] --END-- [ RunTime:0.000804s ]
ERR: 无法加载模块:Application

[ 2015-12-14T22:32:33+08:00 ] 127.0.0.1 /Qiao/Application/Home/View/Public/img//img4.jpg
INFO: [ app_init ] --START--
INFO: Run Behavior\BuildLiteBehavior [ RunTime:0.000094s ]
INFO: [ app_init ] --END-- [ RunTime:0.001030s ]
ERR: 无法加载模块:Application

[ 2015-12-14T22:33:47+08:00 ] 127.0.0.1 /Qiao/Application/Home/View/Public/img//img4.jpg
INFO: [ app_init ] --START--
INFO: Run Behavior\BuildLiteBehavior [ RunTime:0.000039s ]
INFO: [ app_init ] --END-- [ RunTime:0.001097s ]
ERR: 无法加载模块:Application

[ 2015-12-14T22:33:47+08:00 ] 127.0.0.1 /Qiao/Application/Home/View/Public/img//img4.jpg
INFO: [ app_init ] --START--
INFO: Run Behavior\BuildLiteBehavior [ RunTime:0.000025s ]
INFO: [ app_init ] --END-- [ RunTime:0.000463s ]
ERR: 无法加载模块:Application

[ 2015-12-14T22:35:10+08:00 ] 127.0.0.1 /Qiao/Application/Home/View/Public/img//img4.jpg
INFO: [ app_init ] --START--
INFO: Run Behavior\BuildLiteBehavior [ RunTime:0.000049s ]
INFO: [ app_init ] --END-- [ RunTime:0.000906s ]
ERR: 无法加载模块:Application

[ 2015-12-14T22:42:36+08:00 ] 127.0.0.1 /Qiao/Application/Home/View/Public/img//img4.jpg
INFO: [ app_init ] --START--
INFO: Run Behavior\BuildLiteBehavior [ RunTime:0.000086s ]
INFO: [ app_init ] --END-- [ RunTime:0.000820s ]
ERR: 无法加载模块:Application

[ 2015-12-14T22:45:42+08:00 ] 127.0.0.1 /Qiao/Application/Home/View/Public/img//img4.jpg
INFO: [ app_init ] --START--
INFO: Run Behavior\BuildLiteBehavior [ RunTime:0.000046s ]
INFO: [ app_init ] --END-- [ RunTime:0.000928s ]
ERR: 无法加载模块:Application

[ 2015-12-14T22:46:46+08:00 ] 127.0.0.1 /Qiao/Application/Home/View/Public/img//img4.jpg
INFO: [ app_init ] --START--
INFO: Run Behavior\BuildLiteBehavior [ RunTime:0.000047s ]
INFO: [ app_init ] --END-- [ RunTime:0.000972s ]
ERR: 无法加载模块:Application

[ 2015-12-14T22:46:46+08:00 ] 127.0.0.1 /Qiao/Application/Home/View/Public/img//img4.jpg
INFO: [ app_init ] --START--
INFO: Run Behavior\BuildLiteBehavior [ RunTime:0.000048s ]
INFO: [ app_init ] --END-- [ RunTime:0.000913s ]
ERR: 无法加载模块:Application

[ 2015-12-14T22:47:30+08:00 ] 127.0.0.1 /Qiao/Application/Home/View/Public/img//img4.jpg
INFO: [ app_init ] --START--
INFO: Run Behavior\BuildLiteBehavior [ RunTime:0.000044s ]
INFO: [ app_init ] --END-- [ RunTime:0.000858s ]
ERR: 无法加载模块:Application

[ 2015-12-14T22:50:38+08:00 ] 127.0.0.1 /Qiao/Application/Home/View/Public/img//img4.jpg
INFO: [ app_init ] --START--
INFO: Run Behavior\BuildLiteBehavior [ RunTime:0.000054s ]
INFO: [ app_init ] --END-- [ RunTime:0.000956s ]
ERR: 无法加载模块:Application

[ 2015-12-14T22:51:25+08:00 ] 127.0.0.1 /Qiao/Application/Home/View/Public/img//img4.jpg
INFO: [ app_init ] --START--
INFO: Run Behavior\BuildLiteBehavior [ RunTime:0.000047s ]
INFO: [ app_init ] --END-- [ RunTime:0.000897s ]
ERR: 无法加载模块:Application

[ 2015-12-14T22:58:29+08:00 ] 127.0.0.1 /Qiao/Application/Home/View/Public/img//img4.jpg
INFO: [ app_init ] --START--
INFO: Run Behavior\BuildLiteBehavior [ RunTime:0.000041s ]
INFO: [ app_init ] --END-- [ RunTime:0.000952s ]
ERR: 无法加载模块:Application

[ 2015-12-14T22:58:30+08:00 ] 127.0.0.1 /Qiao/Application/Home/View/Public/img//img4.jpg
INFO: [ app_init ] --START--
INFO: Run Behavior\BuildLiteBehavior [ RunTime:0.000049s ]
INFO: [ app_init ] --END-- [ RunTime:0.000841s ]
ERR: 无法加载模块:Application

[ 2015-12-14T22:58:55+08:00 ] 127.0.0.1 /Qiao/Application/Home/View/Public/img//img4.jpg
INFO: [ app_init ] --START--
INFO: Run Behavior\BuildLiteBehavior [ RunTime:0.000038s ]
INFO: [ app_init ] --END-- [ RunTime:0.000677s ]
ERR: 无法加载模块:Application

[ 2015-12-14T22:58:56+08:00 ] 127.0.0.1 /Qiao/Application/Home/View/Public/img//img4.jpg
INFO: [ app_init ] --START--
INFO: Run Behavior\BuildLiteBehavior [ RunTime:0.000050s ]
INFO: [ app_init ] --END-- [ RunTime:0.000989s ]
ERR: 无法加载模块:Application

[ 2015-12-14T23:11:56+08:00 ] 127.0.0.1 /Qiao/Application/Home/View/Public/img//img4.jpg
INFO: [ app_init ] --START--
INFO: Run Behavior\BuildLiteBehavior [ RunTime:0.000028s ]
INFO: [ app_init ] --END-- [ RunTime:0.000611s ]
ERR: 无法加载模块:Application

[ 2015-12-14T23:13:06+08:00 ] 127.0.0.1 /Qiao/Application/Home/View/Public/img//img4.jpg
INFO: [ app_init ] --START--
INFO: Run Behavior\BuildLiteBehavior [ RunTime:0.000034s ]
INFO: [ app_init ] --END-- [ RunTime:0.000677s ]
ERR: 无法加载模块:Application

[ 2015-12-14T23:13:39+08:00 ] 127.0.0.1 /Qiao/Application/Home/View/Public/img//img4.jpg
INFO: [ app_init ] --START--
INFO: Run Behavior\BuildLiteBehavior [ RunTime:0.000037s ]
INFO: [ app_init ] --END-- [ RunTime:0.000853s ]
ERR: 无法加载模块:Application

[ 2015-12-14T23:14:28+08:00 ] 127.0.0.1 /Qiao/Application/Home/View/Public/img//img4.jpg
INFO: [ app_init ] --START--
INFO: Run Behavior\BuildLiteBehavior [ RunTime:0.000044s ]
INFO: [ app_init ] --END-- [ RunTime:0.000850s ]
ERR: 无法加载模块:Application

[ 2015-12-14T23:14:57+08:00 ] 127.0.0.1 /Qiao/Application/Home/View/Public/img//img4.jpg
INFO: [ app_init ] --START--
INFO: Run Behavior\BuildLiteBehavior [ RunTime:0.000048s ]
INFO: [ app_init ] --END-- [ RunTime:0.000937s ]
ERR: 无法加载模块:Application

[ 2015-12-14T23:15:42+08:00 ] 127.0.0.1 /Qiao/Application/Home/View/Public/img//img4.jpg
INFO: [ app_init ] --START--
INFO: Run Behavior\BuildLiteBehavior [ RunTime:0.000044s ]
INFO: [ app_init ] --END-- [ RunTime:0.000937s ]
ERR: 无法加载模块:Application

[ 2015-12-14T23:16:09+08:00 ] 127.0.0.1 /Qiao/Application/Home/View/Public/img//img4.jpg
INFO: [ app_init ] --START--
INFO: Run Behavior\BuildLiteBehavior [ RunTime:0.000036s ]
INFO: [ app_init ] --END-- [ RunTime:0.000673s ]
ERR: 无法加载模块:Application

[ 2015-12-14T23:16:44+08:00 ] 127.0.0.1 /Qiao/Application/Home/View/Public/img//img4.jpg
INFO: [ app_init ] --START--
INFO: Run Behavior\BuildLiteBehavior [ RunTime:0.000041s ]
INFO: [ app_init ] --END-- [ RunTime:0.000879s ]
ERR: 无法加载模块:Application

[ 2015-12-14T23:35:30+08:00 ] 127.0.0.1 /Qiao/Application/Home/View/Public/img//img4.jpg
INFO: [ app_init ] --START--
INFO: Run Behavior\BuildLiteBehavior [ RunTime:0.000039s ]
INFO: [ app_init ] --END-- [ RunTime:0.000740s ]
ERR: 无法加载模块:Application

[ 2015-12-14T23:44:55+08:00 ] 127.0.0.1 /Qiao/Application/Home/View/Public/img//img4.jpg
INFO: [ app_init ] --START--
INFO: Run Behavior\BuildLiteBehavior [ RunTime:0.000047s ]
INFO: [ app_init ] --END-- [ RunTime:0.000900s ]
ERR: 无法加载模块:Application

[ 2015-12-14T23:47:06+08:00 ] 127.0.0.1 /Qiao/Application/Home/View/Public/img//img4.jpg
INFO: [ app_init ] --START--
INFO: Run Behavior\BuildLiteBehavior [ RunTime:0.000043s ]
INFO: [ app_init ] --END-- [ RunTime:0.000872s ]
ERR: 无法加载模块:Application

[ 2015-12-14T23:48:59+08:00 ] 127.0.0.1 /Qiao/Application/Home/View/Public/img//img4.jpg
INFO: [ app_init ] --START--
INFO: Run Behavior\BuildLiteBehavior [ RunTime:0.000045s ]
INFO: [ app_init ] --END-- [ RunTime:0.000825s ]
ERR: 无法加载模块:Application

[ 2015-12-14T23:49:51+08:00 ] 127.0.0.1 /Qiao/Application/Home/View/Public/img//img4.jpg
INFO: [ app_init ] --START--
INFO: Run Behavior\BuildLiteBehavior [ RunTime:0.000048s ]
INFO: [ app_init ] --END-- [ RunTime:0.000794s ]
ERR: 无法加载模块:Application

[ 2015-12-14T23:51:12+08:00 ] 127.0.0.1 /Qiao/Application/Home/View/Public/img//img4.jpg
INFO: [ app_init ] --START--
INFO: Run Behavior\BuildLiteBehavior [ RunTime:0.000192s ]
INFO: [ app_init ] --END-- [ RunTime:0.001254s ]
ERR: 无法加载模块:Application

[ 2015-12-14T23:51:12+08:00 ] 127.0.0.1 /Qiao/Application/Home/View/Public/img//img4.jpg
INFO: [ app_init ] --START--
INFO: Run Behavior\BuildLiteBehavior [ RunTime:0.000062s ]
INFO: [ app_init ] --END-- [ RunTime:0.001067s ]
ERR: 无法加载模块:Application

[ 2015-12-14T23:52:07+08:00 ] 127.0.0.1 /Qiao/Application/Home/View/Public/img//img4.jpg
INFO: [ app_init ] --START--
INFO: Run Behavior\BuildLiteBehavior [ RunTime:0.000045s ]
INFO: [ app_init ] --END-- [ RunTime:0.000913s ]
ERR: 无法加载模块:Application

[ 2015-12-14T23:52:58+08:00 ] 127.0.0.1 /Qiao/Application/Home/View/Public/img//img4.jpg
INFO: [ app_init ] --START--
INFO: Run Behavior\BuildLiteBehavior [ RunTime:0.000030s ]
INFO: [ app_init ] --END-- [ RunTime:0.000890s ]
ERR: 无法加载模块:Application

[ 2015-12-14T23:53:27+08:00 ] 127.0.0.1 /Qiao/Application/Home/View/Public/img//img4.jpg
INFO: [ app_init ] --START--
INFO: Run Behavior\BuildLiteBehavior [ RunTime:0.000040s ]
INFO: [ app_init ] --END-- [ RunTime:0.000837s ]
ERR: 无法加载模块:Application

[ 2015-12-14T23:53:27+08:00 ] 127.0.0.1 /Qiao/Application/Home/View/Public/img//img4.jpg
INFO: [ app_init ] --START--
INFO: Run Behavior\BuildLiteBehavior [ RunTime:0.000024s ]
INFO: [ app_init ] --END-- [ RunTime:0.000451s ]
ERR: 无法加载模块:Application

[ 2015-12-14T23:54:18+08:00 ] 127.0.0.1 /Qiao/Application/Home/View/Public/img//img4.jpg
INFO: [ app_init ] --START--
INFO: Run Behavior\BuildLiteBehavior [ RunTime:0.000026s ]
INFO: [ app_init ] --END-- [ RunTime:0.000599s ]
ERR: 无法加载模块:Application

[ 2015-12-14T23:54:18+08:00 ] 127.0.0.1 /Qiao/Application/Home/View/Public/img//img4.jpg
INFO: [ app_init ] --START--
INFO: Run Behavior\BuildLiteBehavior [ RunTime:0.000027s ]
INFO: [ app_init ] --END-- [ RunTime:0.000515s ]
ERR: 无法加载模块:Application

[ 2015-12-14T23:54:48+08:00 ] 127.0.0.1 /Qiao/Application/Home/View/Public/img//img4.jpg
INFO: [ app_init ] --START--
INFO: Run Behavior\BuildLiteBehavior [ RunTime:0.000043s ]
INFO: [ app_init ] --END-- [ RunTime:0.001034s ]
ERR: 无法加载模块:Application

[ 2015-12-14T23:55:35+08:00 ] 127.0.0.1 /Qiao/Application/Home/View/Public/img//img4.jpg
INFO: [ app_init ] --START--
INFO: Run Behavior\BuildLiteBehavior [ RunTime:0.000045s ]
INFO: [ app_init ] --END-- [ RunTime:0.000887s ]
ERR: 无法加载模块:Application

[ 2015-12-14T23:59:19+08:00 ] 127.0.0.1 /Qiao/Application/Home/View/Public/img//img4.jpg
INFO: [ app_init ] --START--
INFO: Run Behavior\BuildLiteBehavior [ RunTime:0.000055s ]
INFO: [ app_init ] --END-- [ RunTime:0.001140s ]
ERR: 无法加载模块:Application

