[ 2015-12-21T00:56:54+08:00 ] 127.0.0.1 /Qiao/Application/Home/View/Public/img/96bdf41419df9e882108bf0e34ba55c2/aimg1.jpg
INFO: [ app_init ] --START--
INFO: Run Behavior\BuildLiteBehavior [ RunTime:0.000049s ]
INFO: [ app_init ] --END-- [ RunTime:0.000794s ]
ERR: 无法加载模块:Application

[ 2015-12-21T00:56:54+08:00 ] 127.0.0.1 /Qiao/Application/Home/View/Public/img/96bdf41419df9e882108bf0e34ba55c2/bimg1.jpg
INFO: [ app_init ] --START--
INFO: Run Behavior\BuildLiteBehavior [ RunTime:0.000043s ]
INFO: [ app_init ] --END-- [ RunTime:0.001012s ]
ERR: 无法加载模块:Application

[ 2015-12-21T00:56:54+08:00 ] 127.0.0.1 /Qiao/Application/Home/View/Public/img/96bdf41419df9e882108bf0e34ba55c2/cimg1.jpg
INFO: [ app_init ] --START--
INFO: Run Behavior\BuildLiteBehavior [ RunTime:0.000027s ]
INFO: [ app_init ] --END-- [ RunTime:0.000576s ]
ERR: 无法加载模块:Application

[ 2015-12-21T00:57:52+08:00 ] 127.0.0.1 /Qiao/Application/Home/View/Public/img/96bdf41419df9e882108bf0e34ba55c2/735b90b4568125ed6c3f678819b6e058/img1.jpg
INFO: [ app_init ] --START--
INFO: Run Behavior\BuildLiteBehavior [ RunTime:0.000042s ]
INFO: [ app_init ] --END-- [ RunTime:0.000823s ]
ERR: 无法加载模块:Application

[ 2015-12-21T00:57:55+08:00 ] 127.0.0.1 /Qiao/Application/Home/View/Public/img/96bdf41419df9e882108bf0e34ba55c2/735b90b4568125ed6c3f678819b6e058/img1.jpg
INFO: [ app_init ] --START--
INFO: Run Behavior\BuildLiteBehavior [ RunTime:0.000027s ]
INFO: [ app_init ] --END-- [ RunTime:0.000630s ]
ERR: 无法加载模块:Application

[ 2015-12-21T00:57:57+08:00 ] 127.0.0.1 /Qiao/Application/Home/View/Public/img/96bdf41419df9e882108bf0e34ba55c2/735b90b4568125ed6c3f678819b6e058/img1.jpg
INFO: [ app_init ] --START--
INFO: Run Behavior\BuildLiteBehavior [ RunTime:0.000048s ]
INFO: [ app_init ] --END-- [ RunTime:0.000900s ]
ERR: 无法加载模块:Application

[ 2015-12-21T01:57:59+08:00 ] 127.0.0.1 /Qiao/Application/Home/View/Public/img/96bdf41419df9e882108bf0e34ba55c2/qrcode.jpg
INFO: [ app_init ] --START--
INFO: Run Behavior\BuildLiteBehavior [ RunTime:0.000030s ]
INFO: [ app_init ] --END-- [ RunTime:0.000751s ]
ERR: 无法加载模块:Application

[ 2015-12-21T01:58:06+08:00 ] 127.0.0.1 /Qiao/Application/Home/View/Public/img/96bdf41419df9e882108bf0e34ba55c2/qrcode.jpg
INFO: [ app_init ] --START--
INFO: Run Behavior\BuildLiteBehavior [ RunTime:0.000052s ]
INFO: [ app_init ] --END-- [ RunTime:0.001029s ]
ERR: 无法加载模块:Application

[ 2015-12-21T01:58:18+08:00 ] 127.0.0.1 /Qiao/Application/Home/View/Public/img/96bdf41419df9e882108bf0e34ba55c2/qrcode.jpg
INFO: [ app_init ] --START--
INFO: Run Behavior\BuildLiteBehavior [ RunTime:0.000026s ]
INFO: [ app_init ] --END-- [ RunTime:0.000522s ]
ERR: 无法加载模块:Application

[ 2015-12-21T01:58:22+08:00 ] 127.0.0.1 /Qiao/Application/Home/View/Public/img/96bdf41419df9e882108bf0e34ba55c2/qrcode.jpg
INFO: [ app_init ] --START--
INFO: Run Behavior\BuildLiteBehavior [ RunTime:0.000032s ]
INFO: [ app_init ] --END-- [ RunTime:0.000633s ]
ERR: 无法加载模块:Application

[ 2015-12-21T01:58:29+08:00 ] 127.0.0.1 /Qiao/Application/Home/View/Public/img/96bdf41419df9e882108bf0e34ba55c2/qrcode.jpg
INFO: [ app_init ] --START--
INFO: Run Behavior\BuildLiteBehavior [ RunTime:0.000044s ]
INFO: [ app_init ] --END-- [ RunTime:0.000983s ]
ERR: 无法加载模块:Application

[ 2015-12-21T02:04:13+08:00 ] 127.0.0.1 /Qiao/Application/Home/View/Public/img/96bdf41419df9e882108bf0e34ba55c2/qrcode.jpg
INFO: [ app_init ] --START--
INFO: Run Behavior\BuildLiteBehavior [ RunTime:0.000026s ]
INFO: [ app_init ] --END-- [ RunTime:0.000527s ]
ERR: 无法加载模块:Application

[ 2015-12-21T02:04:22+08:00 ] 127.0.0.1 /Qiao/Application/Home/View/Public/img/96bdf41419df9e882108bf0e34ba55c2/qrcode.jpg
INFO: [ app_init ] --START--
INFO: Run Behavior\BuildLiteBehavior [ RunTime:0.000026s ]
INFO: [ app_init ] --END-- [ RunTime:0.000512s ]
ERR: 无法加载模块:Application

[ 2015-12-21T02:04:30+08:00 ] 127.0.0.1 /Qiao/Application/Home/View/Public/img/96bdf41419df9e882108bf0e34ba55c2/qrcode.jpg
INFO: [ app_init ] --START--
INFO: Run Behavior\BuildLiteBehavior [ RunTime:0.000026s ]
INFO: [ app_init ] --END-- [ RunTime:0.000544s ]
ERR: 无法加载模块:Application

[ 2015-12-21T02:04:37+08:00 ] 127.0.0.1 /Qiao/Application/Home/View/Public/img/96bdf41419df9e882108bf0e34ba55c2/qrcode.jpg
INFO: [ app_init ] --START--
INFO: Run Behavior\BuildLiteBehavior [ RunTime:0.000026s ]
INFO: [ app_init ] --END-- [ RunTime:0.000488s ]
ERR: 无法加载模块:Application

[ 2015-12-21T02:06:24+08:00 ] 127.0.0.1 /Qiao/Application/Home/View/Public/img/96bdf41419df9e882108bf0e34ba55c2/qrcode.jpg
INFO: [ app_init ] --START--
INFO: Run Behavior\BuildLiteBehavior [ RunTime:0.000027s ]
INFO: [ app_init ] --END-- [ RunTime:0.000539s ]
ERR: 无法加载模块:Application

[ 2015-12-21T02:06:28+08:00 ] 127.0.0.1 /Qiao/Application/Home/View/Public/img/96bdf41419df9e882108bf0e34ba55c2/qrcode.jpg
INFO: [ app_init ] --START--
INFO: Run Behavior\BuildLiteBehavior [ RunTime:0.000040s ]
INFO: [ app_init ] --END-- [ RunTime:0.000798s ]
ERR: 无法加载模块:Application

[ 2015-12-21T02:06:34+08:00 ] 127.0.0.1 /Qiao/Application/Home/View/Public/img/96bdf41419df9e882108bf0e34ba55c2/qrcode.jpg
INFO: [ app_init ] --START--
INFO: Run Behavior\BuildLiteBehavior [ RunTime:0.000045s ]
INFO: [ app_init ] --END-- [ RunTime:0.000798s ]
ERR: 无法加载模块:Application

[ 2015-12-21T02:13:19+08:00 ] 127.0.0.1 /Qiao/Application/Home/View/Public/img/96bdf41419df9e882108bf0e34ba55c2/a3f390d88e4c41f2747bfa2f1b5f87db/img1.jpg
INFO: [ app_init ] --START--
INFO: Run Behavior\BuildLiteBehavior [ RunTime:0.000063s ]
INFO: [ app_init ] --END-- [ RunTime:0.000674s ]
ERR: 无法加载模块:Application

[ 2015-12-21T13:35:15+08:00 ] 127.0.0.1 /Qiao/Application/Home/View/Public/img/caf8f8c3ef97f25d784bb4c89f942426/bimg1.jpg
INFO: [ app_init ] --START--
INFO: Run Behavior\BuildLiteBehavior [ RunTime:0.000046s ]
INFO: [ app_init ] --END-- [ RunTime:0.000778s ]
ERR: 无法加载模块:Application

[ 2015-12-21T13:35:15+08:00 ] 127.0.0.1 /Qiao/Application/Home/View/Public/img/caf8f8c3ef97f25d784bb4c89f942426/aimg1.jpg
INFO: [ app_init ] --START--
INFO: Run Behavior\BuildLiteBehavior [ RunTime:0.000040s ]
INFO: [ app_init ] --END-- [ RunTime:0.000742s ]
ERR: 无法加载模块:Application

[ 2015-12-21T13:35:15+08:00 ] 127.0.0.1 /Qiao/Application/Home/View/Public/img/caf8f8c3ef97f25d784bb4c89f942426/cimg1.jpg
INFO: [ app_init ] --START--
INFO: Run Behavior\BuildLiteBehavior [ RunTime:0.000045s ]
INFO: [ app_init ] --END-- [ RunTime:0.001034s ]
ERR: 无法加载模块:Application

[ 2015-12-21T13:39:19+08:00 ] 127.0.0.1 /Qiao/Application/Home/View/Public/img/caf8f8c3ef97f25d784bb4c89f942426/14bfa6bb14875e45bba028a21ed38046/img1.jpg
INFO: [ app_init ] --START--
INFO: Run Behavior\BuildLiteBehavior [ RunTime:0.000028s ]
INFO: [ app_init ] --END-- [ RunTime:0.000556s ]
ERR: 无法加载模块:Application

[ 2015-12-21T23:43:38+08:00 ] 127.0.0.1 /Qiao/Application/Home/View/Public/img/d67d8ab4f4c10bf22aa353e27879133c/aimg.jpg
INFO: [ app_init ] --START--
INFO: Run Behavior\BuildLiteBehavior [ RunTime:0.000094s ]
INFO: [ app_init ] --END-- [ RunTime:0.001920s ]
ERR: 无法加载模块:Application

[ 2015-12-21T23:43:38+08:00 ] 127.0.0.1 /Qiao/Application/Home/View/Public/img/d67d8ab4f4c10bf22aa353e27879133c/bimg.jpg
INFO: [ app_init ] --START--
INFO: Run Behavior\BuildLiteBehavior [ RunTime:0.000098s ]
INFO: [ app_init ] --END-- [ RunTime:0.001829s ]
ERR: 无法加载模块:Application

[ 2015-12-21T23:43:39+08:00 ] 127.0.0.1 /Qiao/Application/Home/View/Public/img/d67d8ab4f4c10bf22aa353e27879133c/cimg.jpg
INFO: [ app_init ] --START--
INFO: Run Behavior\BuildLiteBehavior [ RunTime:0.000077s ]
INFO: [ app_init ] --END-- [ RunTime:0.001389s ]
ERR: 无法加载模块:Application

[ 2015-12-21T23:52:36+08:00 ] 127.0.0.1 /Qiao/Application/Home/View/Public/img/d67d8ab4f4c10bf22aa353e27879133c/aimg.jpg
INFO: [ app_init ] --START--
INFO: Run Behavior\BuildLiteBehavior [ RunTime:0.000057s ]
INFO: [ app_init ] --END-- [ RunTime:0.001435s ]
ERR: 无法加载模块:Application

[ 2015-12-21T23:52:36+08:00 ] 127.0.0.1 /Qiao/Application/Home/View/Public/img/d67d8ab4f4c10bf22aa353e27879133c/bimg.jpg
INFO: [ app_init ] --START--
INFO: Run Behavior\BuildLiteBehavior [ RunTime:0.000061s ]
INFO: [ app_init ] --END-- [ RunTime:0.001634s ]
ERR: 无法加载模块:Application

[ 2015-12-21T23:52:36+08:00 ] 127.0.0.1 /Qiao/Application/Home/View/Public/img/d67d8ab4f4c10bf22aa353e27879133c/cimg.jpg
INFO: [ app_init ] --START--
INFO: Run Behavior\BuildLiteBehavior [ RunTime:0.000094s ]
INFO: [ app_init ] --END-- [ RunTime:0.002057s ]
ERR: 无法加载模块:Application

