[ 2015-12-17T01:07:28+08:00 ] 127.0.0.1 /Qiao/Application/Home/View/Public/img/9dd56089270a59cb70de2bcfaa26c918/182be0c5cdcd5072bb1864cdee4d3d6e/img1.jpg
INFO: [ app_init ] --START--
INFO: Run Behavior\BuildLiteBehavior [ RunTime:0.000024s ]
INFO: [ app_init ] --END-- [ RunTime:0.000463s ]
ERR: 无法加载模块:Application

[ 2015-12-17T01:08:03+08:00 ] 127.0.0.1 /Qiao/Application/Home/View/Public/img/9dd56089270a59cb70de2bcfaa26c918/e369853df766fa44e1ed0ff613f563bd/img1.jpg
INFO: [ app_init ] --START--
INFO: Run Behavior\BuildLiteBehavior [ RunTime:0.000027s ]
INFO: [ app_init ] --END-- [ RunTime:0.000784s ]
ERR: 无法加载模块:Application

[ 2015-12-17T01:08:19+08:00 ] 127.0.0.1 /Qiao/Application/Home/View/Public/img/9dd56089270a59cb70de2bcfaa26c918/1c383cd30b7c298ab50293adfecb7b18/img1.jpg
INFO: [ app_init ] --START--
INFO: Run Behavior\BuildLiteBehavior [ RunTime:0.000027s ]
INFO: [ app_init ] --END-- [ RunTime:0.000651s ]
ERR: 无法加载模块:Application

[ 2015-12-17T01:08:37+08:00 ] 127.0.0.1 /Qiao/Application/Home/View/Public/img/9dd56089270a59cb70de2bcfaa26c918/19ca14e7ea6328a42e0eb13d585e4c22/img1.jpg
INFO: [ app_init ] --START--
INFO: Run Behavior\BuildLiteBehavior [ RunTime:0.000043s ]
INFO: [ app_init ] --END-- [ RunTime:0.000961s ]
ERR: 无法加载模块:Application

[ 2015-12-17T01:08:51+08:00 ] 127.0.0.1 /Qiao/Application/Home/View/Public/img/9dd56089270a59cb70de2bcfaa26c918/a5bfc9e07964f8dddeb95fc584cd965d/img1.jpg
INFO: [ app_init ] --START--
INFO: Run Behavior\BuildLiteBehavior [ RunTime:0.000198s ]
INFO: [ app_init ] --END-- [ RunTime:0.001356s ]
ERR: 无法加载模块:Application

[ 2015-12-17T01:09:06+08:00 ] 127.0.0.1 /Qiao/Application/Home/View/Public/img/9dd56089270a59cb70de2bcfaa26c918/a5771bce93e200c36f7cd9dfd0e5deaa/img1.jpg
INFO: [ app_init ] --START--
INFO: Run Behavior\BuildLiteBehavior [ RunTime:0.000028s ]
INFO: [ app_init ] --END-- [ RunTime:0.000643s ]
ERR: 无法加载模块:Application

[ 2015-12-17T01:09:18+08:00 ] 127.0.0.1 /Qiao/Application/Home/View/Public/img/9dd56089270a59cb70de2bcfaa26c918/d67d8ab4f4c10bf22aa353e27879133c/img1.jpg
INFO: [ app_init ] --START--
INFO: Run Behavior\BuildLiteBehavior [ RunTime:0.000027s ]
INFO: [ app_init ] --END-- [ RunTime:0.000674s ]
ERR: 无法加载模块:Application

[ 2015-12-17T01:09:31+08:00 ] 127.0.0.1 /Qiao/Application/Home/View/Public/img/9dd56089270a59cb70de2bcfaa26c918/d645920e395fedad7bbbed0eca3fe2e0/img1.jpg
INFO: [ app_init ] --START--
INFO: Run Behavior\BuildLiteBehavior [ RunTime:0.000040s ]
INFO: [ app_init ] --END-- [ RunTime:0.000755s ]
ERR: 无法加载模块:Application

[ 2015-12-17T01:09:42+08:00 ] 127.0.0.1 /Qiao/Application/Home/View/Public/img/9dd56089270a59cb70de2bcfaa26c918/3416a75f4cea9109507cacd8e2f2aefc/img1.jpg
INFO: [ app_init ] --START--
INFO: Run Behavior\BuildLiteBehavior [ RunTime:0.000049s ]
INFO: [ app_init ] --END-- [ RunTime:0.001207s ]
ERR: 无法加载模块:Application

[ 2015-12-17T01:09:52+08:00 ] 127.0.0.1 /Qiao/Application/Home/View/Public/img/9dd56089270a59cb70de2bcfaa26c918/a1d0c6e83f027327d8461063f4ac58a6/img1.jpg
INFO: [ app_init ] --START--
INFO: Run Behavior\BuildLiteBehavior [ RunTime:0.000028s ]
INFO: [ app_init ] --END-- [ RunTime:0.001435s ]
ERR: 无法加载模块:Application

[ 2015-12-17T01:10:04+08:00 ] 127.0.0.1 /Qiao/Application/Home/View/Public/img/9dd56089270a59cb70de2bcfaa26c918/17e62166fc8586dfa4d1bc0e1742c08b/img1.jpg
INFO: [ app_init ] --START--
INFO: Run Behavior\BuildLiteBehavior [ RunTime:0.000044s ]
INFO: [ app_init ] --END-- [ RunTime:0.001090s ]
ERR: 无法加载模块:Application

[ 2015-12-17T01:10:16+08:00 ] 127.0.0.1 /Qiao/Application/Home/View/Public/img/9dd56089270a59cb70de2bcfaa26c918/e369853df766fa44e1ed0ff613f563bd/img1.jpg
INFO: [ app_init ] --START--
INFO: Run Behavior\BuildLiteBehavior [ RunTime:0.000058s ]
INFO: [ app_init ] --END-- [ RunTime:0.002383s ]
ERR: 无法加载模块:Application

[ 2015-12-17T01:10:19+08:00 ] 127.0.0.1 /Qiao/Application/Home/View/Public/img/9dd56089270a59cb70de2bcfaa26c918/1c383cd30b7c298ab50293adfecb7b18/img1.jpg
INFO: [ app_init ] --START--
INFO: Run Behavior\BuildLiteBehavior [ RunTime:0.000029s ]
INFO: [ app_init ] --END-- [ RunTime:0.000560s ]
ERR: 无法加载模块:Application

[ 2015-12-17T01:10:22+08:00 ] 127.0.0.1 /Qiao/Application/Home/View/Public/img/9dd56089270a59cb70de2bcfaa26c918/19ca14e7ea6328a42e0eb13d585e4c22/img1.jpg
INFO: [ app_init ] --START--
INFO: Run Behavior\BuildLiteBehavior [ RunTime:0.000033s ]
INFO: [ app_init ] --END-- [ RunTime:0.000506s ]
ERR: 无法加载模块:Application

[ 2015-12-17T01:10:24+08:00 ] 127.0.0.1 /Qiao/Application/Home/View/Public/img/9dd56089270a59cb70de2bcfaa26c918/a5bfc9e07964f8dddeb95fc584cd965d/img1.jpg
INFO: [ app_init ] --START--
INFO: Run Behavior\BuildLiteBehavior [ RunTime:0.000053s ]
INFO: [ app_init ] --END-- [ RunTime:0.001112s ]
ERR: 无法加载模块:Application

[ 2015-12-17T01:10:27+08:00 ] 127.0.0.1 /Qiao/Application/Home/View/Public/img/9dd56089270a59cb70de2bcfaa26c918/a5771bce93e200c36f7cd9dfd0e5deaa/img1.jpg
INFO: [ app_init ] --START--
INFO: Run Behavior\BuildLiteBehavior [ RunTime:0.000025s ]
INFO: [ app_init ] --END-- [ RunTime:0.000533s ]
ERR: 无法加载模块:Application

[ 2015-12-17T01:10:30+08:00 ] 127.0.0.1 /Qiao/Application/Home/View/Public/img/9dd56089270a59cb70de2bcfaa26c918/d67d8ab4f4c10bf22aa353e27879133c/img1.jpg
INFO: [ app_init ] --START--
INFO: Run Behavior\BuildLiteBehavior [ RunTime:0.000024s ]
INFO: [ app_init ] --END-- [ RunTime:0.000504s ]
ERR: 无法加载模块:Application

[ 2015-12-17T01:10:33+08:00 ] 127.0.0.1 /Qiao/Application/Home/View/Public/img/9dd56089270a59cb70de2bcfaa26c918/d645920e395fedad7bbbed0eca3fe2e0/img1.jpg
INFO: [ app_init ] --START--
INFO: Run Behavior\BuildLiteBehavior [ RunTime:0.000033s ]
INFO: [ app_init ] --END-- [ RunTime:0.002084s ]
ERR: 无法加载模块:Application

[ 2015-12-17T01:10:37+08:00 ] 127.0.0.1 /Qiao/Application/Home/View/Public/img/9dd56089270a59cb70de2bcfaa26c918/3416a75f4cea9109507cacd8e2f2aefc/img1.jpg
INFO: [ app_init ] --START--
INFO: Run Behavior\BuildLiteBehavior [ RunTime:0.000043s ]
INFO: [ app_init ] --END-- [ RunTime:0.001581s ]
ERR: 无法加载模块:Application

[ 2015-12-17T01:10:40+08:00 ] 127.0.0.1 /Qiao/Application/Home/View/Public/img/9dd56089270a59cb70de2bcfaa26c918/a1d0c6e83f027327d8461063f4ac58a6/img1.jpg
INFO: [ app_init ] --START--
INFO: Run Behavior\BuildLiteBehavior [ RunTime:0.000024s ]
INFO: [ app_init ] --END-- [ RunTime:0.000472s ]
ERR: 无法加载模块:Application

[ 2015-12-17T01:10:43+08:00 ] 127.0.0.1 /Qiao/Application/Home/View/Public/img/9dd56089270a59cb70de2bcfaa26c918/17e62166fc8586dfa4d1bc0e1742c08b/img1.jpg
INFO: [ app_init ] --START--
INFO: Run Behavior\BuildLiteBehavior [ RunTime:0.000026s ]
INFO: [ app_init ] --END-- [ RunTime:0.000547s ]
ERR: 无法加载模块:Application

[ 2015-12-17T01:12:27+08:00 ] 127.0.0.1 /Qiao/Application/Home/View/Public/img/9dd56089270a59cb70de2bcfaa26c918/1c383cd30b7c298ab50293adfecb7b18/img1.jpg
INFO: [ app_init ] --START--
INFO: Run Behavior\BuildLiteBehavior [ RunTime:0.000043s ]
INFO: [ app_init ] --END-- [ RunTime:0.000885s ]
ERR: 无法加载模块:Application

[ 2015-12-17T01:12:52+08:00 ] 127.0.0.1 /Qiao/Application/Home/View/Public/img/9dd56089270a59cb70de2bcfaa26c918/6c8349cc7260ae62e3b1396831a8398f/img1.jpg
INFO: [ app_init ] --START--
INFO: Run Behavior\BuildLiteBehavior [ RunTime:0.000033s ]
INFO: [ app_init ] --END-- [ RunTime:0.001066s ]
ERR: 无法加载模块:Application

[ 2015-12-17T01:13:11+08:00 ] 127.0.0.1 /Qiao/Application/Home/View/Public/img/9dd56089270a59cb70de2bcfaa26c918/e369853df766fa44e1ed0ff613f563bd/img1.jpg
INFO: [ app_init ] --START--
INFO: Run Behavior\BuildLiteBehavior [ RunTime:0.000042s ]
INFO: [ app_init ] --END-- [ RunTime:0.001080s ]
ERR: 无法加载模块:Application

[ 2015-12-17T01:13:25+08:00 ] 127.0.0.1 /Qiao/Application/Home/View/Public/img/9dd56089270a59cb70de2bcfaa26c918/d9d4f495e875a2e075a1a4a6e1b9770f/img1.jpg
INFO: [ app_init ] --START--
INFO: Run Behavior\BuildLiteBehavior [ RunTime:0.000027s ]
INFO: [ app_init ] --END-- [ RunTime:0.000597s ]
ERR: 无法加载模块:Application

[ 2015-12-17T01:13:45+08:00 ] 127.0.0.1 /Qiao/Application/Home/View/Public/img/9dd56089270a59cb70de2bcfaa26c918/d9d4f495e875a2e075a1a4a6e1b9770f/img1.jpg
INFO: [ app_init ] --START--
INFO: Run Behavior\BuildLiteBehavior [ RunTime:0.000061s ]
INFO: [ app_init ] --END-- [ RunTime:0.001165s ]
ERR: 无法加载模块:Application

[ 2015-12-17T01:13:57+08:00 ] 127.0.0.1 /Qiao/Application/Home/View/Public/img/9dd56089270a59cb70de2bcfaa26c918/e369853df766fa44e1ed0ff613f563bd/img1.jpg
INFO: [ app_init ] --START--
INFO: Run Behavior\BuildLiteBehavior [ RunTime:0.000143s ]
INFO: [ app_init ] --END-- [ RunTime:0.000988s ]
ERR: 无法加载模块:Application

[ 2015-12-17T01:13:59+08:00 ] 127.0.0.1 /Qiao/Application/Home/View/Public/img/9dd56089270a59cb70de2bcfaa26c918/6c8349cc7260ae62e3b1396831a8398f/img1.jpg
INFO: [ app_init ] --START--
INFO: Run Behavior\BuildLiteBehavior [ RunTime:0.000026s ]
INFO: [ app_init ] --END-- [ RunTime:0.000578s ]
ERR: 无法加载模块:Application

[ 2015-12-17T01:14:02+08:00 ] 127.0.0.1 /Qiao/Application/Home/View/Public/img/9dd56089270a59cb70de2bcfaa26c918/1c383cd30b7c298ab50293adfecb7b18/img1.jpg
INFO: [ app_init ] --START--
INFO: Run Behavior\BuildLiteBehavior [ RunTime:0.000050s ]
INFO: [ app_init ] --END-- [ RunTime:0.001270s ]
ERR: 无法加载模块:Application

[ 2015-12-17T01:14:04+08:00 ] 127.0.0.1 /Qiao/Application/Home/View/Public/img/9dd56089270a59cb70de2bcfaa26c918/f7177163c833dff4b38fc8d2872f1ec6/img1.jpg
INFO: [ app_init ] --START--
INFO: Run Behavior\BuildLiteBehavior [ RunTime:0.000149s ]
INFO: [ app_init ] --END-- [ RunTime:0.002148s ]
ERR: 无法加载模块:Application

[ 2015-12-17T01:14:17+08:00 ] 127.0.0.1 /Qiao/Application/Home/View/Public/img/9dd56089270a59cb70de2bcfaa26c918/19ca14e7ea6328a42e0eb13d585e4c22/img1.jpg
INFO: [ app_init ] --START--
INFO: Run Behavior\BuildLiteBehavior [ RunTime:0.000030s ]
INFO: [ app_init ] --END-- [ RunTime:0.000664s ]
ERR: 无法加载模块:Application

[ 2015-12-17T01:14:21+08:00 ] 127.0.0.1 /Qiao/Application/Home/View/Public/img/9dd56089270a59cb70de2bcfaa26c918/a5bfc9e07964f8dddeb95fc584cd965d/img1.jpg
INFO: [ app_init ] --START--
INFO: Run Behavior\BuildLiteBehavior [ RunTime:0.000046s ]
INFO: [ app_init ] --END-- [ RunTime:0.000966s ]
ERR: 无法加载模块:Application

[ 2015-12-17T01:14:29+08:00 ] 127.0.0.1 /Qiao/Application/Home/View/Public/img/9dd56089270a59cb70de2bcfaa26c918/67c6a1e7ce56d3d6fa748ab6d9af3fd7/img1.jpg
INFO: [ app_init ] --START--
INFO: Run Behavior\BuildLiteBehavior [ RunTime:0.000042s ]
INFO: [ app_init ] --END-- [ RunTime:0.001243s ]
ERR: 无法加载模块:Application

[ 2015-12-17T01:14:40+08:00 ] 127.0.0.1 /Qiao/Application/Home/View/Public/img/9dd56089270a59cb70de2bcfaa26c918/19ca14e7ea6328a42e0eb13d585e4c22/img1.jpg
INFO: [ app_init ] --START--
INFO: Run Behavior\BuildLiteBehavior [ RunTime:0.000026s ]
INFO: [ app_init ] --END-- [ RunTime:0.000549s ]
ERR: 无法加载模块:Application

[ 2015-12-17T01:14:51+08:00 ] 127.0.0.1 /Qiao/Application/Home/View/Public/img/9dd56089270a59cb70de2bcfaa26c918/67c6a1e7ce56d3d6fa748ab6d9af3fd7/img1.jpg
INFO: [ app_init ] --START--
INFO: Run Behavior\BuildLiteBehavior [ RunTime:0.000027s ]
INFO: [ app_init ] --END-- [ RunTime:0.000597s ]
ERR: 无法加载模块:Application

[ 2015-12-17T01:14:53+08:00 ] 127.0.0.1 /Qiao/Application/Home/View/Public/img/9dd56089270a59cb70de2bcfaa26c918/19ca14e7ea6328a42e0eb13d585e4c22/img1.jpg
INFO: [ app_init ] --START--
INFO: Run Behavior\BuildLiteBehavior [ RunTime:0.000043s ]
INFO: [ app_init ] --END-- [ RunTime:0.001054s ]
ERR: 无法加载模块:Application

[ 2015-12-17T01:14:56+08:00 ] 127.0.0.1 /Qiao/Application/Home/View/Public/img/9dd56089270a59cb70de2bcfaa26c918/1c383cd30b7c298ab50293adfecb7b18/img1.jpg
INFO: [ app_init ] --START--
INFO: Run Behavior\BuildLiteBehavior [ RunTime:0.000042s ]
INFO: [ app_init ] --END-- [ RunTime:0.000902s ]
ERR: 无法加载模块:Application

[ 2015-12-17T01:14:58+08:00 ] 127.0.0.1 /Qiao/Application/Home/View/Public/img/9dd56089270a59cb70de2bcfaa26c918/f7177163c833dff4b38fc8d2872f1ec6/img1.jpg
INFO: [ app_init ] --START--
INFO: Run Behavior\BuildLiteBehavior [ RunTime:0.000044s ]
INFO: [ app_init ] --END-- [ RunTime:0.001724s ]
ERR: 无法加载模块:Application

[ 2015-12-17T01:15:02+08:00 ] 127.0.0.1 /Qiao/Application/Home/View/Public/img/9dd56089270a59cb70de2bcfaa26c918/a5bfc9e07964f8dddeb95fc584cd965d/img1.jpg
INFO: [ app_init ] --START--
INFO: Run Behavior\BuildLiteBehavior [ RunTime:0.000065s ]
INFO: [ app_init ] --END-- [ RunTime:0.001318s ]
ERR: 无法加载模块:Application

[ 2015-12-17T01:15:20+08:00 ] 127.0.0.1 /Qiao/Application/Home/View/Public/img/9dd56089270a59cb70de2bcfaa26c918/a5771bce93e200c36f7cd9dfd0e5deaa/img1.jpg
INFO: [ app_init ] --START--
INFO: Run Behavior\BuildLiteBehavior [ RunTime:0.000028s ]
INFO: [ app_init ] --END-- [ RunTime:0.000688s ]
ERR: 无法加载模块:Application

[ 2015-12-17T01:15:44+08:00 ] 127.0.0.1 /Qiao/Application/Home/View/Public/img/9dd56089270a59cb70de2bcfaa26c918/642e92efb79421734881b53e1e1b18b6/img1.jpg
INFO: [ app_init ] --START--
INFO: Run Behavior\BuildLiteBehavior [ RunTime:0.000025s ]
INFO: [ app_init ] --END-- [ RunTime:0.000532s ]
ERR: 无法加载模块:Application

[ 2015-12-17T01:15:54+08:00 ] 127.0.0.1 /Qiao/Application/Home/View/Public/img/9dd56089270a59cb70de2bcfaa26c918/d67d8ab4f4c10bf22aa353e27879133c/img1.jpg
INFO: [ app_init ] --START--
INFO: Run Behavior\BuildLiteBehavior [ RunTime:0.000027s ]
INFO: [ app_init ] --END-- [ RunTime:0.000726s ]
ERR: 无法加载模块:Application

[ 2015-12-17T01:16:07+08:00 ] 127.0.0.1 /Qiao/Application/Home/View/Public/img/9dd56089270a59cb70de2bcfaa26c918/d645920e395fedad7bbbed0eca3fe2e0/img1.jpg
INFO: [ app_init ] --START--
INFO: Run Behavior\BuildLiteBehavior [ RunTime:0.000041s ]
INFO: [ app_init ] --END-- [ RunTime:0.001081s ]
ERR: 无法加载模块:Application

[ 2015-12-17T01:16:22+08:00 ] 127.0.0.1 /Qiao/Application/Home/View/Public/img/9dd56089270a59cb70de2bcfaa26c918/3416a75f4cea9109507cacd8e2f2aefc/img1.jpg
INFO: [ app_init ] --START--
INFO: Run Behavior\BuildLiteBehavior [ RunTime:0.000027s ]
INFO: [ app_init ] --END-- [ RunTime:0.000702s ]
ERR: 无法加载模块:Application

[ 2015-12-17T01:16:38+08:00 ] 127.0.0.1 /Qiao/Application/Home/View/Public/img/9dd56089270a59cb70de2bcfaa26c918/a1d0c6e83f027327d8461063f4ac58a6/img1.jpg
INFO: [ app_init ] --START--
INFO: Run Behavior\BuildLiteBehavior [ RunTime:0.000093s ]
INFO: [ app_init ] --END-- [ RunTime:0.000722s ]
ERR: 无法加载模块:Application

[ 2015-12-17T01:16:49+08:00 ] 127.0.0.1 /Qiao/Application/Home/View/Public/img/9dd56089270a59cb70de2bcfaa26c918/17e62166fc8586dfa4d1bc0e1742c08b/img1.jpg
INFO: [ app_init ] --START--
INFO: Run Behavior\BuildLiteBehavior [ RunTime:0.000041s ]
INFO: [ app_init ] --END-- [ RunTime:0.001097s ]
ERR: 无法加载模块:Application

[ 2015-12-17T01:23:16+08:00 ] 127.0.0.1 /Qiao/Application/Home/View/Public/img/9dd56089270a59cb70de2bcfaa26c918/d9d4f495e875a2e075a1a4a6e1b9770f/img1.jpg
INFO: [ app_init ] --START--
INFO: Run Behavior\BuildLiteBehavior [ RunTime:0.000059s ]
INFO: [ app_init ] --END-- [ RunTime:0.000956s ]
ERR: 无法加载模块:Application

[ 2015-12-17T01:23:20+08:00 ] 127.0.0.1 /Qiao/Application/Home/View/Public/img/9dd56089270a59cb70de2bcfaa26c918/e369853df766fa44e1ed0ff613f563bd/img1.jpg
INFO: [ app_init ] --START--
INFO: Run Behavior\BuildLiteBehavior [ RunTime:0.000051s ]
INFO: [ app_init ] --END-- [ RunTime:0.000802s ]
ERR: 无法加载模块:Application

[ 2015-12-17T01:23:23+08:00 ] 127.0.0.1 /Qiao/Application/Home/View/Public/img/9dd56089270a59cb70de2bcfaa26c918/6c8349cc7260ae62e3b1396831a8398f/img1.jpg
INFO: [ app_init ] --START--
INFO: Run Behavior\BuildLiteBehavior [ RunTime:0.000060s ]
INFO: [ app_init ] --END-- [ RunTime:0.001068s ]
ERR: 无法加载模块:Application

[ 2015-12-17T01:23:27+08:00 ] 127.0.0.1 /Qiao/Application/Home/View/Public/img/9dd56089270a59cb70de2bcfaa26c918/f7177163c833dff4b38fc8d2872f1ec6/img1.jpg
INFO: [ app_init ] --START--
INFO: Run Behavior\BuildLiteBehavior [ RunTime:0.000026s ]
INFO: [ app_init ] --END-- [ RunTime:0.000687s ]
ERR: 无法加载模块:Application

[ 2015-12-17T01:23:30+08:00 ] 127.0.0.1 /Qiao/Application/Home/View/Public/img/9dd56089270a59cb70de2bcfaa26c918/1c383cd30b7c298ab50293adfecb7b18/img1.jpg
INFO: [ app_init ] --START--
INFO: Run Behavior\BuildLiteBehavior [ RunTime:0.000026s ]
INFO: [ app_init ] --END-- [ RunTime:0.000601s ]
ERR: 无法加载模块:Application

[ 2015-12-17T01:23:36+08:00 ] 127.0.0.1 /Qiao/Application/Home/View/Public/img/9dd56089270a59cb70de2bcfaa26c918/3416a75f4cea9109507cacd8e2f2aefc/img1.jpg
INFO: [ app_init ] --START--
INFO: Run Behavior\BuildLiteBehavior [ RunTime:0.000116s ]
INFO: [ app_init ] --END-- [ RunTime:0.002138s ]
ERR: 无法加载模块:Application

[ 2015-12-17T01:23:39+08:00 ] 127.0.0.1 /Qiao/Application/Home/View/Public/img/9dd56089270a59cb70de2bcfaa26c918/a1d0c6e83f027327d8461063f4ac58a6/img1.jpg
INFO: [ app_init ] --START--
INFO: Run Behavior\BuildLiteBehavior [ RunTime:0.000028s ]
INFO: [ app_init ] --END-- [ RunTime:0.000699s ]
ERR: 无法加载模块:Application

[ 2015-12-17T01:23:42+08:00 ] 127.0.0.1 /Qiao/Application/Home/View/Public/img/9dd56089270a59cb70de2bcfaa26c918/17e62166fc8586dfa4d1bc0e1742c08b/img1.jpg
INFO: [ app_init ] --START--
INFO: Run Behavior\BuildLiteBehavior [ RunTime:0.000034s ]
INFO: [ app_init ] --END-- [ RunTime:0.000583s ]
ERR: 无法加载模块:Application

[ 2015-12-17T01:23:50+08:00 ] 127.0.0.1 /Qiao/Application/Home/View/Public/img/9dd56089270a59cb70de2bcfaa26c918/d9d4f495e875a2e075a1a4a6e1b9770f/img1.jpg
INFO: [ app_init ] --START--
INFO: Run Behavior\BuildLiteBehavior [ RunTime:0.000027s ]
INFO: [ app_init ] --END-- [ RunTime:0.000820s ]
ERR: 无法加载模块:Application

[ 2015-12-17T01:24:00+08:00 ] 127.0.0.1 /Qiao/Application/Home/View/Public/img/9dd56089270a59cb70de2bcfaa26c918/e369853df766fa44e1ed0ff613f563bd/img1.jpg
INFO: [ app_init ] --START--
INFO: Run Behavior\BuildLiteBehavior [ RunTime:0.000032s ]
INFO: [ app_init ] --END-- [ RunTime:0.000732s ]
ERR: 无法加载模块:Application

[ 2015-12-17T01:24:03+08:00 ] 127.0.0.1 /Qiao/Application/Home/View/Public/img/9dd56089270a59cb70de2bcfaa26c918/6c8349cc7260ae62e3b1396831a8398f/img1.jpg
INFO: [ app_init ] --START--
INFO: Run Behavior\BuildLiteBehavior [ RunTime:0.000049s ]
INFO: [ app_init ] --END-- [ RunTime:0.001042s ]
ERR: 无法加载模块:Application

[ 2015-12-17T01:24:07+08:00 ] 127.0.0.1 /Qiao/Application/Home/View/Public/img/9dd56089270a59cb70de2bcfaa26c918/e369853df766fa44e1ed0ff613f563bd/img1.jpg
INFO: [ app_init ] --START--
INFO: Run Behavior\BuildLiteBehavior [ RunTime:0.000065s ]
INFO: [ app_init ] --END-- [ RunTime:0.000842s ]
ERR: 无法加载模块:Application

[ 2015-12-17T01:24:09+08:00 ] 127.0.0.1 /Qiao/Application/Home/View/Public/img/9dd56089270a59cb70de2bcfaa26c918/6c8349cc7260ae62e3b1396831a8398f/img1.jpg
INFO: [ app_init ] --START--
INFO: Run Behavior\BuildLiteBehavior [ RunTime:0.000035s ]
INFO: [ app_init ] --END-- [ RunTime:0.000871s ]
ERR: 无法加载模块:Application

[ 2015-12-17T01:24:15+08:00 ] 127.0.0.1 /Qiao/Application/Home/View/Public/img/9dd56089270a59cb70de2bcfaa26c918/1c383cd30b7c298ab50293adfecb7b18/img1.jpg
INFO: [ app_init ] --START--
INFO: Run Behavior\BuildLiteBehavior [ RunTime:0.000043s ]
INFO: [ app_init ] --END-- [ RunTime:0.000956s ]
ERR: 无法加载模块:Application

[ 2015-12-17T01:24:17+08:00 ] 127.0.0.1 /Qiao/Application/Home/View/Public/img/9dd56089270a59cb70de2bcfaa26c918/f7177163c833dff4b38fc8d2872f1ec6/img1.jpg
INFO: [ app_init ] --START--
INFO: Run Behavior\BuildLiteBehavior [ RunTime:0.000054s ]
INFO: [ app_init ] --END-- [ RunTime:0.001075s ]
ERR: 无法加载模块:Application

[ 2015-12-17T02:56:42+08:00 ] 127.0.0.1 /Qiao/Application/Home/View/Public/img/9dd56089270a59cb70de2bcfaa26c918/d9d4f495e875a2e075a1a4a6e1b9770f/img1.jpg
INFO: [ app_init ] --START--
INFO: Run Behavior\BuildLiteBehavior [ RunTime:0.000048s ]
INFO: [ app_init ] --END-- [ RunTime:0.000907s ]
ERR: 无法加载模块:Application

[ 2015-12-17T03:30:55+08:00 ] 127.0.0.1 /Qiao/Application/Home/View/Public/img/7f58875aa30497c1fa54293c135ea200/bimg1.jpg
INFO: [ app_init ] --START--
INFO: Run Behavior\BuildLiteBehavior [ RunTime:0.000046s ]
INFO: [ app_init ] --END-- [ RunTime:0.000806s ]
ERR: 无法加载模块:Application

[ 2015-12-17T03:30:55+08:00 ] 127.0.0.1 /Qiao/Application/Home/View/Public/img/7f58875aa30497c1fa54293c135ea200/cimg1.jpg
INFO: [ app_init ] --START--
INFO: Run Behavior\BuildLiteBehavior [ RunTime:0.000051s ]
INFO: [ app_init ] --END-- [ RunTime:0.000762s ]
ERR: 无法加载模块:Application

[ 2015-12-17T03:30:55+08:00 ] 127.0.0.1 /Qiao/Application/Home/View/Public/img/7f58875aa30497c1fa54293c135ea200/aimg1.jpg
INFO: [ app_init ] --START--
INFO: Run Behavior\BuildLiteBehavior [ RunTime:0.000066s ]
INFO: [ app_init ] --END-- [ RunTime:0.001284s ]
ERR: 无法加载模块:Application

[ 2015-12-17T03:31:34+08:00 ] 127.0.0.1 /Qiao/Application/Home/View/Public/img/7f58875aa30497c1fa54293c135ea200/f457c545a9ded88f18ecee47145a72c0/img1.jpg
INFO: [ app_init ] --START--
INFO: Run Behavior\BuildLiteBehavior [ RunTime:0.000030s ]
INFO: [ app_init ] --END-- [ RunTime:0.000664s ]
ERR: 无法加载模块:Application

[ 2015-12-17T03:33:57+08:00 ] 127.0.0.1 /Qiao/Application/Home/View/Public/img/7f58875aa30497c1fa54293c135ea200/f457c545a9ded88f18ecee47145a72c0/img1.jpg
INFO: [ app_init ] --START--
INFO: Run Behavior\BuildLiteBehavior [ RunTime:0.000076s ]
INFO: [ app_init ] --END-- [ RunTime:0.001460s ]
ERR: 无法加载模块:Application

[ 2015-12-17T03:35:50+08:00 ] 127.0.0.1 /Qiao/Application/Home/View/Public/img/7f58875aa30497c1fa54293c135ea200/f457c545a9ded88f18ecee47145a72c0/img1.jpg
INFO: [ app_init ] --START--
INFO: Run Behavior\BuildLiteBehavior [ RunTime:0.000039s ]
INFO: [ app_init ] --END-- [ RunTime:0.000574s ]
ERR: 无法加载模块:Application

[ 2015-12-17T03:41:55+08:00 ] 127.0.0.1 /Qiao/Application/Home/View/Public/img/7f58875aa30497c1fa54293c135ea200/f457c545a9ded88f18ecee47145a72c0/img1.jpg
INFO: [ app_init ] --START--
INFO: Run Behavior\BuildLiteBehavior [ RunTime:0.000077s ]
INFO: [ app_init ] --END-- [ RunTime:0.001689s ]
ERR: 无法加载模块:Application

[ 2015-12-17T03:42:17+08:00 ] 127.0.0.1 /Qiao/Application/Home/View/Public/img/7f58875aa30497c1fa54293c135ea200/f457c545a9ded88f18ecee47145a72c0/img1.jpg
INFO: [ app_init ] --START--
INFO: Run Behavior\BuildLiteBehavior [ RunTime:0.000025s ]
INFO: [ app_init ] --END-- [ RunTime:0.000512s ]
ERR: 无法加载模块:Application

[ 2015-12-17T03:48:48+08:00 ] 127.0.0.1 /Qiao/Application/Home/View/Public/img/7f58875aa30497c1fa54293c135ea200/f457c545a9ded88f18ecee47145a72c0/img1.jpg
INFO: [ app_init ] --START--
INFO: Run Behavior\BuildLiteBehavior [ RunTime:0.000033s ]
INFO: [ app_init ] --END-- [ RunTime:0.000479s ]
ERR: 无法加载模块:Application

[ 2015-12-17T03:49:43+08:00 ] 127.0.0.1 /Qiao/Application/Home/View/Public/img/7f58875aa30497c1fa54293c135ea200/f457c545a9ded88f18ecee47145a72c0/img1.jpg
INFO: [ app_init ] --START--
INFO: Run Behavior\BuildLiteBehavior [ RunTime:0.000028s ]
INFO: [ app_init ] --END-- [ RunTime:0.000797s ]
ERR: 无法加载模块:Application

[ 2015-12-17T03:51:04+08:00 ] 127.0.0.1 /Qiao/Application/Home/View/Public/img/7f58875aa30497c1fa54293c135ea200/f457c545a9ded88f18ecee47145a72c0/img1.jpg
INFO: [ app_init ] --START--
INFO: Run Behavior\BuildLiteBehavior [ RunTime:0.000024s ]
INFO: [ app_init ] --END-- [ RunTime:0.000492s ]
ERR: 无法加载模块:Application

[ 2015-12-17T03:52:27+08:00 ] 127.0.0.1 /Qiao/Application/Home/View/Public/img/7f58875aa30497c1fa54293c135ea200/f457c545a9ded88f18ecee47145a72c0/img1.jpg
INFO: [ app_init ] --START--
INFO: Run Behavior\BuildLiteBehavior [ RunTime:0.000091s ]
INFO: [ app_init ] --END-- [ RunTime:0.000949s ]
ERR: 无法加载模块:Application

[ 2015-12-17T03:52:37+08:00 ] 127.0.0.1 /Qiao/Application/Home/View/Public/img/7f58875aa30497c1fa54293c135ea200/f457c545a9ded88f18ecee47145a72c0/img1.jpg
INFO: [ app_init ] --START--
INFO: Run Behavior\BuildLiteBehavior [ RunTime:0.000087s ]
INFO: [ app_init ] --END-- [ RunTime:0.001002s ]
ERR: 无法加载模块:Application

[ 2015-12-17T03:52:47+08:00 ] 127.0.0.1 /Qiao/Application/Home/View/Public/img/7f58875aa30497c1fa54293c135ea200/f457c545a9ded88f18ecee47145a72c0/img1.jpg
INFO: [ app_init ] --START--
INFO: Run Behavior\BuildLiteBehavior [ RunTime:0.000065s ]
INFO: [ app_init ] --END-- [ RunTime:0.001587s ]
ERR: 无法加载模块:Application

[ 2015-12-17T03:54:21+08:00 ] 127.0.0.1 /Qiao/Application/Home/View/Public/img/7f58875aa30497c1fa54293c135ea200/f457c545a9ded88f18ecee47145a72c0/img1.jpg
INFO: [ app_init ] --START--
INFO: Run Behavior\BuildLiteBehavior [ RunTime:0.000032s ]
INFO: [ app_init ] --END-- [ RunTime:0.000934s ]
ERR: 无法加载模块:Application

[ 2015-12-17T03:56:32+08:00 ] 127.0.0.1 /Qiao/Application/Home/View/Public/img/7f58875aa30497c1fa54293c135ea200/f457c545a9ded88f18ecee47145a72c0/img1.jpg
INFO: [ app_init ] --START--
INFO: Run Behavior\BuildLiteBehavior [ RunTime:0.000026s ]
INFO: [ app_init ] --END-- [ RunTime:0.000626s ]
ERR: 无法加载模块:Application

[ 2015-12-17T03:56:36+08:00 ] 127.0.0.1 /Qiao/Application/Home/View/Public/img/7f58875aa30497c1fa54293c135ea200/f457c545a9ded88f18ecee47145a72c0/img1.jpg
INFO: [ app_init ] --START--
INFO: Run Behavior\BuildLiteBehavior [ RunTime:0.000026s ]
INFO: [ app_init ] --END-- [ RunTime:0.000528s ]
ERR: 无法加载模块:Application

[ 2015-12-17T03:56:42+08:00 ] 127.0.0.1 /Qiao/Application/Home/View/Public/img/7f58875aa30497c1fa54293c135ea200/f457c545a9ded88f18ecee47145a72c0/img1.jpg
INFO: [ app_init ] --START--
INFO: Run Behavior\BuildLiteBehavior [ RunTime:0.000093s ]
INFO: [ app_init ] --END-- [ RunTime:0.002242s ]
ERR: 无法加载模块:Application

[ 2015-12-17T03:56:52+08:00 ] 127.0.0.1 /Qiao/Application/Home/View/Public/img/7f58875aa30497c1fa54293c135ea200/f457c545a9ded88f18ecee47145a72c0/img1.jpg
INFO: [ app_init ] --START--
INFO: Run Behavior\BuildLiteBehavior [ RunTime:0.000125s ]
INFO: [ app_init ] --END-- [ RunTime:0.001903s ]
ERR: 无法加载模块:Application

[ 2015-12-17T03:59:13+08:00 ] 127.0.0.1 /Qiao/Application/Home/View/Public/img/7f58875aa30497c1fa54293c135ea200/f457c545a9ded88f18ecee47145a72c0/img1.jpg
INFO: [ app_init ] --START--
INFO: Run Behavior\BuildLiteBehavior [ RunTime:0.000051s ]
INFO: [ app_init ] --END-- [ RunTime:0.000894s ]
ERR: 无法加载模块:Application

[ 2015-12-17T04:16:12+08:00 ] 127.0.0.1 /Qiao/Application/Home/View/Public/img/7f58875aa30497c1fa54293c135ea200/f457c545a9ded88f18ecee47145a72c0/img1.jpg
INFO: [ app_init ] --START--
INFO: Run Behavior\BuildLiteBehavior [ RunTime:0.000049s ]
INFO: [ app_init ] --END-- [ RunTime:0.000754s ]
ERR: 无法加载模块:Application

[ 2015-12-17T04:16:20+08:00 ] 127.0.0.1 /Qiao/Application/Home/View/Public/img/7f58875aa30497c1fa54293c135ea200/c0c7c76d30bd3dcaefc96f40275bdc0a/img1.jpg
INFO: [ app_init ] --START--
INFO: Run Behavior\BuildLiteBehavior [ RunTime:0.000048s ]
INFO: [ app_init ] --END-- [ RunTime:0.000736s ]
ERR: 无法加载模块:Application

[ 2015-12-17T04:17:02+08:00 ] 127.0.0.1 /Qiao/Application/Home/View/Public/img/7f58875aa30497c1fa54293c135ea200/f457c545a9ded88f18ecee47145a72c0/img1.jpg
INFO: [ app_init ] --START--
INFO: Run Behavior\BuildLiteBehavior [ RunTime:0.000041s ]
INFO: [ app_init ] --END-- [ RunTime:0.000765s ]
ERR: 无法加载模块:Application

[ 2015-12-17T04:17:04+08:00 ] 127.0.0.1 /Qiao/Application/Home/View/Public/img/7f58875aa30497c1fa54293c135ea200/c0c7c76d30bd3dcaefc96f40275bdc0a/img1.jpg
INFO: [ app_init ] --START--
INFO: Run Behavior\BuildLiteBehavior [ RunTime:0.000028s ]
INFO: [ app_init ] --END-- [ RunTime:0.000569s ]
ERR: 无法加载模块:Application

[ 2015-12-17T04:17:07+08:00 ] 127.0.0.1 /Qiao/Application/Home/View/Public/img/7f58875aa30497c1fa54293c135ea200/f457c545a9ded88f18ecee47145a72c0/img1.jpg
INFO: [ app_init ] --START--
INFO: Run Behavior\BuildLiteBehavior [ RunTime:0.000043s ]
INFO: [ app_init ] --END-- [ RunTime:0.000928s ]
ERR: 无法加载模块:Application

[ 2015-12-17T04:17:09+08:00 ] 127.0.0.1 /Qiao/Application/Home/View/Public/img/7f58875aa30497c1fa54293c135ea200/c0c7c76d30bd3dcaefc96f40275bdc0a/img1.jpg
INFO: [ app_init ] --START--
INFO: Run Behavior\BuildLiteBehavior [ RunTime:0.000027s ]
INFO: [ app_init ] --END-- [ RunTime:0.000563s ]
ERR: 无法加载模块:Application

[ 2015-12-17T10:33:37+08:00 ] 127.0.0.1 /Qiao/Application/Home/View/Public/img/7f58875aa30497c1fa54293c135ea200/f457c545a9ded88f18ecee47145a72c0/img1.jpg
INFO: [ app_init ] --START--
INFO: Run Behavior\BuildLiteBehavior [ RunTime:0.000042s ]
INFO: [ app_init ] --END-- [ RunTime:0.000635s ]
ERR: 无法加载模块:Application

[ 2015-12-17T10:36:48+08:00 ] 127.0.0.1 /Qiao/Application/Home/View/Public/img/7f58875aa30497c1fa54293c135ea200/f457c545a9ded88f18ecee47145a72c0/img1.jpg
INFO: [ app_init ] --START--
INFO: Run Behavior\BuildLiteBehavior [ RunTime:0.000025s ]
INFO: [ app_init ] --END-- [ RunTime:0.000529s ]
ERR: 无法加载模块:Application

[ 2015-12-17T10:37:23+08:00 ] 127.0.0.1 /Qiao/Application/Home/View/Public/img/7f58875aa30497c1fa54293c135ea200/f457c545a9ded88f18ecee47145a72c0/img1.jpg
INFO: [ app_init ] --START--
INFO: Run Behavior\BuildLiteBehavior [ RunTime:0.000026s ]
INFO: [ app_init ] --END-- [ RunTime:0.000547s ]
ERR: 无法加载模块:Application

[ 2015-12-17T10:50:11+08:00 ] 127.0.0.1 /Qiao/Application/Home/View/Public/img/7f58875aa30497c1fa54293c135ea200/f457c545a9ded88f18ecee47145a72c0/img1.jpg
INFO: [ app_init ] --START--
INFO: Run Behavior\BuildLiteBehavior [ RunTime:0.000025s ]
INFO: [ app_init ] --END-- [ RunTime:0.000483s ]
ERR: 无法加载模块:Application

[ 2015-12-17T10:50:31+08:00 ] 127.0.0.1 /Qiao/Application/Home/View/Public/img/7f58875aa30497c1fa54293c135ea200/c0c7c76d30bd3dcaefc96f40275bdc0a/img1.jpg
INFO: [ app_init ] --START--
INFO: Run Behavior\BuildLiteBehavior [ RunTime:0.000027s ]
INFO: [ app_init ] --END-- [ RunTime:0.000565s ]
ERR: 无法加载模块:Application

[ 2015-12-17T10:50:32+08:00 ] 127.0.0.1 /Qiao/Application/Home/View/Public/img/7f58875aa30497c1fa54293c135ea200/f457c545a9ded88f18ecee47145a72c0/img1.jpg
INFO: [ app_init ] --START--
INFO: Run Behavior\BuildLiteBehavior [ RunTime:0.000053s ]
INFO: [ app_init ] --END-- [ RunTime:0.000836s ]
ERR: 无法加载模块:Application

[ 2015-12-17T10:51:07+08:00 ] 127.0.0.1 /Qiao/Application/Home/View/Public/img/7f58875aa30497c1fa54293c135ea200/c0c7c76d30bd3dcaefc96f40275bdc0a/img1.jpg
INFO: [ app_init ] --START--
INFO: Run Behavior\BuildLiteBehavior [ RunTime:0.000039s ]
INFO: [ app_init ] --END-- [ RunTime:0.000589s ]
ERR: 无法加载模块:Application

[ 2015-12-17T10:51:07+08:00 ] 127.0.0.1 /Qiao/Application/Home/View/Public/img/7f58875aa30497c1fa54293c135ea200/f457c545a9ded88f18ecee47145a72c0/img1.jpg
INFO: [ app_init ] --START--
INFO: Run Behavior\BuildLiteBehavior [ RunTime:0.000037s ]
INFO: [ app_init ] --END-- [ RunTime:0.000800s ]
ERR: 无法加载模块:Application

[ 2015-12-17T10:52:55+08:00 ] 127.0.0.1 /Qiao/Application/Home/View/Public/img/7f58875aa30497c1fa54293c135ea200/f457c545a9ded88f18ecee47145a72c0/img1.jpg
INFO: [ app_init ] --START--
INFO: Run Behavior\BuildLiteBehavior [ RunTime:0.000033s ]
INFO: [ app_init ] --END-- [ RunTime:0.000867s ]
ERR: 无法加载模块:Application

[ 2015-12-17T10:52:58+08:00 ] 127.0.0.1 /Qiao/Application/Home/View/Public/img/7f58875aa30497c1fa54293c135ea200/f457c545a9ded88f18ecee47145a72c0/img1.jpg
INFO: [ app_init ] --START--
INFO: Run Behavior\BuildLiteBehavior [ RunTime:0.000025s ]
INFO: [ app_init ] --END-- [ RunTime:0.000520s ]
ERR: 无法加载模块:Application

[ 2015-12-17T10:54:07+08:00 ] 127.0.0.1 /Qiao/Application/Home/View/Public/img/7f58875aa30497c1fa54293c135ea200/aimg1.jpg
INFO: [ app_init ] --START--
INFO: Run Behavior\BuildLiteBehavior [ RunTime:0.000048s ]
INFO: [ app_init ] --END-- [ RunTime:0.000765s ]
ERR: 无法加载模块:Application

[ 2015-12-17T10:54:07+08:00 ] 127.0.0.1 /Qiao/Application/Home/View/Public/img/7f58875aa30497c1fa54293c135ea200/cimg1.jpg
INFO: [ app_init ] --START--
INFO: Run Behavior\BuildLiteBehavior [ RunTime:0.000045s ]
INFO: [ app_init ] --END-- [ RunTime:0.000890s ]
ERR: 无法加载模块:Application

[ 2015-12-17T10:54:07+08:00 ] 127.0.0.1 /Qiao/Application/Home/View/Public/img/7f58875aa30497c1fa54293c135ea200/bimg1.jpg
INFO: [ app_init ] --START--
INFO: Run Behavior\BuildLiteBehavior [ RunTime:0.000038s ]
INFO: [ app_init ] --END-- [ RunTime:0.000809s ]
ERR: 无法加载模块:Application

[ 2015-12-17T12:19:01+08:00 ] 127.0.0.1 /Qiao/Application/Home/View/Public/img/7f58875aa30497c1fa54293c135ea200/f457c545a9ded88f18ecee47145a72c0/img1.jpg
INFO: [ app_init ] --START--
INFO: Run Behavior\BuildLiteBehavior [ RunTime:0.000025s ]
INFO: [ app_init ] --END-- [ RunTime:0.000531s ]
ERR: 无法加载模块:Application

[ 2015-12-17T12:19:12+08:00 ] 127.0.0.1 /Qiao/Application/Home/View/Public/img/7f58875aa30497c1fa54293c135ea200/f457c545a9ded88f18ecee47145a72c0/img1.jpg
INFO: [ app_init ] --START--
INFO: Run Behavior\BuildLiteBehavior [ RunTime:0.000037s ]
INFO: [ app_init ] --END-- [ RunTime:0.000952s ]
ERR: 无法加载模块:Application

[ 2015-12-17T12:20:40+08:00 ] 127.0.0.1 /Qiao/Application/Home/View/Public/img/7f58875aa30497c1fa54293c135ea200/f457c545a9ded88f18ecee47145a72c0/img1.jpg
INFO: [ app_init ] --START--
INFO: Run Behavior\BuildLiteBehavior [ RunTime:0.000029s ]
INFO: [ app_init ] --END-- [ RunTime:0.000702s ]
ERR: 无法加载模块:Application

[ 2015-12-17T12:21:54+08:00 ] 127.0.0.1 /Qiao/Application/Home/View/Public/img/7f58875aa30497c1fa54293c135ea200/f457c545a9ded88f18ecee47145a72c0/img1.jpg
INFO: [ app_init ] --START--
INFO: Run Behavior\BuildLiteBehavior [ RunTime:0.000083s ]
INFO: [ app_init ] --END-- [ RunTime:0.001052s ]
ERR: 无法加载模块:Application

[ 2015-12-17T12:22:07+08:00 ] 127.0.0.1 /Qiao/Application/Home/View/Public/img/7f58875aa30497c1fa54293c135ea200/c0c7c76d30bd3dcaefc96f40275bdc0a/img1.jpg
INFO: [ app_init ] --START--
INFO: Run Behavior\BuildLiteBehavior [ RunTime:0.000042s ]
INFO: [ app_init ] --END-- [ RunTime:0.000680s ]
ERR: 无法加载模块:Application

[ 2015-12-17T12:22:08+08:00 ] 127.0.0.1 /Qiao/Application/Home/View/Public/img/7f58875aa30497c1fa54293c135ea200/f457c545a9ded88f18ecee47145a72c0/img1.jpg
INFO: [ app_init ] --START--
INFO: Run Behavior\BuildLiteBehavior [ RunTime:0.000050s ]
INFO: [ app_init ] --END-- [ RunTime:0.000870s ]
ERR: 无法加载模块:Application

[ 2015-12-17T12:22:30+08:00 ] 127.0.0.1 /Qiao/Application/Home/View/Public/img/7f58875aa30497c1fa54293c135ea200/c0c7c76d30bd3dcaefc96f40275bdc0a/img1.jpg
INFO: [ app_init ] --START--
INFO: Run Behavior\BuildLiteBehavior [ RunTime:0.000042s ]
INFO: [ app_init ] --END-- [ RunTime:0.000972s ]
ERR: 无法加载模块:Application

[ 2015-12-17T12:22:32+08:00 ] 127.0.0.1 /Qiao/Application/Home/View/Public/img/7f58875aa30497c1fa54293c135ea200/f457c545a9ded88f18ecee47145a72c0/img1.jpg
INFO: [ app_init ] --START--
INFO: Run Behavior\BuildLiteBehavior [ RunTime:0.000046s ]
INFO: [ app_init ] --END-- [ RunTime:0.000788s ]
ERR: 无法加载模块:Application

[ 2015-12-17T12:22:35+08:00 ] 127.0.0.1 /Qiao/Application/Home/View/Public/img/7f58875aa30497c1fa54293c135ea200/c0c7c76d30bd3dcaefc96f40275bdc0a/img1.jpg
INFO: [ app_init ] --START--
INFO: Run Behavior\BuildLiteBehavior [ RunTime:0.000055s ]
INFO: [ app_init ] --END-- [ RunTime:0.001011s ]
ERR: 无法加载模块:Application

[ 2015-12-17T12:22:37+08:00 ] 127.0.0.1 /Qiao/Application/Home/View/Public/img/7f58875aa30497c1fa54293c135ea200/f457c545a9ded88f18ecee47145a72c0/img1.jpg
INFO: [ app_init ] --START--
INFO: Run Behavior\BuildLiteBehavior [ RunTime:0.000026s ]
INFO: [ app_init ] --END-- [ RunTime:0.000549s ]
ERR: 无法加载模块:Application

[ 2015-12-17T12:22:40+08:00 ] 127.0.0.1 /Qiao/Application/Home/View/Public/img/7f58875aa30497c1fa54293c135ea200/c0c7c76d30bd3dcaefc96f40275bdc0a/img1.jpg
INFO: [ app_init ] --START--
INFO: Run Behavior\BuildLiteBehavior [ RunTime:0.000028s ]
INFO: [ app_init ] --END-- [ RunTime:0.000536s ]
ERR: 无法加载模块:Application

[ 2015-12-17T12:22:47+08:00 ] 127.0.0.1 /Qiao/Application/Home/View/Public/img/7f58875aa30497c1fa54293c135ea200/f457c545a9ded88f18ecee47145a72c0/img1.jpg
INFO: [ app_init ] --START--
INFO: Run Behavior\BuildLiteBehavior [ RunTime:0.000040s ]
INFO: [ app_init ] --END-- [ RunTime:0.000945s ]
ERR: 无法加载模块:Application

[ 2015-12-17T12:23:02+08:00 ] 127.0.0.1 /Qiao/Application/Home/View/Public/img/7f58875aa30497c1fa54293c135ea200/c0c7c76d30bd3dcaefc96f40275bdc0a/img1.jpg
INFO: [ app_init ] --START--
INFO: Run Behavior\BuildLiteBehavior [ RunTime:0.000033s ]
INFO: [ app_init ] --END-- [ RunTime:0.000571s ]
ERR: 无法加载模块:Application

[ 2015-12-17T13:27:58+08:00 ] 127.0.0.1 /Qiao/Application/Home/View/Public/img/7f58875aa30497c1fa54293c135ea200/f457c545a9ded88f18ecee47145a72c0/img1.jpg
INFO: [ app_init ] --START--
INFO: Run Behavior\BuildLiteBehavior [ RunTime:0.000041s ]
INFO: [ app_init ] --END-- [ RunTime:0.000842s ]
ERR: 无法加载模块:Application

[ 2015-12-17T13:43:21+08:00 ] 127.0.0.1 /Qiao/Application/Home/View/Public/img/7f58875aa30497c1fa54293c135ea200/f457c545a9ded88f18ecee47145a72c0/img1.jpg
INFO: [ app_init ] --START--
INFO: Run Behavior\BuildLiteBehavior [ RunTime:0.000043s ]
INFO: [ app_init ] --END-- [ RunTime:0.000881s ]
ERR: 无法加载模块:Application

[ 2015-12-17T13:50:06+08:00 ] 127.0.0.1 /Qiao/Application/Home/View/Public/img/7f58875aa30497c1fa54293c135ea200/f457c545a9ded88f18ecee47145a72c0/img1.jpg
INFO: [ app_init ] --START--
INFO: Run Behavior\BuildLiteBehavior [ RunTime:0.000027s ]
INFO: [ app_init ] --END-- [ RunTime:0.000606s ]
ERR: 无法加载模块:Application

[ 2015-12-17T13:50:30+08:00 ] 127.0.0.1 /Qiao/Application/Home/View/Public/img/7f58875aa30497c1fa54293c135ea200/2838023a778dfaecdc212708f721b788/img1.jpg
INFO: [ app_init ] --START--
INFO: Run Behavior\BuildLiteBehavior [ RunTime:0.000045s ]
INFO: [ app_init ] --END-- [ RunTime:0.000835s ]
ERR: 无法加载模块:Application

[ 2015-12-17T13:52:08+08:00 ] 127.0.0.1 /Qiao/Application/Home/View/Public/img/7f58875aa30497c1fa54293c135ea200/f457c545a9ded88f18ecee47145a72c0/img1.jpg
INFO: [ app_init ] --START--
INFO: Run Behavior\BuildLiteBehavior [ RunTime:0.000027s ]
INFO: [ app_init ] --END-- [ RunTime:0.000689s ]
ERR: 无法加载模块:Application

[ 2015-12-17T13:52:09+08:00 ] 127.0.0.1 /Qiao/Application/Home/View/Public/img/7f58875aa30497c1fa54293c135ea200/c0c7c76d30bd3dcaefc96f40275bdc0a/img1.jpg
INFO: [ app_init ] --START--
INFO: Run Behavior\BuildLiteBehavior [ RunTime:0.000050s ]
INFO: [ app_init ] --END-- [ RunTime:0.001287s ]
ERR: 无法加载模块:Application

[ 2015-12-17T13:52:10+08:00 ] 127.0.0.1 /Qiao/Application/Home/View/Public/img/7f58875aa30497c1fa54293c135ea200/2838023a778dfaecdc212708f721b788/img1.jpg
INFO: [ app_init ] --START--
INFO: Run Behavior\BuildLiteBehavior [ RunTime:0.000027s ]
INFO: [ app_init ] --END-- [ RunTime:0.000588s ]
ERR: 无法加载模块:Application

[ 2015-12-17T14:08:43+08:00 ] 127.0.0.1 /Qiao/Application/Home/View/Public/img/7f58875aa30497c1fa54293c135ea200/aimg1.jpg
INFO: [ app_init ] --START--
INFO: Run Behavior\BuildLiteBehavior [ RunTime:0.000051s ]
INFO: [ app_init ] --END-- [ RunTime:0.000829s ]
ERR: 无法加载模块:Application

[ 2015-12-17T14:08:43+08:00 ] 127.0.0.1 /Qiao/Application/Home/View/Public/img/7f58875aa30497c1fa54293c135ea200/bimg1.jpg
INFO: [ app_init ] --START--
INFO: Run Behavior\BuildLiteBehavior [ RunTime:0.000047s ]
INFO: [ app_init ] --END-- [ RunTime:0.000982s ]
ERR: 无法加载模块:Application

[ 2015-12-17T14:08:43+08:00 ] 127.0.0.1 /Qiao/Application/Home/View/Public/img/7f58875aa30497c1fa54293c135ea200/cimg1.jpg
INFO: [ app_init ] --START--
INFO: Run Behavior\BuildLiteBehavior [ RunTime:0.000040s ]
INFO: [ app_init ] --END-- [ RunTime:0.000905s ]
ERR: 无法加载模块:Application

[ 2015-12-17T14:08:56+08:00 ] 127.0.0.1 /Qiao/Application/Home/View/Public/img/7f58875aa30497c1fa54293c135ea200/aimg1.jpg
INFO: [ app_init ] --START--
INFO: Run Behavior\BuildLiteBehavior [ RunTime:0.000054s ]
INFO: [ app_init ] --END-- [ RunTime:0.000868s ]
ERR: 无法加载模块:Application

[ 2015-12-17T14:08:56+08:00 ] 127.0.0.1 /Qiao/Application/Home/View/Public/img/7f58875aa30497c1fa54293c135ea200/cimg1.jpg
INFO: [ app_init ] --START--
INFO: Run Behavior\BuildLiteBehavior [ RunTime:0.000046s ]
INFO: [ app_init ] --END-- [ RunTime:0.000943s ]
ERR: 无法加载模块:Application

[ 2015-12-17T14:08:56+08:00 ] 127.0.0.1 /Qiao/Application/Home/View/Public/img/7f58875aa30497c1fa54293c135ea200/bimg1.jpg
INFO: [ app_init ] --START--
INFO: Run Behavior\BuildLiteBehavior [ RunTime:0.000039s ]
INFO: [ app_init ] --END-- [ RunTime:0.000813s ]
ERR: 无法加载模块:Application

[ 2015-12-17T14:09:58+08:00 ] 127.0.0.1 /Qiao/Application/Home/View/Public/img/d993bcfdd033249281ee4a0e64d3cf26/bimg1.jpg
INFO: [ app_init ] --START--
INFO: Run Behavior\BuildLiteBehavior [ RunTime:0.000042s ]
INFO: [ app_init ] --END-- [ RunTime:0.000754s ]
ERR: 无法加载模块:Application

[ 2015-12-17T14:09:58+08:00 ] 127.0.0.1 /Qiao/Application/Home/View/Public/img/d993bcfdd033249281ee4a0e64d3cf26/cimg1.jpg
INFO: [ app_init ] --START--
INFO: Run Behavior\BuildLiteBehavior [ RunTime:0.000047s ]
INFO: [ app_init ] --END-- [ RunTime:0.000807s ]
ERR: 无法加载模块:Application

[ 2015-12-17T14:09:58+08:00 ] 127.0.0.1 /Qiao/Application/Home/View/Public/img/d993bcfdd033249281ee4a0e64d3cf26/aimg1.jpg
INFO: [ app_init ] --START--
INFO: Run Behavior\BuildLiteBehavior [ RunTime:0.000043s ]
INFO: [ app_init ] --END-- [ RunTime:0.000848s ]
ERR: 无法加载模块:Application

[ 2015-12-17T14:10:18+08:00 ] 127.0.0.1 /Qiao/Application/Home/View/Public/img/d993bcfdd033249281ee4a0e64d3cf26/aimg1.jpg
INFO: [ app_init ] --START--
INFO: Run Behavior\BuildLiteBehavior [ RunTime:0.000046s ]
INFO: [ app_init ] --END-- [ RunTime:0.000863s ]
ERR: 无法加载模块:Application

[ 2015-12-17T14:10:18+08:00 ] 127.0.0.1 /Qiao/Application/Home/View/Public/img/d993bcfdd033249281ee4a0e64d3cf26/cimg1.jpg
INFO: [ app_init ] --START--
INFO: Run Behavior\BuildLiteBehavior [ RunTime:0.000046s ]
INFO: [ app_init ] --END-- [ RunTime:0.000873s ]
ERR: 无法加载模块:Application

[ 2015-12-17T14:10:18+08:00 ] 127.0.0.1 /Qiao/Application/Home/View/Public/img/d993bcfdd033249281ee4a0e64d3cf26/bimg1.jpg
INFO: [ app_init ] --START--
INFO: Run Behavior\BuildLiteBehavior [ RunTime:0.000025s ]
INFO: [ app_init ] --END-- [ RunTime:0.000518s ]
ERR: 无法加载模块:Application

[ 2015-12-17T14:10:24+08:00 ] 127.0.0.1 /Qiao/Application/Home/View/Public/img/d993bcfdd033249281ee4a0e64d3cf26/bimg1.jpg
INFO: [ app_init ] --START--
INFO: Run Behavior\BuildLiteBehavior [ RunTime:0.000034s ]
INFO: [ app_init ] --END-- [ RunTime:0.000660s ]
ERR: 无法加载模块:Application

[ 2015-12-17T14:10:24+08:00 ] 127.0.0.1 /Qiao/Application/Home/View/Public/img/d993bcfdd033249281ee4a0e64d3cf26/aimg1.jpg
INFO: [ app_init ] --START--
INFO: Run Behavior\BuildLiteBehavior [ RunTime:0.000040s ]
INFO: [ app_init ] --END-- [ RunTime:0.000744s ]
ERR: 无法加载模块:Application

[ 2015-12-17T14:10:24+08:00 ] 127.0.0.1 /Qiao/Application/Home/View/Public/img/d993bcfdd033249281ee4a0e64d3cf26/cimg1.jpg
INFO: [ app_init ] --START--
INFO: Run Behavior\BuildLiteBehavior [ RunTime:0.000030s ]
INFO: [ app_init ] --END-- [ RunTime:0.000841s ]
ERR: 无法加载模块:Application

[ 2015-12-17T14:11:34+08:00 ] 127.0.0.1 /Qiao/Application/Home/View/Public/img/7f58875aa30497c1fa54293c135ea200/aimg1.jpg
INFO: [ app_init ] --START--
INFO: Run Behavior\BuildLiteBehavior [ RunTime:0.000048s ]
INFO: [ app_init ] --END-- [ RunTime:0.000755s ]
ERR: 无法加载模块:Application

[ 2015-12-17T14:11:34+08:00 ] 127.0.0.1 /Qiao/Application/Home/View/Public/img/7f58875aa30497c1fa54293c135ea200/bimg1.jpg
INFO: [ app_init ] --START--
INFO: Run Behavior\BuildLiteBehavior [ RunTime:0.000044s ]
INFO: [ app_init ] --END-- [ RunTime:0.000837s ]
ERR: 无法加载模块:Application

[ 2015-12-17T14:11:34+08:00 ] 127.0.0.1 /Qiao/Application/Home/View/Public/img/7f58875aa30497c1fa54293c135ea200/cimg1.jpg
INFO: [ app_init ] --START--
INFO: Run Behavior\BuildLiteBehavior [ RunTime:0.000046s ]
INFO: [ app_init ] --END-- [ RunTime:0.000930s ]
ERR: 无法加载模块:Application

[ 2015-12-17T14:33:51+08:00 ] 127.0.0.1 /Qiao/Application/Home/View/Public/img/d993bcfdd033249281ee4a0e64d3cf26/aimg1.jpg
INFO: [ app_init ] --START--
INFO: Run Behavior\BuildLiteBehavior [ RunTime:0.000042s ]
INFO: [ app_init ] --END-- [ RunTime:0.000715s ]
ERR: 无法加载模块:Application

[ 2015-12-17T14:33:51+08:00 ] 127.0.0.1 /Qiao/Application/Home/View/Public/img/d993bcfdd033249281ee4a0e64d3cf26/bimg1.jpg
INFO: [ app_init ] --START--
INFO: Run Behavior\BuildLiteBehavior [ RunTime:0.000046s ]
INFO: [ app_init ] --END-- [ RunTime:0.000834s ]
ERR: 无法加载模块:Application

[ 2015-12-17T14:33:51+08:00 ] 127.0.0.1 /Qiao/Application/Home/View/Public/img/d993bcfdd033249281ee4a0e64d3cf26/cimg1.jpg
INFO: [ app_init ] --START--
INFO: Run Behavior\BuildLiteBehavior [ RunTime:0.000028s ]
INFO: [ app_init ] --END-- [ RunTime:0.000795s ]
ERR: 无法加载模块:Application

[ 2015-12-17T14:34:20+08:00 ] 127.0.0.1 /Qiao/Application/Home/View/Public/img/7f58875aa30497c1fa54293c135ea200/f457c545a9ded88f18ecee47145a72c0/img1.jpg
INFO: [ app_init ] --START--
INFO: Run Behavior\BuildLiteBehavior [ RunTime:0.000095s ]
INFO: [ app_init ] --END-- [ RunTime:0.001697s ]
ERR: 无法加载模块:Application

[ 2015-12-17T14:57:41+08:00 ] 127.0.0.1 /Qiao/Application/Home/View/Public/img/7f58875aa30497c1fa54293c135ea200/aimg1.jpg
INFO: [ app_init ] --START--
INFO: Run Behavior\BuildLiteBehavior [ RunTime:0.000042s ]
INFO: [ app_init ] --END-- [ RunTime:0.000746s ]
ERR: 无法加载模块:Application

[ 2015-12-17T14:57:41+08:00 ] 127.0.0.1 /Qiao/Application/Home/View/Public/img/7f58875aa30497c1fa54293c135ea200/bimg1.jpg
INFO: [ app_init ] --START--
INFO: Run Behavior\BuildLiteBehavior [ RunTime:0.000032s ]
INFO: [ app_init ] --END-- [ RunTime:0.000709s ]
ERR: 无法加载模块:Application

[ 2015-12-17T14:57:41+08:00 ] 127.0.0.1 /Qiao/Application/Home/View/Public/img/7f58875aa30497c1fa54293c135ea200/cimg1.jpg
INFO: [ app_init ] --START--
INFO: Run Behavior\BuildLiteBehavior [ RunTime:0.000041s ]
INFO: [ app_init ] --END-- [ RunTime:0.000673s ]
ERR: 无法加载模块:Application

[ 2015-12-17T16:15:07+08:00 ] 127.0.0.1 /Qiao/Application/Home/View/Public/img/7f58875aa30497c1fa54293c135ea200/c0c7c76d30bd3dcaefc96f40275bdc0a/img1.jpg
INFO: [ app_init ] --START--
INFO: Run Behavior\BuildLiteBehavior [ RunTime:0.000052s ]
INFO: [ app_init ] --END-- [ RunTime:0.001503s ]
ERR: 无法加载模块:Application

[ 2015-12-17T16:15:50+08:00 ] 127.0.0.1 /Qiao/Application/Home/View/Public/img/7f58875aa30497c1fa54293c135ea200/c0c7c76d30bd3dcaefc96f40275bdc0a/img1.jpg
INFO: [ app_init ] --START--
INFO: Run Behavior\BuildLiteBehavior [ RunTime:0.000024s ]
INFO: [ app_init ] --END-- [ RunTime:0.000491s ]
ERR: 无法加载模块:Application

[ 2015-12-17T16:17:01+08:00 ] 127.0.0.1 /Qiao/Application/Home/View/Public/img/7f58875aa30497c1fa54293c135ea200/c0c7c76d30bd3dcaefc96f40275bdc0a/img1.jpg
INFO: [ app_init ] --START--
INFO: Run Behavior\BuildLiteBehavior [ RunTime:0.000030s ]
INFO: [ app_init ] --END-- [ RunTime:0.000819s ]
ERR: 无法加载模块:Application

[ 2015-12-17T16:23:34+08:00 ] 127.0.0.1 /Qiao/Application/Home/View/Public/img/7f58875aa30497c1fa54293c135ea200/aimg1.jpg
INFO: [ app_init ] --START--
INFO: Run Behavior\BuildLiteBehavior [ RunTime:0.000045s ]
INFO: [ app_init ] --END-- [ RunTime:0.000741s ]
ERR: 无法加载模块:Application

[ 2015-12-17T16:23:34+08:00 ] 127.0.0.1 /Qiao/Application/Home/View/Public/img/7f58875aa30497c1fa54293c135ea200/cimg1.jpg
INFO: [ app_init ] --START--
INFO: Run Behavior\BuildLiteBehavior [ RunTime:0.000050s ]
INFO: [ app_init ] --END-- [ RunTime:0.000992s ]
ERR: 无法加载模块:Application

[ 2015-12-17T16:23:34+08:00 ] 127.0.0.1 /Qiao/Application/Home/View/Public/img/7f58875aa30497c1fa54293c135ea200/bimg1.jpg
INFO: [ app_init ] --START--
INFO: Run Behavior\BuildLiteBehavior [ RunTime:0.000042s ]
INFO: [ app_init ] --END-- [ RunTime:0.000912s ]
ERR: 无法加载模块:Application

[ 2015-12-17T16:23:40+08:00 ] 127.0.0.1 /Qiao/Application/Home/View/Public/img/7f58875aa30497c1fa54293c135ea200/aimg1.jpg
INFO: [ app_init ] --START--
INFO: Run Behavior\BuildLiteBehavior [ RunTime:0.000041s ]
INFO: [ app_init ] --END-- [ RunTime:0.000885s ]
ERR: 无法加载模块:Application

[ 2015-12-17T16:23:40+08:00 ] 127.0.0.1 /Qiao/Application/Home/View/Public/img/7f58875aa30497c1fa54293c135ea200/cimg1.jpg
INFO: [ app_init ] --START--
INFO: Run Behavior\BuildLiteBehavior [ RunTime:0.000045s ]
INFO: [ app_init ] --END-- [ RunTime:0.000993s ]
ERR: 无法加载模块:Application

[ 2015-12-17T16:23:40+08:00 ] 127.0.0.1 /Qiao/Application/Home/View/Public/img/7f58875aa30497c1fa54293c135ea200/bimg1.jpg
INFO: [ app_init ] --START--
INFO: Run Behavior\BuildLiteBehavior [ RunTime:0.000052s ]
INFO: [ app_init ] --END-- [ RunTime:0.001102s ]
ERR: 无法加载模块:Application

[ 2015-12-17T16:23:44+08:00 ] 127.0.0.1 /Qiao/Application/Home/View/Public/img/7f58875aa30497c1fa54293c135ea200/aimg1.jpg
INFO: [ app_init ] --START--
INFO: Run Behavior\BuildLiteBehavior [ RunTime:0.000148s ]
INFO: [ app_init ] --END-- [ RunTime:0.000853s ]
ERR: 无法加载模块:Application

[ 2015-12-17T16:23:44+08:00 ] 127.0.0.1 /Qiao/Application/Home/View/Public/img/7f58875aa30497c1fa54293c135ea200/bimg1.jpg
INFO: [ app_init ] --START--
INFO: Run Behavior\BuildLiteBehavior [ RunTime:0.000039s ]
INFO: [ app_init ] --END-- [ RunTime:0.000799s ]
ERR: 无法加载模块:Application

[ 2015-12-17T16:23:44+08:00 ] 127.0.0.1 /Qiao/Application/Home/View/Public/img/7f58875aa30497c1fa54293c135ea200/cimg1.jpg
INFO: [ app_init ] --START--
INFO: Run Behavior\BuildLiteBehavior [ RunTime:0.000048s ]
INFO: [ app_init ] --END-- [ RunTime:0.001285s ]
ERR: 无法加载模块:Application

[ 2015-12-17T16:23:48+08:00 ] 127.0.0.1 /Qiao/Application/Home/View/Public/img/7f58875aa30497c1fa54293c135ea200/bimg1.jpg
INFO: [ app_init ] --START--
INFO: Run Behavior\BuildLiteBehavior [ RunTime:0.000046s ]
INFO: [ app_init ] --END-- [ RunTime:0.000788s ]
ERR: 无法加载模块:Application

[ 2015-12-17T16:23:48+08:00 ] 127.0.0.1 /Qiao/Application/Home/View/Public/img/7f58875aa30497c1fa54293c135ea200/cimg1.jpg
INFO: [ app_init ] --START--
INFO: Run Behavior\BuildLiteBehavior [ RunTime:0.000040s ]
INFO: [ app_init ] --END-- [ RunTime:0.000729s ]
ERR: 无法加载模块:Application

[ 2015-12-17T16:23:48+08:00 ] 127.0.0.1 /Qiao/Application/Home/View/Public/img/7f58875aa30497c1fa54293c135ea200/aimg1.jpg
INFO: [ app_init ] --START--
INFO: Run Behavior\BuildLiteBehavior [ RunTime:0.000045s ]
INFO: [ app_init ] --END-- [ RunTime:0.000828s ]
ERR: 无法加载模块:Application

[ 2015-12-17T16:28:22+08:00 ] 127.0.0.1 /Qiao/Application/Home/View/Public/img/7f58875aa30497c1fa54293c135ea200/c0c7c76d30bd3dcaefc96f40275bdc0a/img1.jpg
INFO: [ app_init ] --START--
INFO: Run Behavior\BuildLiteBehavior [ RunTime:0.000046s ]
INFO: [ app_init ] --END-- [ RunTime:0.000847s ]
ERR: 无法加载模块:Application

[ 2015-12-17T16:49:40+08:00 ] 127.0.0.1 /Qiao/Application/Home/View/Public/img/7f58875aa30497c1fa54293c135ea200/c0c7c76d30bd3dcaefc96f40275bdc0a/img1.jpg
INFO: [ app_init ] --START--
INFO: Run Behavior\BuildLiteBehavior [ RunTime:0.000042s ]
INFO: [ app_init ] --END-- [ RunTime:0.000939s ]
ERR: 无法加载模块:Application

[ 2015-12-17T16:49:52+08:00 ] 127.0.0.1 /Qiao/Application/Home/View/Public/img/7f58875aa30497c1fa54293c135ea200/c0c7c76d30bd3dcaefc96f40275bdc0a/img1.jpg
INFO: [ app_init ] --START--
INFO: Run Behavior\BuildLiteBehavior [ RunTime:0.000047s ]
INFO: [ app_init ] --END-- [ RunTime:0.000853s ]
ERR: 无法加载模块:Application

[ 2015-12-17T17:00:56+08:00 ] 127.0.0.1 /Qiao/Application/Home/View/Public/img/9dd56089270a59cb70de2bcfaa26c918/093f65e080a295f8076b1c5722a46aa2/img1.jpg
INFO: [ app_init ] --START--
INFO: Run Behavior\BuildLiteBehavior [ RunTime:0.000026s ]
INFO: [ app_init ] --END-- [ RunTime:0.000522s ]
ERR: 无法加载模块:Application

[ 2015-12-17T17:01:12+08:00 ] 127.0.0.1 /Qiao/Application/Home/View/Public/img/7f58875aa30497c1fa54293c135ea200/aimg1.jpg
INFO: [ app_init ] --START--
INFO: Run Behavior\BuildLiteBehavior [ RunTime:0.000024s ]
INFO: [ app_init ] --END-- [ RunTime:0.000509s ]
ERR: 无法加载模块:Application

[ 2015-12-17T17:01:12+08:00 ] 127.0.0.1 /Qiao/Application/Home/View/Public/img/7f58875aa30497c1fa54293c135ea200/cimg1.jpg
INFO: [ app_init ] --START--
INFO: Run Behavior\BuildLiteBehavior [ RunTime:0.000043s ]
INFO: [ app_init ] --END-- [ RunTime:0.000724s ]
ERR: 无法加载模块:Application

[ 2015-12-17T17:01:12+08:00 ] 127.0.0.1 /Qiao/Application/Home/View/Public/img/7f58875aa30497c1fa54293c135ea200/bimg1.jpg
INFO: [ app_init ] --START--
INFO: Run Behavior\BuildLiteBehavior [ RunTime:0.000041s ]
INFO: [ app_init ] --END-- [ RunTime:0.000862s ]
ERR: 无法加载模块:Application

[ 2015-12-17T17:08:34+08:00 ] 127.0.0.1 /Qiao/Application/Home/View/Public/img/9dd56089270a59cb70de2bcfaa26c918/093f65e080a295f8076b1c5722a46aa2/img1.jpg
INFO: [ app_init ] --START--
INFO: Run Behavior\BuildLiteBehavior [ RunTime:0.000026s ]
INFO: [ app_init ] --END-- [ RunTime:0.000534s ]
ERR: 无法加载模块:Application

[ 2015-12-17T17:08:38+08:00 ] 127.0.0.1 /Qiao/Application/Home/View/Public/img/9dd56089270a59cb70de2bcfaa26c918/093f65e080a295f8076b1c5722a46aa2/img1.jpg
INFO: [ app_init ] --START--
INFO: Run Behavior\BuildLiteBehavior [ RunTime:0.000033s ]
INFO: [ app_init ] --END-- [ RunTime:0.000556s ]
ERR: 无法加载模块:Application

[ 2015-12-17T17:09:13+08:00 ] 127.0.0.1 /Qiao/Application/Home/View/Public/img/9dd56089270a59cb70de2bcfaa26c918/093f65e080a295f8076b1c5722a46aa2/img1.jpg
INFO: [ app_init ] --START--
INFO: Run Behavior\BuildLiteBehavior [ RunTime:0.000025s ]
INFO: [ app_init ] --END-- [ RunTime:0.000510s ]
ERR: 无法加载模块:Application

[ 2015-12-17T17:17:03+08:00 ] 127.0.0.1 /Qiao/Application/Home/View/Public/img/9dd56089270a59cb70de2bcfaa26c918/093f65e080a295f8076b1c5722a46aa2/img1.jpg
INFO: [ app_init ] --START--
INFO: Run Behavior\BuildLiteBehavior [ RunTime:0.000025s ]
INFO: [ app_init ] --END-- [ RunTime:0.000555s ]
ERR: 无法加载模块:Application

[ 2015-12-17T17:18:06+08:00 ] 127.0.0.1 /Qiao/Application/Home/View/Public/img/9dd56089270a59cb70de2bcfaa26c918/093f65e080a295f8076b1c5722a46aa2/img1.jpg
INFO: [ app_init ] --START--
INFO: Run Behavior\BuildLiteBehavior [ RunTime:0.000026s ]
INFO: [ app_init ] --END-- [ RunTime:0.000554s ]
ERR: 无法加载模块:Application

[ 2015-12-17T17:18:08+08:00 ] 127.0.0.1 /Qiao/Application/Home/View/Public/img/ea6db1173951383825637cb4eea24bcd/aimg1.jpg
INFO: [ app_init ] --START--
INFO: Run Behavior\BuildLiteBehavior [ RunTime:0.000025s ]
INFO: [ app_init ] --END-- [ RunTime:0.000523s ]
ERR: 无法加载模块:Application

[ 2015-12-17T17:18:09+08:00 ] 127.0.0.1 /Qiao/Application/Home/View/Public/img/ea6db1173951383825637cb4eea24bcd/bimg1.jpg
INFO: [ app_init ] --START--
INFO: Run Behavior\BuildLiteBehavior [ RunTime:0.000030s ]
INFO: [ app_init ] --END-- [ RunTime:0.000727s ]
ERR: 无法加载模块:Application

[ 2015-12-17T17:18:12+08:00 ] 127.0.0.1 /Qiao/Application/Home/View/Public/img/ea6db1173951383825637cb4eea24bcd/cimg1.jpg
INFO: [ app_init ] --START--
INFO: Run Behavior\BuildLiteBehavior [ RunTime:0.000026s ]
INFO: [ app_init ] --END-- [ RunTime:0.000575s ]
ERR: 无法加载模块:Application

[ 2015-12-17T17:18:46+08:00 ] 127.0.0.1 /Qiao/Application/Home/View/Public/img/ea6db1173951383825637cb4eea24bcd/aimg1.jpg
INFO: [ app_init ] --START--
INFO: Run Behavior\BuildLiteBehavior [ RunTime:0.000024s ]
INFO: [ app_init ] --END-- [ RunTime:0.000497s ]
ERR: 无法加载模块:Application

[ 2015-12-17T17:18:46+08:00 ] 127.0.0.1 /Qiao/Application/Home/View/Public/img/ea6db1173951383825637cb4eea24bcd/bimg1.jpg
INFO: [ app_init ] --START--
INFO: Run Behavior\BuildLiteBehavior [ RunTime:0.000042s ]
INFO: [ app_init ] --END-- [ RunTime:0.000747s ]
ERR: 无法加载模块:Application

[ 2015-12-17T17:18:46+08:00 ] 127.0.0.1 /Qiao/Application/Home/View/Public/img/ea6db1173951383825637cb4eea24bcd/cimg1.jpg
INFO: [ app_init ] --START--
INFO: Run Behavior\BuildLiteBehavior [ RunTime:0.000029s ]
INFO: [ app_init ] --END-- [ RunTime:0.000753s ]
ERR: 无法加载模块:Application

[ 2015-12-17T17:19:34+08:00 ] 127.0.0.1 /Qiao/Application/Home/View/Public/img/ea6db1173951383825637cb4eea24bcd/072b030ba126b2f4b2374f342be9ed44/img1.jpg
INFO: [ app_init ] --START--
INFO: Run Behavior\BuildLiteBehavior [ RunTime:0.000023s ]
INFO: [ app_init ] --END-- [ RunTime:0.000537s ]
ERR: 无法加载模块:Application

[ 2015-12-17T17:38:45+08:00 ] 127.0.0.1 /Qiao/Application/Home/View/Public/img/ea6db1173951383825637cb4eea24bcd/bimg1.jpg
INFO: [ app_init ] --START--
INFO: Run Behavior\BuildLiteBehavior [ RunTime:0.000039s ]
INFO: [ app_init ] --END-- [ RunTime:0.000784s ]
ERR: 无法加载模块:Application

[ 2015-12-17T17:38:45+08:00 ] 127.0.0.1 /Qiao/Application/Home/View/Public/img/ea6db1173951383825637cb4eea24bcd/aimg1.jpg
INFO: [ app_init ] --START--
INFO: Run Behavior\BuildLiteBehavior [ RunTime:0.000045s ]
INFO: [ app_init ] --END-- [ RunTime:0.000840s ]
ERR: 无法加载模块:Application

[ 2015-12-17T17:38:45+08:00 ] 127.0.0.1 /Qiao/Application/Home/View/Public/img/ea6db1173951383825637cb4eea24bcd/cimg1.jpg
INFO: [ app_init ] --START--
INFO: Run Behavior\BuildLiteBehavior [ RunTime:0.000044s ]
INFO: [ app_init ] --END-- [ RunTime:0.000938s ]
ERR: 无法加载模块:Application

[ 2015-12-17T17:38:54+08:00 ] 127.0.0.1 /Qiao/Application/Home/View/Public/img/ea6db1173951383825637cb4eea24bcd/aimg1.jpg
INFO: [ app_init ] --START--
INFO: Run Behavior\BuildLiteBehavior [ RunTime:0.000040s ]
INFO: [ app_init ] --END-- [ RunTime:0.000718s ]
ERR: 无法加载模块:Application

[ 2015-12-17T17:38:54+08:00 ] 127.0.0.1 /Qiao/Application/Home/View/Public/img/ea6db1173951383825637cb4eea24bcd/cimg1.jpg
INFO: [ app_init ] --START--
INFO: Run Behavior\BuildLiteBehavior [ RunTime:0.000041s ]
INFO: [ app_init ] --END-- [ RunTime:0.000770s ]
ERR: 无法加载模块:Application

[ 2015-12-17T17:38:54+08:00 ] 127.0.0.1 /Qiao/Application/Home/View/Public/img/ea6db1173951383825637cb4eea24bcd/bimg1.jpg
INFO: [ app_init ] --START--
INFO: Run Behavior\BuildLiteBehavior [ RunTime:0.000059s ]
INFO: [ app_init ] --END-- [ RunTime:0.001075s ]
ERR: 无法加载模块:Application

[ 2015-12-17T17:39:01+08:00 ] 127.0.0.1 /Qiao/Application/Home/View/Public/img/ea6db1173951383825637cb4eea24bcd/aimg1.jpg
INFO: [ app_init ] --START--
INFO: Run Behavior\BuildLiteBehavior [ RunTime:0.000039s ]
INFO: [ app_init ] --END-- [ RunTime:0.000743s ]
ERR: 无法加载模块:Application

[ 2015-12-17T17:39:01+08:00 ] 127.0.0.1 /Qiao/Application/Home/View/Public/img/ea6db1173951383825637cb4eea24bcd/bimg1.jpg
INFO: [ app_init ] --START--
INFO: Run Behavior\BuildLiteBehavior [ RunTime:0.000036s ]
INFO: [ app_init ] --END-- [ RunTime:0.000718s ]
ERR: 无法加载模块:Application

[ 2015-12-17T17:39:01+08:00 ] 127.0.0.1 /Qiao/Application/Home/View/Public/img/ea6db1173951383825637cb4eea24bcd/cimg1.jpg
INFO: [ app_init ] --START--
INFO: Run Behavior\BuildLiteBehavior [ RunTime:0.000040s ]
INFO: [ app_init ] --END-- [ RunTime:0.000840s ]
ERR: 无法加载模块:Application

[ 2015-12-17T17:39:24+08:00 ] 127.0.0.1 /Qiao/Application/Home/View/Public/img/ea6db1173951383825637cb4eea24bcd/7f39f8317fbdb1988ef4c628eba02591/img1.jpg
INFO: [ app_init ] --START--
INFO: Run Behavior\BuildLiteBehavior [ RunTime:0.000043s ]
INFO: [ app_init ] --END-- [ RunTime:0.001258s ]
ERR: 无法加载模块:Application

[ 2015-12-17T17:39:28+08:00 ] 127.0.0.1 /Qiao/Application/Home/View/Public/img/ea6db1173951383825637cb4eea24bcd/072b030ba126b2f4b2374f342be9ed44/img1.jpg
INFO: [ app_init ] --START--
INFO: Run Behavior\BuildLiteBehavior [ RunTime:0.000045s ]
INFO: [ app_init ] --END-- [ RunTime:0.000780s ]
ERR: 无法加载模块:Application

[ 2015-12-17T17:39:47+08:00 ] 127.0.0.1 /Qiao/Application/Home/View/Public/img/ea6db1173951383825637cb4eea24bcd/aimg1.jpg
INFO: [ app_init ] --START--
INFO: Run Behavior\BuildLiteBehavior [ RunTime:0.000041s ]
INFO: [ app_init ] --END-- [ RunTime:0.000761s ]
ERR: 无法加载模块:Application

[ 2015-12-17T17:39:47+08:00 ] 127.0.0.1 /Qiao/Application/Home/View/Public/img/ea6db1173951383825637cb4eea24bcd/bimg1.jpg
INFO: [ app_init ] --START--
INFO: Run Behavior\BuildLiteBehavior [ RunTime:0.000041s ]
INFO: [ app_init ] --END-- [ RunTime:0.000777s ]
ERR: 无法加载模块:Application

[ 2015-12-17T17:39:47+08:00 ] 127.0.0.1 /Qiao/Application/Home/View/Public/img/ea6db1173951383825637cb4eea24bcd/cimg1.jpg
INFO: [ app_init ] --START--
INFO: Run Behavior\BuildLiteBehavior [ RunTime:0.000026s ]
INFO: [ app_init ] --END-- [ RunTime:0.000597s ]
ERR: 无法加载模块:Application

[ 2015-12-17T19:57:05+08:00 ] 127.0.0.1 /Qiao/Application/Home/View/Public/img/9dd56089270a59cb70de2bcfaa26c918/093f65e080a295f8076b1c5722a46aa2/img1.jpg
INFO: [ app_init ] --START--
INFO: Run Behavior\BuildLiteBehavior [ RunTime:0.000039s ]
INFO: [ app_init ] --END-- [ RunTime:0.000741s ]
ERR: 无法加载模块:Application

[ 2015-12-17T19:57:08+08:00 ] 127.0.0.1 /Qiao/Application/Home/View/Public/img/9dd56089270a59cb70de2bcfaa26c918/093f65e080a295f8076b1c5722a46aa2/img1.jpg
INFO: [ app_init ] --START--
INFO: Run Behavior\BuildLiteBehavior [ RunTime:0.000048s ]
INFO: [ app_init ] --END-- [ RunTime:0.000981s ]
ERR: 无法加载模块:Application

[ 2015-12-17T19:58:16+08:00 ] 127.0.0.1 /Qiao/Application/Home/View/Public/img/9dd56089270a59cb70de2bcfaa26c918/093f65e080a295f8076b1c5722a46aa2/img1.jpg
INFO: [ app_init ] --START--
INFO: Run Behavior\BuildLiteBehavior [ RunTime:0.000046s ]
INFO: [ app_init ] --END-- [ RunTime:0.001042s ]
ERR: 无法加载模块:Application

[ 2015-12-17T20:00:43+08:00 ] 127.0.0.1 /Qiao/Application/Home/View/Public/img/9dd56089270a59cb70de2bcfaa26c918/093f65e080a295f8076b1c5722a46aa2/img1.jpg
INFO: [ app_init ] --START--
INFO: Run Behavior\BuildLiteBehavior [ RunTime:0.000043s ]
INFO: [ app_init ] --END-- [ RunTime:0.000931s ]
ERR: 无法加载模块:Application

[ 2015-12-17T20:01:03+08:00 ] 127.0.0.1 /Qiao/Application/Home/View/Public/img/9dd56089270a59cb70de2bcfaa26c918/093f65e080a295f8076b1c5722a46aa2/img1.jpg
INFO: [ app_init ] --START--
INFO: Run Behavior\BuildLiteBehavior [ RunTime:0.000054s ]
INFO: [ app_init ] --END-- [ RunTime:0.001097s ]
ERR: 无法加载模块:Application

[ 2015-12-17T20:01:22+08:00 ] 127.0.0.1 /Qiao/Application/Home/View/Public/img/9dd56089270a59cb70de2bcfaa26c918/093f65e080a295f8076b1c5722a46aa2/img1.jpg
INFO: [ app_init ] --START--
INFO: Run Behavior\BuildLiteBehavior [ RunTime:0.000053s ]
INFO: [ app_init ] --END-- [ RunTime:0.000933s ]
ERR: 无法加载模块:Application

[ 2015-12-17T20:05:46+08:00 ] 127.0.0.1 /Qiao/Application/Home/View/Public/img/9dd56089270a59cb70de2bcfaa26c918/093f65e080a295f8076b1c5722a46aa2/img1.jpg
INFO: [ app_init ] --START--
INFO: Run Behavior\BuildLiteBehavior [ RunTime:0.000026s ]
INFO: [ app_init ] --END-- [ RunTime:0.000502s ]
ERR: 无法加载模块:Application

[ 2015-12-17T20:07:45+08:00 ] 127.0.0.1 /Qiao/Application/Home/View/Public/img/9dd56089270a59cb70de2bcfaa26c918/093f65e080a295f8076b1c5722a46aa2/img1.jpg
INFO: [ app_init ] --START--
INFO: Run Behavior\BuildLiteBehavior [ RunTime:0.000044s ]
INFO: [ app_init ] --END-- [ RunTime:0.000900s ]
ERR: 无法加载模块:Application

[ 2015-12-17T22:46:48+08:00 ] 127.0.0.1 /Qiao/Application/Home/View/Public/img/9dd56089270a59cb70de2bcfaa26c918/093f65e080a295f8076b1c5722a46aa2/img1.jpg
INFO: [ app_init ] --START--
INFO: Run Behavior\BuildLiteBehavior [ RunTime:0.000069s ]
INFO: [ app_init ] --END-- [ RunTime:0.002197s ]
ERR: 无法加载模块:Application

[ 2015-12-17T23:06:39+08:00 ] 127.0.0.1 /Qiao/Application/Home/View/Public/img/9dd56089270a59cb70de2bcfaa26c918/093f65e080a295f8076b1c5722a46aa2/img1.jpg
INFO: [ app_init ] --START--
INFO: Run Behavior\BuildLiteBehavior [ RunTime:0.000044s ]
INFO: [ app_init ] --END-- [ RunTime:0.000822s ]
ERR: 无法加载模块:Application

[ 2015-12-17T23:08:00+08:00 ] 127.0.0.1 /Qiao/Application/Home/View/Public/img/ea6db1173951383825637cb4eea24bcd/aimg1.jpg
INFO: [ app_init ] --START--
INFO: Run Behavior\BuildLiteBehavior [ RunTime:0.000040s ]
INFO: [ app_init ] --END-- [ RunTime:0.000699s ]
ERR: 无法加载模块:Application

[ 2015-12-17T23:08:00+08:00 ] 127.0.0.1 /Qiao/Application/Home/View/Public/img/ea6db1173951383825637cb4eea24bcd/cimg1.jpg
INFO: [ app_init ] --START--
INFO: Run Behavior\BuildLiteBehavior [ RunTime:0.000053s ]
INFO: [ app_init ] --END-- [ RunTime:0.001324s ]
ERR: 无法加载模块:Application

[ 2015-12-17T23:08:00+08:00 ] 127.0.0.1 /Qiao/Application/Home/View/Public/img/ea6db1173951383825637cb4eea24bcd/bimg1.jpg
INFO: [ app_init ] --START--
INFO: Run Behavior\BuildLiteBehavior [ RunTime:0.000077s ]
INFO: [ app_init ] --END-- [ RunTime:0.001377s ]
ERR: 无法加载模块:Application

[ 2015-12-17T23:08:26+08:00 ] 127.0.0.1 /Qiao/Application/Home/View/Public/img/ea6db1173951383825637cb4eea24bcd/072b030ba126b2f4b2374f342be9ed44/img1.jpg
INFO: [ app_init ] --START--
INFO: Run Behavior\BuildLiteBehavior [ RunTime:0.000062s ]
INFO: [ app_init ] --END-- [ RunTime:0.001206s ]
ERR: 无法加载模块:Application

[ 2015-12-17T23:08:28+08:00 ] 127.0.0.1 /Qiao/Application/Home/View/Public/img/ea6db1173951383825637cb4eea24bcd/7f39f8317fbdb1988ef4c628eba02591/img1.jpg
INFO: [ app_init ] --START--
INFO: Run Behavior\BuildLiteBehavior [ RunTime:0.000040s ]
INFO: [ app_init ] --END-- [ RunTime:0.000799s ]
ERR: 无法加载模块:Application

[ 2015-12-17T23:14:25+08:00 ] 127.0.0.1 /Qiao/Application/Home/View/Public/img/9dd56089270a59cb70de2bcfaa26c918/093f65e080a295f8076b1c5722a46aa2/img1.jpg
INFO: [ app_init ] --START--
INFO: Run Behavior\BuildLiteBehavior [ RunTime:0.000026s ]
INFO: [ app_init ] --END-- [ RunTime:0.000602s ]
ERR: 无法加载模块:Application

[ 2015-12-17T23:15:31+08:00 ] 127.0.0.1 /Qiao/Application/Home/View/Public/img/9dd56089270a59cb70de2bcfaa26c918/093f65e080a295f8076b1c5722a46aa2/img1.jpg
INFO: [ app_init ] --START--
INFO: Run Behavior\BuildLiteBehavior [ RunTime:0.000026s ]
INFO: [ app_init ] --END-- [ RunTime:0.000519s ]
ERR: 无法加载模块:Application

[ 2015-12-17T23:18:04+08:00 ] 127.0.0.1 /Qiao/Application/Home/View/Public/img/9dd56089270a59cb70de2bcfaa26c918/093f65e080a295f8076b1c5722a46aa2/img1.jpg
INFO: [ app_init ] --START--
INFO: Run Behavior\BuildLiteBehavior [ RunTime:0.000026s ]
INFO: [ app_init ] --END-- [ RunTime:0.000510s ]
ERR: 无法加载模块:Application

[ 2015-12-17T23:18:11+08:00 ] 127.0.0.1 /Qiao/Application/Home/View/Public/img/9dd56089270a59cb70de2bcfaa26c918/093f65e080a295f8076b1c5722a46aa2/img1.jpg
INFO: [ app_init ] --START--
INFO: Run Behavior\BuildLiteBehavior [ RunTime:0.000025s ]
INFO: [ app_init ] --END-- [ RunTime:0.000535s ]
ERR: 无法加载模块:Application

[ 2015-12-17T23:18:15+08:00 ] 127.0.0.1 /Qiao/Application/Home/View/Public/img/9dd56089270a59cb70de2bcfaa26c918/093f65e080a295f8076b1c5722a46aa2/img1.jpg
INFO: [ app_init ] --START--
INFO: Run Behavior\BuildLiteBehavior [ RunTime:0.000027s ]
INFO: [ app_init ] --END-- [ RunTime:0.000517s ]
ERR: 无法加载模块:Application

[ 2015-12-17T23:50:03+08:00 ] 127.0.0.1 /Qiao/Application/Home/View/Public/img/9dd56089270a59cb70de2bcfaa26c918/093f65e080a295f8076b1c5722a46aa2/img1.jpg
INFO: [ app_init ] --START--
INFO: Run Behavior\BuildLiteBehavior [ RunTime:0.000049s ]
INFO: [ app_init ] --END-- [ RunTime:0.001209s ]
ERR: 无法加载模块:Application

[ 2015-12-17T23:50:24+08:00 ] 127.0.0.1 /Qiao/Application/Home/View/Public/img/9dd56089270a59cb70de2bcfaa26c918/093f65e080a295f8076b1c5722a46aa2/img1.jpg
INFO: [ app_init ] --START--
INFO: Run Behavior\BuildLiteBehavior [ RunTime:0.000024s ]
INFO: [ app_init ] --END-- [ RunTime:0.000675s ]
ERR: 无法加载模块:Application

[ 2015-12-17T23:50:28+08:00 ] 127.0.0.1 /Qiao/Application/Home/View/Public/img/9dd56089270a59cb70de2bcfaa26c918/093f65e080a295f8076b1c5722a46aa2/img1.jpg
INFO: [ app_init ] --START--
INFO: Run Behavior\BuildLiteBehavior [ RunTime:0.000043s ]
INFO: [ app_init ] --END-- [ RunTime:0.000909s ]
ERR: 无法加载模块:Application

[ 2015-12-17T23:53:02+08:00 ] 127.0.0.1 /Qiao/Application/Home/View/Public/img/9dd56089270a59cb70de2bcfaa26c918/093f65e080a295f8076b1c5722a46aa2/img1.jpg
INFO: [ app_init ] --START--
INFO: Run Behavior\BuildLiteBehavior [ RunTime:0.000041s ]
INFO: [ app_init ] --END-- [ RunTime:0.000755s ]
ERR: 无法加载模块:Application

[ 2015-12-17T23:54:21+08:00 ] 127.0.0.1 /Qiao/Application/Home/View/Public/img/9dd56089270a59cb70de2bcfaa26c918/093f65e080a295f8076b1c5722a46aa2/img1.jpg
INFO: [ app_init ] --START--
INFO: Run Behavior\BuildLiteBehavior [ RunTime:0.000031s ]
INFO: [ app_init ] --END-- [ RunTime:0.001264s ]
ERR: 无法加载模块:Application

[ 2015-12-17T23:54:26+08:00 ] 127.0.0.1 /Qiao/Application/Home/View/Public/img/9dd56089270a59cb70de2bcfaa26c918/093f65e080a295f8076b1c5722a46aa2/img1.jpg
INFO: [ app_init ] --START--
INFO: Run Behavior\BuildLiteBehavior [ RunTime:0.000039s ]
INFO: [ app_init ] --END-- [ RunTime:0.000918s ]
ERR: 无法加载模块:Application

