[ 2015-12-13T00:09:07+08:00 ] 127.0.0.1 /Qiao/Application/Home/View/Public/img//img4.jpg
INFO: [ app_init ] --START--
INFO: Run Behavior\BuildLiteBehavior [ RunTime:0.000045s ]
INFO: [ app_init ] --END-- [ RunTime:0.000827s ]
ERR: 无法加载模块:Application

[ 2015-12-13T00:09:11+08:00 ] 127.0.0.1 /Qiao/Application/Home/View/Public/img//img4.jpg
INFO: [ app_init ] --START--
INFO: Run Behavior\BuildLiteBehavior [ RunTime:0.000048s ]
INFO: [ app_init ] --END-- [ RunTime:0.000877s ]
ERR: 无法加载模块:Application

[ 2015-12-13T00:09:15+08:00 ] 127.0.0.1 /Qiao/Application/Home/View/Public/img//img4.jpg
INFO: [ app_init ] --START--
INFO: Run Behavior\BuildLiteBehavior [ RunTime:0.000040s ]
INFO: [ app_init ] --END-- [ RunTime:0.000878s ]
ERR: 无法加载模块:Application

[ 2015-12-13T00:10:16+08:00 ] 127.0.0.1 /Qiao/Application/Home/View/Public/img//img4.jpg
INFO: [ app_init ] --START--
INFO: Run Behavior\BuildLiteBehavior [ RunTime:0.000054s ]
INFO: [ app_init ] --END-- [ RunTime:0.002109s ]
ERR: 无法加载模块:Application

[ 2015-12-13T00:10:53+08:00 ] 127.0.0.1 /Qiao/Application/Home/View/Public/img//img4.jpg
INFO: [ app_init ] --START--
INFO: Run Behavior\BuildLiteBehavior [ RunTime:0.000025s ]
INFO: [ app_init ] --END-- [ RunTime:0.000536s ]
ERR: 无法加载模块:Application

[ 2015-12-13T00:11:07+08:00 ] 127.0.0.1 /Qiao/Application/Home/View/Public/img//img4.jpg
INFO: [ app_init ] --START--
INFO: Run Behavior\BuildLiteBehavior [ RunTime:0.000045s ]
INFO: [ app_init ] --END-- [ RunTime:0.000979s ]
ERR: 无法加载模块:Application

[ 2015-12-13T00:23:43+08:00 ] 127.0.0.1 /Qiao/Application/Home/View/Public/img//img4.jpg
INFO: [ app_init ] --START--
INFO: Run Behavior\BuildLiteBehavior [ RunTime:0.000062s ]
INFO: [ app_init ] --END-- [ RunTime:0.000824s ]
ERR: 无法加载模块:Application

[ 2015-12-13T00:23:56+08:00 ] 127.0.0.1 /Qiao/Application/Home/View/Public/img//img4.jpg
INFO: [ app_init ] --START--
INFO: Run Behavior\BuildLiteBehavior [ RunTime:0.000044s ]
INFO: [ app_init ] --END-- [ RunTime:0.000781s ]
ERR: 无法加载模块:Application

[ 2015-12-13T00:24:04+08:00 ] 127.0.0.1 /Qiao/Application/Home/View/Public/img//img4.jpg
INFO: [ app_init ] --START--
INFO: Run Behavior\BuildLiteBehavior [ RunTime:0.000045s ]
INFO: [ app_init ] --END-- [ RunTime:0.000591s ]
ERR: 无法加载模块:Application

[ 2015-12-13T00:24:19+08:00 ] 127.0.0.1 /Qiao/Application/Home/View/Public/img//img4.jpg
INFO: [ app_init ] --START--
INFO: Run Behavior\BuildLiteBehavior [ RunTime:0.000026s ]
INFO: [ app_init ] --END-- [ RunTime:0.000488s ]
ERR: 无法加载模块:Application

[ 2015-12-13T00:24:55+08:00 ] 127.0.0.1 /Qiao/Application/Home/View/Public/img//img4.jpg
INFO: [ app_init ] --START--
INFO: Run Behavior\BuildLiteBehavior [ RunTime:0.000041s ]
INFO: [ app_init ] --END-- [ RunTime:0.000740s ]
ERR: 无法加载模块:Application

[ 2015-12-13T00:26:30+08:00 ] 127.0.0.1 /Qiao/Application/Home/View/Public/img//img4.jpg
INFO: [ app_init ] --START--
INFO: Run Behavior\BuildLiteBehavior [ RunTime:0.000040s ]
INFO: [ app_init ] --END-- [ RunTime:0.000862s ]
ERR: 无法加载模块:Application

[ 2015-12-13T00:30:30+08:00 ] 127.0.0.1 /Qiao/Application/Home/View/Public/img//img4.jpg
INFO: [ app_init ] --START--
INFO: Run Behavior\BuildLiteBehavior [ RunTime:0.000028s ]
INFO: [ app_init ] --END-- [ RunTime:0.000634s ]
ERR: 无法加载模块:Application

[ 2015-12-13T00:30:39+08:00 ] 127.0.0.1 /Qiao/Application/Home/View/Public/img//img4.jpg
INFO: [ app_init ] --START--
INFO: Run Behavior\BuildLiteBehavior [ RunTime:0.000052s ]
INFO: [ app_init ] --END-- [ RunTime:0.000638s ]
ERR: 无法加载模块:Application

[ 2015-12-13T00:30:43+08:00 ] 127.0.0.1 /Qiao/Application/Home/View/Public/img//img4.jpg
INFO: [ app_init ] --START--
INFO: Run Behavior\BuildLiteBehavior [ RunTime:0.000028s ]
INFO: [ app_init ] --END-- [ RunTime:0.000554s ]
ERR: 无法加载模块:Application

[ 2015-12-13T00:31:31+08:00 ] 127.0.0.1 /Qiao/Application/Home/View/Public/img//img4.jpg
INFO: [ app_init ] --START--
INFO: Run Behavior\BuildLiteBehavior [ RunTime:0.000035s ]
INFO: [ app_init ] --END-- [ RunTime:0.000690s ]
ERR: 无法加载模块:Application

[ 2015-12-13T00:31:36+08:00 ] 127.0.0.1 /Qiao/Application/Home/View/Public/img//img4.jpg
INFO: [ app_init ] --START--
INFO: Run Behavior\BuildLiteBehavior [ RunTime:0.000056s ]
INFO: [ app_init ] --END-- [ RunTime:0.000846s ]
ERR: 无法加载模块:Application

[ 2015-12-13T00:31:45+08:00 ] 127.0.0.1 /Qiao/Application/Home/View/Public/img//img4.jpg
INFO: [ app_init ] --START--
INFO: Run Behavior\BuildLiteBehavior [ RunTime:0.000025s ]
INFO: [ app_init ] --END-- [ RunTime:0.000497s ]
ERR: 无法加载模块:Application

[ 2015-12-13T00:35:51+08:00 ] 127.0.0.1 /Qiao/Application/Home/View/Public/img//img4.jpg
INFO: [ app_init ] --START--
INFO: Run Behavior\BuildLiteBehavior [ RunTime:0.000045s ]
INFO: [ app_init ] --END-- [ RunTime:0.000978s ]
ERR: 无法加载模块:Application

[ 2015-12-13T00:44:28+08:00 ] 127.0.0.1 /Qiao/Application/Home/View/Public/img//img4.jpg
INFO: [ app_init ] --START--
INFO: Run Behavior\BuildLiteBehavior [ RunTime:0.000041s ]
INFO: [ app_init ] --END-- [ RunTime:0.000801s ]
ERR: 无法加载模块:Application

[ 2015-12-13T00:44:47+08:00 ] 127.0.0.1 /Qiao/Application/Home/View/Public/img//img4.jpg
INFO: [ app_init ] --START--
INFO: Run Behavior\BuildLiteBehavior [ RunTime:0.000044s ]
INFO: [ app_init ] --END-- [ RunTime:0.001633s ]
ERR: 无法加载模块:Application

[ 2015-12-13T00:54:17+08:00 ] 127.0.0.1 /Qiao/Application/Home/View/Public/img//img4.jpg
INFO: [ app_init ] --START--
INFO: Run Behavior\BuildLiteBehavior [ RunTime:0.000027s ]
INFO: [ app_init ] --END-- [ RunTime:0.000520s ]
ERR: 无法加载模块:Application

[ 2015-12-13T00:57:05+08:00 ] 127.0.0.1 /Qiao/Application/Home/View/Public/img//img4.jpg
INFO: [ app_init ] --START--
INFO: Run Behavior\BuildLiteBehavior [ RunTime:0.000045s ]
INFO: [ app_init ] --END-- [ RunTime:0.000872s ]
ERR: 无法加载模块:Application

[ 2015-12-13T00:57:16+08:00 ] 127.0.0.1 /Qiao/Application/Home/View/Public/img//img4.jpg
INFO: [ app_init ] --START--
INFO: Run Behavior\BuildLiteBehavior [ RunTime:0.000028s ]
INFO: [ app_init ] --END-- [ RunTime:0.000583s ]
ERR: 无法加载模块:Application

[ 2015-12-13T00:57:17+08:00 ] 127.0.0.1 /Qiao/Application/Home/View/Public/img//img4.jpg
INFO: [ app_init ] --START--
INFO: Run Behavior\BuildLiteBehavior [ RunTime:0.000043s ]
INFO: [ app_init ] --END-- [ RunTime:0.000871s ]
ERR: 无法加载模块:Application

[ 2015-12-13T00:57:19+08:00 ] 127.0.0.1 /Qiao/Application/Home/View/Public/img//img4.jpg
INFO: [ app_init ] --START--
INFO: Run Behavior\BuildLiteBehavior [ RunTime:0.000043s ]
INFO: [ app_init ] --END-- [ RunTime:0.000846s ]
ERR: 无法加载模块:Application

[ 2015-12-13T00:57:23+08:00 ] 127.0.0.1 /Qiao/Application/Home/View/Public/img//img4.jpg
INFO: [ app_init ] --START--
INFO: Run Behavior\BuildLiteBehavior [ RunTime:0.000044s ]
INFO: [ app_init ] --END-- [ RunTime:0.000843s ]
ERR: 无法加载模块:Application

[ 2015-12-13T00:57:24+08:00 ] 127.0.0.1 /Qiao/Application/Home/View/Public/img//img4.jpg
INFO: [ app_init ] --START--
INFO: Run Behavior\BuildLiteBehavior [ RunTime:0.000026s ]
INFO: [ app_init ] --END-- [ RunTime:0.000521s ]
ERR: 无法加载模块:Application

[ 2015-12-13T00:58:56+08:00 ] 127.0.0.1 /Qiao/Application/Home/View/Public/img//img4.jpg
INFO: [ app_init ] --START--
INFO: Run Behavior\BuildLiteBehavior [ RunTime:0.000027s ]
INFO: [ app_init ] --END-- [ RunTime:0.000577s ]
ERR: 无法加载模块:Application

[ 2015-12-13T00:59:01+08:00 ] 127.0.0.1 /Qiao/Application/Home/View/Public/img//img4.jpg
INFO: [ app_init ] --START--
INFO: Run Behavior\BuildLiteBehavior [ RunTime:0.000044s ]
INFO: [ app_init ] --END-- [ RunTime:0.000884s ]
ERR: 无法加载模块:Application

[ 2015-12-13T01:00:15+08:00 ] 127.0.0.1 /Qiao/Application/Home/View/Public/img//img4.jpg
INFO: [ app_init ] --START--
INFO: Run Behavior\BuildLiteBehavior [ RunTime:0.000043s ]
INFO: [ app_init ] --END-- [ RunTime:0.000869s ]
ERR: 无法加载模块:Application

[ 2015-12-13T01:00:23+08:00 ] 127.0.0.1 /Qiao/Application/Home/View/Public/img//img4.jpg
INFO: [ app_init ] --START--
INFO: Run Behavior\BuildLiteBehavior [ RunTime:0.000045s ]
INFO: [ app_init ] --END-- [ RunTime:0.000765s ]
ERR: 无法加载模块:Application

[ 2015-12-13T01:00:28+08:00 ] 127.0.0.1 /Qiao/Application/Home/View/Public/img//img4.jpg
INFO: [ app_init ] --START--
INFO: Run Behavior\BuildLiteBehavior [ RunTime:0.000046s ]
INFO: [ app_init ] --END-- [ RunTime:0.000851s ]
ERR: 无法加载模块:Application

[ 2015-12-13T01:04:40+08:00 ] 127.0.0.1 /Qiao/Application/Home/View/Public/img//img4.jpg
INFO: [ app_init ] --START--
INFO: Run Behavior\BuildLiteBehavior [ RunTime:0.000049s ]
INFO: [ app_init ] --END-- [ RunTime:0.000874s ]
ERR: 无法加载模块:Application

[ 2015-12-13T01:05:02+08:00 ] 127.0.0.1 /Qiao/Application/Home/View/Public/img//img4.jpg
INFO: [ app_init ] --START--
INFO: Run Behavior\BuildLiteBehavior [ RunTime:0.000044s ]
INFO: [ app_init ] --END-- [ RunTime:0.000869s ]
ERR: 无法加载模块:Application

[ 2015-12-13T01:05:23+08:00 ] 127.0.0.1 /Qiao/Application/Home/View/Public/img//img4.jpg
INFO: [ app_init ] --START--
INFO: Run Behavior\BuildLiteBehavior [ RunTime:0.000045s ]
INFO: [ app_init ] --END-- [ RunTime:0.000809s ]
ERR: 无法加载模块:Application

[ 2015-12-13T01:05:42+08:00 ] 127.0.0.1 /Qiao/Application/Home/View/Public/img//img4.jpg
INFO: [ app_init ] --START--
INFO: Run Behavior\BuildLiteBehavior [ RunTime:0.000041s ]
INFO: [ app_init ] --END-- [ RunTime:0.000750s ]
ERR: 无法加载模块:Application

[ 2015-12-13T01:06:07+08:00 ] 127.0.0.1 /Qiao/Application/Home/View/Public/img//img4.jpg
INFO: [ app_init ] --START--
INFO: Run Behavior\BuildLiteBehavior [ RunTime:0.000026s ]
INFO: [ app_init ] --END-- [ RunTime:0.000575s ]
ERR: 无法加载模块:Application

[ 2015-12-13T01:07:20+08:00 ] 127.0.0.1 /Qiao/Application/Home/View/Public/img//img4.jpg
INFO: [ app_init ] --START--
INFO: Run Behavior\BuildLiteBehavior [ RunTime:0.000028s ]
INFO: [ app_init ] --END-- [ RunTime:0.000583s ]
ERR: 无法加载模块:Application

[ 2015-12-13T01:07:31+08:00 ] 127.0.0.1 /Qiao/Application/Home/View/Public/img//img4.jpg
INFO: [ app_init ] --START--
INFO: Run Behavior\BuildLiteBehavior [ RunTime:0.000044s ]
INFO: [ app_init ] --END-- [ RunTime:0.000866s ]
ERR: 无法加载模块:Application

[ 2015-12-13T01:07:49+08:00 ] 127.0.0.1 /Qiao/Application/Home/View/Public/img//img4.jpg
INFO: [ app_init ] --START--
INFO: Run Behavior\BuildLiteBehavior [ RunTime:0.000044s ]
INFO: [ app_init ] --END-- [ RunTime:0.000814s ]
ERR: 无法加载模块:Application

[ 2015-12-13T01:08:58+08:00 ] 127.0.0.1 /Qiao/Application/Home/View/Public/img//img4.jpg
INFO: [ app_init ] --START--
INFO: Run Behavior\BuildLiteBehavior [ RunTime:0.000045s ]
INFO: [ app_init ] --END-- [ RunTime:0.000818s ]
ERR: 无法加载模块:Application

[ 2015-12-13T01:12:46+08:00 ] 127.0.0.1 /Qiao/Application/Home/View/Public/img//img4.jpg
INFO: [ app_init ] --START--
INFO: Run Behavior\BuildLiteBehavior [ RunTime:0.000044s ]
INFO: [ app_init ] --END-- [ RunTime:0.000819s ]
ERR: 无法加载模块:Application

[ 2015-12-13T01:12:53+08:00 ] 127.0.0.1 /Qiao/Application/Home/View/Public/img//img4.jpg
INFO: [ app_init ] --START--
INFO: Run Behavior\BuildLiteBehavior [ RunTime:0.000049s ]
INFO: [ app_init ] --END-- [ RunTime:0.000863s ]
ERR: 无法加载模块:Application

[ 2015-12-13T01:22:47+08:00 ] 127.0.0.1 /Qiao/Application/Home/View/Public/img//img4.jpg
INFO: [ app_init ] --START--
INFO: Run Behavior\BuildLiteBehavior [ RunTime:0.000024s ]
INFO: [ app_init ] --END-- [ RunTime:0.000486s ]
ERR: 无法加载模块:Application

[ 2015-12-13T01:22:51+08:00 ] 127.0.0.1 /Qiao/Application/Home/View/Public/img//img4.jpg
INFO: [ app_init ] --START--
INFO: Run Behavior\BuildLiteBehavior [ RunTime:0.000034s ]
INFO: [ app_init ] --END-- [ RunTime:0.000666s ]
ERR: 无法加载模块:Application

[ 2015-12-13T01:22:51+08:00 ] 127.0.0.1 /Qiao/Application/Home/View/Public/img//img4.jpg
INFO: [ app_init ] --START--
INFO: Run Behavior\BuildLiteBehavior [ RunTime:0.000059s ]
INFO: [ app_init ] --END-- [ RunTime:0.000819s ]
ERR: 无法加载模块:Application

[ 2015-12-13T01:22:58+08:00 ] 127.0.0.1 /Qiao/Application/Home/View/Public/img//img4.jpg
INFO: [ app_init ] --START--
INFO: Run Behavior\BuildLiteBehavior [ RunTime:0.000025s ]
INFO: [ app_init ] --END-- [ RunTime:0.000487s ]
ERR: 无法加载模块:Application

[ 2015-12-13T01:23:00+08:00 ] 127.0.0.1 /Qiao/Application/Home/View/Public/img//img4.jpg
INFO: [ app_init ] --START--
INFO: Run Behavior\BuildLiteBehavior [ RunTime:0.000049s ]
INFO: [ app_init ] --END-- [ RunTime:0.001313s ]
ERR: 无法加载模块:Application

[ 2015-12-13T01:23:37+08:00 ] 127.0.0.1 /Qiao/Application/Home/View/Public/img//img4.jpg
INFO: [ app_init ] --START--
INFO: Run Behavior\BuildLiteBehavior [ RunTime:0.000039s ]
INFO: [ app_init ] --END-- [ RunTime:0.000742s ]
ERR: 无法加载模块:Application

[ 2015-12-13T01:26:08+08:00 ] 127.0.0.1 /Qiao/Application/Home/View/Public/img//img4.jpg
INFO: [ app_init ] --START--
INFO: Run Behavior\BuildLiteBehavior [ RunTime:0.000047s ]
INFO: [ app_init ] --END-- [ RunTime:0.000937s ]
ERR: 无法加载模块:Application

[ 2015-12-13T01:49:18+08:00 ] 127.0.0.1 /Qiao/Application/Home/View/Public/img//img4.jpg
INFO: [ app_init ] --START--
INFO: Run Behavior\BuildLiteBehavior [ RunTime:0.000049s ]
INFO: [ app_init ] --END-- [ RunTime:0.000885s ]
ERR: 无法加载模块:Application

[ 2015-12-13T01:51:18+08:00 ] 127.0.0.1 /Qiao/Application/Home/View/Public/img//img4.jpg
INFO: [ app_init ] --START--
INFO: Run Behavior\BuildLiteBehavior [ RunTime:0.000044s ]
INFO: [ app_init ] --END-- [ RunTime:0.000853s ]
ERR: 无法加载模块:Application

[ 2015-12-13T01:51:39+08:00 ] 127.0.0.1 /Qiao/Application/Home/View/Public/img//img4.jpg
INFO: [ app_init ] --START--
INFO: Run Behavior\BuildLiteBehavior [ RunTime:0.000045s ]
INFO: [ app_init ] --END-- [ RunTime:0.000885s ]
ERR: 无法加载模块:Application

[ 2015-12-13T02:00:55+08:00 ] 127.0.0.1 /Qiao/Application/Home/View/Public/img//img4.jpg
INFO: [ app_init ] --START--
INFO: Run Behavior\BuildLiteBehavior [ RunTime:0.000051s ]
INFO: [ app_init ] --END-- [ RunTime:0.001608s ]
ERR: 无法加载模块:Application

[ 2015-12-13T02:01:42+08:00 ] 127.0.0.1 /Qiao/Application/Home/View/Public/img//img4.jpg
INFO: [ app_init ] --START--
INFO: Run Behavior\BuildLiteBehavior [ RunTime:0.000024s ]
INFO: [ app_init ] --END-- [ RunTime:0.000483s ]
ERR: 无法加载模块:Application

[ 2015-12-13T02:06:55+08:00 ] 127.0.0.1 /Qiao/Application/Home/View/Public/img//img4.jpg
INFO: [ app_init ] --START--
INFO: Run Behavior\BuildLiteBehavior [ RunTime:0.000030s ]
INFO: [ app_init ] --END-- [ RunTime:0.000636s ]
ERR: 无法加载模块:Application

[ 2015-12-13T02:18:38+08:00 ] 127.0.0.1 /Qiao/Application/Home/View/Public/img//img4.jpg
INFO: [ app_init ] --START--
INFO: Run Behavior\BuildLiteBehavior [ RunTime:0.000040s ]
INFO: [ app_init ] --END-- [ RunTime:0.000844s ]
ERR: 无法加载模块:Application

[ 2015-12-13T02:18:46+08:00 ] 127.0.0.1 /Qiao/Application/Home/View/Public/img//img4.jpg
INFO: [ app_init ] --START--
INFO: Run Behavior\BuildLiteBehavior [ RunTime:0.000028s ]
INFO: [ app_init ] --END-- [ RunTime:0.000631s ]
ERR: 无法加载模块:Application

[ 2015-12-13T02:18:51+08:00 ] 127.0.0.1 /Qiao/Application/Home/View/Public/img//img4.jpg
INFO: [ app_init ] --START--
INFO: Run Behavior\BuildLiteBehavior [ RunTime:0.000036s ]
INFO: [ app_init ] --END-- [ RunTime:0.000774s ]
ERR: 无法加载模块:Application

[ 2015-12-13T02:18:59+08:00 ] 127.0.0.1 /Qiao/Application/Home/View/Public/img//img4.jpg
INFO: [ app_init ] --START--
INFO: Run Behavior\BuildLiteBehavior [ RunTime:0.000039s ]
INFO: [ app_init ] --END-- [ RunTime:0.000749s ]
ERR: 无法加载模块:Application

[ 2015-12-13T02:19:30+08:00 ] 127.0.0.1 /Qiao/Application/Home/View/Public/img//img4.jpg
INFO: [ app_init ] --START--
INFO: Run Behavior\BuildLiteBehavior [ RunTime:0.000035s ]
INFO: [ app_init ] --END-- [ RunTime:0.000870s ]
ERR: 无法加载模块:Application

[ 2015-12-13T02:19:44+08:00 ] 127.0.0.1 /Qiao/Application/Home/View/Public/img//img4.jpg
INFO: [ app_init ] --START--
INFO: Run Behavior\BuildLiteBehavior [ RunTime:0.000043s ]
INFO: [ app_init ] --END-- [ RunTime:0.000856s ]
ERR: 无法加载模块:Application

[ 2015-12-13T02:19:50+08:00 ] 127.0.0.1 /Qiao/Application/Home/View/Public/img//img4.jpg
INFO: [ app_init ] --START--
INFO: Run Behavior\BuildLiteBehavior [ RunTime:0.000059s ]
INFO: [ app_init ] --END-- [ RunTime:0.000882s ]
ERR: 无法加载模块:Application

[ 2015-12-13T02:20:05+08:00 ] 127.0.0.1 /Qiao/Application/Home/View/Public/img//img4.jpg
INFO: [ app_init ] --START--
INFO: Run Behavior\BuildLiteBehavior [ RunTime:0.000046s ]
INFO: [ app_init ] --END-- [ RunTime:0.001014s ]
ERR: 无法加载模块:Application

[ 2015-12-13T02:22:18+08:00 ] 127.0.0.1 /Qiao/Application/Home/View/Public/img//img4.jpg
INFO: [ app_init ] --START--
INFO: Run Behavior\BuildLiteBehavior [ RunTime:0.000042s ]
INFO: [ app_init ] --END-- [ RunTime:0.000864s ]
ERR: 无法加载模块:Application

[ 2015-12-13T02:22:27+08:00 ] 127.0.0.1 /Qiao/Application/Home/View/Public/img//img4.jpg
INFO: [ app_init ] --START--
INFO: Run Behavior\BuildLiteBehavior [ RunTime:0.000028s ]
INFO: [ app_init ] --END-- [ RunTime:0.000649s ]
ERR: 无法加载模块:Application

[ 2015-12-13T02:27:48+08:00 ] 127.0.0.1 /Qiao/Application/Home/View/Public/img//img4.jpg
INFO: [ app_init ] --START--
INFO: Run Behavior\BuildLiteBehavior [ RunTime:0.000048s ]
INFO: [ app_init ] --END-- [ RunTime:0.000810s ]
ERR: 无法加载模块:Application

[ 2015-12-13T02:31:19+08:00 ] 127.0.0.1 /Qiao/Application/Home/View/Public/img//img4.jpg
INFO: [ app_init ] --START--
INFO: Run Behavior\BuildLiteBehavior [ RunTime:0.000038s ]
INFO: [ app_init ] --END-- [ RunTime:0.000752s ]
ERR: 无法加载模块:Application

[ 2015-12-13T02:31:44+08:00 ] 127.0.0.1 /Qiao/Application/Home/View/Public/img//img4.jpg
INFO: [ app_init ] --START--
INFO: Run Behavior\BuildLiteBehavior [ RunTime:0.000045s ]
INFO: [ app_init ] --END-- [ RunTime:0.001079s ]
ERR: 无法加载模块:Application

[ 2015-12-13T02:39:03+08:00 ] 127.0.0.1 /Qiao/Application/Home/View/Public/img//img4.jpg
INFO: [ app_init ] --START--
INFO: Run Behavior\BuildLiteBehavior [ RunTime:0.000042s ]
INFO: [ app_init ] --END-- [ RunTime:0.000814s ]
ERR: 无法加载模块:Application

[ 2015-12-13T10:59:05+08:00 ] 127.0.0.1 /Qiao/Application/Home/View/Public/img//img4.jpg
INFO: [ app_init ] --START--
INFO: Run Behavior\BuildLiteBehavior [ RunTime:0.000037s ]
INFO: [ app_init ] --END-- [ RunTime:0.000680s ]
ERR: 无法加载模块:Application

[ 2015-12-13T10:59:05+08:00 ] 127.0.0.1 /Qiao/Application/Home/View/Public/css/22.jpg
INFO: [ app_init ] --START--
INFO: Run Behavior\BuildLiteBehavior [ RunTime:0.000041s ]
INFO: [ app_init ] --END-- [ RunTime:0.000754s ]
ERR: 无法加载模块:Application

[ 2015-12-13T10:59:09+08:00 ] 127.0.0.1 /Qiao/Application/Home/View/Public/css/22.jpg
INFO: [ app_init ] --START--
INFO: Run Behavior\BuildLiteBehavior [ RunTime:0.000039s ]
INFO: [ app_init ] --END-- [ RunTime:0.000772s ]
ERR: 无法加载模块:Application

[ 2015-12-13T10:59:09+08:00 ] 127.0.0.1 /Qiao/Application/Home/View/Public/img//img4.jpg
INFO: [ app_init ] --START--
INFO: Run Behavior\BuildLiteBehavior [ RunTime:0.000068s ]
INFO: [ app_init ] --END-- [ RunTime:0.000897s ]
ERR: 无法加载模块:Application

[ 2015-12-13T10:59:11+08:00 ] 127.0.0.1 /Qiao/Application/Home/View/Public/img//img4.jpg
INFO: [ app_init ] --START--
INFO: Run Behavior\BuildLiteBehavior [ RunTime:0.000035s ]
INFO: [ app_init ] --END-- [ RunTime:0.000842s ]
ERR: 无法加载模块:Application

[ 2015-12-13T10:59:16+08:00 ] 127.0.0.1 /Qiao/Application/Home/View/Public/img//img4.jpg
INFO: [ app_init ] --START--
INFO: Run Behavior\BuildLiteBehavior [ RunTime:0.000038s ]
INFO: [ app_init ] --END-- [ RunTime:0.000837s ]
ERR: 无法加载模块:Application

[ 2015-12-13T10:59:16+08:00 ] 127.0.0.1 /Qiao/Application/Home/View/Public/css/22.jpg
INFO: [ app_init ] --START--
INFO: Run Behavior\BuildLiteBehavior [ RunTime:0.000026s ]
INFO: [ app_init ] --END-- [ RunTime:0.000637s ]
ERR: 无法加载模块:Application

[ 2015-12-13T11:00:34+08:00 ] 127.0.0.1 /Qiao/Application/Home/View/Public/css/22.jpg
INFO: [ app_init ] --START--
INFO: Run Behavior\BuildLiteBehavior [ RunTime:0.000042s ]
INFO: [ app_init ] --END-- [ RunTime:0.000815s ]
ERR: 无法加载模块:Application

[ 2015-12-13T11:00:34+08:00 ] 127.0.0.1 /Qiao/Application/Home/View/Public/img//img4.jpg
INFO: [ app_init ] --START--
INFO: Run Behavior\BuildLiteBehavior [ RunTime:0.000042s ]
INFO: [ app_init ] --END-- [ RunTime:0.000841s ]
ERR: 无法加载模块:Application

[ 2015-12-13T11:00:42+08:00 ] 127.0.0.1 /Qiao/Application/Home/View/Public/css/22.jpg
INFO: [ app_init ] --START--
INFO: Run Behavior\BuildLiteBehavior [ RunTime:0.000042s ]
INFO: [ app_init ] --END-- [ RunTime:0.000846s ]
ERR: 无法加载模块:Application



[ 2015-12-13T11:00:52+08:00 ] 127.0.0.1 /Qiao/Application/Home/View/Public/css/22.jpg
INFO: [ app_init ] --START--
INFO: Run Behavior\BuildLiteBehavior [ RunTime:0.000047s ]
INFO: [ app_init ] --END-- [ RunTime:0.000857s ]
ERR: 无法加载模块:Application

[ 2015-12-13T11:00:52+08:00 ] 127.0.0.1 /Qiao/Application/Home/View/Public/img//img4.jpg
INFO: [ app_init ] --START--
INFO: Run Behavior\BuildLiteBehavior [ RunTime:0.000036s ]
INFO: [ app_init ] --END-- [ RunTime:0.000676s ]
ERR: 无法加载模块:Application

[ 2015-12-13T11:01:04+08:00 ] 127.0.0.1 /Qiao/Application/Home/View/Public/css/22.jpg
INFO: [ app_init ] --START--
INFO: Run Behavior\BuildLiteBehavior [ RunTime:0.000043s ]
INFO: [ app_init ] --END-- [ RunTime:0.000789s ]
ERR: 无法加载模块:Application

[ 2015-12-13T11:01:04+08:00 ] 127.0.0.1 /Qiao/Application/Home/View/Public/img//img4.jpg
INFO: [ app_init ] --START--
INFO: Run Behavior\BuildLiteBehavior [ RunTime:0.000039s ]
INFO: [ app_init ] --END-- [ RunTime:0.000679s ]
ERR: 无法加载模块:Application

[ 2015-12-13T11:01:11+08:00 ] 127.0.0.1 /Qiao/Application/Home/View/Public/img//img4.jpg
INFO: [ app_init ] --START--
INFO: Run Behavior\BuildLiteBehavior [ RunTime:0.000048s ]
INFO: [ app_init ] --END-- [ RunTime:0.001068s ]
ERR: 无法加载模块:Application

[ 2015-12-13T11:01:11+08:00 ] 127.0.0.1 /Qiao/Application/Home/View/Public/css/22.jpg
INFO: [ app_init ] --START--
INFO: Run Behavior\BuildLiteBehavior [ RunTime:0.000047s ]
INFO: [ app_init ] --END-- [ RunTime:0.000699s ]
ERR: 无法加载模块:Application

[ 2015-12-13T11:06:59+08:00 ] 127.0.0.1 /Qiao/Application/Home/View/Public/img//img4.jpg
INFO: [ app_init ] --START--
INFO: Run Behavior\BuildLiteBehavior [ RunTime:0.000042s ]
INFO: [ app_init ] --END-- [ RunTime:0.000907s ]
ERR: 无法加载模块:Application

[ 2015-12-13T11:08:21+08:00 ] 127.0.0.1 /Qiao/Application/Home/View/Public/img//img4.jpg
INFO: [ app_init ] --START--
INFO: Run Behavior\BuildLiteBehavior [ RunTime:0.000057s ]
INFO: [ app_init ] --END-- [ RunTime:0.000947s ]
ERR: 无法加载模块:Application

[ 2015-12-13T12:59:20+08:00 ] 127.0.0.1 /Qiao/Application/Home/View/Public/img//img4.jpg
INFO: [ app_init ] --START--
INFO: Run Behavior\BuildLiteBehavior [ RunTime:0.000026s ]
INFO: [ app_init ] --END-- [ RunTime:0.000536s ]
ERR: 无法加载模块:Application

[ 2015-12-13T13:00:29+08:00 ] 127.0.0.1 /Qiao/Application/Home/View/Public/img//img4.jpg
INFO: [ app_init ] --START--
INFO: Run Behavior\BuildLiteBehavior [ RunTime:0.000046s ]
INFO: [ app_init ] --END-- [ RunTime:0.000827s ]
ERR: 无法加载模块:Application

[ 2015-12-13T13:01:25+08:00 ] 127.0.0.1 /Qiao/Application/Home/View/Public/img//img4.jpg
INFO: [ app_init ] --START--
INFO: Run Behavior\BuildLiteBehavior [ RunTime:0.000045s ]
INFO: [ app_init ] --END-- [ RunTime:0.000822s ]
ERR: 无法加载模块:Application

[ 2015-12-13T13:01:40+08:00 ] 127.0.0.1 /Qiao/Application/Home/View/Public/img//img4.jpg
INFO: [ app_init ] --START--
INFO: Run Behavior\BuildLiteBehavior [ RunTime:0.000042s ]
INFO: [ app_init ] --END-- [ RunTime:0.000891s ]
ERR: 无法加载模块:Application

[ 2015-12-13T13:04:19+08:00 ] 127.0.0.1 /Qiao/Application/Home/View/Public/img//img4.jpg
INFO: [ app_init ] --START--
INFO: Run Behavior\BuildLiteBehavior [ RunTime:0.000056s ]
INFO: [ app_init ] --END-- [ RunTime:0.000967s ]
ERR: 无法加载模块:Application

[ 2015-12-13T13:13:54+08:00 ] 127.0.0.1 /Qiao/Application/Home/View/Public/img//img4.jpg
INFO: [ app_init ] --START--
INFO: Run Behavior\BuildLiteBehavior [ RunTime:0.000025s ]
INFO: [ app_init ] --END-- [ RunTime:0.000474s ]
ERR: 无法加载模块:Application

[ 2015-12-13T13:16:18+08:00 ] 127.0.0.1 /Qiao/Application/Home/View/Public/img//img4.jpg
INFO: [ app_init ] --START--
INFO: Run Behavior\BuildLiteBehavior [ RunTime:0.000025s ]
INFO: [ app_init ] --END-- [ RunTime:0.000532s ]
ERR: 无法加载模块:Application

[ 2015-12-13T13:16:21+08:00 ] 127.0.0.1 /Qiao/Application/Home/View/Public/img//img4.jpg
INFO: [ app_init ] --START--
INFO: Run Behavior\BuildLiteBehavior [ RunTime:0.000026s ]
INFO: [ app_init ] --END-- [ RunTime:0.000521s ]
ERR: 无法加载模块:Application

[ 2015-12-13T13:18:56+08:00 ] 127.0.0.1 /Qiao/Application/Home/View/Public/img//img4.jpg
INFO: [ app_init ] --START--
INFO: Run Behavior\BuildLiteBehavior [ RunTime:0.000044s ]
INFO: [ app_init ] --END-- [ RunTime:0.000792s ]
ERR: 无法加载模块:Application

[ 2015-12-13T13:21:25+08:00 ] 127.0.0.1 /Qiao/Application/Home/View/Public/img/d993bcfdd033249281ee4a0e64d3cf26/img3.jpg
INFO: [ app_init ] --START--
INFO: Run Behavior\BuildLiteBehavior [ RunTime:0.000036s ]
INFO: [ app_init ] --END-- [ RunTime:0.000577s ]
ERR: 无法加载模块:Application

[ 2015-12-13T13:21:25+08:00 ] 127.0.0.1 /Qiao/Application/Home/View/Public/img/d993bcfdd033249281ee4a0e64d3cf26/img2.jpg
INFO: [ app_init ] --START--
INFO: Run Behavior\BuildLiteBehavior [ RunTime:0.000023s ]
INFO: [ app_init ] --END-- [ RunTime:0.000471s ]
ERR: 无法加载模块:Application

[ 2015-12-13T13:21:34+08:00 ] 127.0.0.1 /Qiao/Application/Home/View/Public/img//img4.jpg
INFO: [ app_init ] --START--
INFO: Run Behavior\BuildLiteBehavior [ RunTime:0.000046s ]
INFO: [ app_init ] --END-- [ RunTime:0.001312s ]
ERR: 无法加载模块:Application

[ 2015-12-13T13:21:44+08:00 ] 127.0.0.1 /Qiao/Application/Home/View/Public/img//img4.jpg
INFO: [ app_init ] --START--
INFO: Run Behavior\BuildLiteBehavior [ RunTime:0.000026s ]
INFO: [ app_init ] --END-- [ RunTime:0.000494s ]
ERR: 无法加载模块:Application

[ 2015-12-13T13:23:55+08:00 ] 127.0.0.1 /Qiao/Application/Home/View/Public/img//img4.jpg
INFO: [ app_init ] --START--
INFO: Run Behavior\BuildLiteBehavior [ RunTime:0.000026s ]
INFO: [ app_init ] --END-- [ RunTime:0.000524s ]
ERR: 无法加载模块:Application

[ 2015-12-13T13:24:13+08:00 ] 127.0.0.1 /Qiao/Application/Home/View/Public/img//img4.jpg
INFO: [ app_init ] --START--
INFO: Run Behavior\BuildLiteBehavior [ RunTime:0.000027s ]
INFO: [ app_init ] --END-- [ RunTime:0.000517s ]
ERR: 无法加载模块:Application

[ 2015-12-13T13:24:26+08:00 ] 127.0.0.1 /Qiao/Application/Home/View/Public/img//img4.jpg
INFO: [ app_init ] --START--
INFO: Run Behavior\BuildLiteBehavior [ RunTime:0.000024s ]
INFO: [ app_init ] --END-- [ RunTime:0.000482s ]
ERR: 无法加载模块:Application

[ 2015-12-13T13:24:31+08:00 ] 127.0.0.1 /Qiao/Application/Home/View/Public/img//img4.jpg
INFO: [ app_init ] --START--
INFO: Run Behavior\BuildLiteBehavior [ RunTime:0.000035s ]
INFO: [ app_init ] --END-- [ RunTime:0.000668s ]
ERR: 无法加载模块:Application

[ 2015-12-13T13:24:56+08:00 ] 127.0.0.1 /Qiao/Application/Home/View/Public/img//img4.jpg
INFO: [ app_init ] --START--
INFO: Run Behavior\BuildLiteBehavior [ RunTime:0.000057s ]
INFO: [ app_init ] --END-- [ RunTime:0.000781s ]
ERR: 无法加载模块:Application

[ 2015-12-13T13:26:53+08:00 ] 127.0.0.1 /Qiao/Application/Home/View/Public/img//img4.jpg
INFO: [ app_init ] --START--
INFO: Run Behavior\BuildLiteBehavior [ RunTime:0.000042s ]
INFO: [ app_init ] --END-- [ RunTime:0.000735s ]
ERR: 无法加载模块:Application

[ 2015-12-13T13:27:50+08:00 ] 127.0.0.1 /Qiao/Application/Home/View/Public/img//img4.jpg
INFO: [ app_init ] --START--
INFO: Run Behavior\BuildLiteBehavior [ RunTime:0.000034s ]
INFO: [ app_init ] --END-- [ RunTime:0.000716s ]
ERR: 无法加载模块:Application

[ 2015-12-13T13:27:51+08:00 ] 127.0.0.1 /Qiao/Application/Home/View/Public/img//img4.jpg
INFO: [ app_init ] --START--
INFO: Run Behavior\BuildLiteBehavior [ RunTime:0.000038s ]
INFO: [ app_init ] --END-- [ RunTime:0.000732s ]
ERR: 无法加载模块:Application

[ 2015-12-13T13:29:41+08:00 ] 127.0.0.1 /Qiao/Application/Home/View/Public/img//img4.jpg
INFO: [ app_init ] --START--
INFO: Run Behavior\BuildLiteBehavior [ RunTime:0.000046s ]
INFO: [ app_init ] --END-- [ RunTime:0.001036s ]
ERR: 无法加载模块:Application

[ 2015-12-13T13:30:11+08:00 ] 127.0.0.1 /Qiao/Application/Home/View/Public/img//img4.jpg
INFO: [ app_init ] --START--
INFO: Run Behavior\BuildLiteBehavior [ RunTime:0.000046s ]
INFO: [ app_init ] --END-- [ RunTime:0.000866s ]
ERR: 无法加载模块:Application

[ 2015-12-13T13:30:51+08:00 ] 127.0.0.1 /Qiao/Application/Home/View/Public/img//img4.jpg
INFO: [ app_init ] --START--
INFO: Run Behavior\BuildLiteBehavior [ RunTime:0.000045s ]
INFO: [ app_init ] --END-- [ RunTime:0.001391s ]
ERR: 无法加载模块:Application

[ 2015-12-13T13:31:03+08:00 ] 127.0.0.1 /Qiao/Application/Home/View/Public/img//img4.jpg
INFO: [ app_init ] --START--
INFO: Run Behavior\BuildLiteBehavior [ RunTime:0.000046s ]
INFO: [ app_init ] --END-- [ RunTime:0.000901s ]
ERR: 无法加载模块:Application

[ 2015-12-13T16:51:33+08:00 ] 127.0.0.1 /Qiao/Application/Home/View/Public/img//img4.jpg
INFO: [ app_init ] --START--
INFO: Run Behavior\BuildLiteBehavior [ RunTime:0.000026s ]
INFO: [ app_init ] --END-- [ RunTime:0.000504s ]
ERR: 无法加载模块:Application

[ 2015-12-13T16:59:42+08:00 ] 127.0.0.1 /Qiao/Application/Home/View/Public/img//img4.jpg
INFO: [ app_init ] --START--
INFO: Run Behavior\BuildLiteBehavior [ RunTime:0.000046s ]
INFO: [ app_init ] --END-- [ RunTime:0.000841s ]
ERR: 无法加载模块:Application

[ 2015-12-13T17:06:16+08:00 ] 127.0.0.1 /Qiao/Application/Home/View/Public/img//img4.jpg
INFO: [ app_init ] --START--
INFO: Run Behavior\BuildLiteBehavior [ RunTime:0.000052s ]
INFO: [ app_init ] --END-- [ RunTime:0.005657s ]
ERR: 无法加载模块:Application

[ 2015-12-13T17:06:42+08:00 ] 127.0.0.1 /Qiao/Application/Home/View/Public/img//img4.jpg
INFO: [ app_init ] --START--
INFO: Run Behavior\BuildLiteBehavior [ RunTime:0.000046s ]
INFO: [ app_init ] --END-- [ RunTime:0.000836s ]
ERR: 无法加载模块:Application

[ 2015-12-13T17:32:57+08:00 ] 127.0.0.1 /Qiao/Application/Home/View/Public/img//img4.jpg
INFO: [ app_init ] --START--
INFO: Run Behavior\BuildLiteBehavior [ RunTime:0.000087s ]
INFO: [ app_init ] --END-- [ RunTime:0.001163s ]
ERR: 无法加载模块:Application

[ 2015-12-13T17:34:23+08:00 ] 127.0.0.1 /Qiao/Application/Home/View/Public/img//img4.jpg
INFO: [ app_init ] --START--
INFO: Run Behavior\BuildLiteBehavior [ RunTime:0.000060s ]
INFO: [ app_init ] --END-- [ RunTime:0.000858s ]
ERR: 无法加载模块:Application

[ 2015-12-13T18:30:30+08:00 ] 127.0.0.1 /Qiao/Application/Home/View/Public/img//img4.jpg
INFO: [ app_init ] --START--
INFO: Run Behavior\BuildLiteBehavior [ RunTime:0.000043s ]
INFO: [ app_init ] --END-- [ RunTime:0.000867s ]
ERR: 无法加载模块:Application

[ 2015-12-13T18:30:35+08:00 ] 127.0.0.1 /Qiao/Application/Home/View/Public/img//img4.jpg
INFO: [ app_init ] --START--
INFO: Run Behavior\BuildLiteBehavior [ RunTime:0.000041s ]
INFO: [ app_init ] --END-- [ RunTime:0.000705s ]
ERR: 无法加载模块:Application

[ 2015-12-13T18:30:52+08:00 ] 127.0.0.1 /Qiao/Application/Home/View/Public/img//img4.jpg
INFO: [ app_init ] --START--
INFO: Run Behavior\BuildLiteBehavior [ RunTime:0.000046s ]
INFO: [ app_init ] --END-- [ RunTime:0.001328s ]
ERR: 无法加载模块:Application

[ 2015-12-13T18:30:56+08:00 ] 127.0.0.1 /Qiao/Application/Home/View/Public/img//img4.jpg
INFO: [ app_init ] --START--
INFO: Run Behavior\BuildLiteBehavior [ RunTime:0.000027s ]
INFO: [ app_init ] --END-- [ RunTime:0.000530s ]
ERR: 无法加载模块:Application

[ 2015-12-13T18:31:44+08:00 ] 127.0.0.1 /Qiao/Application/Home/View/Public/img//img4.jpg
INFO: [ app_init ] --START--
INFO: Run Behavior\BuildLiteBehavior [ RunTime:0.000026s ]
INFO: [ app_init ] --END-- [ RunTime:0.000584s ]
ERR: 无法加载模块:Application

[ 2015-12-13T18:31:58+08:00 ] 127.0.0.1 /Qiao/Application/Home/View/Public/img//img4.jpg
INFO: [ app_init ] --START--
INFO: Run Behavior\BuildLiteBehavior [ RunTime:0.000040s ]
INFO: [ app_init ] --END-- [ RunTime:0.000772s ]
ERR: 无法加载模块:Application

[ 2015-12-13T18:32:37+08:00 ] 127.0.0.1 /Qiao/Application/Home/View/Public/img//img4.jpg
INFO: [ app_init ] --START--
INFO: Run Behavior\BuildLiteBehavior [ RunTime:0.000043s ]
INFO: [ app_init ] --END-- [ RunTime:0.000871s ]
ERR: 无法加载模块:Application

[ 2015-12-13T18:32:52+08:00 ] 127.0.0.1 /Qiao/Application/Home/View/Public/img//img4.jpg
INFO: [ app_init ] --START--
INFO: Run Behavior\BuildLiteBehavior [ RunTime:0.000049s ]
INFO: [ app_init ] --END-- [ RunTime:0.000922s ]
ERR: 无法加载模块:Application

[ 2015-12-13T18:53:08+08:00 ] 127.0.0.1 /Qiao/Application/Home/View/Public/img//img4.jpg
INFO: [ app_init ] --START--
INFO: Run Behavior\BuildLiteBehavior [ RunTime:0.000041s ]
INFO: [ app_init ] --END-- [ RunTime:0.000822s ]
ERR: 无法加载模块:Application

[ 2015-12-13T19:24:59+08:00 ] 127.0.0.1 /Qiao/Application/Home/View/Public/img//img4.jpg
INFO: [ app_init ] --START--
INFO: Run Behavior\BuildLiteBehavior [ RunTime:0.000026s ]
INFO: [ app_init ] --END-- [ RunTime:0.000573s ]
ERR: 无法加载模块:Application

[ 2015-12-13T19:52:03+08:00 ] 127.0.0.1 /Qiao/Application/Home/View/Public/img//img4.jpg
INFO: [ app_init ] --START--
INFO: Run Behavior\BuildLiteBehavior [ RunTime:0.000047s ]
INFO: [ app_init ] --END-- [ RunTime:0.000988s ]
ERR: 无法加载模块:Application

[ 2015-12-13T19:52:48+08:00 ] 127.0.0.1 /Qiao/Application/Home/View/Public/img//img4.jpg
INFO: [ app_init ] --START--
INFO: Run Behavior\BuildLiteBehavior [ RunTime:0.000043s ]
INFO: [ app_init ] --END-- [ RunTime:0.000899s ]
ERR: 无法加载模块:Application

[ 2015-12-13T20:24:18+08:00 ] 127.0.0.1 /Qiao/Application/Home/View/Public/img//img4.jpg
INFO: [ app_init ] --START--
INFO: Run Behavior\BuildLiteBehavior [ RunTime:0.000040s ]
INFO: [ app_init ] --END-- [ RunTime:0.000830s ]
ERR: 无法加载模块:Application

[ 2015-12-13T21:02:17+08:00 ] 127.0.0.1 /Qiao/Application/Home/View/Public/img//img4.jpg
INFO: [ app_init ] --START--
INFO: Run Behavior\BuildLiteBehavior [ RunTime:0.000069s ]
INFO: [ app_init ] --END-- [ RunTime:0.001755s ]
ERR: 无法加载模块:Application

[ 2015-12-13T21:02:55+08:00 ] 127.0.0.1 /Qiao/Application/Home/View/Public/img//img4.jpg
INFO: [ app_init ] --START--
INFO: Run Behavior\BuildLiteBehavior [ RunTime:0.000040s ]
INFO: [ app_init ] --END-- [ RunTime:0.000793s ]
ERR: 无法加载模块:Application

[ 2015-12-13T21:03:39+08:00 ] 127.0.0.1 /Qiao/Application/Home/View/Public/img//img4.jpg
INFO: [ app_init ] --START--
INFO: Run Behavior\BuildLiteBehavior [ RunTime:0.000037s ]
INFO: [ app_init ] --END-- [ RunTime:0.000651s ]
ERR: 无法加载模块:Application

[ 2015-12-13T21:38:09+08:00 ] 127.0.0.1 /Qiao/Application/Home/View/Public/img//img4.jpg
INFO: [ app_init ] --START--
INFO: Run Behavior\BuildLiteBehavior [ RunTime:0.000037s ]
INFO: [ app_init ] --END-- [ RunTime:0.000866s ]
ERR: 无法加载模块:Application

[ 2015-12-13T21:38:09+08:00 ] 127.0.0.1 /Qiao/Application/Home/View/Public/img//img4.jpg
INFO: [ app_init ] --START--
INFO: Run Behavior\BuildLiteBehavior [ RunTime:0.000038s ]
INFO: [ app_init ] --END-- [ RunTime:0.000818s ]
ERR: 无法加载模块:Application

[ 2015-12-13T21:39:21+08:00 ] 127.0.0.1 /Qiao/Application/Home/View/Public/img//img4.jpg
INFO: [ app_init ] --START--
INFO: Run Behavior\BuildLiteBehavior [ RunTime:0.000050s ]
INFO: [ app_init ] --END-- [ RunTime:0.000817s ]
ERR: 无法加载模块:Application

[ 2015-12-13T21:39:21+08:00 ] 127.0.0.1 /Qiao/Application/Home/View/Public/img//img4.jpg
INFO: [ app_init ] --START--
INFO: Run Behavior\BuildLiteBehavior [ RunTime:0.000090s ]
INFO: [ app_init ] --END-- [ RunTime:0.000934s ]
ERR: 无法加载模块:Application

[ 2015-12-13T21:40:09+08:00 ] 127.0.0.1 /Qiao/Application/Home/View/Public/img//img4.jpg
INFO: [ app_init ] --START--
INFO: Run Behavior\BuildLiteBehavior [ RunTime:0.000045s ]
INFO: [ app_init ] --END-- [ RunTime:0.000762s ]
ERR: 无法加载模块:Application

[ 2015-12-13T21:40:10+08:00 ] 127.0.0.1 /Qiao/Application/Home/View/Public/img//img4.jpg
INFO: [ app_init ] --START--
INFO: Run Behavior\BuildLiteBehavior [ RunTime:0.000027s ]
INFO: [ app_init ] --END-- [ RunTime:0.000618s ]
ERR: 无法加载模块:Application

[ 2015-12-13T21:43:37+08:00 ] 127.0.0.1 /Qiao/Application/Home/View/Public/img//img4.jpg
INFO: [ app_init ] --START--
INFO: Run Behavior\BuildLiteBehavior [ RunTime:0.000043s ]
INFO: [ app_init ] --END-- [ RunTime:0.000935s ]
ERR: 无法加载模块:Application

[ 2015-12-13T21:43:41+08:00 ] 127.0.0.1 /Qiao/Application/Home/View/Public/img//img4.jpg
INFO: [ app_init ] --START--
INFO: Run Behavior\BuildLiteBehavior [ RunTime:0.000047s ]
INFO: [ app_init ] --END-- [ RunTime:0.000962s ]
ERR: 无法加载模块:Application

[ 2015-12-13T21:43:41+08:00 ] 127.0.0.1 /Qiao/Application/Home/View/Public/img//img4.jpg
INFO: [ app_init ] --START--
INFO: Run Behavior\BuildLiteBehavior [ RunTime:0.000045s ]
INFO: [ app_init ] --END-- [ RunTime:0.002599s ]
ERR: 无法加载模块:Application

[ 2015-12-13T21:45:04+08:00 ] 127.0.0.1 /Qiao/Application/Home/View/Public/img//img4.jpg
INFO: [ app_init ] --START--
INFO: Run Behavior\BuildLiteBehavior [ RunTime:0.000060s ]
INFO: [ app_init ] --END-- [ RunTime:0.001182s ]
ERR: 无法加载模块:Application

[ 2015-12-13T21:45:05+08:00 ] 127.0.0.1 /Qiao/Application/Home/View/Public/img//img4.jpg
INFO: [ app_init ] --START--
INFO: Run Behavior\BuildLiteBehavior [ RunTime:0.000024s ]
INFO: [ app_init ] --END-- [ RunTime:0.000502s ]
ERR: 无法加载模块:Application

[ 2015-12-13T21:45:07+08:00 ] 127.0.0.1 /Qiao/Application/Home/View/Public/img//img4.jpg
INFO: [ app_init ] --START--
INFO: Run Behavior\BuildLiteBehavior [ RunTime:0.000043s ]
INFO: [ app_init ] --END-- [ RunTime:0.000816s ]
ERR: 无法加载模块:Application

[ 2015-12-13T21:46:29+08:00 ] 127.0.0.1 /Qiao/Application/Home/View/Public/img//img4.jpg
INFO: [ app_init ] --START--
INFO: Run Behavior\BuildLiteBehavior [ RunTime:0.000047s ]
INFO: [ app_init ] --END-- [ RunTime:0.000938s ]
ERR: 无法加载模块:Application

[ 2015-12-13T21:46:34+08:00 ] 127.0.0.1 /Qiao/Application/Home/View/Public/img//img4.jpg
INFO: [ app_init ] --START--
INFO: Run Behavior\BuildLiteBehavior [ RunTime:0.000046s ]
INFO: [ app_init ] --END-- [ RunTime:0.000891s ]
ERR: 无法加载模块:Application

[ 2015-12-13T21:47:19+08:00 ] 127.0.0.1 /Qiao/Application/Home/View/Public/img//img4.jpg
INFO: [ app_init ] --START--
INFO: Run Behavior\BuildLiteBehavior [ RunTime:0.000045s ]
INFO: [ app_init ] --END-- [ RunTime:0.000868s ]
ERR: 无法加载模块:Application

[ 2015-12-13T21:48:18+08:00 ] 127.0.0.1 /Qiao/Application/Home/View/Public/img//img4.jpg
INFO: [ app_init ] --START--
INFO: Run Behavior\BuildLiteBehavior [ RunTime:0.000044s ]
INFO: [ app_init ] --END-- [ RunTime:0.000776s ]
ERR: 无法加载模块:Application

[ 2015-12-13T21:51:38+08:00 ] 127.0.0.1 /Qiao/Application/Home/View/Public/img//img4.jpg
INFO: [ app_init ] --START--
INFO: Run Behavior\BuildLiteBehavior [ RunTime:0.000040s ]
INFO: [ app_init ] --END-- [ RunTime:0.000863s ]
ERR: 无法加载模块:Application

[ 2015-12-13T21:59:33+08:00 ] 127.0.0.1 /Qiao/Application/Home/View/Public/img//img4.jpg
INFO: [ app_init ] --START--
INFO: Run Behavior\BuildLiteBehavior [ RunTime:0.000037s ]
INFO: [ app_init ] --END-- [ RunTime:0.000778s ]
ERR: 无法加载模块:Application

[ 2015-12-13T22:04:57+08:00 ] 127.0.0.1 /Qiao/Application/Home/View/Public/img//img4.jpg
INFO: [ app_init ] --START--
INFO: Run Behavior\BuildLiteBehavior [ RunTime:0.000041s ]
INFO: [ app_init ] --END-- [ RunTime:0.000840s ]
ERR: 无法加载模块:Application

[ 2015-12-13T22:07:56+08:00 ] 127.0.0.1 /Qiao/Application/Home/View/Public/img//img4.jpg
INFO: [ app_init ] --START--
INFO: Run Behavior\BuildLiteBehavior [ RunTime:0.000034s ]
INFO: [ app_init ] --END-- [ RunTime:0.000639s ]
ERR: 无法加载模块:Application

[ 2015-12-13T22:11:01+08:00 ] 127.0.0.1 /Qiao/Application/Home/View/Public/img//img4.jpg
INFO: [ app_init ] --START--
INFO: Run Behavior\BuildLiteBehavior [ RunTime:0.000046s ]
INFO: [ app_init ] --END-- [ RunTime:0.001297s ]
ERR: 无法加载模块:Application

[ 2015-12-13T22:11:01+08:00 ] 127.0.0.1 /Qiao/Application/Home/View/Public/img//img4.jpg
INFO: [ app_init ] --START--
INFO: Run Behavior\BuildLiteBehavior [ RunTime:0.000042s ]
INFO: [ app_init ] --END-- [ RunTime:0.000788s ]
ERR: 无法加载模块:Application

[ 2015-12-13T22:11:01+08:00 ] 127.0.0.1 /Qiao/Application/Home/View/Public/img//img4.jpg
INFO: [ app_init ] --START--
INFO: Run Behavior\BuildLiteBehavior [ RunTime:0.000042s ]
INFO: [ app_init ] --END-- [ RunTime:0.000841s ]
ERR: 无法加载模块:Application

[ 2015-12-13T22:12:39+08:00 ] 127.0.0.1 /Qiao/Application/Home/View/Public/img//img4.jpg
INFO: [ app_init ] --START--
INFO: Run Behavior\BuildLiteBehavior [ RunTime:0.000046s ]
INFO: [ app_init ] --END-- [ RunTime:0.000862s ]
ERR: 无法加载模块:Application

[ 2015-12-13T22:13:30+08:00 ] 127.0.0.1 /Qiao/Application/Home/View/Public/img//img4.jpg
INFO: [ app_init ] --START--
INFO: Run Behavior\BuildLiteBehavior [ RunTime:0.000044s ]
INFO: [ app_init ] --END-- [ RunTime:0.000875s ]
ERR: 无法加载模块:Application

[ 2015-12-13T22:13:52+08:00 ] 127.0.0.1 /Qiao/Application/Home/View/Public/img//img4.jpg
INFO: [ app_init ] --START--
INFO: Run Behavior\BuildLiteBehavior [ RunTime:0.000044s ]
INFO: [ app_init ] --END-- [ RunTime:0.001018s ]
ERR: 无法加载模块:Application

[ 2015-12-13T22:14:38+08:00 ] 127.0.0.1 /Qiao/Application/Home/View/Public/img//img4.jpg
INFO: [ app_init ] --START--
INFO: Run Behavior\BuildLiteBehavior [ RunTime:0.000035s ]
INFO: [ app_init ] --END-- [ RunTime:0.000622s ]
ERR: 无法加载模块:Application

[ 2015-12-13T22:14:50+08:00 ] 127.0.0.1 /Qiao/Application/Home/View/Public/img//img4.jpg
INFO: [ app_init ] --START--
INFO: Run Behavior\BuildLiteBehavior [ RunTime:0.000044s ]
INFO: [ app_init ] --END-- [ RunTime:0.000827s ]
ERR: 无法加载模块:Application

[ 2015-12-13T22:14:59+08:00 ] 127.0.0.1 /Qiao/Application/Home/View/Public/img//img4.jpg
INFO: [ app_init ] --START--
INFO: Run Behavior\BuildLiteBehavior [ RunTime:0.000039s ]
INFO: [ app_init ] --END-- [ RunTime:0.000717s ]
ERR: 无法加载模块:Application

[ 2015-12-13T22:15:47+08:00 ] 127.0.0.1 /Qiao/Application/Home/View/Public/img//img4.jpg
INFO: [ app_init ] --START--
INFO: Run Behavior\BuildLiteBehavior [ RunTime:0.000029s ]
INFO: [ app_init ] --END-- [ RunTime:0.000666s ]
ERR: 无法加载模块:Application

[ 2015-12-13T22:15:59+08:00 ] 127.0.0.1 /Qiao/Application/Home/View/Public/img//img4.jpg
INFO: [ app_init ] --START--
INFO: Run Behavior\BuildLiteBehavior [ RunTime:0.000044s ]
INFO: [ app_init ] --END-- [ RunTime:0.000909s ]
ERR: 无法加载模块:Application

[ 2015-12-13T22:17:29+08:00 ] 127.0.0.1 /Qiao/Application/Home/View/Public/img//img4.jpg
INFO: [ app_init ] --START--
INFO: Run Behavior\BuildLiteBehavior [ RunTime:0.000039s ]
INFO: [ app_init ] --END-- [ RunTime:0.000748s ]
ERR: 无法加载模块:Application

[ 2015-12-13T22:21:01+08:00 ] 127.0.0.1 /Qiao/Application/Home/View/Public/img//img4.jpg
INFO: [ app_init ] --START--
INFO: Run Behavior\BuildLiteBehavior [ RunTime:0.000041s ]
INFO: [ app_init ] --END-- [ RunTime:0.000893s ]
ERR: 无法加载模块:Application

[ 2015-12-13T22:22:42+08:00 ] 127.0.0.1 /Qiao/Application/Home/View/Public/img//img4.jpg
INFO: [ app_init ] --START--
INFO: Run Behavior\BuildLiteBehavior [ RunTime:0.000042s ]
INFO: [ app_init ] --END-- [ RunTime:0.000935s ]
ERR: 无法加载模块:Application

[ 2015-12-13T22:24:25+08:00 ] 127.0.0.1 /Qiao/Application/Home/View/Public/img//img4.jpg
INFO: [ app_init ] --START--
INFO: Run Behavior\BuildLiteBehavior [ RunTime:0.000041s ]
INFO: [ app_init ] --END-- [ RunTime:0.000800s ]
ERR: 无法加载模块:Application

[ 2015-12-13T22:25:47+08:00 ] 127.0.0.1 /Qiao/Application/Home/View/Public/img//img4.jpg
INFO: [ app_init ] --START--
INFO: Run Behavior\BuildLiteBehavior [ RunTime:0.000029s ]
INFO: [ app_init ] --END-- [ RunTime:0.000598s ]
ERR: 无法加载模块:Application

[ 2015-12-13T22:40:08+08:00 ] 127.0.0.1 /Qiao/Application/Home/View/Public/img//img4.jpg
INFO: [ app_init ] --START--
INFO: Run Behavior\BuildLiteBehavior [ RunTime:0.000027s ]
INFO: [ app_init ] --END-- [ RunTime:0.000681s ]
ERR: 无法加载模块:Application

[ 2015-12-13T22:44:05+08:00 ] 127.0.0.1 /Qiao/Application/Home/View/Public/img//img4.jpg
INFO: [ app_init ] --START--
INFO: Run Behavior\BuildLiteBehavior [ RunTime:0.000039s ]
INFO: [ app_init ] --END-- [ RunTime:0.000825s ]
ERR: 无法加载模块:Application

[ 2015-12-13T22:44:28+08:00 ] 127.0.0.1 /Qiao/Application/Home/View/Public/img//img4.jpg
INFO: [ app_init ] --START--
INFO: Run Behavior\BuildLiteBehavior [ RunTime:0.000042s ]
INFO: [ app_init ] --END-- [ RunTime:0.000834s ]
ERR: 无法加载模块:Application

[ 2015-12-13T22:45:35+08:00 ] 127.0.0.1 /Qiao/Application/Home/View/Public/img//img4.jpg
INFO: [ app_init ] --START--
INFO: Run Behavior\BuildLiteBehavior [ RunTime:0.000045s ]
INFO: [ app_init ] --END-- [ RunTime:0.000878s ]
ERR: 无法加载模块:Application

[ 2015-12-13T22:46:44+08:00 ] 127.0.0.1 /Qiao/Application/Home/View/Public/img//img4.jpg
INFO: [ app_init ] --START--
INFO: Run Behavior\BuildLiteBehavior [ RunTime:0.000042s ]
INFO: [ app_init ] --END-- [ RunTime:0.000793s ]
ERR: 无法加载模块:Application

[ 2015-12-13T22:51:55+08:00 ] 127.0.0.1 /Qiao/Application/Home/View/Public/img//img4.jpg
INFO: [ app_init ] --START--
INFO: Run Behavior\BuildLiteBehavior [ RunTime:0.000039s ]
INFO: [ app_init ] --END-- [ RunTime:0.000807s ]
ERR: 无法加载模块:Application

[ 2015-12-13T22:54:13+08:00 ] 127.0.0.1 /Qiao/Application/Home/View/Public/img//img4.jpg
INFO: [ app_init ] --START--
INFO: Run Behavior\BuildLiteBehavior [ RunTime:0.000044s ]
INFO: [ app_init ] --END-- [ RunTime:0.000956s ]
ERR: 无法加载模块:Application

[ 2015-12-13T23:02:33+08:00 ] 127.0.0.1 /Qiao/Application/Home/View/Public/img//img4.jpg
INFO: [ app_init ] --START--
INFO: Run Behavior\BuildLiteBehavior [ RunTime:0.000042s ]
INFO: [ app_init ] --END-- [ RunTime:0.000873s ]
ERR: 无法加载模块:Application

[ 2015-12-13T23:03:53+08:00 ] 127.0.0.1 /Qiao/Application/Home/View/Public/img//img4.jpg
INFO: [ app_init ] --START--
INFO: Run Behavior\BuildLiteBehavior [ RunTime:0.000043s ]
INFO: [ app_init ] --END-- [ RunTime:0.000805s ]
ERR: 无法加载模块:Application

[ 2015-12-13T23:06:16+08:00 ] 127.0.0.1 /Qiao/Application/Home/View/Public/img//img4.jpg
INFO: [ app_init ] --START--
INFO: Run Behavior\BuildLiteBehavior [ RunTime:0.000039s ]
INFO: [ app_init ] --END-- [ RunTime:0.000668s ]
ERR: 无法加载模块:Application

[ 2015-12-13T23:10:04+08:00 ] 127.0.0.1 /Qiao/Application/Home/View/Public/img//img4.jpg
INFO: [ app_init ] --START--
INFO: Run Behavior\BuildLiteBehavior [ RunTime:0.000044s ]
INFO: [ app_init ] --END-- [ RunTime:0.000789s ]
ERR: 无法加载模块:Application

[ 2015-12-13T23:10:15+08:00 ] 127.0.0.1 /Qiao/Application/Home/View/Public/img//img4.jpg
INFO: [ app_init ] --START--
INFO: Run Behavior\BuildLiteBehavior [ RunTime:0.000043s ]
INFO: [ app_init ] --END-- [ RunTime:0.000795s ]
ERR: 无法加载模块:Application

[ 2015-12-13T23:10:34+08:00 ] 127.0.0.1 /Qiao/Application/Home/View/Public/img//img4.jpg
INFO: [ app_init ] --START--
INFO: Run Behavior\BuildLiteBehavior [ RunTime:0.000043s ]
INFO: [ app_init ] --END-- [ RunTime:0.000813s ]
ERR: 无法加载模块:Application

[ 2015-12-13T23:28:26+08:00 ] 127.0.0.1 /Qiao/Application/Home/View/Public/img//img4.jpg
INFO: [ app_init ] --START--
INFO: Run Behavior\BuildLiteBehavior [ RunTime:0.000044s ]
INFO: [ app_init ] --END-- [ RunTime:0.000764s ]
ERR: 无法加载模块:Application

[ 2015-12-13T23:28:50+08:00 ] 127.0.0.1 /Qiao/Application/Home/View/Public/img//img4.jpg
INFO: [ app_init ] --START--
INFO: Run Behavior\BuildLiteBehavior [ RunTime:0.000048s ]
INFO: [ app_init ] --END-- [ RunTime:0.000894s ]
ERR: 无法加载模块:Application

[ 2015-12-13T23:29:03+08:00 ] 127.0.0.1 /Qiao/Application/Home/View/Public/img//img4.jpg
INFO: [ app_init ] --START--
INFO: Run Behavior\BuildLiteBehavior [ RunTime:0.000044s ]
INFO: [ app_init ] --END-- [ RunTime:0.000738s ]
ERR: 无法加载模块:Application

[ 2015-12-13T23:29:20+08:00 ] 127.0.0.1 /Qiao/Application/Home/View/Public/img//img4.jpg
INFO: [ app_init ] --START--
INFO: Run Behavior\BuildLiteBehavior [ RunTime:0.000047s ]
INFO: [ app_init ] --END-- [ RunTime:0.000809s ]
ERR: 无法加载模块:Application

[ 2015-12-13T23:30:39+08:00 ] 127.0.0.1 /Qiao/Application/Home/View/Public/img//img4.jpg
INFO: [ app_init ] --START--
INFO: Run Behavior\BuildLiteBehavior [ RunTime:0.000044s ]
INFO: [ app_init ] --END-- [ RunTime:0.001041s ]
ERR: 无法加载模块:Application

[ 2015-12-13T23:40:08+08:00 ] 127.0.0.1 /Qiao/Application/Home/View/Public/img//img4.jpg
INFO: [ app_init ] --START--
INFO: Run Behavior\BuildLiteBehavior [ RunTime:0.000044s ]
INFO: [ app_init ] --END-- [ RunTime:0.000910s ]
ERR: 无法加载模块:Application

[ 2015-12-13T23:40:43+08:00 ] 127.0.0.1 /Qiao/Application/Home/View/Public/img//img4.jpg
INFO: [ app_init ] --START--
INFO: Run Behavior\BuildLiteBehavior [ RunTime:0.000040s ]
INFO: [ app_init ] --END-- [ RunTime:0.000761s ]
ERR: 无法加载模块:Application

[ 2015-12-13T23:40:43+08:00 ] 127.0.0.1 /Qiao/Application/Home/View/Public/img//img4.jpg
INFO: [ app_init ] --START--
INFO: Run Behavior\BuildLiteBehavior [ RunTime:0.000028s ]
INFO: [ app_init ] --END-- [ RunTime:0.000584s ]
ERR: 无法加载模块:Application

