[ 2015-12-19T14:42:12+08:00 ] 127.0.0.1 /Qiao/Application/Home/View/Public/img/ea6db1173951383825637cb4eea24bcd/aimg1.jpg
INFO: [ app_init ] --START--
INFO: Run Behavior\BuildLiteBehavior [ RunTime:0.000032s ]
INFO: [ app_init ] --END-- [ RunTime:0.000589s ]
ERR: 无法加载模块:Application

[ 2015-12-19T14:42:12+08:00 ] 127.0.0.1 /Qiao/Application/Home/View/Public/img/ea6db1173951383825637cb4eea24bcd/cimg1.jpg
INFO: [ app_init ] --START--
INFO: Run Behavior\BuildLiteBehavior [ RunTime:0.000026s ]
INFO: [ app_init ] --END-- [ RunTime:0.000514s ]
ERR: 无法加载模块:Application

[ 2015-12-19T14:42:12+08:00 ] 127.0.0.1 /Qiao/Application/Home/View/Public/img/ea6db1173951383825637cb4eea24bcd/bimg1.jpg
INFO: [ app_init ] --START--
INFO: Run Behavior\BuildLiteBehavior [ RunTime:0.000026s ]
INFO: [ app_init ] --END-- [ RunTime:0.000590s ]
ERR: 无法加载模块:Application

[ 2015-12-19T14:42:50+08:00 ] 127.0.0.1 /Qiao/Application/Home/View/Public/img/ea6db1173951383825637cb4eea24bcd/aimg1.jpg
INFO: [ app_init ] --START--
INFO: Run Behavior\BuildLiteBehavior [ RunTime:0.000042s ]
INFO: [ app_init ] --END-- [ RunTime:0.000629s ]
ERR: 无法加载模块:Application

[ 2015-12-19T14:42:50+08:00 ] 127.0.0.1 /Qiao/Application/Home/View/Public/img/ea6db1173951383825637cb4eea24bcd/cimg1.jpg
INFO: [ app_init ] --START--
INFO: Run Behavior\BuildLiteBehavior [ RunTime:0.000025s ]
INFO: [ app_init ] --END-- [ RunTime:0.000516s ]
ERR: 无法加载模块:Application

[ 2015-12-19T14:42:50+08:00 ] 127.0.0.1 /Qiao/Application/Home/View/Public/img/ea6db1173951383825637cb4eea24bcd/bimg1.jpg
INFO: [ app_init ] --START--
INFO: Run Behavior\BuildLiteBehavior [ RunTime:0.000025s ]
INFO: [ app_init ] --END-- [ RunTime:0.000529s ]
ERR: 无法加载模块:Application

[ 2015-12-19T17:47:45+08:00 ] 127.0.0.1 /Qiao/Application/Home/View/Public/img/d993bcfdd033249281ee4a0e64d3cf26/aimg1.jpg
INFO: [ app_init ] --START--
INFO: Run Behavior\BuildLiteBehavior [ RunTime:0.000048s ]
INFO: [ app_init ] --END-- [ RunTime:0.000929s ]
ERR: 无法加载模块:Application

[ 2015-12-19T17:47:45+08:00 ] 127.0.0.1 /Qiao/Application/Home/View/Public/img/d993bcfdd033249281ee4a0e64d3cf26/bimg1.jpg
INFO: [ app_init ] --START--
INFO: Run Behavior\BuildLiteBehavior [ RunTime:0.000045s ]
INFO: [ app_init ] --END-- [ RunTime:0.000766s ]
ERR: 无法加载模块:Application

[ 2015-12-19T17:47:45+08:00 ] 127.0.0.1 /Qiao/Application/Home/View/Public/img/d993bcfdd033249281ee4a0e64d3cf26/cimg1.jpg
INFO: [ app_init ] --START--
INFO: Run Behavior\BuildLiteBehavior [ RunTime:0.000048s ]
INFO: [ app_init ] --END-- [ RunTime:0.000980s ]
ERR: 无法加载模块:Application

[ 2015-12-19T17:47:45+08:00 ] 127.0.0.1 /Qiao/Application/Home/View/Public/img/d993bcfdd033249281ee4a0e64d3cf26/aimg1.jpg
INFO: [ app_init ] --START--
INFO: Run Behavior\BuildLiteBehavior [ RunTime:0.000047s ]
INFO: [ app_init ] --END-- [ RunTime:0.000827s ]
ERR: 无法加载模块:Application

[ 2015-12-19T17:47:45+08:00 ] 127.0.0.1 /Qiao/Application/Home/View/Public/img/d993bcfdd033249281ee4a0e64d3cf26/cimg1.jpg
INFO: [ app_init ] --START--
INFO: Run Behavior\BuildLiteBehavior [ RunTime:0.000044s ]
INFO: [ app_init ] --END-- [ RunTime:0.000853s ]
ERR: 无法加载模块:Application

[ 2015-12-19T17:47:45+08:00 ] 127.0.0.1 /Qiao/Application/Home/View/Public/img/d993bcfdd033249281ee4a0e64d3cf26/bimg1.jpg
INFO: [ app_init ] --START--
INFO: Run Behavior\BuildLiteBehavior [ RunTime:0.000050s ]
INFO: [ app_init ] --END-- [ RunTime:0.011224s ]
ERR: 无法加载模块:Application

[ 2015-12-19T17:47:57+08:00 ] 127.0.0.1 /Qiao/Application/Home/View/Public/img/ea6db1173951383825637cb4eea24bcd/cimg1.jpg
INFO: [ app_init ] --START--
INFO: Run Behavior\BuildLiteBehavior [ RunTime:0.000039s ]
INFO: [ app_init ] --END-- [ RunTime:0.000853s ]
ERR: 无法加载模块:Application

[ 2015-12-19T17:47:57+08:00 ] 127.0.0.1 /Qiao/Application/Home/View/Public/img/ea6db1173951383825637cb4eea24bcd/bimg1.jpg
INFO: [ app_init ] --START--
INFO: Run Behavior\BuildLiteBehavior [ RunTime:0.000039s ]
INFO: [ app_init ] --END-- [ RunTime:0.000855s ]
ERR: 无法加载模块:Application

[ 2015-12-19T17:47:57+08:00 ] 127.0.0.1 /Qiao/Application/Home/View/Public/img/ea6db1173951383825637cb4eea24bcd/aimg1.jpg
INFO: [ app_init ] --START--
INFO: Run Behavior\BuildLiteBehavior [ RunTime:0.000049s ]
INFO: [ app_init ] --END-- [ RunTime:0.024515s ]
ERR: 无法加载模块:Application

[ 2015-12-19T17:53:38+08:00 ] 127.0.0.1 /Qiao/Application/Home/View/Public/img/ea6db1173951383825637cb4eea24bcd/bimg1.jpg
INFO: [ app_init ] --START--
INFO: Run Behavior\BuildLiteBehavior [ RunTime:0.000032s ]
INFO: [ app_init ] --END-- [ RunTime:0.000660s ]
ERR: 无法加载模块:Application

[ 2015-12-19T17:53:38+08:00 ] 127.0.0.1 /Qiao/Application/Home/View/Public/img/ea6db1173951383825637cb4eea24bcd/cimg1.jpg
INFO: [ app_init ] --START--
INFO: Run Behavior\BuildLiteBehavior [ RunTime:0.000044s ]
INFO: [ app_init ] --END-- [ RunTime:0.001170s ]
ERR: 无法加载模块:Application

[ 2015-12-19T19:05:05+08:00 ] 127.0.0.1 /Qiao/Application/Home/View/Public/img/c16a5320fa475530d9583c34fd356ef5/aimg9.jpg
INFO: [ app_init ] --START--
INFO: Run Behavior\BuildLiteBehavior [ RunTime:0.000026s ]
INFO: [ app_init ] --END-- [ RunTime:0.000584s ]
ERR: 无法加载模块:Application

[ 2015-12-19T19:05:05+08:00 ] 127.0.0.1 /Qiao/Application/Home/View/Public/img/c16a5320fa475530d9583c34fd356ef5/bimg14.jpg
INFO: [ app_init ] --START--
INFO: Run Behavior\BuildLiteBehavior [ RunTime:0.000026s ]
INFO: [ app_init ] --END-- [ RunTime:0.000574s ]
ERR: 无法加载模块:Application

[ 2015-12-19T19:05:06+08:00 ] 127.0.0.1 /Qiao/Application/Home/View/Public/img/c16a5320fa475530d9583c34fd356ef5/cimg11.jpg
INFO: [ app_init ] --START--
INFO: Run Behavior\BuildLiteBehavior [ RunTime:0.000026s ]
INFO: [ app_init ] --END-- [ RunTime:0.000643s ]
ERR: 无法加载模块:Application

[ 2015-12-19T19:06:20+08:00 ] 127.0.0.1 /Qiao/Application/Home/View/Public/img/c16a5320fa475530d9583c34fd356ef5/aimg9.jpg
INFO: [ app_init ] --START--
INFO: Run Behavior\BuildLiteBehavior [ RunTime:0.000025s ]
INFO: [ app_init ] --END-- [ RunTime:0.000566s ]
ERR: 无法加载模块:Application

[ 2015-12-19T19:06:20+08:00 ] 127.0.0.1 /Qiao/Application/Home/View/Public/img/c16a5320fa475530d9583c34fd356ef5/bimg14.jpg
INFO: [ app_init ] --START--
INFO: Run Behavior\BuildLiteBehavior [ RunTime:0.000024s ]
INFO: [ app_init ] --END-- [ RunTime:0.000477s ]
ERR: 无法加载模块:Application

[ 2015-12-19T19:06:20+08:00 ] 127.0.0.1 /Qiao/Application/Home/View/Public/img/c16a5320fa475530d9583c34fd356ef5/cimg11.jpg
INFO: [ app_init ] --START--
INFO: Run Behavior\BuildLiteBehavior [ RunTime:0.000031s ]
INFO: [ app_init ] --END-- [ RunTime:0.000704s ]
ERR: 无法加载模块:Application

[ 2015-12-19T19:12:08+08:00 ] 127.0.0.1 /Qiao/Application/Home/View/Public/img/c16a5320fa475530d9583c34fd356ef5/aimg9.jpg
INFO: [ app_init ] --START--
INFO: Run Behavior\BuildLiteBehavior [ RunTime:0.000026s ]
INFO: [ app_init ] --END-- [ RunTime:0.000555s ]
ERR: 无法加载模块:Application

[ 2015-12-19T19:12:08+08:00 ] 127.0.0.1 /Qiao/Application/Home/View/Public/img/c16a5320fa475530d9583c34fd356ef5/bimg14.jpg
INFO: [ app_init ] --START--
INFO: Run Behavior\BuildLiteBehavior [ RunTime:0.000052s ]
INFO: [ app_init ] --END-- [ RunTime:0.001638s ]
ERR: 无法加载模块:Application

[ 2015-12-19T19:12:09+08:00 ] 127.0.0.1 /Qiao/Application/Home/View/Public/img/c16a5320fa475530d9583c34fd356ef5/cimg11.jpg
INFO: [ app_init ] --START--
INFO: Run Behavior\BuildLiteBehavior [ RunTime:0.000045s ]
INFO: [ app_init ] --END-- [ RunTime:0.000918s ]
ERR: 无法加载模块:Application

[ 2015-12-19T19:12:55+08:00 ] 127.0.0.1 /Qiao/Application/Home/View/Public/img/c16a5320fa475530d9583c34fd356ef5/aimg9.jpg
INFO: [ app_init ] --START--
INFO: Run Behavior\BuildLiteBehavior [ RunTime:0.000024s ]
INFO: [ app_init ] --END-- [ RunTime:0.000487s ]
ERR: 无法加载模块:Application

[ 2015-12-19T19:12:56+08:00 ] 127.0.0.1 /Qiao/Application/Home/View/Public/img/c16a5320fa475530d9583c34fd356ef5/bimg14.jpg
INFO: [ app_init ] --START--
INFO: Run Behavior\BuildLiteBehavior [ RunTime:0.000025s ]
INFO: [ app_init ] --END-- [ RunTime:0.000582s ]
ERR: 无法加载模块:Application

[ 2015-12-19T19:12:56+08:00 ] 127.0.0.1 /Qiao/Application/Home/View/Public/img/c16a5320fa475530d9583c34fd356ef5/cimg11.jpg
INFO: [ app_init ] --START--
INFO: Run Behavior\BuildLiteBehavior [ RunTime:0.000025s ]
INFO: [ app_init ] --END-- [ RunTime:0.000530s ]
ERR: 无法加载模块:Application

[ 2015-12-19T19:13:53+08:00 ] 127.0.0.1 /Qiao/Application/Home/View/Public/img/c16a5320fa475530d9583c34fd356ef5/aimg9.jpg
INFO: [ app_init ] --START--
INFO: Run Behavior\BuildLiteBehavior [ RunTime:0.000025s ]
INFO: [ app_init ] --END-- [ RunTime:0.000632s ]
ERR: 无法加载模块:Application

[ 2015-12-19T19:13:53+08:00 ] 127.0.0.1 /Qiao/Application/Home/View/Public/img/c16a5320fa475530d9583c34fd356ef5/bimg14.jpg
INFO: [ app_init ] --START--
INFO: Run Behavior\BuildLiteBehavior [ RunTime:0.000042s ]
INFO: [ app_init ] --END-- [ RunTime:0.000842s ]
ERR: 无法加载模块:Application

[ 2015-12-19T19:13:53+08:00 ] 127.0.0.1 /Qiao/Application/Home/View/Public/img/c16a5320fa475530d9583c34fd356ef5/cimg11.jpg
INFO: [ app_init ] --START--
INFO: Run Behavior\BuildLiteBehavior [ RunTime:0.000023s ]
INFO: [ app_init ] --END-- [ RunTime:0.000582s ]
ERR: 无法加载模块:Application

[ 2015-12-19T19:16:54+08:00 ] 127.0.0.1 /Qiao/Application/Home/View/Public/img/c16a5320fa475530d9583c34fd356ef5/aimg9.jpg
INFO: [ app_init ] --START--
INFO: Run Behavior\BuildLiteBehavior [ RunTime:0.000032s ]
INFO: [ app_init ] --END-- [ RunTime:0.000735s ]
ERR: 无法加载模块:Application

[ 2015-12-19T19:16:55+08:00 ] 127.0.0.1 /Qiao/Application/Home/View/Public/img/c16a5320fa475530d9583c34fd356ef5/aimg9.jpg
INFO: [ app_init ] --START--
INFO: Run Behavior\BuildLiteBehavior [ RunTime:0.000024s ]
INFO: [ app_init ] --END-- [ RunTime:0.000537s ]
ERR: 无法加载模块:Application

[ 2015-12-19T20:52:49+08:00 ] 127.0.0.1 /Qiao/Application/Home/View/Public/img/9dd56089270a59cb70de2bcfaa26c918/bimg14.jpg
INFO: [ app_init ] --START--
INFO: Run Behavior\BuildLiteBehavior [ RunTime:0.000041s ]
INFO: [ app_init ] --END-- [ RunTime:0.000786s ]
ERR: 无法加载模块:Application

[ 2015-12-19T20:52:49+08:00 ] 127.0.0.1 /Qiao/Application/Home/View/Public/img/9dd56089270a59cb70de2bcfaa26c918/cimg11.jpg
INFO: [ app_init ] --START--
INFO: Run Behavior\BuildLiteBehavior [ RunTime:0.000041s ]
INFO: [ app_init ] --END-- [ RunTime:0.000810s ]
ERR: 无法加载模块:Application

[ 2015-12-19T20:52:49+08:00 ] 127.0.0.1 /Qiao/Application/Home/View/Public/img/9dd56089270a59cb70de2bcfaa26c918/aimg9.jpg
INFO: [ app_init ] --START--
INFO: Run Behavior\BuildLiteBehavior [ RunTime:0.000042s ]
INFO: [ app_init ] --END-- [ RunTime:0.000859s ]
ERR: 无法加载模块:Application

[ 2015-12-19T20:53:30+08:00 ] 127.0.0.1 /Qiao/Application/Home/View/Public/img/9dd56089270a59cb70de2bcfaa26c918/bimg14.jpg
INFO: [ app_init ] --START--
INFO: Run Behavior\BuildLiteBehavior [ RunTime:0.000041s ]
INFO: [ app_init ] --END-- [ RunTime:0.001226s ]
ERR: 无法加载模块:Application

[ 2015-12-19T20:53:30+08:00 ] 127.0.0.1 /Qiao/Application/Home/View/Public/img/9dd56089270a59cb70de2bcfaa26c918/cimg11.jpg
INFO: [ app_init ] --START--
INFO: Run Behavior\BuildLiteBehavior [ RunTime:0.000045s ]
INFO: [ app_init ] --END-- [ RunTime:0.001030s ]
ERR: 无法加载模块:Application

[ 2015-12-19T20:53:30+08:00 ] 127.0.0.1 /Qiao/Application/Home/View/Public/img/9dd56089270a59cb70de2bcfaa26c918/aimg10.jpg
INFO: [ app_init ] --START--
INFO: Run Behavior\BuildLiteBehavior [ RunTime:0.000026s ]
INFO: [ app_init ] --END-- [ RunTime:0.000489s ]
ERR: 无法加载模块:Application

[ 2015-12-19T20:57:41+08:00 ] 127.0.0.1 /Qiao/Application/Home/View/Public/img/9dd56089270a59cb70de2bcfaa26c918/bimg14.jpg
INFO: [ app_init ] --START--
INFO: Run Behavior\BuildLiteBehavior [ RunTime:0.000040s ]
INFO: [ app_init ] --END-- [ RunTime:0.000794s ]
ERR: 无法加载模块:Application

[ 2015-12-19T20:57:41+08:00 ] 127.0.0.1 /Qiao/Application/Home/View/Public/img/9dd56089270a59cb70de2bcfaa26c918/aimg10.jpg
INFO: [ app_init ] --START--
INFO: Run Behavior\BuildLiteBehavior [ RunTime:0.000045s ]
INFO: [ app_init ] --END-- [ RunTime:0.000900s ]
ERR: 无法加载模块:Application

[ 2015-12-19T20:57:41+08:00 ] 127.0.0.1 /Qiao/Application/Home/View/Public/img/9dd56089270a59cb70de2bcfaa26c918/cimg11.jpg
INFO: [ app_init ] --START--
INFO: Run Behavior\BuildLiteBehavior [ RunTime:0.000035s ]
INFO: [ app_init ] --END-- [ RunTime:0.000547s ]
ERR: 无法加载模块:Application

[ 2015-12-19T21:04:33+08:00 ] 127.0.0.1 /Qiao/Application/Home/View/Public/img/9dd56089270a59cb70de2bcfaa26c918/bimg14.jpg
INFO: [ app_init ] --START--
INFO: Run Behavior\BuildLiteBehavior [ RunTime:0.000038s ]
INFO: [ app_init ] --END-- [ RunTime:0.000833s ]
ERR: 无法加载模块:Application

[ 2015-12-19T21:04:33+08:00 ] 127.0.0.1 /Qiao/Application/Home/View/Public/img/9dd56089270a59cb70de2bcfaa26c918/cimg11.jpg
INFO: [ app_init ] --START--
INFO: Run Behavior\BuildLiteBehavior [ RunTime:0.000207s ]
INFO: [ app_init ] --END-- [ RunTime:0.001552s ]
ERR: 无法加载模块:Application

[ 2015-12-19T21:37:17+08:00 ] 127.0.0.1 /Qiao/Application/Home/View/Public/img/9dd56089270a59cb70de2bcfaa26c918/bimg14.jpg
INFO: [ app_init ] --START--
INFO: Run Behavior\BuildLiteBehavior [ RunTime:0.000041s ]
INFO: [ app_init ] --END-- [ RunTime:0.000795s ]
ERR: 无法加载模块:Application

[ 2015-12-19T21:37:17+08:00 ] 127.0.0.1 /Qiao/Application/Home/View/Public/img/9dd56089270a59cb70de2bcfaa26c918/cimg11.jpg
INFO: [ app_init ] --START--
INFO: Run Behavior\BuildLiteBehavior [ RunTime:0.000081s ]
INFO: [ app_init ] --END-- [ RunTime:0.001168s ]
ERR: 无法加载模块:Application

[ 2015-12-19T21:38:06+08:00 ] 127.0.0.1 /Qiao/Application/Home/View/Public/img/9dd56089270a59cb70de2bcfaa26c918/bimg14.jpg
INFO: [ app_init ] --START--
INFO: Run Behavior\BuildLiteBehavior [ RunTime:0.000040s ]
INFO: [ app_init ] --END-- [ RunTime:0.000785s ]
ERR: 无法加载模块:Application

[ 2015-12-19T21:38:06+08:00 ] 127.0.0.1 /Qiao/Application/Home/View/Public/img/9dd56089270a59cb70de2bcfaa26c918/cimg11.jpg
INFO: [ app_init ] --START--
INFO: Run Behavior\BuildLiteBehavior [ RunTime:0.000043s ]
INFO: [ app_init ] --END-- [ RunTime:0.000815s ]
ERR: 无法加载模块:Application

[ 2015-12-19T21:55:23+08:00 ] 127.0.0.1 /Qiao/Application/Home/View/Public/img/9dd56089270a59cb70de2bcfaa26c918/cimg11.jpg
INFO: [ app_init ] --START--
INFO: Run Behavior\BuildLiteBehavior [ RunTime:0.000048s ]
INFO: [ app_init ] --END-- [ RunTime:0.001023s ]
ERR: 无法加载模块:Application

[ 2015-12-19T21:55:23+08:00 ] 127.0.0.1 /Qiao/Application/Home/View/Public/img/9dd56089270a59cb70de2bcfaa26c918/bimg14.jpg
INFO: [ app_init ] --START--
INFO: Run Behavior\BuildLiteBehavior [ RunTime:0.000048s ]
INFO: [ app_init ] --END-- [ RunTime:0.000966s ]
ERR: 无法加载模块:Application

[ 2015-12-19T22:00:30+08:00 ] 127.0.0.1 /Qiao/Application/Home/View/Public/img/9dd56089270a59cb70de2bcfaa26c918/bimg14.jpg
INFO: [ app_init ] --START--
INFO: Run Behavior\BuildLiteBehavior [ RunTime:0.000040s ]
INFO: [ app_init ] --END-- [ RunTime:0.000849s ]
ERR: 无法加载模块:Application

[ 2015-12-19T22:00:30+08:00 ] 127.0.0.1 /Qiao/Application/Home/View/Public/img/9dd56089270a59cb70de2bcfaa26c918/cimg11.jpg
INFO: [ app_init ] --START--
INFO: Run Behavior\BuildLiteBehavior [ RunTime:0.000025s ]
INFO: [ app_init ] --END-- [ RunTime:0.000549s ]
ERR: 无法加载模块:Application

[ 2015-12-19T23:09:50+08:00 ] 127.0.0.1 /Qiao/Application/Home/View/Public/img/ea6db1173951383825637cb4eea24bcd/qrcode.jpg
INFO: [ app_init ] --START--
INFO: Run Behavior\BuildLiteBehavior [ RunTime:0.000046s ]
INFO: [ app_init ] --END-- [ RunTime:0.000968s ]
ERR: 无法加载模块:Application

[ 2015-12-19T23:10:03+08:00 ] 127.0.0.1 /Qiao/Application/Home/View/Public/img/ea6db1173951383825637cb4eea24bcd/qrcode.jpg
INFO: [ app_init ] --START--
INFO: Run Behavior\BuildLiteBehavior [ RunTime:0.000027s ]
INFO: [ app_init ] --END-- [ RunTime:0.000540s ]
ERR: 无法加载模块:Application

[ 2015-12-19T23:10:59+08:00 ] 127.0.0.1 /Qiao/Application/Home/View/Public/img/ea6db1173951383825637cb4eea24bcd/aimg1.jpg
INFO: [ app_init ] --START--
INFO: Run Behavior\BuildLiteBehavior [ RunTime:0.000046s ]
INFO: [ app_init ] --END-- [ RunTime:0.000753s ]
ERR: 无法加载模块:Application

[ 2015-12-19T23:10:59+08:00 ] 127.0.0.1 /Qiao/Application/Home/View/Public/img/ea6db1173951383825637cb4eea24bcd/bimg1.jpg
INFO: [ app_init ] --START--
INFO: Run Behavior\BuildLiteBehavior [ RunTime:0.000044s ]
INFO: [ app_init ] --END-- [ RunTime:0.001216s ]
ERR: 无法加载模块:Application

[ 2015-12-19T23:10:59+08:00 ] 127.0.0.1 /Qiao/Application/Home/View/Public/img/ea6db1173951383825637cb4eea24bcd/cimg1.jpg
INFO: [ app_init ] --START--
INFO: Run Behavior\BuildLiteBehavior [ RunTime:0.000039s ]
INFO: [ app_init ] --END-- [ RunTime:0.000637s ]
ERR: 无法加载模块:Application

[ 2015-12-19T23:11:46+08:00 ] 127.0.0.1 /Qiao/Application/Home/View/Public/img/ea6db1173951383825637cb4eea24bcd/bimg1.jpg
INFO: [ app_init ] --START--
INFO: Run Behavior\BuildLiteBehavior [ RunTime:0.000027s ]
INFO: [ app_init ] --END-- [ RunTime:0.000601s ]
ERR: 无法加载模块:Application

[ 2015-12-19T23:11:46+08:00 ] 127.0.0.1 /Qiao/Application/Home/View/Public/img/ea6db1173951383825637cb4eea24bcd/cimg1.jpg
INFO: [ app_init ] --START--
INFO: Run Behavior\BuildLiteBehavior [ RunTime:0.000025s ]
INFO: [ app_init ] --END-- [ RunTime:0.000580s ]
ERR: 无法加载模块:Application

[ 2015-12-19T23:12:10+08:00 ] 127.0.0.1 /Qiao/Application/Home/View/Public/img/ea6db1173951383825637cb4eea24bcd/cimg1.jpg
INFO: [ app_init ] --START--
INFO: Run Behavior\BuildLiteBehavior [ RunTime:0.000041s ]
INFO: [ app_init ] --END-- [ RunTime:0.000861s ]
ERR: 无法加载模块:Application

[ 2015-12-19T23:12:10+08:00 ] 127.0.0.1 /Qiao/Application/Home/View/Public/img/ea6db1173951383825637cb4eea24bcd/bimg1.jpg
INFO: [ app_init ] --START--
INFO: Run Behavior\BuildLiteBehavior [ RunTime:0.000043s ]
INFO: [ app_init ] --END-- [ RunTime:0.000698s ]
ERR: 无法加载模块:Application

