[ 2015-12-18T00:35:17+08:00 ] 127.0.0.1 /Qiao/Application/Home/View/Public/img/ea6db1173951383825637cb4eea24bcd/aimg1.jpg
INFO: [ app_init ] --START--
INFO: Run Behavior\BuildLiteBehavior [ RunTime:0.000049s ]
INFO: [ app_init ] --END-- [ RunTime:0.000980s ]
ERR: 无法加载模块:Application

[ 2015-12-18T00:35:17+08:00 ] 127.0.0.1 /Qiao/Application/Home/View/Public/img/ea6db1173951383825637cb4eea24bcd/cimg1.jpg
INFO: [ app_init ] --START--
INFO: Run Behavior\BuildLiteBehavior [ RunTime:0.000041s ]
INFO: [ app_init ] --END-- [ RunTime:0.000836s ]
ERR: 无法加载模块:Application

[ 2015-12-18T00:35:17+08:00 ] 127.0.0.1 /Qiao/Application/Home/View/Public/img/ea6db1173951383825637cb4eea24bcd/bimg1.jpg
INFO: [ app_init ] --START--
INFO: Run Behavior\BuildLiteBehavior [ RunTime:0.000042s ]
INFO: [ app_init ] --END-- [ RunTime:0.001041s ]
ERR: 无法加载模块:Application

[ 2015-12-18T00:36:18+08:00 ] 127.0.0.1 /Qiao/Application/Home/View/Public/img/9dd56089270a59cb70de2bcfaa26c918/093f65e080a295f8076b1c5722a46aa2/img1.jpg
INFO: [ app_init ] --START--
INFO: Run Behavior\BuildLiteBehavior [ RunTime:0.000040s ]
INFO: [ app_init ] --END-- [ RunTime:0.000755s ]
ERR: 无法加载模块:Application

[ 2015-12-18T11:23:16+08:00 ] 127.0.0.1 /Qiao/Application/Home/View/Public/img/d993bcfdd033249281ee4a0e64d3cf26/aimg1.jpg
INFO: [ app_init ] --START--
INFO: Run Behavior\BuildLiteBehavior [ RunTime:0.000047s ]
INFO: [ app_init ] --END-- [ RunTime:0.000797s ]
ERR: 无法加载模块:Application

[ 2015-12-18T11:23:16+08:00 ] 127.0.0.1 /Qiao/Application/Home/View/Public/img/d993bcfdd033249281ee4a0e64d3cf26/bimg1.jpg
INFO: [ app_init ] --START--
INFO: Run Behavior\BuildLiteBehavior [ RunTime:0.000044s ]
INFO: [ app_init ] --END-- [ RunTime:0.000832s ]
ERR: 无法加载模块:Application

[ 2015-12-18T11:23:16+08:00 ] 127.0.0.1 /Qiao/Application/Home/View/Public/img/d993bcfdd033249281ee4a0e64d3cf26/cimg1.jpg
INFO: [ app_init ] --START--
INFO: Run Behavior\BuildLiteBehavior [ RunTime:0.000043s ]
INFO: [ app_init ] --END-- [ RunTime:0.000775s ]
ERR: 无法加载模块:Application

[ 2015-12-18T11:23:20+08:00 ] 127.0.0.1 /Qiao/Application/Home/View/Public/img/d993bcfdd033249281ee4a0e64d3cf26/bimg1.jpg
INFO: [ app_init ] --START--
INFO: Run Behavior\BuildLiteBehavior [ RunTime:0.000039s ]
INFO: [ app_init ] --END-- [ RunTime:0.000830s ]
ERR: 无法加载模块:Application

[ 2015-12-18T11:23:20+08:00 ] 127.0.0.1 /Qiao/Application/Home/View/Public/img/d993bcfdd033249281ee4a0e64d3cf26/aimg1.jpg
INFO: [ app_init ] --START--
INFO: Run Behavior\BuildLiteBehavior [ RunTime:0.000044s ]
INFO: [ app_init ] --END-- [ RunTime:0.000810s ]
ERR: 无法加载模块:Application

[ 2015-12-18T11:23:20+08:00 ] 127.0.0.1 /Qiao/Application/Home/View/Public/img/d993bcfdd033249281ee4a0e64d3cf26/cimg1.jpg
INFO: [ app_init ] --START--
INFO: Run Behavior\BuildLiteBehavior [ RunTime:0.000050s ]
INFO: [ app_init ] --END-- [ RunTime:0.000992s ]
ERR: 无法加载模块:Application

[ 2015-12-18T11:23:38+08:00 ] 127.0.0.1 /Qiao/Application/Home/View/Public/img/d993bcfdd033249281ee4a0e64d3cf26/aimg1.jpg
INFO: [ app_init ] --START--
INFO: Run Behavior\BuildLiteBehavior [ RunTime:0.000046s ]
INFO: [ app_init ] --END-- [ RunTime:0.000819s ]
ERR: 无法加载模块:Application

[ 2015-12-18T11:23:38+08:00 ] 127.0.0.1 /Qiao/Application/Home/View/Public/img/d993bcfdd033249281ee4a0e64d3cf26/bimg1.jpg
INFO: [ app_init ] --START--
INFO: Run Behavior\BuildLiteBehavior [ RunTime:0.000041s ]
INFO: [ app_init ] --END-- [ RunTime:0.000731s ]
ERR: 无法加载模块:Application

[ 2015-12-18T11:23:38+08:00 ] 127.0.0.1 /Qiao/Application/Home/View/Public/img/d993bcfdd033249281ee4a0e64d3cf26/cimg1.jpg
INFO: [ app_init ] --START--
INFO: Run Behavior\BuildLiteBehavior [ RunTime:0.000026s ]
INFO: [ app_init ] --END-- [ RunTime:0.000540s ]
ERR: 无法加载模块:Application

[ 2015-12-18T11:23:47+08:00 ] 127.0.0.1 /Qiao/Application/Home/View/Public/img/d993bcfdd033249281ee4a0e64d3cf26/aimg1.jpg
INFO: [ app_init ] --START--
INFO: Run Behavior\BuildLiteBehavior [ RunTime:0.000040s ]
INFO: [ app_init ] --END-- [ RunTime:0.000734s ]
ERR: 无法加载模块:Application

[ 2015-12-18T11:23:47+08:00 ] 127.0.0.1 /Qiao/Application/Home/View/Public/img/d993bcfdd033249281ee4a0e64d3cf26/cimg1.jpg
INFO: [ app_init ] --START--
INFO: Run Behavior\BuildLiteBehavior [ RunTime:0.000025s ]
INFO: [ app_init ] --END-- [ RunTime:0.000471s ]
ERR: 无法加载模块:Application

[ 2015-12-18T11:23:47+08:00 ] 127.0.0.1 /Qiao/Application/Home/View/Public/img/d993bcfdd033249281ee4a0e64d3cf26/bimg1.jpg
INFO: [ app_init ] --START--
INFO: Run Behavior\BuildLiteBehavior [ RunTime:0.000047s ]
INFO: [ app_init ] --END-- [ RunTime:0.005020s ]
ERR: 无法加载模块:Application

