[ 2015-12-11T01:45:13+08:00 ] 127.0.0.1 /Qiao/Application/Home/View/Public/img//img4.jpg
INFO: [ app_init ] --START--
INFO: Run Behavior\BuildLiteBehavior [ RunTime:0.000038s ]
INFO: [ app_init ] --END-- [ RunTime:0.000882s ]
ERR: 无法加载模块:Application

[ 2015-12-11T01:45:27+08:00 ] 127.0.0.1 /Qiao/Application/Home/View/Public/img//img4.jpg
INFO: [ app_init ] --START--
INFO: Run Behavior\BuildLiteBehavior [ RunTime:0.000044s ]
INFO: [ app_init ] --END-- [ RunTime:0.000989s ]
ERR: 无法加载模块:Application

[ 2015-12-11T01:45:31+08:00 ] 127.0.0.1 /Qiao/Application/Home/View/Public/img//img4.jpg
INFO: [ app_init ] --START--
INFO: Run Behavior\BuildLiteBehavior [ RunTime:0.000039s ]
INFO: [ app_init ] --END-- [ RunTime:0.000686s ]
ERR: 无法加载模块:Application

[ 2015-12-11T01:45:39+08:00 ] 127.0.0.1 /Qiao/Application/Home/View/Public/img//img4.jpg
INFO: [ app_init ] --START--
INFO: Run Behavior\BuildLiteBehavior [ RunTime:0.000041s ]
INFO: [ app_init ] --END-- [ RunTime:0.001393s ]
ERR: 无法加载模块:Application

[ 2015-12-11T01:45:41+08:00 ] 127.0.0.1 /Qiao/Application/Home/View/Public/img//img4.jpg
INFO: [ app_init ] --START--
INFO: Run Behavior\BuildLiteBehavior [ RunTime:0.000039s ]
INFO: [ app_init ] --END-- [ RunTime:0.000814s ]
ERR: 无法加载模块:Application

[ 2015-12-11T01:45:42+08:00 ] 127.0.0.1 /Qiao/Application/Home/View/Public/img//img4.jpg
INFO: [ app_init ] --START--
INFO: Run Behavior\BuildLiteBehavior [ RunTime:0.000042s ]
INFO: [ app_init ] --END-- [ RunTime:0.000936s ]
ERR: 无法加载模块:Application

[ 2015-12-11T01:46:27+08:00 ] 127.0.0.1 /Qiao/Application/Home/View/Public/img//img4.jpg
INFO: [ app_init ] --START--
INFO: Run Behavior\BuildLiteBehavior [ RunTime:0.000061s ]
INFO: [ app_init ] --END-- [ RunTime:0.000879s ]
ERR: 无法加载模块:Application

[ 2015-12-11T01:46:53+08:00 ] 127.0.0.1 /Qiao/Application/Home/View/Public/img//img4.jpg
INFO: [ app_init ] --START--
INFO: Run Behavior\BuildLiteBehavior [ RunTime:0.000042s ]
INFO: [ app_init ] --END-- [ RunTime:0.000865s ]
ERR: 无法加载模块:Application

[ 2015-12-11T01:47:06+08:00 ] 127.0.0.1 /Qiao/Application/Home/View/Public/img//img4.jpg
INFO: [ app_init ] --START--
INFO: Run Behavior\BuildLiteBehavior [ RunTime:0.000044s ]
INFO: [ app_init ] --END-- [ RunTime:0.000960s ]
ERR: 无法加载模块:Application

[ 2015-12-11T01:47:09+08:00 ] 127.0.0.1 /Qiao/Application/Home/View/Public/img/d993bcfdd033249281ee4a0e64d3cf26/img2.jpg
INFO: [ app_init ] --START--
INFO: Run Behavior\BuildLiteBehavior [ RunTime:0.000034s ]
INFO: [ app_init ] --END-- [ RunTime:0.000695s ]
ERR: 无法加载模块:Application

[ 2015-12-11T01:47:09+08:00 ] 127.0.0.1 /Qiao/Application/Home/View/Public/img/d993bcfdd033249281ee4a0e64d3cf26/img3.jpg
INFO: [ app_init ] --START--
INFO: Run Behavior\BuildLiteBehavior [ RunTime:0.000041s ]
INFO: [ app_init ] --END-- [ RunTime:0.000902s ]
ERR: 无法加载模块:Application

[ 2015-12-11T01:47:15+08:00 ] 127.0.0.1 /Qiao/Application/Home/View/Public/img//img4.jpg
INFO: [ app_init ] --START--
INFO: Run Behavior\BuildLiteBehavior [ RunTime:0.000083s ]
INFO: [ app_init ] --END-- [ RunTime:0.001001s ]
ERR: 无法加载模块:Application

[ 2015-12-11T01:49:38+08:00 ] 127.0.0.1 /Qiao/Application/Home/View/Public/img//img4.jpg
INFO: [ app_init ] --START--
INFO: Run Behavior\BuildLiteBehavior [ RunTime:0.000043s ]
INFO: [ app_init ] --END-- [ RunTime:0.000924s ]
ERR: 无法加载模块:Application

[ 2015-12-11T01:50:06+08:00 ] 127.0.0.1 /Qiao/Application/Home/View/Public/img//img4.jpg
INFO: [ app_init ] --START--
INFO: Run Behavior\BuildLiteBehavior [ RunTime:0.000041s ]
INFO: [ app_init ] --END-- [ RunTime:0.000752s ]
ERR: 无法加载模块:Application

[ 2015-12-11T01:50:11+08:00 ] 127.0.0.1 /Qiao/Application/Home/View/Public/img//img4.jpg
INFO: [ app_init ] --START--
INFO: Run Behavior\BuildLiteBehavior [ RunTime:0.000040s ]
INFO: [ app_init ] --END-- [ RunTime:0.000804s ]
ERR: 无法加载模块:Application

[ 2015-12-11T01:50:39+08:00 ] 127.0.0.1 /Qiao/Application/Home/View/Public/img//img4.jpg
INFO: [ app_init ] --START--
INFO: Run Behavior\BuildLiteBehavior [ RunTime:0.000039s ]
INFO: [ app_init ] --END-- [ RunTime:0.000832s ]
ERR: 无法加载模块:Application

[ 2015-12-11T01:50:56+08:00 ] 127.0.0.1 /Qiao/Application/Home/View/Public/img//img4.jpg
INFO: [ app_init ] --START--
INFO: Run Behavior\BuildLiteBehavior [ RunTime:0.000040s ]
INFO: [ app_init ] --END-- [ RunTime:0.000850s ]
ERR: 无法加载模块:Application

[ 2015-12-11T01:51:02+08:00 ] 127.0.0.1 /Qiao/Application/Home/View/Public/img//img4.jpg
INFO: [ app_init ] --START--
INFO: Run Behavior\BuildLiteBehavior [ RunTime:0.000035s ]
INFO: [ app_init ] --END-- [ RunTime:0.000707s ]
ERR: 无法加载模块:Application

[ 2015-12-11T01:54:49+08:00 ] 127.0.0.1 /Qiao/Application/Home/View/Public/img//img4.jpg
INFO: [ app_init ] --START--
INFO: Run Behavior\BuildLiteBehavior [ RunTime:0.000038s ]
INFO: [ app_init ] --END-- [ RunTime:0.000772s ]
ERR: 无法加载模块:Application

[ 2015-12-11T01:54:56+08:00 ] 127.0.0.1 /Qiao/Application/Home/View/Public/img//img4.jpg
INFO: [ app_init ] --START--
INFO: Run Behavior\BuildLiteBehavior [ RunTime:0.000047s ]
INFO: [ app_init ] --END-- [ RunTime:0.000913s ]
ERR: 无法加载模块:Application

[ 2015-12-11T01:56:48+08:00 ] 127.0.0.1 /Qiao/Application/Home/View/Public/img//img4.jpg
INFO: [ app_init ] --START--
INFO: Run Behavior\BuildLiteBehavior [ RunTime:0.000038s ]
INFO: [ app_init ] --END-- [ RunTime:0.000807s ]
ERR: 无法加载模块:Application

[ 2015-12-11T01:58:22+08:00 ] 127.0.0.1 /Qiao/Application/Home/View/Public/img//img4.jpg
INFO: [ app_init ] --START--
INFO: Run Behavior\BuildLiteBehavior [ RunTime:0.000041s ]
INFO: [ app_init ] --END-- [ RunTime:0.000917s ]
ERR: 无法加载模块:Application

[ 2015-12-11T01:59:27+08:00 ] 127.0.0.1 /Qiao/Application/Home/View/Public/img//img4.jpg
INFO: [ app_init ] --START--
INFO: Run Behavior\BuildLiteBehavior [ RunTime:0.000025s ]
INFO: [ app_init ] --END-- [ RunTime:0.000509s ]
ERR: 无法加载模块:Application

[ 2015-12-11T01:59:59+08:00 ] 127.0.0.1 /Qiao/Application/Home/View/Public/img//img4.jpg
INFO: [ app_init ] --START--
INFO: Run Behavior\BuildLiteBehavior [ RunTime:0.000039s ]
INFO: [ app_init ] --END-- [ RunTime:0.000851s ]
ERR: 无法加载模块:Application

[ 2015-12-11T01:59:59+08:00 ] 127.0.0.1 /Qiao/Application/Home/View/Public/img//img4.jpg
INFO: [ app_init ] --START--
INFO: Run Behavior\BuildLiteBehavior [ RunTime:0.000029s ]
INFO: [ app_init ] --END-- [ RunTime:0.000765s ]
ERR: 无法加载模块:Application

[ 2015-12-11T02:02:09+08:00 ] 127.0.0.1 /Qiao/Application/Home/View/Public/img//img4.jpg
INFO: [ app_init ] --START--
INFO: Run Behavior\BuildLiteBehavior [ RunTime:0.000062s ]
INFO: [ app_init ] --END-- [ RunTime:0.000986s ]
ERR: 无法加载模块:Application

[ 2015-12-11T02:07:06+08:00 ] 127.0.0.1 /Qiao/Application/Home/View/Public/img//img4.jpg
INFO: [ app_init ] --START--
INFO: Run Behavior\BuildLiteBehavior [ RunTime:0.000043s ]
INFO: [ app_init ] --END-- [ RunTime:0.000860s ]
ERR: 无法加载模块:Application

[ 2015-12-11T02:07:06+08:00 ] 127.0.0.1 /Qiao/Application/Home/View/Public/img//img4.jpg
INFO: [ app_init ] --START--
INFO: Run Behavior\BuildLiteBehavior [ RunTime:0.000040s ]
INFO: [ app_init ] --END-- [ RunTime:0.000865s ]
ERR: 无法加载模块:Application

[ 2015-12-11T02:07:26+08:00 ] 127.0.0.1 /Qiao/Application/Home/View/Public/img//img4.jpg
INFO: [ app_init ] --START--
INFO: Run Behavior\BuildLiteBehavior [ RunTime:0.000043s ]
INFO: [ app_init ] --END-- [ RunTime:0.000890s ]
ERR: 无法加载模块:Application

[ 2015-12-11T02:07:49+08:00 ] 127.0.0.1 /Qiao/Application/Home/View/Public/img//img4.jpg
INFO: [ app_init ] --START--
INFO: Run Behavior\BuildLiteBehavior [ RunTime:0.000037s ]
INFO: [ app_init ] --END-- [ RunTime:0.000760s ]
ERR: 无法加载模块:Application

[ 2015-12-11T02:08:09+08:00 ] 127.0.0.1 /Qiao/Application/Home/View/Public/img//img4.jpg
INFO: [ app_init ] --START--
INFO: Run Behavior\BuildLiteBehavior [ RunTime:0.000043s ]
INFO: [ app_init ] --END-- [ RunTime:0.000913s ]
ERR: 无法加载模块:Application

[ 2015-12-11T02:08:14+08:00 ] 127.0.0.1 /Qiao/Application/Home/View/Public/img//img4.jpg
INFO: [ app_init ] --START--
INFO: Run Behavior\BuildLiteBehavior [ RunTime:0.000044s ]
INFO: [ app_init ] --END-- [ RunTime:0.000810s ]
ERR: 无法加载模块:Application

[ 2015-12-11T02:08:15+08:00 ] 127.0.0.1 /Qiao/Application/Home/View/Public/img//img4.jpg
INFO: [ app_init ] --START--
INFO: Run Behavior\BuildLiteBehavior [ RunTime:0.000043s ]
INFO: [ app_init ] --END-- [ RunTime:0.000977s ]
ERR: 无法加载模块:Application

[ 2015-12-11T02:08:16+08:00 ] 127.0.0.1 /Qiao/Application/Home/View/Public/img//img4.jpg
INFO: [ app_init ] --START--
INFO: Run Behavior\BuildLiteBehavior [ RunTime:0.000042s ]
INFO: [ app_init ] --END-- [ RunTime:0.000928s ]
ERR: 无法加载模块:Application

[ 2015-12-11T02:08:24+08:00 ] 127.0.0.1 /Qiao/Application/Home/View/Public/img//img4.jpg
INFO: [ app_init ] --START--
INFO: Run Behavior\BuildLiteBehavior [ RunTime:0.000047s ]
INFO: [ app_init ] --END-- [ RunTime:0.000899s ]
ERR: 无法加载模块:Application

[ 2015-12-11T02:09:54+08:00 ] 127.0.0.1 /Qiao/Application/Home/View/Public/img//img4.jpg
INFO: [ app_init ] --START--
INFO: Run Behavior\BuildLiteBehavior [ RunTime:0.000043s ]
INFO: [ app_init ] --END-- [ RunTime:0.001083s ]
ERR: 无法加载模块:Application

[ 2015-12-11T02:12:26+08:00 ] 127.0.0.1 /Qiao/Application/Home/View/Public/img//img4.jpg
INFO: [ app_init ] --START--
INFO: Run Behavior\BuildLiteBehavior [ RunTime:0.000025s ]
INFO: [ app_init ] --END-- [ RunTime:0.000532s ]
ERR: 无法加载模块:Application

[ 2015-12-11T02:13:31+08:00 ] 127.0.0.1 /Qiao/Application/Home/View/Public/img//img4.jpg
INFO: [ app_init ] --START--
INFO: Run Behavior\BuildLiteBehavior [ RunTime:0.000046s ]
INFO: [ app_init ] --END-- [ RunTime:0.000925s ]
ERR: 无法加载模块:Application

[ 2015-12-11T02:13:48+08:00 ] 127.0.0.1 /Qiao/Application/Home/View/Public/img//img4.jpg
INFO: [ app_init ] --START--
INFO: Run Behavior\BuildLiteBehavior [ RunTime:0.000040s ]
INFO: [ app_init ] --END-- [ RunTime:0.000944s ]
ERR: 无法加载模块:Application

[ 2015-12-11T02:14:27+08:00 ] 127.0.0.1 /Qiao/Application/Home/View/Public/img//img4.jpg
INFO: [ app_init ] --START--
INFO: Run Behavior\BuildLiteBehavior [ RunTime:0.000043s ]
INFO: [ app_init ] --END-- [ RunTime:0.001456s ]
ERR: 无法加载模块:Application

[ 2015-12-11T02:14:32+08:00 ] 127.0.0.1 /Qiao/Application/Home/View/Public/img//img4.jpg
INFO: [ app_init ] --START--
INFO: Run Behavior\BuildLiteBehavior [ RunTime:0.000037s ]
INFO: [ app_init ] --END-- [ RunTime:0.000770s ]
ERR: 无法加载模块:Application

[ 2015-12-11T09:51:15+08:00 ] 127.0.0.1 /Qiao/Application/Home/View/Public/img//img4.jpg
INFO: [ app_init ] --START--
INFO: Run Behavior\BuildLiteBehavior [ RunTime:0.000046s ]
INFO: [ app_init ] --END-- [ RunTime:0.000919s ]
ERR: 无法加载模块:Application

[ 2015-12-11T09:52:01+08:00 ] 127.0.0.1 /Qiao/Application/Home/View/Public/img//img4.jpg
INFO: [ app_init ] --START--
INFO: Run Behavior\BuildLiteBehavior [ RunTime:0.000048s ]
INFO: [ app_init ] --END-- [ RunTime:0.000951s ]
ERR: 无法加载模块:Application

[ 2015-12-11T09:54:04+08:00 ] 127.0.0.1 /Qiao/Application/Home/View/Public/img//img4.jpg
INFO: [ app_init ] --START--
INFO: Run Behavior\BuildLiteBehavior [ RunTime:0.000028s ]
INFO: [ app_init ] --END-- [ RunTime:0.000659s ]
ERR: 无法加载模块:Application

[ 2015-12-11T09:56:25+08:00 ] 127.0.0.1 /Qiao/Application/Home/View/Public/img//img4.jpg
INFO: [ app_init ] --START--
INFO: Run Behavior\BuildLiteBehavior [ RunTime:0.000025s ]
INFO: [ app_init ] --END-- [ RunTime:0.000516s ]
ERR: 无法加载模块:Application

[ 2015-12-11T10:01:38+08:00 ] 127.0.0.1 /Qiao/Application/Home/View/Public/img//img4.jpg
INFO: [ app_init ] --START--
INFO: Run Behavior\BuildLiteBehavior [ RunTime:0.000025s ]
INFO: [ app_init ] --END-- [ RunTime:0.000489s ]
ERR: 无法加载模块:Application

[ 2015-12-11T10:01:41+08:00 ] 127.0.0.1 /Qiao/Application/Home/View/Public/img//img4.jpg
INFO: [ app_init ] --START--
INFO: Run Behavior\BuildLiteBehavior [ RunTime:0.000041s ]
INFO: [ app_init ] --END-- [ RunTime:0.000845s ]
ERR: 无法加载模块:Application

[ 2015-12-11T10:01:44+08:00 ] 127.0.0.1 /Qiao/Application/Home/View/Public/img//img4.jpg
INFO: [ app_init ] --START--
INFO: Run Behavior\BuildLiteBehavior [ RunTime:0.000041s ]
INFO: [ app_init ] --END-- [ RunTime:0.001267s ]
ERR: 无法加载模块:Application

[ 2015-12-11T10:03:29+08:00 ] 127.0.0.1 /Qiao/Application/Home/View/Public/img//img4.jpg
INFO: [ app_init ] --START--
INFO: Run Behavior\BuildLiteBehavior [ RunTime:0.000044s ]
INFO: [ app_init ] --END-- [ RunTime:0.000811s ]
ERR: 无法加载模块:Application

[ 2015-12-11T10:03:55+08:00 ] 127.0.0.1 /Qiao/Application/Home/View/Public/img//img4.jpg
INFO: [ app_init ] --START--
INFO: Run Behavior\BuildLiteBehavior [ RunTime:0.000048s ]
INFO: [ app_init ] --END-- [ RunTime:0.000820s ]
ERR: 无法加载模块:Application

[ 2015-12-11T10:04:34+08:00 ] 127.0.0.1 /Qiao/Application/Home/View/Public/img//img4.jpg
INFO: [ app_init ] --START--
INFO: Run Behavior\BuildLiteBehavior [ RunTime:0.000044s ]
INFO: [ app_init ] --END-- [ RunTime:0.000803s ]
ERR: 无法加载模块:Application

[ 2015-12-11T10:05:07+08:00 ] 127.0.0.1 /Qiao/Application/Home/View/Public/img//img4.jpg
INFO: [ app_init ] --START--
INFO: Run Behavior\BuildLiteBehavior [ RunTime:0.000042s ]
INFO: [ app_init ] --END-- [ RunTime:0.000917s ]
ERR: 无法加载模块:Application

[ 2015-12-11T10:07:28+08:00 ] 127.0.0.1 /Qiao/Application/Home/View/Public/img//img4.jpg
INFO: [ app_init ] --START--
INFO: Run Behavior\BuildLiteBehavior [ RunTime:0.000042s ]
INFO: [ app_init ] --END-- [ RunTime:0.000765s ]
ERR: 无法加载模块:Application

[ 2015-12-11T10:07:46+08:00 ] 127.0.0.1 /Qiao/Application/Home/View/Public/img//img4.jpg
INFO: [ app_init ] --START--
INFO: Run Behavior\BuildLiteBehavior [ RunTime:0.000046s ]
INFO: [ app_init ] --END-- [ RunTime:0.000879s ]
ERR: 无法加载模块:Application

[ 2015-12-11T10:09:37+08:00 ] 127.0.0.1 /Qiao/Application/Home/View/Public/img//img4.jpg
INFO: [ app_init ] --START--
INFO: Run Behavior\BuildLiteBehavior [ RunTime:0.000042s ]
INFO: [ app_init ] --END-- [ RunTime:0.000820s ]
ERR: 无法加载模块:Application

[ 2015-12-11T10:09:46+08:00 ] 127.0.0.1 /Qiao/Application/Home/View/Public/img//img4.jpg
INFO: [ app_init ] --START--
INFO: Run Behavior\BuildLiteBehavior [ RunTime:0.000038s ]
INFO: [ app_init ] --END-- [ RunTime:0.000949s ]
ERR: 无法加载模块:Application

[ 2015-12-11T10:09:47+08:00 ] 127.0.0.1 /Qiao/Application/Home/View/Public/img//img4.jpg
INFO: [ app_init ] --START--
INFO: Run Behavior\BuildLiteBehavior [ RunTime:0.000043s ]
INFO: [ app_init ] --END-- [ RunTime:0.000991s ]
ERR: 无法加载模块:Application

[ 2015-12-11T10:11:06+08:00 ] 127.0.0.1 /Qiao/Application/Home/View/Public/img//img4.jpg
INFO: [ app_init ] --START--
INFO: Run Behavior\BuildLiteBehavior [ RunTime:0.000037s ]
INFO: [ app_init ] --END-- [ RunTime:0.000637s ]
ERR: 无法加载模块:Application

[ 2015-12-11T10:11:18+08:00 ] 127.0.0.1 /Qiao/Application/Home/View/Public/img//img4.jpg
INFO: [ app_init ] --START--
INFO: Run Behavior\BuildLiteBehavior [ RunTime:0.000066s ]
INFO: [ app_init ] --END-- [ RunTime:0.000664s ]
ERR: 无法加载模块:Application

[ 2015-12-11T10:13:27+08:00 ] 127.0.0.1 /Qiao/Application/Home/View/Public/img//img4.jpg
INFO: [ app_init ] --START--
INFO: Run Behavior\BuildLiteBehavior [ RunTime:0.000027s ]
INFO: [ app_init ] --END-- [ RunTime:0.000965s ]
ERR: 无法加载模块:Application

[ 2015-12-11T10:13:43+08:00 ] 127.0.0.1 /Qiao/Application/Home/View/Public/img//img4.jpg
INFO: [ app_init ] --START--
INFO: Run Behavior\BuildLiteBehavior [ RunTime:0.000043s ]
INFO: [ app_init ] --END-- [ RunTime:0.000957s ]
ERR: 无法加载模块:Application

[ 2015-12-11T10:46:23+08:00 ] 127.0.0.1 /Qiao/Application/Home/View/Public/img//img4.jpg
INFO: [ app_init ] --START--
INFO: Run Behavior\BuildLiteBehavior [ RunTime:0.000036s ]
INFO: [ app_init ] --END-- [ RunTime:0.000820s ]
ERR: 无法加载模块:Application

[ 2015-12-11T10:46:55+08:00 ] 127.0.0.1 /Qiao/Application/Home/View/Public/img//img4.jpg
INFO: [ app_init ] --START--
INFO: Run Behavior\BuildLiteBehavior [ RunTime:0.000043s ]
INFO: [ app_init ] --END-- [ RunTime:0.000858s ]
ERR: 无法加载模块:Application

[ 2015-12-11T10:53:32+08:00 ] 127.0.0.1 /Qiao/Application/Home/View/Public/img//img4.jpg
INFO: [ app_init ] --START--
INFO: Run Behavior\BuildLiteBehavior [ RunTime:0.000043s ]
INFO: [ app_init ] --END-- [ RunTime:0.000853s ]
ERR: 无法加载模块:Application

[ 2015-12-11T10:53:42+08:00 ] 127.0.0.1 /Qiao/Application/Home/View/Public/img//img4.jpg
INFO: [ app_init ] --START--
INFO: Run Behavior\BuildLiteBehavior [ RunTime:0.000025s ]
INFO: [ app_init ] --END-- [ RunTime:0.000562s ]
ERR: 无法加载模块:Application

[ 2015-12-11T10:53:57+08:00 ] 127.0.0.1 /Qiao/Application/Home/View/Public/img//img4.jpg
INFO: [ app_init ] --START--
INFO: Run Behavior\BuildLiteBehavior [ RunTime:0.000043s ]
INFO: [ app_init ] --END-- [ RunTime:0.000850s ]
ERR: 无法加载模块:Application

[ 2015-12-11T10:54:16+08:00 ] 127.0.0.1 /Qiao/Application/Home/View/Public/img//img4.jpg
INFO: [ app_init ] --START--
INFO: Run Behavior\BuildLiteBehavior [ RunTime:0.000040s ]
INFO: [ app_init ] --END-- [ RunTime:0.000671s ]
ERR: 无法加载模块:Application

[ 2015-12-11T10:56:02+08:00 ] 127.0.0.1 /Qiao/Application/Home/View/Public/img//img4.jpg
INFO: [ app_init ] --START--
INFO: Run Behavior\BuildLiteBehavior [ RunTime:0.000028s ]
INFO: [ app_init ] --END-- [ RunTime:0.000720s ]
ERR: 无法加载模块:Application

[ 2015-12-11T10:58:42+08:00 ] 127.0.0.1 /Qiao/Application/Home/View/Public/img//img4.jpg
INFO: [ app_init ] --START--
INFO: Run Behavior\BuildLiteBehavior [ RunTime:0.000042s ]
INFO: [ app_init ] --END-- [ RunTime:0.000907s ]
ERR: 无法加载模块:Application

[ 2015-12-11T11:01:37+08:00 ] 127.0.0.1 /Qiao/Application/Home/View/Public/img//img4.jpg
INFO: [ app_init ] --START--
INFO: Run Behavior\BuildLiteBehavior [ RunTime:0.000029s ]
INFO: [ app_init ] --END-- [ RunTime:0.000585s ]
ERR: 无法加载模块:Application

[ 2015-12-11T11:02:17+08:00 ] 127.0.0.1 /Qiao/Application/Home/View/Public/img//img4.jpg
INFO: [ app_init ] --START--
INFO: Run Behavior\BuildLiteBehavior [ RunTime:0.000028s ]
INFO: [ app_init ] --END-- [ RunTime:0.000506s ]
ERR: 无法加载模块:Application

[ 2015-12-11T11:19:56+08:00 ] 127.0.0.1 /Qiao/Application/Home/View/Public/img//img4.jpg
INFO: [ app_init ] --START--
INFO: Run Behavior\BuildLiteBehavior [ RunTime:0.000030s ]
INFO: [ app_init ] --END-- [ RunTime:0.000540s ]
ERR: 无法加载模块:Application

[ 2015-12-11T11:23:01+08:00 ] 127.0.0.1 /Qiao/Application/Home/View/Public/img/c3a937ca558ffba02d983ca539195829/img1.jpg
INFO: [ app_init ] --START--
INFO: Run Behavior\BuildLiteBehavior [ RunTime:0.000041s ]
INFO: [ app_init ] --END-- [ RunTime:0.000837s ]
ERR: 无法加载模块:Application

[ 2015-12-11T11:23:01+08:00 ] 127.0.0.1 /Qiao/Application/Home/View/Public/img/c3a937ca558ffba02d983ca539195829/img3.jpg
INFO: [ app_init ] --START--
INFO: Run Behavior\BuildLiteBehavior [ RunTime:0.000065s ]
INFO: [ app_init ] --END-- [ RunTime:0.001155s ]
ERR: 无法加载模块:Application

[ 2015-12-11T11:23:01+08:00 ] 127.0.0.1 /Qiao/Application/Home/View/Public/img/c3a937ca558ffba02d983ca539195829/img2.jpg
INFO: [ app_init ] --START--
INFO: Run Behavior\BuildLiteBehavior [ RunTime:0.000028s ]
INFO: [ app_init ] --END-- [ RunTime:0.000700s ]
ERR: 无法加载模块:Application

[ 2015-12-11T11:23:40+08:00 ] 127.0.0.1 /Qiao/Application/Home/View/Public/img//img4.jpg
INFO: [ app_init ] --START--
INFO: Run Behavior\BuildLiteBehavior [ RunTime:0.000027s ]
INFO: [ app_init ] --END-- [ RunTime:0.000686s ]
ERR: 无法加载模块:Application

[ 2015-12-11T11:54:21+08:00 ] 127.0.0.1 /Qiao/Application/Home/View/Public/img/c3a937ca558ffba02d983ca539195829/img1.jpg
INFO: [ app_init ] --START--
INFO: Run Behavior\BuildLiteBehavior [ RunTime:0.000041s ]
INFO: [ app_init ] --END-- [ RunTime:0.000734s ]
ERR: 无法加载模块:Application

[ 2015-12-11T11:54:21+08:00 ] 127.0.0.1 /Qiao/Application/Home/View/Public/img/c3a937ca558ffba02d983ca539195829/img2.jpg
INFO: [ app_init ] --START--
INFO: Run Behavior\BuildLiteBehavior [ RunTime:0.000035s ]
INFO: [ app_init ] --END-- [ RunTime:0.000793s ]
ERR: 无法加载模块:Application

[ 2015-12-11T11:54:21+08:00 ] 127.0.0.1 /Qiao/Application/Home/View/Public/img/c3a937ca558ffba02d983ca539195829/img3.jpg
INFO: [ app_init ] --START--
INFO: Run Behavior\BuildLiteBehavior [ RunTime:0.000040s ]
INFO: [ app_init ] --END-- [ RunTime:0.000657s ]
ERR: 无法加载模块:Application

[ 2015-12-11T11:54:25+08:00 ] 127.0.0.1 /Qiao/Application/Home/View/Public/img/c3a937ca558ffba02d983ca539195829/img2.jpg
INFO: [ app_init ] --START--
INFO: Run Behavior\BuildLiteBehavior [ RunTime:0.000042s ]
INFO: [ app_init ] --END-- [ RunTime:0.000816s ]
ERR: 无法加载模块:Application

[ 2015-12-11T11:54:25+08:00 ] 127.0.0.1 /Qiao/Application/Home/View/Public/img/c3a937ca558ffba02d983ca539195829/img3.jpg
INFO: [ app_init ] --START--
INFO: Run Behavior\BuildLiteBehavior [ RunTime:0.000034s ]
INFO: [ app_init ] --END-- [ RunTime:0.000840s ]
ERR: 无法加载模块:Application

[ 2015-12-11T11:54:25+08:00 ] 127.0.0.1 /Qiao/Application/Home/View/Public/img/c3a937ca558ffba02d983ca539195829/img1.jpg
INFO: [ app_init ] --START--
INFO: Run Behavior\BuildLiteBehavior [ RunTime:0.000045s ]
INFO: [ app_init ] --END-- [ RunTime:0.000872s ]
ERR: 无法加载模块:Application

[ 2015-12-11T11:54:29+08:00 ] 127.0.0.1 /Qiao/Application/Home/View/Public/img/c3a937ca558ffba02d983ca539195829/img1.jpg
INFO: [ app_init ] --START--
INFO: Run Behavior\BuildLiteBehavior [ RunTime:0.000040s ]
INFO: [ app_init ] --END-- [ RunTime:0.000789s ]
ERR: 无法加载模块:Application

[ 2015-12-11T11:54:29+08:00 ] 127.0.0.1 /Qiao/Application/Home/View/Public/img/c3a937ca558ffba02d983ca539195829/img3.jpg
INFO: [ app_init ] --START--
INFO: Run Behavior\BuildLiteBehavior [ RunTime:0.000046s ]
INFO: [ app_init ] --END-- [ RunTime:0.001079s ]
ERR: 无法加载模块:Application

[ 2015-12-11T11:54:29+08:00 ] 127.0.0.1 /Qiao/Application/Home/View/Public/img/c3a937ca558ffba02d983ca539195829/img2.jpg
INFO: [ app_init ] --START--
INFO: Run Behavior\BuildLiteBehavior [ RunTime:0.000042s ]
INFO: [ app_init ] --END-- [ RunTime:0.000796s ]
ERR: 无法加载模块:Application

[ 2015-12-11T11:54:48+08:00 ] 127.0.0.1 /Qiao/Application/Home/View/Public/img/c3a937ca558ffba02d983ca539195829/img1.jpg
INFO: [ app_init ] --START--
INFO: Run Behavior\BuildLiteBehavior [ RunTime:0.000039s ]
INFO: [ app_init ] --END-- [ RunTime:0.000693s ]
ERR: 无法加载模块:Application

[ 2015-12-11T11:54:48+08:00 ] 127.0.0.1 /Qiao/Application/Home/View/Public/img/c3a937ca558ffba02d983ca539195829/img3.jpg
INFO: [ app_init ] --START--
INFO: Run Behavior\BuildLiteBehavior [ RunTime:0.000040s ]
INFO: [ app_init ] --END-- [ RunTime:0.000853s ]
ERR: 无法加载模块:Application

[ 2015-12-11T11:54:48+08:00 ] 127.0.0.1 /Qiao/Application/Home/View/Public/img/c3a937ca558ffba02d983ca539195829/img2.jpg
INFO: [ app_init ] --START--
INFO: Run Behavior\BuildLiteBehavior [ RunTime:0.000051s ]
INFO: [ app_init ] --END-- [ RunTime:0.001189s ]
ERR: 无法加载模块:Application

[ 2015-12-11T11:54:51+08:00 ] 127.0.0.1 /Qiao/Application/Home/View/Public/img//img4.jpg
INFO: [ app_init ] --START--
INFO: Run Behavior\BuildLiteBehavior [ RunTime:0.000047s ]
INFO: [ app_init ] --END-- [ RunTime:0.000805s ]
ERR: 无法加载模块:Application

[ 2015-12-11T11:56:44+08:00 ] 127.0.0.1 /Qiao/Application/Home/View/Public/img/c3a937ca558ffba02d983ca539195829/img2.jpg
INFO: [ app_init ] --START--
INFO: Run Behavior\BuildLiteBehavior [ RunTime:0.000043s ]
INFO: [ app_init ] --END-- [ RunTime:0.000963s ]
ERR: 无法加载模块:Application

[ 2015-12-11T11:56:44+08:00 ] 127.0.0.1 /Qiao/Application/Home/View/Public/img/c3a937ca558ffba02d983ca539195829/img1.jpg
INFO: [ app_init ] --START--
INFO: Run Behavior\BuildLiteBehavior [ RunTime:0.000047s ]
INFO: [ app_init ] --END-- [ RunTime:0.006325s ]
ERR: 无法加载模块:Application

[ 2015-12-11T11:56:44+08:00 ] 127.0.0.1 /Qiao/Application/Home/View/Public/img/c3a937ca558ffba02d983ca539195829/img3.jpg
INFO: [ app_init ] --START--
INFO: Run Behavior\BuildLiteBehavior [ RunTime:0.000026s ]
INFO: [ app_init ] --END-- [ RunTime:0.000612s ]
ERR: 无法加载模块:Application

[ 2015-12-11T11:56:50+08:00 ] 127.0.0.1 /Qiao/Application/Home/View/Public/img//img4.jpg
INFO: [ app_init ] --START--
INFO: Run Behavior\BuildLiteBehavior [ RunTime:0.000037s ]
INFO: [ app_init ] --END-- [ RunTime:0.000555s ]
ERR: 无法加载模块:Application

[ 2015-12-11T11:58:12+08:00 ] 127.0.0.1 /Qiao/Application/Home/View/Public/img/c3a937ca558ffba02d983ca539195829/img1.jpg
INFO: [ app_init ] --START--
INFO: Run Behavior\BuildLiteBehavior [ RunTime:0.000043s ]
INFO: [ app_init ] --END-- [ RunTime:0.000838s ]
ERR: 无法加载模块:Application

[ 2015-12-11T11:58:12+08:00 ] 127.0.0.1 /Qiao/Application/Home/View/Public/img/c3a937ca558ffba02d983ca539195829/img3.jpg
INFO: [ app_init ] --START--
INFO: Run Behavior\BuildLiteBehavior [ RunTime:0.000044s ]
INFO: [ app_init ] --END-- [ RunTime:0.000847s ]
ERR: 无法加载模块:Application

[ 2015-12-11T11:58:12+08:00 ] 127.0.0.1 /Qiao/Application/Home/View/Public/img/c3a937ca558ffba02d983ca539195829/img2.jpg
INFO: [ app_init ] --START--
INFO: Run Behavior\BuildLiteBehavior [ RunTime:0.000023s ]
INFO: [ app_init ] --END-- [ RunTime:0.000485s ]
ERR: 无法加载模块:Application

[ 2015-12-11T11:58:18+08:00 ] 127.0.0.1 /Qiao/Application/Home/View/Public/img/c3a937ca558ffba02d983ca539195829/img2.jpg
INFO: [ app_init ] --START--
INFO: Run Behavior\BuildLiteBehavior [ RunTime:0.000042s ]
INFO: [ app_init ] --END-- [ RunTime:0.000788s ]
ERR: 无法加载模块:Application

[ 2015-12-11T11:58:18+08:00 ] 127.0.0.1 /Qiao/Application/Home/View/Public/img/c3a937ca558ffba02d983ca539195829/img1.jpg
INFO: [ app_init ] --START--
INFO: Run Behavior\BuildLiteBehavior [ RunTime:0.000039s ]
INFO: [ app_init ] --END-- [ RunTime:0.000771s ]
ERR: 无法加载模块:Application

[ 2015-12-11T11:58:18+08:00 ] 127.0.0.1 /Qiao/Application/Home/View/Public/img/c3a937ca558ffba02d983ca539195829/img3.jpg
INFO: [ app_init ] --START--
INFO: Run Behavior\BuildLiteBehavior [ RunTime:0.000040s ]
INFO: [ app_init ] --END-- [ RunTime:0.000776s ]
ERR: 无法加载模块:Application

[ 2015-12-11T11:58:21+08:00 ] 127.0.0.1 /Qiao/Application/Home/View/Public/img//img4.jpg
INFO: [ app_init ] --START--
INFO: Run Behavior\BuildLiteBehavior [ RunTime:0.000075s ]
INFO: [ app_init ] --END-- [ RunTime:0.000930s ]
ERR: 无法加载模块:Application

[ 2015-12-11T15:10:57+08:00 ] 127.0.0.1 /Qiao/Application/Home/View/Public/img//img4.jpg
INFO: [ app_init ] --START--
INFO: Run Behavior\BuildLiteBehavior [ RunTime:0.000042s ]
INFO: [ app_init ] --END-- [ RunTime:0.000727s ]
ERR: 无法加载模块:Application

[ 2015-12-11T15:36:41+08:00 ] 127.0.0.1 /Qiao/Application/Home/View/Public/img/c3a937ca558ffba02d983ca539195829/img1.jpg
INFO: [ app_init ] --START--
INFO: Run Behavior\BuildLiteBehavior [ RunTime:0.000050s ]
INFO: [ app_init ] --END-- [ RunTime:0.000864s ]
ERR: 无法加载模块:Application

[ 2015-12-11T15:36:41+08:00 ] 127.0.0.1 /Qiao/Application/Home/View/Public/img/c3a937ca558ffba02d983ca539195829/img2.jpg
INFO: [ app_init ] --START--
INFO: Run Behavior\BuildLiteBehavior [ RunTime:0.000049s ]
INFO: [ app_init ] --END-- [ RunTime:0.000857s ]
ERR: 无法加载模块:Application

[ 2015-12-11T15:36:41+08:00 ] 127.0.0.1 /Qiao/Application/Home/View/Public/img/c3a937ca558ffba02d983ca539195829/img3.jpg
INFO: [ app_init ] --START--
INFO: Run Behavior\BuildLiteBehavior [ RunTime:0.000046s ]
INFO: [ app_init ] --END-- [ RunTime:0.001035s ]
ERR: 无法加载模块:Application

[ 2015-12-11T15:42:03+08:00 ] 127.0.0.1 /Qiao/Application/Home/View/Public/img//img4.jpg
INFO: [ app_init ] --START--
INFO: Run Behavior\BuildLiteBehavior [ RunTime:0.000042s ]
INFO: [ app_init ] --END-- [ RunTime:0.000855s ]
ERR: 无法加载模块:Application

[ 2015-12-11T15:42:08+08:00 ] 127.0.0.1 /Qiao/Application/Home/View/Public/img//img4.jpg
INFO: [ app_init ] --START--
INFO: Run Behavior\BuildLiteBehavior [ RunTime:0.000041s ]
INFO: [ app_init ] --END-- [ RunTime:0.000844s ]
ERR: 无法加载模块:Application

[ 2015-12-11T15:47:26+08:00 ] 127.0.0.1 /Qiao/Application/Home/View/Public/img/c3a937ca558ffba02d983ca539195829/img1.jpg
INFO: [ app_init ] --START--
INFO: Run Behavior\BuildLiteBehavior [ RunTime:0.000042s ]
INFO: [ app_init ] --END-- [ RunTime:0.000840s ]
ERR: 无法加载模块:Application

[ 2015-12-11T15:47:26+08:00 ] 127.0.0.1 /Qiao/Application/Home/View/Public/img/c3a937ca558ffba02d983ca539195829/img3.jpg
INFO: [ app_init ] --START--
INFO: Run Behavior\BuildLiteBehavior [ RunTime:0.000055s ]
INFO: [ app_init ] --END-- [ RunTime:0.000955s ]
ERR: 无法加载模块:Application

[ 2015-12-11T15:47:26+08:00 ] 127.0.0.1 /Qiao/Application/Home/View/Public/img/c3a937ca558ffba02d983ca539195829/img2.jpg
INFO: [ app_init ] --START--
INFO: Run Behavior\BuildLiteBehavior [ RunTime:0.000028s ]
INFO: [ app_init ] --END-- [ RunTime:0.000599s ]
ERR: 无法加载模块:Application

[ 2015-12-11T15:48:00+08:00 ] 127.0.0.1 /Qiao/Application/Home/View/Public/img/c3a937ca558ffba02d983ca539195829/img1.jpg
INFO: [ app_init ] --START--
INFO: Run Behavior\BuildLiteBehavior [ RunTime:0.000036s ]
INFO: [ app_init ] --END-- [ RunTime:0.000776s ]
ERR: 无法加载模块:Application

[ 2015-12-11T15:48:00+08:00 ] 127.0.0.1 /Qiao/Application/Home/View/Public/img/c3a937ca558ffba02d983ca539195829/img3.jpg
INFO: [ app_init ] --START--
INFO: Run Behavior\BuildLiteBehavior [ RunTime:0.000042s ]
INFO: [ app_init ] --END-- [ RunTime:0.000854s ]
ERR: 无法加载模块:Application

[ 2015-12-11T15:48:00+08:00 ] 127.0.0.1 /Qiao/Application/Home/View/Public/img/c3a937ca558ffba02d983ca539195829/img2.jpg
INFO: [ app_init ] --START--
INFO: Run Behavior\BuildLiteBehavior [ RunTime:0.000024s ]
INFO: [ app_init ] --END-- [ RunTime:0.000465s ]
ERR: 无法加载模块:Application

[ 2015-12-11T16:11:22+08:00 ] 127.0.0.1 /Qiao/Application/Home/View/Public/img//img4.jpg
INFO: [ app_init ] --START--
INFO: Run Behavior\BuildLiteBehavior [ RunTime:0.000026s ]
INFO: [ app_init ] --END-- [ RunTime:0.000563s ]
ERR: 无法加载模块:Application

[ 2015-12-11T16:12:03+08:00 ] 127.0.0.1 /Qiao/Application/Home/View/Public/img//img4.jpg
INFO: [ app_init ] --START--
INFO: Run Behavior\BuildLiteBehavior [ RunTime:0.000027s ]
INFO: [ app_init ] --END-- [ RunTime:0.000565s ]
ERR: 无法加载模块:Application

[ 2015-12-11T16:12:51+08:00 ] 127.0.0.1 /Qiao/Application/Home/View/Public/img//img4.jpg
INFO: [ app_init ] --START--
INFO: Run Behavior\BuildLiteBehavior [ RunTime:0.000027s ]
INFO: [ app_init ] --END-- [ RunTime:0.000521s ]
ERR: 无法加载模块:Application

[ 2015-12-11T16:18:27+08:00 ] 127.0.0.1 /Qiao/Application/Home/View/Public/img//img4.jpg
INFO: [ app_init ] --START--
INFO: Run Behavior\BuildLiteBehavior [ RunTime:0.000042s ]
INFO: [ app_init ] --END-- [ RunTime:0.000881s ]
ERR: 无法加载模块:Application

[ 2015-12-11T16:18:34+08:00 ] 127.0.0.1 /Qiao/Application/Home/View/Public/img//img4.jpg
INFO: [ app_init ] --START--
INFO: Run Behavior\BuildLiteBehavior [ RunTime:0.000025s ]
INFO: [ app_init ] --END-- [ RunTime:0.000532s ]
ERR: 无法加载模块:Application

[ 2015-12-11T16:19:31+08:00 ] 127.0.0.1 /Qiao/Application/Home/View/Public/img//img4.jpg
INFO: [ app_init ] --START--
INFO: Run Behavior\BuildLiteBehavior [ RunTime:0.000041s ]
INFO: [ app_init ] --END-- [ RunTime:0.000727s ]
ERR: 无法加载模块:Application

[ 2015-12-11T16:20:07+08:00 ] 127.0.0.1 /Qiao/Application/Home/View/Public/img//img4.jpg
INFO: [ app_init ] --START--
INFO: Run Behavior\BuildLiteBehavior [ RunTime:0.000026s ]
INFO: [ app_init ] --END-- [ RunTime:0.000589s ]
ERR: 无法加载模块:Application

[ 2015-12-11T16:20:28+08:00 ] 127.0.0.1 /Qiao/Application/Home/View/Public/img//img4.jpg
INFO: [ app_init ] --START--
INFO: Run Behavior\BuildLiteBehavior [ RunTime:0.000037s ]
INFO: [ app_init ] --END-- [ RunTime:0.000537s ]
ERR: 无法加载模块:Application

[ 2015-12-11T16:22:16+08:00 ] 127.0.0.1 /Qiao/Application/Home/View/Public/img//img4.jpg
INFO: [ app_init ] --START--
INFO: Run Behavior\BuildLiteBehavior [ RunTime:0.000043s ]
INFO: [ app_init ] --END-- [ RunTime:0.000955s ]
ERR: 无法加载模块:Application

[ 2015-12-11T16:37:35+08:00 ] 127.0.0.1 /Qiao/Application/Home/View/Public/img//img4.jpg
INFO: [ app_init ] --START--
INFO: Run Behavior\BuildLiteBehavior [ RunTime:0.000029s ]
INFO: [ app_init ] --END-- [ RunTime:0.000902s ]
ERR: 无法加载模块:Application

[ 2015-12-11T16:40:24+08:00 ] 127.0.0.1 /Qiao/Application/Home/View/Public/img//img4.jpg
INFO: [ app_init ] --START--
INFO: Run Behavior\BuildLiteBehavior [ RunTime:0.000043s ]
INFO: [ app_init ] --END-- [ RunTime:0.000873s ]
ERR: 无法加载模块:Application

[ 2015-12-11T17:03:44+08:00 ] 127.0.0.1 /Qiao/Application/Home/View/Public/img//img4.jpg
INFO: [ app_init ] --START--
INFO: Run Behavior\BuildLiteBehavior [ RunTime:0.000040s ]
INFO: [ app_init ] --END-- [ RunTime:0.000843s ]
ERR: 无法加载模块:Application

[ 2015-12-11T17:05:00+08:00 ] 127.0.0.1 /Qiao/Application/Home/View/Public/img//img4.jpg
INFO: [ app_init ] --START--
INFO: Run Behavior\BuildLiteBehavior [ RunTime:0.000044s ]
INFO: [ app_init ] --END-- [ RunTime:0.000559s ]
ERR: 无法加载模块:Application

[ 2015-12-11T17:06:55+08:00 ] 127.0.0.1 /Qiao/Application/Home/View/Public/img//img4.jpg
INFO: [ app_init ] --START--
INFO: Run Behavior\BuildLiteBehavior [ RunTime:0.000040s ]
INFO: [ app_init ] --END-- [ RunTime:0.000881s ]
ERR: 无法加载模块:Application

[ 2015-12-11T18:05:22+08:00 ] 127.0.0.1 /Qiao/Application/Home/View/Public/img//img4.jpg
INFO: [ app_init ] --START--
INFO: Run Behavior\BuildLiteBehavior [ RunTime:0.000040s ]
INFO: [ app_init ] --END-- [ RunTime:0.000757s ]
ERR: 无法加载模块:Application

[ 2015-12-11T18:19:31+08:00 ] 127.0.0.1 /Qiao/Application/Home/View/Public/img//img4.jpg
INFO: [ app_init ] --START--
INFO: Run Behavior\BuildLiteBehavior [ RunTime:0.000036s ]
INFO: [ app_init ] --END-- [ RunTime:0.001589s ]
ERR: 无法加载模块:Application

[ 2015-12-11T18:45:45+08:00 ] 127.0.0.1 /Qiao/Application/Home/View/Public/img//img4.jpg
INFO: [ app_init ] --START--
INFO: Run Behavior\BuildLiteBehavior [ RunTime:0.000029s ]
INFO: [ app_init ] --END-- [ RunTime:0.000716s ]
ERR: 无法加载模块:Application

[ 2015-12-11T18:46:16+08:00 ] 127.0.0.1 /Qiao/Application/Home/View/Public/img/d993bcfdd033249281ee4a0e64d3cf26/img2.jpg
INFO: [ app_init ] --START--
INFO: Run Behavior\BuildLiteBehavior [ RunTime:0.000041s ]
INFO: [ app_init ] --END-- [ RunTime:0.000804s ]
ERR: 无法加载模块:Application

[ 2015-12-11T18:46:16+08:00 ] 127.0.0.1 /Qiao/Application/Home/View/Public/img/d993bcfdd033249281ee4a0e64d3cf26/img3.jpg
INFO: [ app_init ] --START--
INFO: Run Behavior\BuildLiteBehavior [ RunTime:0.000040s ]
INFO: [ app_init ] --END-- [ RunTime:0.000799s ]
ERR: 无法加载模块:Application

[ 2015-12-11T18:47:21+08:00 ] 127.0.0.1 /Qiao/Application/Home/View/Public/img/d993bcfdd033249281ee4a0e64d3cf26/img2.jpg
INFO: [ app_init ] --START--
INFO: Run Behavior\BuildLiteBehavior [ RunTime:0.000052s ]
INFO: [ app_init ] --END-- [ RunTime:0.001139s ]
ERR: 无法加载模块:Application

[ 2015-12-11T18:47:21+08:00 ] 127.0.0.1 /Qiao/Application/Home/View/Public/img/d993bcfdd033249281ee4a0e64d3cf26/img3.jpg
INFO: [ app_init ] --START--
INFO: Run Behavior\BuildLiteBehavior [ RunTime:0.000026s ]
INFO: [ app_init ] --END-- [ RunTime:0.000535s ]
ERR: 无法加载模块:Application

[ 2015-12-11T18:47:25+08:00 ] 127.0.0.1 /Qiao/Application/Home/View/Public/img/d993bcfdd033249281ee4a0e64d3cf26/img2.jpg
INFO: [ app_init ] --START--
INFO: Run Behavior\BuildLiteBehavior [ RunTime:0.000043s ]
INFO: [ app_init ] --END-- [ RunTime:0.000823s ]
ERR: 无法加载模块:Application

[ 2015-12-11T18:47:25+08:00 ] 127.0.0.1 /Qiao/Application/Home/View/Public/img/d993bcfdd033249281ee4a0e64d3cf26/img3.jpg
INFO: [ app_init ] --START--
INFO: Run Behavior\BuildLiteBehavior [ RunTime:0.000043s ]
INFO: [ app_init ] --END-- [ RunTime:0.001035s ]
ERR: 无法加载模块:Application

[ 2015-12-11T19:05:29+08:00 ] 127.0.0.1 /Qiao/Application/Home/View/Public/img/d993bcfdd033249281ee4a0e64d3cf26/img2.jpg
INFO: [ app_init ] --START--
INFO: Run Behavior\BuildLiteBehavior [ RunTime:0.000040s ]
INFO: [ app_init ] --END-- [ RunTime:0.000802s ]
ERR: 无法加载模块:Application

[ 2015-12-11T19:05:29+08:00 ] 127.0.0.1 /Qiao/Application/Home/View/Public/img/d993bcfdd033249281ee4a0e64d3cf26/img3.jpg
INFO: [ app_init ] --START--
INFO: Run Behavior\BuildLiteBehavior [ RunTime:0.000026s ]
INFO: [ app_init ] --END-- [ RunTime:0.000543s ]
ERR: 无法加载模块:Application

[ 2015-12-11T19:17:12+08:00 ] 127.0.0.1 /Qiao/Application/Home/View/Public/img/d993bcfdd033249281ee4a0e64d3cf26/img3.jpg
INFO: [ app_init ] --START--
INFO: Run Behavior\BuildLiteBehavior [ RunTime:0.000046s ]
INFO: [ app_init ] --END-- [ RunTime:0.002352s ]
ERR: 无法加载模块:Application

[ 2015-12-11T19:17:12+08:00 ] 127.0.0.1 /Qiao/Application/Home/View/Public/img/d993bcfdd033249281ee4a0e64d3cf26/img2.jpg
INFO: [ app_init ] --START--
INFO: Run Behavior\BuildLiteBehavior [ RunTime:0.000068s ]
INFO: [ app_init ] --END-- [ RunTime:0.000908s ]
ERR: 无法加载模块:Application

[ 2015-12-11T19:20:33+08:00 ] 127.0.0.1 /Qiao/Application/Home/View/Public/img/d993bcfdd033249281ee4a0e64d3cf26/img2.jpg
INFO: [ app_init ] --START--
INFO: Run Behavior\BuildLiteBehavior [ RunTime:0.000046s ]
INFO: [ app_init ] --END-- [ RunTime:0.000889s ]
ERR: 无法加载模块:Application

[ 2015-12-11T19:20:33+08:00 ] 127.0.0.1 /Qiao/Application/Home/View/Public/img/d993bcfdd033249281ee4a0e64d3cf26/img3.jpg
INFO: [ app_init ] --START--
INFO: Run Behavior\BuildLiteBehavior [ RunTime:0.000038s ]
INFO: [ app_init ] --END-- [ RunTime:0.000638s ]
ERR: 无法加载模块:Application

[ 2015-12-11T19:24:14+08:00 ] 127.0.0.1 /Qiao/Application/Home/View/Public/img/d993bcfdd033249281ee4a0e64d3cf26/img2.jpg
INFO: [ app_init ] --START--
INFO: Run Behavior\BuildLiteBehavior [ RunTime:0.000036s ]
INFO: [ app_init ] --END-- [ RunTime:0.000798s ]
ERR: 无法加载模块:Application

[ 2015-12-11T19:24:15+08:00 ] 127.0.0.1 /Qiao/Application/Home/View/Public/img/d993bcfdd033249281ee4a0e64d3cf26/img3.jpg
INFO: [ app_init ] --START--
INFO: Run Behavior\BuildLiteBehavior [ RunTime:0.000025s ]
INFO: [ app_init ] --END-- [ RunTime:0.000640s ]
ERR: 无法加载模块:Application

[ 2015-12-11T19:27:55+08:00 ] 127.0.0.1 /Qiao/Application/Home/View/Public/img//img4.jpg
INFO: [ app_init ] --START--
INFO: Run Behavior\BuildLiteBehavior [ RunTime:0.000042s ]
INFO: [ app_init ] --END-- [ RunTime:0.001000s ]
ERR: 无法加载模块:Application

[ 2015-12-11T19:29:08+08:00 ] 127.0.0.1 /Qiao/Application/Home/View/Public/img/d993bcfdd033249281ee4a0e64d3cf26/img2.jpg
INFO: [ app_init ] --START--
INFO: Run Behavior\BuildLiteBehavior [ RunTime:0.000076s ]
INFO: [ app_init ] --END-- [ RunTime:0.000987s ]
ERR: 无法加载模块:Application

[ 2015-12-11T19:29:08+08:00 ] 127.0.0.1 /Qiao/Application/Home/View/Public/img/d993bcfdd033249281ee4a0e64d3cf26/img3.jpg
INFO: [ app_init ] --START--
INFO: Run Behavior\BuildLiteBehavior [ RunTime:0.000050s ]
INFO: [ app_init ] --END-- [ RunTime:0.000721s ]
ERR: 无法加载模块:Application

[ 2015-12-11T19:29:15+08:00 ] 127.0.0.1 /Qiao/Application/Home/View/Public/img//img4.jpg
INFO: [ app_init ] --START--
INFO: Run Behavior\BuildLiteBehavior [ RunTime:0.000026s ]
INFO: [ app_init ] --END-- [ RunTime:0.000699s ]
ERR: 无法加载模块:Application

[ 2015-12-11T19:43:30+08:00 ] 127.0.0.1 /Qiao/Application/Home/View/Public/img//img4.jpg
INFO: [ app_init ] --START--
INFO: Run Behavior\BuildLiteBehavior [ RunTime:0.000049s ]
INFO: [ app_init ] --END-- [ RunTime:0.000971s ]
ERR: 无法加载模块:Application

[ 2015-12-11T19:43:34+08:00 ] 127.0.0.1 /Qiao/Application/Home/View/Public/img//img4.jpg
INFO: [ app_init ] --START--
INFO: Run Behavior\BuildLiteBehavior [ RunTime:0.000040s ]
INFO: [ app_init ] --END-- [ RunTime:0.000929s ]
ERR: 无法加载模块:Application

[ 2015-12-11T19:56:41+08:00 ] 127.0.0.1 /Qiao/Application/Home/View/Public/img//img4.jpg
INFO: [ app_init ] --START--
INFO: Run Behavior\BuildLiteBehavior [ RunTime:0.000044s ]
INFO: [ app_init ] --END-- [ RunTime:0.000760s ]
ERR: 无法加载模块:Application

[ 2015-12-11T19:58:49+08:00 ] 127.0.0.1 /Qiao/Application/Home/View/Public/img//img4.jpg
INFO: [ app_init ] --START--
INFO: Run Behavior\BuildLiteBehavior [ RunTime:0.000044s ]
INFO: [ app_init ] --END-- [ RunTime:0.000878s ]
ERR: 无法加载模块:Application

[ 2015-12-11T19:59:29+08:00 ] 127.0.0.1 /Qiao/Application/Home/View/Public/img//img4.jpg
INFO: [ app_init ] --START--
INFO: Run Behavior\BuildLiteBehavior [ RunTime:0.000040s ]
INFO: [ app_init ] --END-- [ RunTime:0.000714s ]
ERR: 无法加载模块:Application

[ 2015-12-11T20:00:13+08:00 ] 127.0.0.1 /Qiao/Application/Home/View/Public/img//img4.jpg
INFO: [ app_init ] --START--
INFO: Run Behavior\BuildLiteBehavior [ RunTime:0.000040s ]
INFO: [ app_init ] --END-- [ RunTime:0.001391s ]
ERR: 无法加载模块:Application

[ 2015-12-11T20:00:35+08:00 ] 127.0.0.1 /Qiao/Application/Home/View/Public/img//img4.jpg
INFO: [ app_init ] --START--
INFO: Run Behavior\BuildLiteBehavior [ RunTime:0.000042s ]
INFO: [ app_init ] --END-- [ RunTime:0.001147s ]
ERR: 无法加载模块:Application

[ 2015-12-11T20:01:06+08:00 ] 127.0.0.1 /Qiao/Application/Home/View/Public/img//img4.jpg
INFO: [ app_init ] --START--
INFO: Run Behavior\BuildLiteBehavior [ RunTime:0.000043s ]
INFO: [ app_init ] --END-- [ RunTime:0.001279s ]
ERR: 无法加载模块:Application

[ 2015-12-11T20:03:04+08:00 ] 127.0.0.1 /Qiao/Application/Home/View/Public/img//img4.jpg
INFO: [ app_init ] --START--
INFO: Run Behavior\BuildLiteBehavior [ RunTime:0.000044s ]
INFO: [ app_init ] --END-- [ RunTime:0.000869s ]
ERR: 无法加载模块:Application

[ 2015-12-11T20:07:54+08:00 ] 127.0.0.1 /Qiao/Application/Home/View/Public/img//img4.jpg
INFO: [ app_init ] --START--
INFO: Run Behavior\BuildLiteBehavior [ RunTime:0.000047s ]
INFO: [ app_init ] --END-- [ RunTime:0.000950s ]
ERR: 无法加载模块:Application

[ 2015-12-11T20:11:55+08:00 ] 127.0.0.1 /Qiao/Application/Home/View/Public/img//img4.jpg
INFO: [ app_init ] --START--
INFO: Run Behavior\BuildLiteBehavior [ RunTime:0.000042s ]
INFO: [ app_init ] --END-- [ RunTime:0.000816s ]
ERR: 无法加载模块:Application

[ 2015-12-11T20:13:31+08:00 ] 127.0.0.1 /Qiao/Application/Home/View/Public/img//img4.jpg
INFO: [ app_init ] --START--
INFO: Run Behavior\BuildLiteBehavior [ RunTime:0.000052s ]
INFO: [ app_init ] --END-- [ RunTime:0.000990s ]
ERR: 无法加载模块:Application

[ 2015-12-11T20:13:50+08:00 ] 127.0.0.1 /Qiao/Application/Home/View/Public/img//img4.jpg
INFO: [ app_init ] --START--
INFO: Run Behavior\BuildLiteBehavior [ RunTime:0.000027s ]
INFO: [ app_init ] --END-- [ RunTime:0.000487s ]
ERR: 无法加载模块:Application

[ 2015-12-11T20:22:09+08:00 ] 127.0.0.1 /Qiao/Application/Home/View/Public/img//img4.jpg
INFO: [ app_init ] --START--
INFO: Run Behavior\BuildLiteBehavior [ RunTime:0.000048s ]
INFO: [ app_init ] --END-- [ RunTime:0.000888s ]
ERR: 无法加载模块:Application

[ 2015-12-11T20:22:09+08:00 ] 127.0.0.1 /Qiao/Application/Home/View/Public/img//img4.jpg
INFO: [ app_init ] --START--
INFO: Run Behavior\BuildLiteBehavior [ RunTime:0.000042s ]
INFO: [ app_init ] --END-- [ RunTime:0.000895s ]
ERR: 无法加载模块:Application

[ 2015-12-11T20:32:16+08:00 ] 127.0.0.1 /Qiao/Application/Home/View/Public/img//img4.jpg
INFO: [ app_init ] --START--
INFO: Run Behavior\BuildLiteBehavior [ RunTime:0.000042s ]
INFO: [ app_init ] --END-- [ RunTime:0.000963s ]
ERR: 无法加载模块:Application

[ 2015-12-11T20:40:24+08:00 ] 127.0.0.1 /Qiao/Application/Home/View/Public/img//img4.jpg
INFO: [ app_init ] --START--
INFO: Run Behavior\BuildLiteBehavior [ RunTime:0.000040s ]
INFO: [ app_init ] --END-- [ RunTime:0.000829s ]
ERR: 无法加载模块:Application

[ 2015-12-11T20:40:48+08:00 ] 127.0.0.1 /Qiao/Application/Home/View/Public/img//img4.jpg
INFO: [ app_init ] --START--
INFO: Run Behavior\BuildLiteBehavior [ RunTime:0.000048s ]
INFO: [ app_init ] --END-- [ RunTime:0.000919s ]
ERR: 无法加载模块:Application

[ 2015-12-11T20:40:53+08:00 ] 127.0.0.1 /Qiao/Application/Home/View/Public/img//img4.jpg
INFO: [ app_init ] --START--
INFO: Run Behavior\BuildLiteBehavior [ RunTime:0.000039s ]
INFO: [ app_init ] --END-- [ RunTime:0.001019s ]
ERR: 无法加载模块:Application

[ 2015-12-11T21:03:47+08:00 ] 127.0.0.1 /Qiao/Application/Home/View/Public/img//img4.jpg
INFO: [ app_init ] --START--
INFO: Run Behavior\BuildLiteBehavior [ RunTime:0.000048s ]
INFO: [ app_init ] --END-- [ RunTime:0.000967s ]
ERR: 无法加载模块:Application

[ 2015-12-11T21:03:47+08:00 ] 127.0.0.1 /Qiao/Application/Home/View/Public/img//img4.jpg
INFO: [ app_init ] --START--
INFO: Run Behavior\BuildLiteBehavior [ RunTime:0.000046s ]
INFO: [ app_init ] --END-- [ RunTime:0.000916s ]
ERR: 无法加载模块:Application

[ 2015-12-11T21:03:54+08:00 ] 127.0.0.1 /Qiao/Application/Home/View/Public/img//img4.jpg
INFO: [ app_init ] --START--
INFO: Run Behavior\BuildLiteBehavior [ RunTime:0.000027s ]
INFO: [ app_init ] --END-- [ RunTime:0.000556s ]
ERR: 无法加载模块:Application

[ 2015-12-11T21:04:57+08:00 ] 127.0.0.1 /Qiao/Application/Home/View/Public/img//img4.jpg
INFO: [ app_init ] --START--
INFO: Run Behavior\BuildLiteBehavior [ RunTime:0.000041s ]
INFO: [ app_init ] --END-- [ RunTime:0.000900s ]
ERR: 无法加载模块:Application

[ 2015-12-11T21:04:59+08:00 ] 127.0.0.1 /Qiao/Application/Home/View/Public/img//img4.jpg
INFO: [ app_init ] --START--
INFO: Run Behavior\BuildLiteBehavior [ RunTime:0.000029s ]
INFO: [ app_init ] --END-- [ RunTime:0.000684s ]
ERR: 无法加载模块:Application

[ 2015-12-11T21:07:22+08:00 ] 127.0.0.1 /Qiao/Application/Home/View/Public/img//img4.jpg
INFO: [ app_init ] --START--
INFO: Run Behavior\BuildLiteBehavior [ RunTime:0.000041s ]
INFO: [ app_init ] --END-- [ RunTime:0.000857s ]
ERR: 无法加载模块:Application

[ 2015-12-11T21:09:43+08:00 ] 127.0.0.1 /Qiao/Application/Home/View/Public/img//img4.jpg
INFO: [ app_init ] --START--
INFO: Run Behavior\BuildLiteBehavior [ RunTime:0.000043s ]
INFO: [ app_init ] --END-- [ RunTime:0.000888s ]
ERR: 无法加载模块:Application

[ 2015-12-11T21:09:54+08:00 ] 127.0.0.1 /Qiao/Application/Home/View/Public/img//img4.jpg
INFO: [ app_init ] --START--
INFO: Run Behavior\BuildLiteBehavior [ RunTime:0.000027s ]
INFO: [ app_init ] --END-- [ RunTime:0.000646s ]
ERR: 无法加载模块:Application

[ 2015-12-11T21:13:02+08:00 ] 127.0.0.1 /Qiao/Application/Home/View/Public/img//img4.jpg
INFO: [ app_init ] --START--
INFO: Run Behavior\BuildLiteBehavior [ RunTime:0.000037s ]
INFO: [ app_init ] --END-- [ RunTime:0.000855s ]
ERR: 无法加载模块:Application

[ 2015-12-11T21:48:26+08:00 ] 127.0.0.1 /Qiao/Application/Home/View/Public/img//img4.jpg
INFO: [ app_init ] --START--
INFO: Run Behavior\BuildLiteBehavior [ RunTime:0.000045s ]
INFO: [ app_init ] --END-- [ RunTime:0.000885s ]
ERR: 无法加载模块:Application

[ 2015-12-11T21:54:12+08:00 ] 127.0.0.1 /Qiao/Application/Home/View/Public/img//img4.jpg
INFO: [ app_init ] --START--
INFO: Run Behavior\BuildLiteBehavior [ RunTime:0.000052s ]
INFO: [ app_init ] --END-- [ RunTime:0.001266s ]
ERR: 无法加载模块:Application

[ 2015-12-11T21:55:07+08:00 ] 127.0.0.1 /Qiao/Application/Home/View/Public/img//img4.jpg
INFO: [ app_init ] --START--
INFO: Run Behavior\BuildLiteBehavior [ RunTime:0.000046s ]
INFO: [ app_init ] --END-- [ RunTime:0.000905s ]
ERR: 无法加载模块:Application

[ 2015-12-11T21:56:18+08:00 ] 127.0.0.1 /Qiao/Application/Home/View/Public/img//img4.jpg
INFO: [ app_init ] --START--
INFO: Run Behavior\BuildLiteBehavior [ RunTime:0.000050s ]
INFO: [ app_init ] --END-- [ RunTime:0.000950s ]
ERR: 无法加载模块:Application

[ 2015-12-11T21:56:36+08:00 ] 127.0.0.1 /Qiao/Application/Home/View/Public/img//img4.jpg
INFO: [ app_init ] --START--
INFO: Run Behavior\BuildLiteBehavior [ RunTime:0.000045s ]
INFO: [ app_init ] --END-- [ RunTime:0.000830s ]
ERR: 无法加载模块:Application

[ 2015-12-11T21:57:06+08:00 ] 127.0.0.1 /Qiao/Application/Home/View/Public/img//img4.jpg
INFO: [ app_init ] --START--
INFO: Run Behavior\BuildLiteBehavior [ RunTime:0.000045s ]
INFO: [ app_init ] --END-- [ RunTime:0.000877s ]
ERR: 无法加载模块:Application

[ 2015-12-11T21:57:18+08:00 ] 127.0.0.1 /Qiao/Application/Home/View/Public/img//img4.jpg
INFO: [ app_init ] --START--
INFO: Run Behavior\BuildLiteBehavior [ RunTime:0.000035s ]
INFO: [ app_init ] --END-- [ RunTime:0.000709s ]
ERR: 无法加载模块:Application

[ 2015-12-11T21:57:38+08:00 ] 127.0.0.1 /Qiao/Application/Home/View/Public/img//img4.jpg
INFO: [ app_init ] --START--
INFO: Run Behavior\BuildLiteBehavior [ RunTime:0.000026s ]
INFO: [ app_init ] --END-- [ RunTime:0.000484s ]
ERR: 无法加载模块:Application

[ 2015-12-11T21:57:51+08:00 ] 127.0.0.1 /Qiao/Application/Home/View/Public/img//img4.jpg
INFO: [ app_init ] --START--
INFO: Run Behavior\BuildLiteBehavior [ RunTime:0.000076s ]
INFO: [ app_init ] --END-- [ RunTime:0.001376s ]
ERR: 无法加载模块:Application

[ 2015-12-11T21:58:42+08:00 ] 127.0.0.1 /Qiao/Application/Home/View/Public/img//img4.jpg
INFO: [ app_init ] --START--
INFO: Run Behavior\BuildLiteBehavior [ RunTime:0.000048s ]
INFO: [ app_init ] --END-- [ RunTime:0.000951s ]
ERR: 无法加载模块:Application

[ 2015-12-11T22:06:11+08:00 ] 127.0.0.1 /Qiao/Application/Home/View/Public/img//img4.jpg
INFO: [ app_init ] --START--
INFO: Run Behavior\BuildLiteBehavior [ RunTime:0.000044s ]
INFO: [ app_init ] --END-- [ RunTime:0.000864s ]
ERR: 无法加载模块:Application

[ 2015-12-11T22:08:12+08:00 ] 127.0.0.1 /Qiao/Application/Home/View/Public/img//img4.jpg
INFO: [ app_init ] --START--
INFO: Run Behavior\BuildLiteBehavior [ RunTime:0.000044s ]
INFO: [ app_init ] --END-- [ RunTime:0.000907s ]
ERR: 无法加载模块:Application

[ 2015-12-11T22:09:24+08:00 ] 127.0.0.1 /Qiao/Application/Home/View/Public/img//img4.jpg
INFO: [ app_init ] --START--
INFO: Run Behavior\BuildLiteBehavior [ RunTime:0.000043s ]
INFO: [ app_init ] --END-- [ RunTime:0.000849s ]
ERR: 无法加载模块:Application

[ 2015-12-11T22:10:22+08:00 ] 127.0.0.1 /Qiao/Application/Home/View/Public/img//img4.jpg
INFO: [ app_init ] --START--
INFO: Run Behavior\BuildLiteBehavior [ RunTime:0.000038s ]
INFO: [ app_init ] --END-- [ RunTime:0.000852s ]
ERR: 无法加载模块:Application

[ 2015-12-11T22:10:22+08:00 ] 127.0.0.1 /Qiao/Application/Home/View/Public/img//img4.jpg
INFO: [ app_init ] --START--
INFO: Run Behavior\BuildLiteBehavior [ RunTime:0.000047s ]
INFO: [ app_init ] --END-- [ RunTime:0.001632s ]
ERR: 无法加载模块:Application

[ 2015-12-11T22:11:25+08:00 ] 127.0.0.1 /Qiao/Application/Home/View/Public/img//img4.jpg
INFO: [ app_init ] --START--
INFO: Run Behavior\BuildLiteBehavior [ RunTime:0.000042s ]
INFO: [ app_init ] --END-- [ RunTime:0.000719s ]
ERR: 无法加载模块:Application

[ 2015-12-11T22:12:51+08:00 ] 127.0.0.1 /Qiao/Application/Home/View/Public/img//img4.jpg
INFO: [ app_init ] --START--
INFO: Run Behavior\BuildLiteBehavior [ RunTime:0.000044s ]
INFO: [ app_init ] --END-- [ RunTime:0.000926s ]
ERR: 无法加载模块:Application

[ 2015-12-11T22:13:01+08:00 ] 127.0.0.1 /Qiao/Application/Home/View/Public/img//img4.jpg
INFO: [ app_init ] --START--
INFO: Run Behavior\BuildLiteBehavior [ RunTime:0.000043s ]
INFO: [ app_init ] --END-- [ RunTime:0.000918s ]
ERR: 无法加载模块:Application

[ 2015-12-11T22:13:27+08:00 ] 127.0.0.1 /Qiao/Application/Home/View/Public/img//img4.jpg
INFO: [ app_init ] --START--
INFO: Run Behavior\BuildLiteBehavior [ RunTime:0.000044s ]
INFO: [ app_init ] --END-- [ RunTime:0.002110s ]
ERR: 无法加载模块:Application

[ 2015-12-11T22:14:35+08:00 ] 127.0.0.1 /Qiao/Application/Home/View/Public/img//img4.jpg
INFO: [ app_init ] --START--
INFO: Run Behavior\BuildLiteBehavior [ RunTime:0.000046s ]
INFO: [ app_init ] --END-- [ RunTime:0.000935s ]
ERR: 无法加载模块:Application

[ 2015-12-11T22:15:22+08:00 ] 127.0.0.1 /Qiao/Application/Home/View/Public/img//img4.jpg
INFO: [ app_init ] --START--
INFO: Run Behavior\BuildLiteBehavior [ RunTime:0.000045s ]
INFO: [ app_init ] --END-- [ RunTime:0.000935s ]
ERR: 无法加载模块:Application

[ 2015-12-11T22:16:52+08:00 ] 127.0.0.1 /Qiao/Application/Home/View/Public/img//img4.jpg
INFO: [ app_init ] --START--
INFO: Run Behavior\BuildLiteBehavior [ RunTime:0.000042s ]
INFO: [ app_init ] --END-- [ RunTime:0.000893s ]
ERR: 无法加载模块:Application

[ 2015-12-11T22:17:31+08:00 ] 127.0.0.1 /Qiao/Application/Home/View/Public/img//img4.jpg
INFO: [ app_init ] --START--
INFO: Run Behavior\BuildLiteBehavior [ RunTime:0.000045s ]
INFO: [ app_init ] --END-- [ RunTime:0.000960s ]
ERR: 无法加载模块:Application

[ 2015-12-11T22:20:51+08:00 ] 127.0.0.1 /Qiao/Application/Home/View/Public/img//img4.jpg
INFO: [ app_init ] --START--
INFO: Run Behavior\BuildLiteBehavior [ RunTime:0.000041s ]
INFO: [ app_init ] --END-- [ RunTime:0.000883s ]
ERR: 无法加载模块:Application

[ 2015-12-11T22:22:03+08:00 ] 127.0.0.1 /Qiao/Application/Home/View/Public/img//img4.jpg
INFO: [ app_init ] --START--
INFO: Run Behavior\BuildLiteBehavior [ RunTime:0.000041s ]
INFO: [ app_init ] --END-- [ RunTime:0.000927s ]
ERR: 无法加载模块:Application

[ 2015-12-11T22:29:54+08:00 ] 127.0.0.1 /Qiao/Application/Home/View/Public/img//img4.jpg
INFO: [ app_init ] --START--
INFO: Run Behavior\BuildLiteBehavior [ RunTime:0.000042s ]
INFO: [ app_init ] --END-- [ RunTime:0.000947s ]
ERR: 无法加载模块:Application

[ 2015-12-11T22:30:38+08:00 ] 127.0.0.1 /Qiao/Application/Home/View/Public/img//img4.jpg
INFO: [ app_init ] --START--
INFO: Run Behavior\BuildLiteBehavior [ RunTime:0.000041s ]
INFO: [ app_init ] --END-- [ RunTime:0.000899s ]
ERR: 无法加载模块:Application

[ 2015-12-11T22:31:40+08:00 ] 127.0.0.1 /Qiao/Application/Home/View/Public/img//img4.jpg
INFO: [ app_init ] --START--
INFO: Run Behavior\BuildLiteBehavior [ RunTime:0.000043s ]
INFO: [ app_init ] --END-- [ RunTime:0.000833s ]
ERR: 无法加载模块:Application

[ 2015-12-11T22:31:41+08:00 ] 127.0.0.1 /Qiao/Application/Home/View/Public/img//img4.jpg
INFO: [ app_init ] --START--
INFO: Run Behavior\BuildLiteBehavior [ RunTime:0.000043s ]
INFO: [ app_init ] --END-- [ RunTime:0.000903s ]
ERR: 无法加载模块:Application

[ 2015-12-11T22:36:26+08:00 ] 127.0.0.1 /Qiao/Application/Home/View/Public/img//img4.jpg
INFO: [ app_init ] --START--
INFO: Run Behavior\BuildLiteBehavior [ RunTime:0.000071s ]
INFO: [ app_init ] --END-- [ RunTime:0.001161s ]
ERR: 无法加载模块:Application

[ 2015-12-11T22:37:28+08:00 ] 127.0.0.1 /Qiao/Application/Home/View/Public/img//img4.jpg
INFO: [ app_init ] --START--
INFO: Run Behavior\BuildLiteBehavior [ RunTime:0.000041s ]
INFO: [ app_init ] --END-- [ RunTime:0.000827s ]
ERR: 无法加载模块:Application

[ 2015-12-11T22:42:03+08:00 ] 127.0.0.1 /Qiao/Application/Home/View/Public/img//img4.jpg
INFO: [ app_init ] --START--
INFO: Run Behavior\BuildLiteBehavior [ RunTime:0.000028s ]
INFO: [ app_init ] --END-- [ RunTime:0.000690s ]
ERR: 无法加载模块:Application

[ 2015-12-11T22:42:40+08:00 ] 127.0.0.1 /Qiao/Application/Home/View/Public/img//img4.jpg
INFO: [ app_init ] --START--
INFO: Run Behavior\BuildLiteBehavior [ RunTime:0.000034s ]
INFO: [ app_init ] --END-- [ RunTime:0.000731s ]
ERR: 无法加载模块:Application

[ 2015-12-11T22:42:40+08:00 ] 127.0.0.1 /Qiao/Application/Home/View/Public/img//img4.jpg
INFO: [ app_init ] --START--
INFO: Run Behavior\BuildLiteBehavior [ RunTime:0.000043s ]
INFO: [ app_init ] --END-- [ RunTime:0.001181s ]
ERR: 无法加载模块:Application

[ 2015-12-11T22:42:43+08:00 ] 127.0.0.1 /Qiao/Application/Home/View/Public/img//img4.jpg
INFO: [ app_init ] --START--
INFO: Run Behavior\BuildLiteBehavior [ RunTime:0.000051s ]
INFO: [ app_init ] --END-- [ RunTime:0.000998s ]
ERR: 无法加载模块:Application

[ 2015-12-11T22:45:55+08:00 ] 127.0.0.1 /Qiao/Application/Home/View/Public/img//img4.jpg
INFO: [ app_init ] --START--
INFO: Run Behavior\BuildLiteBehavior [ RunTime:0.000039s ]
INFO: [ app_init ] --END-- [ RunTime:0.000656s ]
ERR: 无法加载模块:Application

[ 2015-12-11T22:46:47+08:00 ] 127.0.0.1 /Qiao/Application/Home/View/Public/img//img4.jpg
INFO: [ app_init ] --START--
INFO: Run Behavior\BuildLiteBehavior [ RunTime:0.000045s ]
INFO: [ app_init ] --END-- [ RunTime:0.000829s ]
ERR: 无法加载模块:Application

[ 2015-12-11T22:48:53+08:00 ] 127.0.0.1 /Qiao/Application/Home/View/Public/img//img4.jpg
INFO: [ app_init ] --START--
INFO: Run Behavior\BuildLiteBehavior [ RunTime:0.000045s ]
INFO: [ app_init ] --END-- [ RunTime:0.000830s ]
ERR: 无法加载模块:Application

[ 2015-12-11T22:48:56+08:00 ] 127.0.0.1 /Qiao/Application/Home/View/Public/img//img4.jpg
INFO: [ app_init ] --START--
INFO: Run Behavior\BuildLiteBehavior [ RunTime:0.000026s ]
INFO: [ app_init ] --END-- [ RunTime:0.000600s ]
ERR: 无法加载模块:Application

[ 2015-12-11T22:51:33+08:00 ] 127.0.0.1 /Qiao/Application/Home/View/Public/img//img4.jpg
INFO: [ app_init ] --START--
INFO: Run Behavior\BuildLiteBehavior [ RunTime:0.000050s ]
INFO: [ app_init ] --END-- [ RunTime:0.000921s ]
ERR: 无法加载模块:Application

[ 2015-12-11T22:51:39+08:00 ] 127.0.0.1 /Qiao/Application/Home/View/Public/img//img4.jpg
INFO: [ app_init ] --START--
INFO: Run Behavior\BuildLiteBehavior [ RunTime:0.000070s ]
INFO: [ app_init ] --END-- [ RunTime:0.000962s ]
ERR: 无法加载模块:Application

[ 2015-12-11T22:51:43+08:00 ] 127.0.0.1 /Qiao/Application/Home/View/Public/img//img4.jpg
INFO: [ app_init ] --START--
INFO: Run Behavior\BuildLiteBehavior [ RunTime:0.000041s ]
INFO: [ app_init ] --END-- [ RunTime:0.000909s ]
ERR: 无法加载模块:Application

[ 2015-12-11T22:51:46+08:00 ] 127.0.0.1 /Qiao/Application/Home/View/Public/img//img4.jpg
INFO: [ app_init ] --START--
INFO: Run Behavior\BuildLiteBehavior [ RunTime:0.000044s ]
INFO: [ app_init ] --END-- [ RunTime:0.000974s ]
ERR: 无法加载模块:Application

[ 2015-12-11T22:51:52+08:00 ] 127.0.0.1 /Qiao/Application/Home/View/Public/img//img4.jpg
INFO: [ app_init ] --START--
INFO: Run Behavior\BuildLiteBehavior [ RunTime:0.000025s ]
INFO: [ app_init ] --END-- [ RunTime:0.000515s ]
ERR: 无法加载模块:Application

[ 2015-12-11T22:51:57+08:00 ] 127.0.0.1 /Qiao/Application/Home/View/Public/img//img4.jpg
INFO: [ app_init ] --START--
INFO: Run Behavior\BuildLiteBehavior [ RunTime:0.000044s ]
INFO: [ app_init ] --END-- [ RunTime:0.000921s ]
ERR: 无法加载模块:Application

[ 2015-12-11T22:52:28+08:00 ] 127.0.0.1 /Qiao/Application/Home/View/Public/img//img4.jpg
INFO: [ app_init ] --START--
INFO: Run Behavior\BuildLiteBehavior [ RunTime:0.000052s ]
INFO: [ app_init ] --END-- [ RunTime:0.000990s ]
ERR: 无法加载模块:Application

[ 2015-12-11T22:52:32+08:00 ] 127.0.0.1 /Qiao/Application/Home/View/Public/img//img4.jpg
INFO: [ app_init ] --START--
INFO: Run Behavior\BuildLiteBehavior [ RunTime:0.000047s ]
INFO: [ app_init ] --END-- [ RunTime:0.000935s ]
ERR: 无法加载模块:Application

[ 2015-12-11T22:52:38+08:00 ] 127.0.0.1 /Qiao/Application/Home/View/Public/img//img4.jpg
INFO: [ app_init ] --START--
INFO: Run Behavior\BuildLiteBehavior [ RunTime:0.000041s ]
INFO: [ app_init ] --END-- [ RunTime:0.000727s ]
ERR: 无法加载模块:Application

[ 2015-12-11T22:53:16+08:00 ] 127.0.0.1 /Qiao/Application/Home/View/Public/img//img4.jpg
INFO: [ app_init ] --START--
INFO: Run Behavior\BuildLiteBehavior [ RunTime:0.000044s ]
INFO: [ app_init ] --END-- [ RunTime:0.000824s ]
ERR: 无法加载模块:Application

[ 2015-12-11T22:53:22+08:00 ] 127.0.0.1 /Qiao/Application/Home/View/Public/img//img4.jpg
INFO: [ app_init ] --START--
INFO: Run Behavior\BuildLiteBehavior [ RunTime:0.000060s ]
INFO: [ app_init ] --END-- [ RunTime:0.001180s ]
ERR: 无法加载模块:Application

[ 2015-12-11T22:53:25+08:00 ] 127.0.0.1 /Qiao/Application/Home/View/Public/img//img4.jpg
INFO: [ app_init ] --START--
INFO: Run Behavior\BuildLiteBehavior [ RunTime:0.000042s ]
INFO: [ app_init ] --END-- [ RunTime:0.000875s ]
ERR: 无法加载模块:Application

[ 2015-12-11T22:55:54+08:00 ] 127.0.0.1 /Qiao/Application/Home/View/Public/img//img4.jpg
INFO: [ app_init ] --START--
INFO: Run Behavior\BuildLiteBehavior [ RunTime:0.000042s ]
INFO: [ app_init ] --END-- [ RunTime:0.000949s ]
ERR: 无法加载模块:Application

[ 2015-12-11T22:56:21+08:00 ] 127.0.0.1 /Qiao/Application/Home/View/Public/img//img4.jpg
INFO: [ app_init ] --START--
INFO: Run Behavior\BuildLiteBehavior [ RunTime:0.000036s ]
INFO: [ app_init ] --END-- [ RunTime:0.002748s ]
ERR: 无法加载模块:Application

[ 2015-12-11T22:57:13+08:00 ] 127.0.0.1 /Qiao/Application/Home/View/Public/img//img4.jpg
INFO: [ app_init ] --START--
INFO: Run Behavior\BuildLiteBehavior [ RunTime:0.000049s ]
INFO: [ app_init ] --END-- [ RunTime:0.001799s ]
ERR: 无法加载模块:Application

[ 2015-12-11T22:58:32+08:00 ] 127.0.0.1 /Qiao/Application/Home/View/Public/img//img4.jpg
INFO: [ app_init ] --START--
INFO: Run Behavior\BuildLiteBehavior [ RunTime:0.000037s ]
INFO: [ app_init ] --END-- [ RunTime:0.000796s ]
ERR: 无法加载模块:Application

[ 2015-12-11T22:58:32+08:00 ] 127.0.0.1 /Qiao/Application/Home/View/Public/img//img4.jpg
INFO: [ app_init ] --START--
INFO: Run Behavior\BuildLiteBehavior [ RunTime:0.000046s ]
INFO: [ app_init ] --END-- [ RunTime:0.001099s ]
ERR: 无法加载模块:Application

[ 2015-12-11T22:58:35+08:00 ] 127.0.0.1 /Qiao/Application/Home/View/Public/img//img4.jpg
INFO: [ app_init ] --START--
INFO: Run Behavior\BuildLiteBehavior [ RunTime:0.000027s ]
INFO: [ app_init ] --END-- [ RunTime:0.000633s ]
ERR: 无法加载模块:Application

[ 2015-12-11T22:58:44+08:00 ] 127.0.0.1 /Qiao/Application/Home/View/Public/img//img4.jpg
INFO: [ app_init ] --START--
INFO: Run Behavior\BuildLiteBehavior [ RunTime:0.000039s ]
INFO: [ app_init ] --END-- [ RunTime:0.000767s ]
ERR: 无法加载模块:Application

[ 2015-12-11T22:58:44+08:00 ] 127.0.0.1 /Qiao/Application/Home/View/Public/img//img4.jpg
INFO: [ app_init ] --START--
INFO: Run Behavior\BuildLiteBehavior [ RunTime:0.000042s ]
INFO: [ app_init ] --END-- [ RunTime:0.000751s ]
ERR: 无法加载模块:Application

[ 2015-12-11T23:00:42+08:00 ] 127.0.0.1 /Qiao/Application/Home/View/Public/img//img4.jpg
INFO: [ app_init ] --START--
INFO: Run Behavior\BuildLiteBehavior [ RunTime:0.000050s ]
INFO: [ app_init ] --END-- [ RunTime:0.000972s ]
ERR: 无法加载模块:Application

[ 2015-12-11T23:01:09+08:00 ] 127.0.0.1 /Qiao/Application/Home/View/Public/img//img4.jpg
INFO: [ app_init ] --START--
INFO: Run Behavior\BuildLiteBehavior [ RunTime:0.000053s ]
INFO: [ app_init ] --END-- [ RunTime:0.000957s ]
ERR: 无法加载模块:Application

[ 2015-12-11T23:01:09+08:00 ] 127.0.0.1 /Qiao/Application/Home/View/Public/img//img4.jpg
INFO: [ app_init ] --START--
INFO: Run Behavior\BuildLiteBehavior [ RunTime:0.000047s ]
INFO: [ app_init ] --END-- [ RunTime:0.001259s ]
ERR: 无法加载模块:Application

[ 2015-12-11T23:01:15+08:00 ] 127.0.0.1 /Qiao/Application/Home/View/Public/img//img4.jpg
INFO: [ app_init ] --START--
INFO: Run Behavior\BuildLiteBehavior [ RunTime:0.000039s ]
INFO: [ app_init ] --END-- [ RunTime:0.000808s ]
ERR: 无法加载模块:Application

[ 2015-12-11T23:01:22+08:00 ] 127.0.0.1 /Qiao/Application/Home/View/Public/img//img4.jpg
INFO: [ app_init ] --START--
INFO: Run Behavior\BuildLiteBehavior [ RunTime:0.000039s ]
INFO: [ app_init ] --END-- [ RunTime:0.000766s ]
ERR: 无法加载模块:Application

[ 2015-12-11T23:01:32+08:00 ] 127.0.0.1 /Qiao/Application/Home/View/Public/img//img4.jpg
INFO: [ app_init ] --START--
INFO: Run Behavior\BuildLiteBehavior [ RunTime:0.000045s ]
INFO: [ app_init ] --END-- [ RunTime:0.000869s ]
ERR: 无法加载模块:Application

[ 2015-12-11T23:01:47+08:00 ] 127.0.0.1 /Qiao/Application/Home/View/Public/img//img4.jpg
INFO: [ app_init ] --START--
INFO: Run Behavior\BuildLiteBehavior [ RunTime:0.000056s ]
INFO: [ app_init ] --END-- [ RunTime:0.001074s ]
ERR: 无法加载模块:Application

[ 2015-12-11T23:01:50+08:00 ] 127.0.0.1 /Qiao/Application/Home/View/Public/img//img4.jpg
INFO: [ app_init ] --START--
INFO: Run Behavior\BuildLiteBehavior [ RunTime:0.000042s ]
INFO: [ app_init ] --END-- [ RunTime:0.000728s ]
ERR: 无法加载模块:Application

[ 2015-12-11T23:01:53+08:00 ] 127.0.0.1 /Qiao/Application/Home/View/Public/img//img4.jpg
INFO: [ app_init ] --START--
INFO: Run Behavior\BuildLiteBehavior [ RunTime:0.000029s ]
INFO: [ app_init ] --END-- [ RunTime:0.000750s ]
ERR: 无法加载模块:Application

[ 2015-12-11T23:03:23+08:00 ] 127.0.0.1 /Qiao/Application/Home/View/Public/img//img4.jpg
INFO: [ app_init ] --START--
INFO: Run Behavior\BuildLiteBehavior [ RunTime:0.000041s ]
INFO: [ app_init ] --END-- [ RunTime:0.000876s ]
ERR: 无法加载模块:Application

[ 2015-12-11T23:06:50+08:00 ] 127.0.0.1 /Qiao/Application/Home/View/Public/img//img4.jpg
INFO: [ app_init ] --START--
INFO: Run Behavior\BuildLiteBehavior [ RunTime:0.000044s ]
INFO: [ app_init ] --END-- [ RunTime:0.000955s ]
ERR: 无法加载模块:Application

[ 2015-12-11T23:06:54+08:00 ] 127.0.0.1 /Qiao/Application/Home/View/Public/img//img4.jpg
INFO: [ app_init ] --START--
INFO: Run Behavior\BuildLiteBehavior [ RunTime:0.000026s ]
INFO: [ app_init ] --END-- [ RunTime:0.000621s ]
ERR: 无法加载模块:Application

[ 2015-12-11T23:07:03+08:00 ] 127.0.0.1 /Qiao/Application/Home/View/Public/img//img4.jpg
INFO: [ app_init ] --START--
INFO: Run Behavior\BuildLiteBehavior [ RunTime:0.000043s ]
INFO: [ app_init ] --END-- [ RunTime:0.000861s ]
ERR: 无法加载模块:Application

[ 2015-12-11T23:08:07+08:00 ] 127.0.0.1 /Qiao/Application/Home/View/Public/img//img4.jpg
INFO: [ app_init ] --START--
INFO: Run Behavior\BuildLiteBehavior [ RunTime:0.000030s ]
INFO: [ app_init ] --END-- [ RunTime:0.000874s ]
ERR: 无法加载模块:Application

[ 2015-12-11T23:08:12+08:00 ] 127.0.0.1 /Qiao/Application/Home/View/Public/img//img4.jpg
INFO: [ app_init ] --START--
INFO: Run Behavior\BuildLiteBehavior [ RunTime:0.000045s ]
INFO: [ app_init ] --END-- [ RunTime:0.001059s ]
ERR: 无法加载模块:Application

[ 2015-12-11T23:08:15+08:00 ] 127.0.0.1 /Qiao/Application/Home/View/Public/img//img4.jpg
INFO: [ app_init ] --START--
INFO: Run Behavior\BuildLiteBehavior [ RunTime:0.000027s ]
INFO: [ app_init ] --END-- [ RunTime:0.000621s ]
ERR: 无法加载模块:Application

[ 2015-12-11T23:08:46+08:00 ] 127.0.0.1 /Qiao/Application/Home/View/Public/img//img4.jpg
INFO: [ app_init ] --START--
INFO: Run Behavior\BuildLiteBehavior [ RunTime:0.000047s ]
INFO: [ app_init ] --END-- [ RunTime:0.000958s ]
ERR: 无法加载模块:Application

[ 2015-12-11T23:10:10+08:00 ] 127.0.0.1 /Qiao/Application/Home/View/Public/img//img4.jpg
INFO: [ app_init ] --START--
INFO: Run Behavior\BuildLiteBehavior [ RunTime:0.000047s ]
INFO: [ app_init ] --END-- [ RunTime:0.000910s ]
ERR: 无法加载模块:Application

[ 2015-12-11T23:10:10+08:00 ] 127.0.0.1 /Qiao/Application/Home/View/Public/img//img4.jpg
INFO: [ app_init ] --START--
INFO: Run Behavior\BuildLiteBehavior [ RunTime:0.000043s ]
INFO: [ app_init ] --END-- [ RunTime:0.000826s ]
ERR: 无法加载模块:Application

[ 2015-12-11T23:10:46+08:00 ] 127.0.0.1 /Qiao/Application/Home/View/Public/img//img4.jpg
INFO: [ app_init ] --START--
INFO: Run Behavior\BuildLiteBehavior [ RunTime:0.000046s ]
INFO: [ app_init ] --END-- [ RunTime:0.000883s ]
ERR: 无法加载模块:Application

[ 2015-12-11T23:10:55+08:00 ] 127.0.0.1 /Qiao/Application/Home/View/Public/img//img4.jpg
INFO: [ app_init ] --START--
INFO: Run Behavior\BuildLiteBehavior [ RunTime:0.000042s ]
INFO: [ app_init ] --END-- [ RunTime:0.000740s ]
ERR: 无法加载模块:Application

[ 2015-12-11T23:11:19+08:00 ] 127.0.0.1 /Qiao/Application/Home/View/Public/img//img4.jpg
INFO: [ app_init ] --START--
INFO: Run Behavior\BuildLiteBehavior [ RunTime:0.000045s ]
INFO: [ app_init ] --END-- [ RunTime:0.001033s ]
ERR: 无法加载模块:Application

[ 2015-12-11T23:11:44+08:00 ] 127.0.0.1 /Qiao/Application/Home/View/Public/img//img4.jpg
INFO: [ app_init ] --START--
INFO: Run Behavior\BuildLiteBehavior [ RunTime:0.000044s ]
INFO: [ app_init ] --END-- [ RunTime:0.000764s ]
ERR: 无法加载模块:Application

[ 2015-12-11T23:12:53+08:00 ] 127.0.0.1 /Qiao/Application/Home/View/Public/img//img4.jpg
INFO: [ app_init ] --START--
INFO: Run Behavior\BuildLiteBehavior [ RunTime:0.000026s ]
INFO: [ app_init ] --END-- [ RunTime:0.000623s ]
ERR: 无法加载模块:Application

[ 2015-12-11T23:13:43+08:00 ] 127.0.0.1 /Qiao/Application/Home/View/Public/img//img4.jpg
INFO: [ app_init ] --START--
INFO: Run Behavior\BuildLiteBehavior [ RunTime:0.000051s ]
INFO: [ app_init ] --END-- [ RunTime:0.000921s ]
ERR: 无法加载模块:Application

[ 2015-12-11T23:14:16+08:00 ] 127.0.0.1 /Qiao/Application/Home/View/Public/img//img4.jpg
INFO: [ app_init ] --START--
INFO: Run Behavior\BuildLiteBehavior [ RunTime:0.000045s ]
INFO: [ app_init ] --END-- [ RunTime:0.000857s ]
ERR: 无法加载模块:Application

[ 2015-12-11T23:14:36+08:00 ] 127.0.0.1 /Qiao/Application/Home/View/Public/img//img4.jpg
INFO: [ app_init ] --START--
INFO: Run Behavior\BuildLiteBehavior [ RunTime:0.000041s ]
INFO: [ app_init ] --END-- [ RunTime:0.001177s ]
ERR: 无法加载模块:Application

[ 2015-12-11T23:17:56+08:00 ] 127.0.0.1 /Qiao/Application/Home/View/Public/img//img4.jpg
INFO: [ app_init ] --START--
INFO: Run Behavior\BuildLiteBehavior [ RunTime:0.000034s ]
INFO: [ app_init ] --END-- [ RunTime:0.000787s ]
ERR: 无法加载模块:Application

[ 2015-12-11T23:18:11+08:00 ] 127.0.0.1 /Qiao/Application/Home/View/Public/img//img4.jpg
INFO: [ app_init ] --START--
INFO: Run Behavior\BuildLiteBehavior [ RunTime:0.000046s ]
INFO: [ app_init ] --END-- [ RunTime:0.000923s ]
ERR: 无法加载模块:Application

[ 2015-12-11T23:19:51+08:00 ] 127.0.0.1 /Qiao/Application/Home/View/Public/img//img4.jpg
INFO: [ app_init ] --START--
INFO: Run Behavior\BuildLiteBehavior [ RunTime:0.000036s ]
INFO: [ app_init ] --END-- [ RunTime:0.000724s ]
ERR: 无法加载模块:Application

[ 2015-12-11T23:20:20+08:00 ] 127.0.0.1 /Qiao/Application/Home/View/Public/img//img4.jpg
INFO: [ app_init ] --START--
INFO: Run Behavior\BuildLiteBehavior [ RunTime:0.000043s ]
INFO: [ app_init ] --END-- [ RunTime:0.000906s ]
ERR: 无法加载模块:Application

[ 2015-12-11T23:22:30+08:00 ] 127.0.0.1 /Qiao/Application/Home/View/Public/img//img4.jpg
INFO: [ app_init ] --START--
INFO: Run Behavior\BuildLiteBehavior [ RunTime:0.000025s ]
INFO: [ app_init ] --END-- [ RunTime:0.000511s ]
ERR: 无法加载模块:Application

[ 2015-12-11T23:27:04+08:00 ] 127.0.0.1 /Qiao/Application/Home/View/Public/img//img4.jpg
INFO: [ app_init ] --START--
INFO: Run Behavior\BuildLiteBehavior [ RunTime:0.000046s ]
INFO: [ app_init ] --END-- [ RunTime:0.000830s ]
ERR: 无法加载模块:Application

[ 2015-12-11T23:28:38+08:00 ] 127.0.0.1 /Qiao/Application/Home/View/Public/img//img4.jpg
INFO: [ app_init ] --START--
INFO: Run Behavior\BuildLiteBehavior [ RunTime:0.000043s ]
INFO: [ app_init ] --END-- [ RunTime:0.000845s ]
ERR: 无法加载模块:Application

[ 2015-12-11T23:44:34+08:00 ] 127.0.0.1 /Qiao/Application/Home/View/Public/img//img4.jpg
INFO: [ app_init ] --START--
INFO: Run Behavior\BuildLiteBehavior [ RunTime:0.000047s ]
INFO: [ app_init ] --END-- [ RunTime:0.000908s ]
ERR: 无法加载模块:Application

[ 2015-12-11T23:45:38+08:00 ] 127.0.0.1 /Qiao/Application/Home/View/Public/img//img4.jpg
INFO: [ app_init ] --START--
INFO: Run Behavior\BuildLiteBehavior [ RunTime:0.000045s ]
INFO: [ app_init ] --END-- [ RunTime:0.000963s ]
ERR: 无法加载模块:Application

[ 2015-12-11T23:47:14+08:00 ] 127.0.0.1 /Qiao/Application/Home/View/Public/img//img4.jpg
INFO: [ app_init ] --START--
INFO: Run Behavior\BuildLiteBehavior [ RunTime:0.000042s ]
INFO: [ app_init ] --END-- [ RunTime:0.000993s ]
ERR: 无法加载模块:Application

[ 2015-12-11T23:47:23+08:00 ] 127.0.0.1 /Qiao/Application/Home/View/Public/img//img4.jpg
INFO: [ app_init ] --START--
INFO: Run Behavior\BuildLiteBehavior [ RunTime:0.000039s ]
INFO: [ app_init ] --END-- [ RunTime:0.000703s ]
ERR: 无法加载模块:Application

[ 2015-12-11T23:47:30+08:00 ] 127.0.0.1 /Qiao/Application/Home/View/Public/img//img4.jpg
INFO: [ app_init ] --START--
INFO: Run Behavior\BuildLiteBehavior [ RunTime:0.000078s ]
INFO: [ app_init ] --END-- [ RunTime:0.001291s ]
ERR: 无法加载模块:Application

[ 2015-12-11T23:48:58+08:00 ] 127.0.0.1 /Qiao/Application/Home/View/Public/img//img4.jpg
INFO: [ app_init ] --START--
INFO: Run Behavior\BuildLiteBehavior [ RunTime:0.000047s ]
INFO: [ app_init ] --END-- [ RunTime:0.000909s ]
ERR: 无法加载模块:Application

