[ 2015-12-20T00:12:14+08:00 ] 127.0.0.1 /Qiao/Application/Home/View/Public/img/ebf12aa4eed1154907af8ef3f35ec2bf/aimg1.jpg
INFO: [ app_init ] --START--
INFO: Run Behavior\BuildLiteBehavior [ RunTime:0.000042s ]
INFO: [ app_init ] --END-- [ RunTime:0.000830s ]
ERR: 无法加载模块:Application

[ 2015-12-20T00:12:14+08:00 ] 127.0.0.1 /Qiao/Application/Home/View/Public/img/ebf12aa4eed1154907af8ef3f35ec2bf/bimg1.jpg
INFO: [ app_init ] --START--
INFO: Run Behavior\BuildLiteBehavior [ RunTime:0.000037s ]
INFO: [ app_init ] --END-- [ RunTime:0.000760s ]
ERR: 无法加载模块:Application

[ 2015-12-20T00:12:14+08:00 ] 127.0.0.1 /Qiao/Application/Home/View/Public/img/ebf12aa4eed1154907af8ef3f35ec2bf/cimg1.jpg
INFO: [ app_init ] --START--
INFO: Run Behavior\BuildLiteBehavior [ RunTime:0.000031s ]
INFO: [ app_init ] --END-- [ RunTime:0.000719s ]
ERR: 无法加载模块:Application

[ 2015-12-20T00:13:56+08:00 ] 127.0.0.1 /Qiao/Application/Home/View/Public/img/ebf12aa4eed1154907af8ef3f35ec2bf/qrcode.jpg
INFO: [ app_init ] --START--
INFO: Run Behavior\BuildLiteBehavior [ RunTime:0.000047s ]
INFO: [ app_init ] --END-- [ RunTime:0.001229s ]
ERR: 无法加载模块:Application

[ 2015-12-20T00:14:09+08:00 ] 127.0.0.1 /Qiao/Application/Home/View/Public/img/ebf12aa4eed1154907af8ef3f35ec2bf/qrcode.jpg
INFO: [ app_init ] --START--
INFO: Run Behavior\BuildLiteBehavior [ RunTime:0.000047s ]
INFO: [ app_init ] --END-- [ RunTime:0.000982s ]
ERR: 无法加载模块:Application

[ 2015-12-20T00:15:10+08:00 ] 127.0.0.1 /Qiao/Application/Home/View/Public/img/ebf12aa4eed1154907af8ef3f35ec2bf/qrcode.jpg
INFO: [ app_init ] --START--
INFO: Run Behavior\BuildLiteBehavior [ RunTime:0.000030s ]
INFO: [ app_init ] --END-- [ RunTime:0.000831s ]
ERR: 无法加载模块:Application

[ 2015-12-20T00:16:09+08:00 ] 127.0.0.1 /Qiao/Application/Home/View/Public/img/ebf12aa4eed1154907af8ef3f35ec2bf/qrcode.jpg
INFO: [ app_init ] --START--
INFO: Run Behavior\BuildLiteBehavior [ RunTime:0.000046s ]
INFO: [ app_init ] --END-- [ RunTime:0.001174s ]
ERR: 无法加载模块:Application

[ 2015-12-20T00:18:35+08:00 ] 127.0.0.1 /Qiao/Application/Home/View/Public/img/ebf12aa4eed1154907af8ef3f35ec2bf/aimg1.jpg
INFO: [ app_init ] --START--
INFO: Run Behavior\BuildLiteBehavior [ RunTime:0.000043s ]
INFO: [ app_init ] --END-- [ RunTime:0.000872s ]
ERR: 无法加载模块:Application

[ 2015-12-20T00:18:35+08:00 ] 127.0.0.1 /Qiao/Application/Home/View/Public/img/ebf12aa4eed1154907af8ef3f35ec2bf/bimg1.jpg
INFO: [ app_init ] --START--
INFO: Run Behavior\BuildLiteBehavior [ RunTime:0.000042s ]
INFO: [ app_init ] --END-- [ RunTime:0.001071s ]
ERR: 无法加载模块:Application

[ 2015-12-20T00:18:35+08:00 ] 127.0.0.1 /Qiao/Application/Home/View/Public/img/ebf12aa4eed1154907af8ef3f35ec2bf/cimg1.jpg
INFO: [ app_init ] --START--
INFO: Run Behavior\BuildLiteBehavior [ RunTime:0.000042s ]
INFO: [ app_init ] --END-- [ RunTime:0.000772s ]
ERR: 无法加载模块:Application

[ 2015-12-20T00:38:37+08:00 ] 127.0.0.1 /Qiao/Application/Home/View/Public/img/ebf12aa4eed1154907af8ef3f35ec2bf/aimg1.jpg
INFO: [ app_init ] --START--
INFO: Run Behavior\BuildLiteBehavior [ RunTime:0.002793s ]
INFO: [ app_init ] --END-- [ RunTime:0.004679s ]
ERR: 无法加载模块:Application

[ 2015-12-20T00:38:37+08:00 ] 127.0.0.1 /Qiao/Application/Home/View/Public/img/ebf12aa4eed1154907af8ef3f35ec2bf/cimg1.jpg
INFO: [ app_init ] --START--
INFO: Run Behavior\BuildLiteBehavior [ RunTime:0.000045s ]
INFO: [ app_init ] --END-- [ RunTime:0.001469s ]
ERR: 无法加载模块:Application

[ 2015-12-20T00:38:37+08:00 ] 127.0.0.1 /Qiao/Application/Home/View/Public/img/ebf12aa4eed1154907af8ef3f35ec2bf/bimg1.jpg
INFO: [ app_init ] --START--
INFO: Run Behavior\BuildLiteBehavior [ RunTime:0.000048s ]
INFO: [ app_init ] --END-- [ RunTime:0.002127s ]
ERR: 无法加载模块:Application

[ 2015-12-20T00:40:05+08:00 ] 127.0.0.1 /Qiao/Application/Home/View/Public/img/ebf12aa4eed1154907af8ef3f35ec2bf/44f683a84163b3523afe57c2e008bc8c/img1.jpg
INFO: [ app_init ] --START--
INFO: Run Behavior\BuildLiteBehavior [ RunTime:0.000047s ]
INFO: [ app_init ] --END-- [ RunTime:0.000864s ]
ERR: 无法加载模块:Application

[ 2015-12-20T00:40:14+08:00 ] 127.0.0.1 /Qiao/Application/Home/View/Public/img/ebf12aa4eed1154907af8ef3f35ec2bf/03afdbd66e7929b125f8597834fa83a4/img1.jpg
INFO: [ app_init ] --START--
INFO: Run Behavior\BuildLiteBehavior [ RunTime:0.000027s ]
INFO: [ app_init ] --END-- [ RunTime:0.000522s ]
ERR: 无法加载模块:Application

[ 2015-12-20T09:49:05+08:00 ] 127.0.0.1 /Qiao/Application/Home/View/Public/img/52798ecafb50f7ce17065a9ca0cd0614/qrcode.jpg
INFO: [ app_init ] --START--
INFO: Run Behavior\BuildLiteBehavior [ RunTime:0.000040s ]
INFO: [ app_init ] --END-- [ RunTime:0.000698s ]
ERR: 无法加载模块:Application

[ 2015-12-20T09:50:59+08:00 ] 127.0.0.1 /Qiao/Application/Home/View/Public/img/52798ecafb50f7ce17065a9ca0cd0614/aimg1.jpg
INFO: [ app_init ] --START--
INFO: Run Behavior\BuildLiteBehavior [ RunTime:0.000041s ]
INFO: [ app_init ] --END-- [ RunTime:0.000722s ]
ERR: 无法加载模块:Application

[ 2015-12-20T09:50:59+08:00 ] 127.0.0.1 /Qiao/Application/Home/View/Public/img/52798ecafb50f7ce17065a9ca0cd0614/cimg1.jpg
INFO: [ app_init ] --START--
INFO: Run Behavior\BuildLiteBehavior [ RunTime:0.000042s ]
INFO: [ app_init ] --END-- [ RunTime:0.000849s ]
ERR: 无法加载模块:Application

[ 2015-12-20T09:50:59+08:00 ] 127.0.0.1 /Qiao/Application/Home/View/Public/img/52798ecafb50f7ce17065a9ca0cd0614/bimg1.jpg
INFO: [ app_init ] --START--
INFO: Run Behavior\BuildLiteBehavior [ RunTime:0.000031s ]
INFO: [ app_init ] --END-- [ RunTime:0.000712s ]
ERR: 无法加载模块:Application

[ 2015-12-20T09:51:28+08:00 ] 127.0.0.1 /Qiao/Application/Home/View/Public/img/52798ecafb50f7ce17065a9ca0cd0614/qrcode.jpg
INFO: [ app_init ] --START--
INFO: Run Behavior\BuildLiteBehavior [ RunTime:0.000024s ]
INFO: [ app_init ] --END-- [ RunTime:0.000480s ]
ERR: 无法加载模块:Application

[ 2015-12-20T10:47:21+08:00 ] 127.0.0.1 /Qiao/Application/Home/View/Public/img/52798ecafb50f7ce17065a9ca0cd0614/aimg1.jpg
INFO: [ app_init ] --START--
INFO: Run Behavior\BuildLiteBehavior [ RunTime:0.000048s ]
INFO: [ app_init ] --END-- [ RunTime:0.001035s ]
ERR: 无法加载模块:Application

[ 2015-12-20T10:47:21+08:00 ] 127.0.0.1 /Qiao/Application/Home/View/Public/img/52798ecafb50f7ce17065a9ca0cd0614/bimg1.jpg
INFO: [ app_init ] --START--
INFO: Run Behavior\BuildLiteBehavior [ RunTime:0.000045s ]
INFO: [ app_init ] --END-- [ RunTime:0.000881s ]
ERR: 无法加载模块:Application

[ 2015-12-20T10:47:21+08:00 ] 127.0.0.1 /Qiao/Application/Home/View/Public/img/52798ecafb50f7ce17065a9ca0cd0614/cimg1.jpg
INFO: [ app_init ] --START--
INFO: Run Behavior\BuildLiteBehavior [ RunTime:0.000044s ]
INFO: [ app_init ] --END-- [ RunTime:0.000864s ]
ERR: 无法加载模块:Application

[ 2015-12-20T10:54:10+08:00 ] 127.0.0.1 /Qiao/Application/Home/View/Public/img/0ab3708aeb7a39a94fc7ad4e0bf77b52/bimg1.jpg
INFO: [ app_init ] --START--
INFO: Run Behavior\BuildLiteBehavior [ RunTime:0.000042s ]
INFO: [ app_init ] --END-- [ RunTime:0.000768s ]
ERR: 无法加载模块:Application

[ 2015-12-20T10:54:10+08:00 ] 127.0.0.1 /Qiao/Application/Home/View/Public/img/0ab3708aeb7a39a94fc7ad4e0bf77b52/aimg1.jpg
INFO: [ app_init ] --START--
INFO: Run Behavior\BuildLiteBehavior [ RunTime:0.000041s ]
INFO: [ app_init ] --END-- [ RunTime:0.000775s ]
ERR: 无法加载模块:Application

[ 2015-12-20T10:54:10+08:00 ] 127.0.0.1 /Qiao/Application/Home/View/Public/img/0ab3708aeb7a39a94fc7ad4e0bf77b52/cimg1.jpg
INFO: [ app_init ] --START--
INFO: Run Behavior\BuildLiteBehavior [ RunTime:0.000049s ]
INFO: [ app_init ] --END-- [ RunTime:0.001464s ]
ERR: 无法加载模块:Application

[ 2015-12-20T18:51:29+08:00 ] 127.0.0.1 /Qiao/Application/Home/View/Public/img/84178d9f413295fe8f0bdabbc3f647c4/aimg1.jpg
INFO: [ app_init ] --START--
INFO: Run Behavior\BuildLiteBehavior [ RunTime:0.000039s ]
INFO: [ app_init ] --END-- [ RunTime:0.000758s ]
ERR: 无法加载模块:Application

[ 2015-12-20T18:51:29+08:00 ] 127.0.0.1 /Qiao/Application/Home/View/Public/img/84178d9f413295fe8f0bdabbc3f647c4/bimg1.jpg
INFO: [ app_init ] --START--
INFO: Run Behavior\BuildLiteBehavior [ RunTime:0.000040s ]
INFO: [ app_init ] --END-- [ RunTime:0.000803s ]
ERR: 无法加载模块:Application

[ 2015-12-20T18:51:29+08:00 ] 127.0.0.1 /Qiao/Application/Home/View/Public/img/84178d9f413295fe8f0bdabbc3f647c4/cimg1.jpg
INFO: [ app_init ] --START--
INFO: Run Behavior\BuildLiteBehavior [ RunTime:0.000027s ]
INFO: [ app_init ] --END-- [ RunTime:0.000593s ]
ERR: 无法加载模块:Application

[ 2015-12-20T19:02:12+08:00 ] 127.0.0.1 /Qiao/Application/Home/View/Public/img/83de90c19d52bf6ee5d854271c919a3f/aimg1.jpg
INFO: [ app_init ] --START--
INFO: Run Behavior\BuildLiteBehavior [ RunTime:0.000051s ]
INFO: [ app_init ] --END-- [ RunTime:0.000745s ]
ERR: 无法加载模块:Application

[ 2015-12-20T19:02:12+08:00 ] 127.0.0.1 /Qiao/Application/Home/View/Public/img/83de90c19d52bf6ee5d854271c919a3f/bimg1.jpg
INFO: [ app_init ] --START--
INFO: Run Behavior\BuildLiteBehavior [ RunTime:0.000026s ]
INFO: [ app_init ] --END-- [ RunTime:0.000555s ]
ERR: 无法加载模块:Application

[ 2015-12-20T19:02:12+08:00 ] 127.0.0.1 /Qiao/Application/Home/View/Public/img/83de90c19d52bf6ee5d854271c919a3f/cimg1.jpg
INFO: [ app_init ] --START--
INFO: Run Behavior\BuildLiteBehavior [ RunTime:0.000026s ]
INFO: [ app_init ] --END-- [ RunTime:0.000618s ]
ERR: 无法加载模块:Application

[ 2015-12-20T19:03:34+08:00 ] 127.0.0.1 /Qiao/Application/Home/View/Public/img/b02326a7cd899f5f26f133f546281d3e/aimg1.jpg
INFO: [ app_init ] --START--
INFO: Run Behavior\BuildLiteBehavior [ RunTime:0.000044s ]
INFO: [ app_init ] --END-- [ RunTime:0.000766s ]
ERR: 无法加载模块:Application

[ 2015-12-20T19:03:34+08:00 ] 127.0.0.1 /Qiao/Application/Home/View/Public/img/b02326a7cd899f5f26f133f546281d3e/bimg1.jpg
INFO: [ app_init ] --START--
INFO: Run Behavior\BuildLiteBehavior [ RunTime:0.000049s ]
INFO: [ app_init ] --END-- [ RunTime:0.000779s ]
ERR: 无法加载模块:Application

[ 2015-12-20T19:03:34+08:00 ] 127.0.0.1 /Qiao/Application/Home/View/Public/img/b02326a7cd899f5f26f133f546281d3e/cimg1.jpg
INFO: [ app_init ] --START--
INFO: Run Behavior\BuildLiteBehavior [ RunTime:0.000055s ]
INFO: [ app_init ] --END-- [ RunTime:0.001137s ]
ERR: 无法加载模块:Application

[ 2015-12-20T19:09:47+08:00 ] 127.0.0.1 /Qiao/Application/Home/View/Public/img/4dac610e147f8a51810487c05a441f87/aimg1.jpg
INFO: [ app_init ] --START--
INFO: Run Behavior\BuildLiteBehavior [ RunTime:0.000041s ]
INFO: [ app_init ] --END-- [ RunTime:0.000707s ]
ERR: 无法加载模块:Application

[ 2015-12-20T19:09:47+08:00 ] 127.0.0.1 /Qiao/Application/Home/View/Public/img/4dac610e147f8a51810487c05a441f87/bimg1.jpg
INFO: [ app_init ] --START--
INFO: Run Behavior\BuildLiteBehavior [ RunTime:0.000040s ]
INFO: [ app_init ] --END-- [ RunTime:0.000824s ]
ERR: 无法加载模块:Application

[ 2015-12-20T19:09:47+08:00 ] 127.0.0.1 /Qiao/Application/Home/View/Public/img/4dac610e147f8a51810487c05a441f87/cimg1.jpg
INFO: [ app_init ] --START--
INFO: Run Behavior\BuildLiteBehavior [ RunTime:0.000040s ]
INFO: [ app_init ] --END-- [ RunTime:0.000845s ]
ERR: 无法加载模块:Application

[ 2015-12-20T19:14:37+08:00 ] 127.0.0.1 /Qiao/Application/Home/View/Public/img/4405a5ba1e4646d34dccbf9634de5da7/aimg1.jpg
INFO: [ app_init ] --START--
INFO: Run Behavior\BuildLiteBehavior [ RunTime:0.000044s ]
INFO: [ app_init ] --END-- [ RunTime:0.000721s ]
ERR: 无法加载模块:Application

[ 2015-12-20T19:14:37+08:00 ] 127.0.0.1 /Qiao/Application/Home/View/Public/img/4405a5ba1e4646d34dccbf9634de5da7/cimg1.jpg
INFO: [ app_init ] --START--
INFO: Run Behavior\BuildLiteBehavior [ RunTime:0.000043s ]
INFO: [ app_init ] --END-- [ RunTime:0.000935s ]
ERR: 无法加载模块:Application

[ 2015-12-20T19:14:37+08:00 ] 127.0.0.1 /Qiao/Application/Home/View/Public/img/4405a5ba1e4646d34dccbf9634de5da7/bimg1.jpg
INFO: [ app_init ] --START--
INFO: Run Behavior\BuildLiteBehavior [ RunTime:0.000047s ]
INFO: [ app_init ] --END-- [ RunTime:0.000941s ]
ERR: 无法加载模块:Application

[ 2015-12-20T19:40:13+08:00 ] 127.0.0.1 /Qiao/Application/Home/View/Public/img/fe66ea07607e7b702da46dc71b46ece1/aimg1.jpg
INFO: [ app_init ] --START--
INFO: Run Behavior\BuildLiteBehavior [ RunTime:0.000041s ]
INFO: [ app_init ] --END-- [ RunTime:0.000759s ]
ERR: 无法加载模块:Application

[ 2015-12-20T19:40:13+08:00 ] 127.0.0.1 /Qiao/Application/Home/View/Public/img/fe66ea07607e7b702da46dc71b46ece1/cimg1.jpg
INFO: [ app_init ] --START--
INFO: Run Behavior\BuildLiteBehavior [ RunTime:0.000046s ]
INFO: [ app_init ] --END-- [ RunTime:0.000874s ]
ERR: 无法加载模块:Application

[ 2015-12-20T19:40:13+08:00 ] 127.0.0.1 /Qiao/Application/Home/View/Public/img/fe66ea07607e7b702da46dc71b46ece1/bimg1.jpg
INFO: [ app_init ] --START--
INFO: Run Behavior\BuildLiteBehavior [ RunTime:0.000050s ]
INFO: [ app_init ] --END-- [ RunTime:0.000962s ]
ERR: 无法加载模块:Application

[ 2015-12-20T19:40:17+08:00 ] 127.0.0.1 /Qiao/Application/Home/View/Public/img/fe66ea07607e7b702da46dc71b46ece1/cimg1.jpg
INFO: [ app_init ] --START--
INFO: Run Behavior\BuildLiteBehavior [ RunTime:0.000046s ]
INFO: [ app_init ] --END-- [ RunTime:0.000780s ]
ERR: 无法加载模块:Application

[ 2015-12-20T19:40:17+08:00 ] 127.0.0.1 /Qiao/Application/Home/View/Public/img/fe66ea07607e7b702da46dc71b46ece1/bimg1.jpg
INFO: [ app_init ] --START--
INFO: Run Behavior\BuildLiteBehavior [ RunTime:0.000054s ]
INFO: [ app_init ] --END-- [ RunTime:0.001631s ]
ERR: 无法加载模块:Application

[ 2015-12-20T19:40:17+08:00 ] 127.0.0.1 /Qiao/Application/Home/View/Public/img/fe66ea07607e7b702da46dc71b46ece1/aimg1.jpg
INFO: [ app_init ] --START--
INFO: Run Behavior\BuildLiteBehavior [ RunTime:0.000024s ]
INFO: [ app_init ] --END-- [ RunTime:0.000545s ]
ERR: 无法加载模块:Application

[ 2015-12-20T19:40:59+08:00 ] 127.0.0.1 /Qiao/Application/Home/View/Public/img/fe66ea07607e7b702da46dc71b46ece1/ea5d2f1c4608232e07d3aa3d998e5135/img1.jpg
INFO: [ app_init ] --START--
INFO: Run Behavior\BuildLiteBehavior [ RunTime:0.000028s ]
INFO: [ app_init ] --END-- [ RunTime:0.000837s ]
ERR: 无法加载模块:Application

[ 2015-12-20T19:51:50+08:00 ] 127.0.0.1 /Qiao/Application/Home/View/Public/img/f477cadbba4dd929b442a2a8aab90068/aimg1.jpg
INFO: [ app_init ] --START--
INFO: Run Behavior\BuildLiteBehavior [ RunTime:0.000042s ]
INFO: [ app_init ] --END-- [ RunTime:0.000757s ]
ERR: 无法加载模块:Application

[ 2015-12-20T19:51:50+08:00 ] 127.0.0.1 /Qiao/Application/Home/View/Public/img/f477cadbba4dd929b442a2a8aab90068/bimg1.jpg
INFO: [ app_init ] --START--
INFO: Run Behavior\BuildLiteBehavior [ RunTime:0.000047s ]
INFO: [ app_init ] --END-- [ RunTime:0.000903s ]
ERR: 无法加载模块:Application

[ 2015-12-20T19:51:50+08:00 ] 127.0.0.1 /Qiao/Application/Home/View/Public/img/f477cadbba4dd929b442a2a8aab90068/cimg1.jpg
INFO: [ app_init ] --START--
INFO: Run Behavior\BuildLiteBehavior [ RunTime:0.000047s ]
INFO: [ app_init ] --END-- [ RunTime:0.000942s ]
ERR: 无法加载模块:Application

[ 2015-12-20T19:52:13+08:00 ] 127.0.0.1 /Qiao/Application/Home/View/Public/img/f477cadbba4dd929b442a2a8aab90068/fc490ca45c00b1249bbe3554a4fdf6fb/img1.jpg
INFO: [ app_init ] --START--
INFO: Run Behavior\BuildLiteBehavior [ RunTime:0.000025s ]
INFO: [ app_init ] --END-- [ RunTime:0.000512s ]
ERR: 无法加载模块:Application

[ 2015-12-20T19:52:33+08:00 ] 127.0.0.1 /Qiao/Application/Home/View/Public/img/f477cadbba4dd929b442a2a8aab90068/3295c76acbf4caaed33c36b1b5fc2cb1/img1.jpg
INFO: [ app_init ] --START--
INFO: Run Behavior\BuildLiteBehavior [ RunTime:0.000048s ]
INFO: [ app_init ] --END-- [ RunTime:0.001022s ]
ERR: 无法加载模块:Application

[ 2015-12-20T19:52:41+08:00 ] 127.0.0.1 /Qiao/Application/Home/View/Public/img/f477cadbba4dd929b442a2a8aab90068/3295c76acbf4caaed33c36b1b5fc2cb1/img1.jpg
INFO: [ app_init ] --START--
INFO: Run Behavior\BuildLiteBehavior [ RunTime:0.000023s ]
INFO: [ app_init ] --END-- [ RunTime:0.000503s ]
ERR: 无法加载模块:Application

[ 2015-12-20T19:53:02+08:00 ] 127.0.0.1 /Qiao/Application/Home/View/Public/img/f477cadbba4dd929b442a2a8aab90068/3295c76acbf4caaed33c36b1b5fc2cb1/img1.jpg
INFO: [ app_init ] --START--
INFO: Run Behavior\BuildLiteBehavior [ RunTime:0.000028s ]
INFO: [ app_init ] --END-- [ RunTime:0.000760s ]
ERR: 无法加载模块:Application

[ 2015-12-20T19:58:13+08:00 ] 127.0.0.1 /Qiao/Application/Home/View/Public/img/96bdf41419df9e882108bf0e34ba55c2/cimg1.jpg
INFO: [ app_init ] --START--
INFO: Run Behavior\BuildLiteBehavior [ RunTime:0.000048s ]
INFO: [ app_init ] --END-- [ RunTime:0.000831s ]
ERR: 无法加载模块:Application

[ 2015-12-20T19:58:13+08:00 ] 127.0.0.1 /Qiao/Application/Home/View/Public/img/96bdf41419df9e882108bf0e34ba55c2/bimg1.jpg
INFO: [ app_init ] --START--
INFO: Run Behavior\BuildLiteBehavior [ RunTime:0.000036s ]
INFO: [ app_init ] --END-- [ RunTime:0.000762s ]
ERR: 无法加载模块:Application

[ 2015-12-20T19:58:13+08:00 ] 127.0.0.1 /Qiao/Application/Home/View/Public/img/96bdf41419df9e882108bf0e34ba55c2/aimg1.jpg
INFO: [ app_init ] --START--
INFO: Run Behavior\BuildLiteBehavior [ RunTime:0.000030s ]
INFO: [ app_init ] --END-- [ RunTime:0.000580s ]
ERR: 无法加载模块:Application

[ 2015-12-20T19:58:37+08:00 ] 127.0.0.1 /Qiao/Application/Home/View/Public/img/96bdf41419df9e882108bf0e34ba55c2/aimg1.jpg
INFO: [ app_init ] --START--
INFO: Run Behavior\BuildLiteBehavior [ RunTime:0.000037s ]
INFO: [ app_init ] --END-- [ RunTime:0.000691s ]
ERR: 无法加载模块:Application

[ 2015-12-20T19:58:37+08:00 ] 127.0.0.1 /Qiao/Application/Home/View/Public/img/96bdf41419df9e882108bf0e34ba55c2/cimg1.jpg
INFO: [ app_init ] --START--
INFO: Run Behavior\BuildLiteBehavior [ RunTime:0.000035s ]
INFO: [ app_init ] --END-- [ RunTime:0.000693s ]
ERR: 无法加载模块:Application

[ 2015-12-20T19:58:37+08:00 ] 127.0.0.1 /Qiao/Application/Home/View/Public/img/96bdf41419df9e882108bf0e34ba55c2/bimg1.jpg
INFO: [ app_init ] --START--
INFO: Run Behavior\BuildLiteBehavior [ RunTime:0.000032s ]
INFO: [ app_init ] --END-- [ RunTime:0.000570s ]
ERR: 无法加载模块:Application

[ 2015-12-20T19:58:48+08:00 ] 127.0.0.1 /Qiao/Application/Home/View/Public/img/96bdf41419df9e882108bf0e34ba55c2/bimg1.jpg
INFO: [ app_init ] --START--
INFO: Run Behavior\BuildLiteBehavior [ RunTime:0.000043s ]
INFO: [ app_init ] --END-- [ RunTime:0.000766s ]
ERR: 无法加载模块:Application

[ 2015-12-20T19:58:48+08:00 ] 127.0.0.1 /Qiao/Application/Home/View/Public/img/96bdf41419df9e882108bf0e34ba55c2/cimg1.jpg
INFO: [ app_init ] --START--
INFO: Run Behavior\BuildLiteBehavior [ RunTime:0.000041s ]
INFO: [ app_init ] --END-- [ RunTime:0.000794s ]
ERR: 无法加载模块:Application

[ 2015-12-20T19:58:48+08:00 ] 127.0.0.1 /Qiao/Application/Home/View/Public/img/96bdf41419df9e882108bf0e34ba55c2/aimg1.jpg
INFO: [ app_init ] --START--
INFO: Run Behavior\BuildLiteBehavior [ RunTime:0.000034s ]
INFO: [ app_init ] --END-- [ RunTime:0.000707s ]
ERR: 无法加载模块:Application

[ 2015-12-20T20:00:27+08:00 ] 127.0.0.1 /Qiao/Application/Home/View/Public/img/96bdf41419df9e882108bf0e34ba55c2/aimg1.jpg
INFO: [ app_init ] --START--
INFO: Run Behavior\BuildLiteBehavior [ RunTime:0.000043s ]
INFO: [ app_init ] --END-- [ RunTime:0.000765s ]
ERR: 无法加载模块:Application

[ 2015-12-20T20:00:27+08:00 ] 127.0.0.1 /Qiao/Application/Home/View/Public/img/96bdf41419df9e882108bf0e34ba55c2/bimg1.jpg
INFO: [ app_init ] --START--
INFO: Run Behavior\BuildLiteBehavior [ RunTime:0.000045s ]
INFO: [ app_init ] --END-- [ RunTime:0.000811s ]
ERR: 无法加载模块:Application

[ 2015-12-20T20:00:27+08:00 ] 127.0.0.1 /Qiao/Application/Home/View/Public/img/96bdf41419df9e882108bf0e34ba55c2/cimg1.jpg
INFO: [ app_init ] --START--
INFO: Run Behavior\BuildLiteBehavior [ RunTime:0.000044s ]
INFO: [ app_init ] --END-- [ RunTime:0.000915s ]
ERR: 无法加载模块:Application

[ 2015-12-20T20:01:00+08:00 ] 127.0.0.1 /Qiao/Application/Home/View/Public/img/96bdf41419df9e882108bf0e34ba55c2/aimg1.jpg
INFO: [ app_init ] --START--
INFO: Run Behavior\BuildLiteBehavior [ RunTime:0.000044s ]
INFO: [ app_init ] --END-- [ RunTime:0.000761s ]
ERR: 无法加载模块:Application

[ 2015-12-20T20:01:00+08:00 ] 127.0.0.1 /Qiao/Application/Home/View/Public/img/96bdf41419df9e882108bf0e34ba55c2/bimg1.jpg
INFO: [ app_init ] --START--
INFO: Run Behavior\BuildLiteBehavior [ RunTime:0.000049s ]
INFO: [ app_init ] --END-- [ RunTime:0.000839s ]
ERR: 无法加载模块:Application

[ 2015-12-20T20:01:00+08:00 ] 127.0.0.1 /Qiao/Application/Home/View/Public/img/96bdf41419df9e882108bf0e34ba55c2/cimg1.jpg
INFO: [ app_init ] --START--
INFO: Run Behavior\BuildLiteBehavior [ RunTime:0.000038s ]
INFO: [ app_init ] --END-- [ RunTime:0.000730s ]
ERR: 无法加载模块:Application

