[ 2015-12-16T00:08:13+08:00 ] 127.0.0.1 /Qiao/Application/Home/View/Public/img/9dd56089270a59cb70de2bcfaa26c918/33e75ff09dd601bbe69f351039152189/img1.jpg
INFO: [ app_init ] --START--
INFO: Run Behavior\BuildLiteBehavior [ RunTime:0.000043s ]
INFO: [ app_init ] --END-- [ RunTime:0.000776s ]
ERR: 无法加载模块:Application

[ 2015-12-16T00:08:35+08:00 ] 127.0.0.1 /Qiao/Application/Home/View/Public/img/9dd56089270a59cb70de2bcfaa26c918/02e74f10e0327ad868d138f2b4fdd6f0/img1.jpg
INFO: [ app_init ] --START--
INFO: Run Behavior\BuildLiteBehavior [ RunTime:0.000054s ]
INFO: [ app_init ] --END-- [ RunTime:0.001011s ]
ERR: 无法加载模块:Application

[ 2015-12-16T00:08:53+08:00 ] 127.0.0.1 /Qiao/Application/Home/View/Public/img/9dd56089270a59cb70de2bcfaa26c918/1ff1de774005f8da13f42943881c655f/img1.jpg
INFO: [ app_init ] --START--
INFO: Run Behavior\BuildLiteBehavior [ RunTime:0.000046s ]
INFO: [ app_init ] --END-- [ RunTime:0.000809s ]
ERR: 无法加载模块:Application

[ 2015-12-16T00:08:59+08:00 ] 127.0.0.1 /Qiao/Application/Home/View/Public/img/9dd56089270a59cb70de2bcfaa26c918/4e732ced3463d06de0ca9a15b6153677/img1.jpg
INFO: [ app_init ] --START--
INFO: Run Behavior\BuildLiteBehavior [ RunTime:0.000055s ]
INFO: [ app_init ] --END-- [ RunTime:0.001094s ]
ERR: 无法加载模块:Application

[ 2015-12-16T00:15:14+08:00 ] 127.0.0.1 /Qiao/Application/Home/View/Public/img/9dd56089270a59cb70de2bcfaa26c918/1ff1de774005f8da13f42943881c655f/img1.jpg
INFO: [ app_init ] --START--
INFO: Run Behavior\BuildLiteBehavior [ RunTime:0.000034s ]
INFO: [ app_init ] --END-- [ RunTime:0.000768s ]
ERR: 无法加载模块:Application

[ 2015-12-16T00:15:20+08:00 ] 127.0.0.1 /Qiao/Application/Home/View/Public/img/9dd56089270a59cb70de2bcfaa26c918/4e732ced3463d06de0ca9a15b6153677/img1.jpg
INFO: [ app_init ] --START--
INFO: Run Behavior\BuildLiteBehavior [ RunTime:0.000024s ]
INFO: [ app_init ] --END-- [ RunTime:0.000549s ]
ERR: 无法加载模块:Application

[ 2015-12-16T00:15:26+08:00 ] 127.0.0.1 /Qiao/Application/Home/View/Public/img/9dd56089270a59cb70de2bcfaa26c918/3c59dc048e8850243be8079a5c74d079/img1.jpg
INFO: [ app_init ] --START--
INFO: Run Behavior\BuildLiteBehavior [ RunTime:0.000023s ]
INFO: [ app_init ] --END-- [ RunTime:0.000466s ]
ERR: 无法加载模块:Application

[ 2015-12-16T00:17:43+08:00 ] 127.0.0.1 /Qiao/Application/Home/View/Public/img/S
INFO: [ app_init ] --START--
INFO: Run Behavior\BuildLiteBehavior [ RunTime:0.000024s ]
INFO: [ app_init ] --END-- [ RunTime:0.000465s ]
ERR: 无法加载模块:Application

[ 2015-12-16T00:36:41+08:00 ] 127.0.0.1 /Qiao/Application/Home/View/Public/img/d993bcfdd033249281ee4a0e64d3cf26/img2.jpg
INFO: [ app_init ] --START--
INFO: Run Behavior\BuildLiteBehavior [ RunTime:0.000030s ]
INFO: [ app_init ] --END-- [ RunTime:0.000632s ]
ERR: 无法加载模块:Application

[ 2015-12-16T00:36:41+08:00 ] 127.0.0.1 /Qiao/Application/Home/View/Public/img/d993bcfdd033249281ee4a0e64d3cf26/img3.jpg
INFO: [ app_init ] --START--
INFO: Run Behavior\BuildLiteBehavior [ RunTime:0.000030s ]
INFO: [ app_init ] --END-- [ RunTime:0.000606s ]
ERR: 无法加载模块:Application

[ 2015-12-16T03:16:59+08:00 ] 127.0.0.1 /Qiao/Application/Home/View/Public/img/9dd56089270a59cb70de2bcfaa26c918/aimg2.jpg
INFO: [ app_init ] --START--
INFO: Run Behavior\BuildLiteBehavior [ RunTime:0.000025s ]
INFO: [ app_init ] --END-- [ RunTime:0.000448s ]
ERR: 无法加载模块:Application

[ 2015-12-16T03:17:11+08:00 ] 127.0.0.1 /Qiao/Application/Home/View/Public/img/9dd56089270a59cb70de2bcfaa26c918/aimg4.jpg
INFO: [ app_init ] --START--
INFO: Run Behavior\BuildLiteBehavior [ RunTime:0.000025s ]
INFO: [ app_init ] --END-- [ RunTime:0.000496s ]
ERR: 无法加载模块:Application

[ 2015-12-16T03:17:22+08:00 ] 127.0.0.1 /Qiao/Application/Home/View/Public/img/9dd56089270a59cb70de2bcfaa26c918/aimg5.jpg
INFO: [ app_init ] --START--
INFO: Run Behavior\BuildLiteBehavior [ RunTime:0.000024s ]
INFO: [ app_init ] --END-- [ RunTime:0.000460s ]
ERR: 无法加载模块:Application

[ 2015-12-16T03:17:27+08:00 ] 127.0.0.1 /Qiao/Application/Home/View/Public/img/9dd56089270a59cb70de2bcfaa26c918/aimg6.jpg
INFO: [ app_init ] --START--
INFO: Run Behavior\BuildLiteBehavior [ RunTime:0.000025s ]
INFO: [ app_init ] --END-- [ RunTime:0.000760s ]
ERR: 无法加载模块:Application

[ 2015-12-16T03:17:33+08:00 ] 127.0.0.1 /Qiao/Application/Home/View/Public/img/9dd56089270a59cb70de2bcfaa26c918/aimg2.jpg
INFO: [ app_init ] --START--
INFO: Run Behavior\BuildLiteBehavior [ RunTime:0.000024s ]
INFO: [ app_init ] --END-- [ RunTime:0.000491s ]
ERR: 无法加载模块:Application

[ 2015-12-16T03:17:43+08:00 ] 127.0.0.1 /Qiao/Application/Home/View/Public/img/9dd56089270a59cb70de2bcfaa26c918/aimg7.jpg
INFO: [ app_init ] --START--
INFO: Run Behavior\BuildLiteBehavior [ RunTime:0.000046s ]
INFO: [ app_init ] --END-- [ RunTime:0.000820s ]
ERR: 无法加载模块:Application

[ 2015-12-16T03:17:50+08:00 ] 127.0.0.1 /Qiao/Application/Home/View/Public/img/9dd56089270a59cb70de2bcfaa26c918/aimg8.jpg
INFO: [ app_init ] --START--
INFO: Run Behavior\BuildLiteBehavior [ RunTime:0.000048s ]
INFO: [ app_init ] --END-- [ RunTime:0.000883s ]
ERR: 无法加载模块:Application

[ 2015-12-16T03:34:16+08:00 ] 127.0.0.1 /Qiao/Application/Home/View/Public/img/9dd56089270a59cb70de2bcfaa26c918/aimg.jpg
INFO: [ app_init ] --START--
INFO: Run Behavior\BuildLiteBehavior [ RunTime:0.000046s ]
INFO: [ app_init ] --END-- [ RunTime:0.000800s ]
ERR: 无法加载模块:Application

[ 2015-12-16T03:34:16+08:00 ] 127.0.0.1 /Qiao/Application/Home/View/Public/img/9dd56089270a59cb70de2bcfaa26c918/bimg.jpg
INFO: [ app_init ] --START--
INFO: Run Behavior\BuildLiteBehavior [ RunTime:0.000051s ]
INFO: [ app_init ] --END-- [ RunTime:0.000853s ]
ERR: 无法加载模块:Application

[ 2015-12-16T03:34:16+08:00 ] 127.0.0.1 /Qiao/Application/Home/View/Public/img/9dd56089270a59cb70de2bcfaa26c918/cimg.jpg
INFO: [ app_init ] --START--
INFO: Run Behavior\BuildLiteBehavior [ RunTime:0.000026s ]
INFO: [ app_init ] --END-- [ RunTime:0.000547s ]
ERR: 无法加载模块:Application

[ 2015-12-16T03:34:18+08:00 ] 127.0.0.1 /Qiao/Application/Home/View/Public/img/9dd56089270a59cb70de2bcfaa26c918/aimg.jpg
INFO: [ app_init ] --START--
INFO: Run Behavior\BuildLiteBehavior [ RunTime:0.000039s ]
INFO: [ app_init ] --END-- [ RunTime:0.000715s ]
ERR: 无法加载模块:Application

[ 2015-12-16T03:34:18+08:00 ] 127.0.0.1 /Qiao/Application/Home/View/Public/img/9dd56089270a59cb70de2bcfaa26c918/bimg.jpg
INFO: [ app_init ] --START--
INFO: Run Behavior\BuildLiteBehavior [ RunTime:0.000034s ]
INFO: [ app_init ] --END-- [ RunTime:0.000817s ]
ERR: 无法加载模块:Application

[ 2015-12-16T03:34:18+08:00 ] 127.0.0.1 /Qiao/Application/Home/View/Public/img/9dd56089270a59cb70de2bcfaa26c918/cimg.jpg
INFO: [ app_init ] --START--
INFO: Run Behavior\BuildLiteBehavior [ RunTime:0.000042s ]
INFO: [ app_init ] --END-- [ RunTime:0.000615s ]
ERR: 无法加载模块:Application

[ 2015-12-16T03:37:19+08:00 ] 127.0.0.1 /Qiao/Application/Home/View/Public/img/9dd56089270a59cb70de2bcfaa26c918/bimg.jpg
INFO: [ app_init ] --START--
INFO: Run Behavior\BuildLiteBehavior [ RunTime:0.000041s ]
INFO: [ app_init ] --END-- [ RunTime:0.000745s ]
ERR: 无法加载模块:Application

[ 2015-12-16T03:37:19+08:00 ] 127.0.0.1 /Qiao/Application/Home/View/Public/img/9dd56089270a59cb70de2bcfaa26c918/cimg.jpg
INFO: [ app_init ] --START--
INFO: Run Behavior\BuildLiteBehavior [ RunTime:0.000029s ]
INFO: [ app_init ] --END-- [ RunTime:0.000519s ]
ERR: 无法加载模块:Application

[ 2015-12-16T03:37:19+08:00 ] 127.0.0.1 /Qiao/Application/Home/View/Public/img/9dd56089270a59cb70de2bcfaa26c918/aimg.jpg
INFO: [ app_init ] --START--
INFO: Run Behavior\BuildLiteBehavior [ RunTime:0.000029s ]
INFO: [ app_init ] --END-- [ RunTime:0.000671s ]
ERR: 无法加载模块:Application

[ 2015-12-16T03:47:37+08:00 ] 127.0.0.1 /Qiao/Application/Home/View/Public/img/9dd56089270a59cb70de2bcfaa26c918/1ff1de774005f8da13f42943881c655f/img1.jpg
INFO: [ app_init ] --START--
INFO: Run Behavior\BuildLiteBehavior [ RunTime:0.000028s ]
INFO: [ app_init ] --END-- [ RunTime:0.000490s ]
ERR: 无法加载模块:Application

[ 2015-12-16T09:32:18+08:00 ] 127.0.0.1 /Qiao/Application/Home/View/Public/img/d993bcfdd033249281ee4a0e64d3cf26/aimg1.jpg
INFO: [ app_init ] --START--
INFO: Run Behavior\BuildLiteBehavior [ RunTime:0.000040s ]
INFO: [ app_init ] --END-- [ RunTime:0.000736s ]
ERR: 无法加载模块:Application

[ 2015-12-16T09:32:18+08:00 ] 127.0.0.1 /Qiao/Application/Home/View/Public/img/d993bcfdd033249281ee4a0e64d3cf26/bimg1.jpg
INFO: [ app_init ] --START--
INFO: Run Behavior\BuildLiteBehavior [ RunTime:0.000045s ]
INFO: [ app_init ] --END-- [ RunTime:0.000879s ]
ERR: 无法加载模块:Application

[ 2015-12-16T09:32:18+08:00 ] 127.0.0.1 /Qiao/Application/Home/View/Public/img/d993bcfdd033249281ee4a0e64d3cf26/cimg1.jpg
INFO: [ app_init ] --START--
INFO: Run Behavior\BuildLiteBehavior [ RunTime:0.000082s ]
INFO: [ app_init ] --END-- [ RunTime:0.000762s ]
ERR: 无法加载模块:Application

[ 2015-12-16T09:32:21+08:00 ] 127.0.0.1 /Qiao/Application/Home/View/Public/img/d993bcfdd033249281ee4a0e64d3cf26/aimg1.jpg
INFO: [ app_init ] --START--
INFO: Run Behavior\BuildLiteBehavior [ RunTime:0.000039s ]
INFO: [ app_init ] --END-- [ RunTime:0.000775s ]
ERR: 无法加载模块:Application

[ 2015-12-16T09:32:21+08:00 ] 127.0.0.1 /Qiao/Application/Home/View/Public/img/d993bcfdd033249281ee4a0e64d3cf26/cimg1.jpg
INFO: [ app_init ] --START--
INFO: Run Behavior\BuildLiteBehavior [ RunTime:0.000041s ]
INFO: [ app_init ] --END-- [ RunTime:0.000785s ]
ERR: 无法加载模块:Application

[ 2015-12-16T09:32:21+08:00 ] 127.0.0.1 /Qiao/Application/Home/View/Public/img/d993bcfdd033249281ee4a0e64d3cf26/bimg1.jpg
INFO: [ app_init ] --START--
INFO: Run Behavior\BuildLiteBehavior [ RunTime:0.000059s ]
INFO: [ app_init ] --END-- [ RunTime:0.001755s ]
ERR: 无法加载模块:Application

[ 2015-12-16T09:32:28+08:00 ] 127.0.0.1 /Qiao/Application/Home/View/Public/img/d993bcfdd033249281ee4a0e64d3cf26/aimg1.jpg
INFO: [ app_init ] --START--
INFO: Run Behavior\BuildLiteBehavior [ RunTime:0.000041s ]
INFO: [ app_init ] --END-- [ RunTime:0.000709s ]
ERR: 无法加载模块:Application

[ 2015-12-16T09:32:28+08:00 ] 127.0.0.1 /Qiao/Application/Home/View/Public/img/d993bcfdd033249281ee4a0e64d3cf26/cimg1.jpg
INFO: [ app_init ] --START--
INFO: Run Behavior\BuildLiteBehavior [ RunTime:0.000043s ]
INFO: [ app_init ] --END-- [ RunTime:0.000681s ]
ERR: 无法加载模块:Application

[ 2015-12-16T09:32:28+08:00 ] 127.0.0.1 /Qiao/Application/Home/View/Public/img/d993bcfdd033249281ee4a0e64d3cf26/bimg1.jpg
INFO: [ app_init ] --START--
INFO: Run Behavior\BuildLiteBehavior [ RunTime:0.000026s ]
INFO: [ app_init ] --END-- [ RunTime:0.000816s ]
ERR: 无法加载模块:Application

[ 2015-12-16T09:32:37+08:00 ] 127.0.0.1 /Qiao/Application/Home/View/Public/img/d993bcfdd033249281ee4a0e64d3cf26/aimg1.jpg
INFO: [ app_init ] --START--
INFO: Run Behavior\BuildLiteBehavior [ RunTime:0.000042s ]
INFO: [ app_init ] --END-- [ RunTime:0.000796s ]
ERR: 无法加载模块:Application

[ 2015-12-16T09:32:37+08:00 ] 127.0.0.1 /Qiao/Application/Home/View/Public/img/d993bcfdd033249281ee4a0e64d3cf26/cimg1.jpg
INFO: [ app_init ] --START--
INFO: Run Behavior\BuildLiteBehavior [ RunTime:0.000043s ]
INFO: [ app_init ] --END-- [ RunTime:0.000839s ]
ERR: 无法加载模块:Application

[ 2015-12-16T09:32:37+08:00 ] 127.0.0.1 /Qiao/Application/Home/View/Public/img/d993bcfdd033249281ee4a0e64d3cf26/bimg1.jpg
INFO: [ app_init ] --START--
INFO: Run Behavior\BuildLiteBehavior [ RunTime:0.000041s ]
INFO: [ app_init ] --END-- [ RunTime:0.000725s ]
ERR: 无法加载模块:Application

[ 2015-12-16T09:32:41+08:00 ] 127.0.0.1 /Qiao/Application/Home/View/Public/img/d993bcfdd033249281ee4a0e64d3cf26/cimg1.jpg
INFO: [ app_init ] --START--
INFO: Run Behavior\BuildLiteBehavior [ RunTime:0.000042s ]
INFO: [ app_init ] --END-- [ RunTime:0.000725s ]
ERR: 无法加载模块:Application

[ 2015-12-16T09:32:41+08:00 ] 127.0.0.1 /Qiao/Application/Home/View/Public/img/d993bcfdd033249281ee4a0e64d3cf26/bimg1.jpg
INFO: [ app_init ] --START--
INFO: Run Behavior\BuildLiteBehavior [ RunTime:0.000045s ]
INFO: [ app_init ] --END-- [ RunTime:0.000921s ]
ERR: 无法加载模块:Application

[ 2015-12-16T09:32:41+08:00 ] 127.0.0.1 /Qiao/Application/Home/View/Public/img/d993bcfdd033249281ee4a0e64d3cf26/aimg1.jpg
INFO: [ app_init ] --START--
INFO: Run Behavior\BuildLiteBehavior [ RunTime:0.000035s ]
INFO: [ app_init ] --END-- [ RunTime:0.000546s ]
ERR: 无法加载模块:Application

[ 2015-12-16T09:33:38+08:00 ] 127.0.0.1 /Qiao/Application/Home/View/Public/img/d993bcfdd033249281ee4a0e64d3cf26/aimg1.jpg
INFO: [ app_init ] --START--
INFO: Run Behavior\BuildLiteBehavior [ RunTime:0.000045s ]
INFO: [ app_init ] --END-- [ RunTime:0.000775s ]
ERR: 无法加载模块:Application

[ 2015-12-16T09:33:38+08:00 ] 127.0.0.1 /Qiao/Application/Home/View/Public/img/d993bcfdd033249281ee4a0e64d3cf26/cimg1.jpg
INFO: [ app_init ] --START--
INFO: Run Behavior\BuildLiteBehavior [ RunTime:0.000047s ]
INFO: [ app_init ] --END-- [ RunTime:0.000821s ]
ERR: 无法加载模块:Application

[ 2015-12-16T09:33:38+08:00 ] 127.0.0.1 /Qiao/Application/Home/View/Public/img/d993bcfdd033249281ee4a0e64d3cf26/bimg1.jpg
INFO: [ app_init ] --START--
INFO: Run Behavior\BuildLiteBehavior [ RunTime:0.000026s ]
INFO: [ app_init ] --END-- [ RunTime:0.000498s ]
ERR: 无法加载模块:Application

[ 2015-12-16T09:33:50+08:00 ] 127.0.0.1 /Qiao/Application/Home/View/Public/img/d993bcfdd033249281ee4a0e64d3cf26/aimg1.jpg
INFO: [ app_init ] --START--
INFO: Run Behavior\BuildLiteBehavior [ RunTime:0.000046s ]
INFO: [ app_init ] --END-- [ RunTime:0.000758s ]
ERR: 无法加载模块:Application

[ 2015-12-16T09:33:50+08:00 ] 127.0.0.1 /Qiao/Application/Home/View/Public/img/d993bcfdd033249281ee4a0e64d3cf26/cimg1.jpg
INFO: [ app_init ] --START--
INFO: Run Behavior\BuildLiteBehavior [ RunTime:0.000041s ]
INFO: [ app_init ] --END-- [ RunTime:0.000691s ]
ERR: 无法加载模块:Application

[ 2015-12-16T09:33:50+08:00 ] 127.0.0.1 /Qiao/Application/Home/View/Public/img/d993bcfdd033249281ee4a0e64d3cf26/bimg1.jpg
INFO: [ app_init ] --START--
INFO: Run Behavior\BuildLiteBehavior [ RunTime:0.000044s ]
INFO: [ app_init ] --END-- [ RunTime:0.000779s ]
ERR: 无法加载模块:Application

[ 2015-12-16T09:33:53+08:00 ] 127.0.0.1 /Qiao/Application/Home/View/Public/img/d993bcfdd033249281ee4a0e64d3cf26/bimg1.jpg
INFO: [ app_init ] --START--
INFO: Run Behavior\BuildLiteBehavior [ RunTime:0.000047s ]
INFO: [ app_init ] --END-- [ RunTime:0.000767s ]
ERR: 无法加载模块:Application

[ 2015-12-16T09:33:53+08:00 ] 127.0.0.1 /Qiao/Application/Home/View/Public/img/d993bcfdd033249281ee4a0e64d3cf26/cimg1.jpg
INFO: [ app_init ] --START--
INFO: Run Behavior\BuildLiteBehavior [ RunTime:0.000040s ]
INFO: [ app_init ] --END-- [ RunTime:0.000792s ]
ERR: 无法加载模块:Application

[ 2015-12-16T09:33:53+08:00 ] 127.0.0.1 /Qiao/Application/Home/View/Public/img/d993bcfdd033249281ee4a0e64d3cf26/aimg1.jpg
INFO: [ app_init ] --START--
INFO: Run Behavior\BuildLiteBehavior [ RunTime:0.000024s ]
INFO: [ app_init ] --END-- [ RunTime:0.000530s ]
ERR: 无法加载模块:Application

[ 2015-12-16T09:34:51+08:00 ] 127.0.0.1 /Qiao/Application/Home/View/Public/img/d993bcfdd033249281ee4a0e64d3cf26/aimg1.jpg
INFO: [ app_init ] --START--
INFO: Run Behavior\BuildLiteBehavior [ RunTime:0.000038s ]
INFO: [ app_init ] --END-- [ RunTime:0.000667s ]
ERR: 无法加载模块:Application

[ 2015-12-16T09:34:51+08:00 ] 127.0.0.1 /Qiao/Application/Home/View/Public/img/d993bcfdd033249281ee4a0e64d3cf26/cimg1.jpg
INFO: [ app_init ] --START--
INFO: Run Behavior\BuildLiteBehavior [ RunTime:0.000045s ]
INFO: [ app_init ] --END-- [ RunTime:0.000830s ]
ERR: 无法加载模块:Application

[ 2015-12-16T09:34:51+08:00 ] 127.0.0.1 /Qiao/Application/Home/View/Public/img/d993bcfdd033249281ee4a0e64d3cf26/bimg1.jpg
INFO: [ app_init ] --START--
INFO: Run Behavior\BuildLiteBehavior [ RunTime:0.000047s ]
INFO: [ app_init ] --END-- [ RunTime:0.001147s ]
ERR: 无法加载模块:Application

[ 2015-12-16T09:34:56+08:00 ] 127.0.0.1 /Qiao/Application/Home/View/Public/img/d993bcfdd033249281ee4a0e64d3cf26/aimg1.jpg
INFO: [ app_init ] --START--
INFO: Run Behavior\BuildLiteBehavior [ RunTime:0.000045s ]
INFO: [ app_init ] --END-- [ RunTime:0.000765s ]
ERR: 无法加载模块:Application

[ 2015-12-16T09:34:56+08:00 ] 127.0.0.1 /Qiao/Application/Home/View/Public/img/d993bcfdd033249281ee4a0e64d3cf26/cimg1.jpg
INFO: [ app_init ] --START--
INFO: Run Behavior\BuildLiteBehavior [ RunTime:0.000026s ]
INFO: [ app_init ] --END-- [ RunTime:0.000517s ]
ERR: 无法加载模块:Application

[ 2015-12-16T09:34:56+08:00 ] 127.0.0.1 /Qiao/Application/Home/View/Public/img/d993bcfdd033249281ee4a0e64d3cf26/bimg1.jpg
INFO: [ app_init ] --START--
INFO: Run Behavior\BuildLiteBehavior [ RunTime:0.000053s ]
INFO: [ app_init ] --END-- [ RunTime:0.001411s ]
ERR: 无法加载模块:Application

[ 2015-12-16T09:35:00+08:00 ] 127.0.0.1 /Qiao/Application/Home/View/Public/img/d993bcfdd033249281ee4a0e64d3cf26/aimg1.jpg
INFO: [ app_init ] --START--
INFO: Run Behavior\BuildLiteBehavior [ RunTime:0.000039s ]
INFO: [ app_init ] --END-- [ RunTime:0.000870s ]
ERR: 无法加载模块:Application

[ 2015-12-16T09:35:00+08:00 ] 127.0.0.1 /Qiao/Application/Home/View/Public/img/d993bcfdd033249281ee4a0e64d3cf26/bimg1.jpg
INFO: [ app_init ] --START--
INFO: Run Behavior\BuildLiteBehavior [ RunTime:0.000046s ]
INFO: [ app_init ] --END-- [ RunTime:0.000823s ]
ERR: 无法加载模块:Application

[ 2015-12-16T09:35:00+08:00 ] 127.0.0.1 /Qiao/Application/Home/View/Public/img/d993bcfdd033249281ee4a0e64d3cf26/cimg1.jpg
INFO: [ app_init ] --START--
INFO: Run Behavior\BuildLiteBehavior [ RunTime:0.000042s ]
INFO: [ app_init ] --END-- [ RunTime:0.001033s ]
ERR: 无法加载模块:Application

[ 2015-12-16T09:35:18+08:00 ] 127.0.0.1 /Qiao/Application/Home/View/Public/img/d993bcfdd033249281ee4a0e64d3cf26/bimg1.jpg
INFO: [ app_init ] --START--
INFO: Run Behavior\BuildLiteBehavior [ RunTime:0.000044s ]
INFO: [ app_init ] --END-- [ RunTime:0.000662s ]
ERR: 无法加载模块:Application

[ 2015-12-16T09:35:18+08:00 ] 127.0.0.1 /Qiao/Application/Home/View/Public/img/d993bcfdd033249281ee4a0e64d3cf26/cimg1.jpg
INFO: [ app_init ] --START--
INFO: Run Behavior\BuildLiteBehavior [ RunTime:0.000039s ]
INFO: [ app_init ] --END-- [ RunTime:0.000794s ]
ERR: 无法加载模块:Application

[ 2015-12-16T09:35:18+08:00 ] 127.0.0.1 /Qiao/Application/Home/View/Public/img/d993bcfdd033249281ee4a0e64d3cf26/aimg1.jpg
INFO: [ app_init ] --START--
INFO: Run Behavior\BuildLiteBehavior [ RunTime:0.000040s ]
INFO: [ app_init ] --END-- [ RunTime:0.000554s ]
ERR: 无法加载模块:Application

[ 2015-12-16T09:35:22+08:00 ] 127.0.0.1 /Qiao/Application/Home/View/Public/img/d993bcfdd033249281ee4a0e64d3cf26/aimg1.jpg
INFO: [ app_init ] --START--
INFO: Run Behavior\BuildLiteBehavior [ RunTime:0.000049s ]
INFO: [ app_init ] --END-- [ RunTime:0.000752s ]
ERR: 无法加载模块:Application

[ 2015-12-16T09:35:22+08:00 ] 127.0.0.1 /Qiao/Application/Home/View/Public/img/d993bcfdd033249281ee4a0e64d3cf26/bimg1.jpg
INFO: [ app_init ] --START--
INFO: Run Behavior\BuildLiteBehavior [ RunTime:0.000088s ]
INFO: [ app_init ] --END-- [ RunTime:0.001286s ]
ERR: 无法加载模块:Application

[ 2015-12-16T09:35:22+08:00 ] 127.0.0.1 /Qiao/Application/Home/View/Public/img/d993bcfdd033249281ee4a0e64d3cf26/cimg1.jpg
INFO: [ app_init ] --START--
INFO: Run Behavior\BuildLiteBehavior [ RunTime:0.000064s ]
INFO: [ app_init ] --END-- [ RunTime:0.001622s ]
ERR: 无法加载模块:Application

[ 2015-12-16T09:35:24+08:00 ] 127.0.0.1 /Qiao/Application/Home/View/Public/img/d993bcfdd033249281ee4a0e64d3cf26/aimg1.jpg
INFO: [ app_init ] --START--
INFO: Run Behavior\BuildLiteBehavior [ RunTime:0.000057s ]
INFO: [ app_init ] --END-- [ RunTime:0.000819s ]
ERR: 无法加载模块:Application

[ 2015-12-16T09:35:24+08:00 ] 127.0.0.1 /Qiao/Application/Home/View/Public/img/d993bcfdd033249281ee4a0e64d3cf26/bimg1.jpg
INFO: [ app_init ] --START--
INFO: Run Behavior\BuildLiteBehavior [ RunTime:0.000041s ]
INFO: [ app_init ] --END-- [ RunTime:0.000914s ]
ERR: 无法加载模块:Application

[ 2015-12-16T09:35:24+08:00 ] 127.0.0.1 /Qiao/Application/Home/View/Public/img/d993bcfdd033249281ee4a0e64d3cf26/cimg1.jpg
INFO: [ app_init ] --START--
INFO: Run Behavior\BuildLiteBehavior [ RunTime:0.000029s ]
INFO: [ app_init ] --END-- [ RunTime:0.000594s ]
ERR: 无法加载模块:Application

[ 2015-12-16T09:38:19+08:00 ] 127.0.0.1 /Qiao/Application/Home/View/Public/img/d993bcfdd033249281ee4a0e64d3cf26/aimg1.jpg
INFO: [ app_init ] --START--
INFO: Run Behavior\BuildLiteBehavior [ RunTime:0.000051s ]
INFO: [ app_init ] --END-- [ RunTime:0.000889s ]
ERR: 无法加载模块:Application

[ 2015-12-16T09:38:19+08:00 ] 127.0.0.1 /Qiao/Application/Home/View/Public/img/d993bcfdd033249281ee4a0e64d3cf26/bimg1.jpg
INFO: [ app_init ] --START--
INFO: Run Behavior\BuildLiteBehavior [ RunTime:0.000052s ]
INFO: [ app_init ] --END-- [ RunTime:0.000855s ]
ERR: 无法加载模块:Application

[ 2015-12-16T09:38:19+08:00 ] 127.0.0.1 /Qiao/Application/Home/View/Public/img/d993bcfdd033249281ee4a0e64d3cf26/cimg1.jpg
INFO: [ app_init ] --START--
INFO: Run Behavior\BuildLiteBehavior [ RunTime:0.000043s ]
INFO: [ app_init ] --END-- [ RunTime:0.000805s ]
ERR: 无法加载模块:Application

[ 2015-12-16T09:38:23+08:00 ] 127.0.0.1 /Qiao/Application/Home/View/Public/img/d993bcfdd033249281ee4a0e64d3cf26/aimg1.jpg
INFO: [ app_init ] --START--
INFO: Run Behavior\BuildLiteBehavior [ RunTime:0.000045s ]
INFO: [ app_init ] --END-- [ RunTime:0.000889s ]
ERR: 无法加载模块:Application

[ 2015-12-16T09:38:23+08:00 ] 127.0.0.1 /Qiao/Application/Home/View/Public/img/d993bcfdd033249281ee4a0e64d3cf26/bimg1.jpg
INFO: [ app_init ] --START--
INFO: Run Behavior\BuildLiteBehavior [ RunTime:0.000052s ]
INFO: [ app_init ] --END-- [ RunTime:0.000998s ]
ERR: 无法加载模块:Application

[ 2015-12-16T09:38:23+08:00 ] 127.0.0.1 /Qiao/Application/Home/View/Public/img/d993bcfdd033249281ee4a0e64d3cf26/cimg1.jpg
INFO: [ app_init ] --START--
INFO: Run Behavior\BuildLiteBehavior [ RunTime:0.000038s ]
INFO: [ app_init ] --END-- [ RunTime:0.000681s ]
ERR: 无法加载模块:Application

[ 2015-12-16T09:38:29+08:00 ] 127.0.0.1 /Qiao/Application/Home/View/Public/img/d993bcfdd033249281ee4a0e64d3cf26/cimg1.jpg
INFO: [ app_init ] --START--
INFO: Run Behavior\BuildLiteBehavior [ RunTime:0.000177s ]
INFO: [ app_init ] --END-- [ RunTime:0.000918s ]
ERR: 无法加载模块:Application

[ 2015-12-16T09:38:29+08:00 ] 127.0.0.1 /Qiao/Application/Home/View/Public/img/d993bcfdd033249281ee4a0e64d3cf26/bimg1.jpg
INFO: [ app_init ] --START--
INFO: Run Behavior\BuildLiteBehavior [ RunTime:0.000041s ]
INFO: [ app_init ] --END-- [ RunTime:0.000720s ]
ERR: 无法加载模块:Application

[ 2015-12-16T09:38:29+08:00 ] 127.0.0.1 /Qiao/Application/Home/View/Public/img/d993bcfdd033249281ee4a0e64d3cf26/aimg1.jpg
INFO: [ app_init ] --START--
INFO: Run Behavior\BuildLiteBehavior [ RunTime:0.000060s ]
INFO: [ app_init ] --END-- [ RunTime:0.001710s ]
ERR: 无法加载模块:Application

[ 2015-12-16T09:39:15+08:00 ] 127.0.0.1 /Qiao/Application/Home/View/Public/img/d993bcfdd033249281ee4a0e64d3cf26/aimg1.jpg
INFO: [ app_init ] --START--
INFO: Run Behavior\BuildLiteBehavior [ RunTime:0.000044s ]
INFO: [ app_init ] --END-- [ RunTime:0.000849s ]
ERR: 无法加载模块:Application

[ 2015-12-16T09:39:15+08:00 ] 127.0.0.1 /Qiao/Application/Home/View/Public/img/d993bcfdd033249281ee4a0e64d3cf26/bimg1.jpg
INFO: [ app_init ] --START--
INFO: Run Behavior\BuildLiteBehavior [ RunTime:0.000068s ]
INFO: [ app_init ] --END-- [ RunTime:0.000886s ]
ERR: 无法加载模块:Application

[ 2015-12-16T09:39:15+08:00 ] 127.0.0.1 /Qiao/Application/Home/View/Public/img/d993bcfdd033249281ee4a0e64d3cf26/cimg1.jpg
INFO: [ app_init ] --START--
INFO: Run Behavior\BuildLiteBehavior [ RunTime:0.000048s ]
INFO: [ app_init ] --END-- [ RunTime:0.000825s ]
ERR: 无法加载模块:Application

[ 2015-12-16T09:39:36+08:00 ] 127.0.0.1 /Qiao/Application/Home/View/Public/img/d993bcfdd033249281ee4a0e64d3cf26/aimg1.jpg
INFO: [ app_init ] --START--
INFO: Run Behavior\BuildLiteBehavior [ RunTime:0.000028s ]
INFO: [ app_init ] --END-- [ RunTime:0.000645s ]
ERR: 无法加载模块:Application

[ 2015-12-16T09:40:34+08:00 ] 127.0.0.1 /Qiao/Application/Home/View/Public/img/d993bcfdd033249281ee4a0e64d3cf26/aimg1.jpg
INFO: [ app_init ] --START--
INFO: Run Behavior\BuildLiteBehavior [ RunTime:0.000042s ]
INFO: [ app_init ] --END-- [ RunTime:0.000814s ]
ERR: 无法加载模块:Application

[ 2015-12-16T09:40:34+08:00 ] 127.0.0.1 /Qiao/Application/Home/View/Public/img/d993bcfdd033249281ee4a0e64d3cf26/bimg1.jpg
INFO: [ app_init ] --START--
INFO: Run Behavior\BuildLiteBehavior [ RunTime:0.000043s ]
INFO: [ app_init ] --END-- [ RunTime:0.000751s ]
ERR: 无法加载模块:Application

[ 2015-12-16T09:40:34+08:00 ] 127.0.0.1 /Qiao/Application/Home/View/Public/img/d993bcfdd033249281ee4a0e64d3cf26/cimg1.jpg
INFO: [ app_init ] --START--
INFO: Run Behavior\BuildLiteBehavior [ RunTime:0.000044s ]
INFO: [ app_init ] --END-- [ RunTime:0.000710s ]
ERR: 无法加载模块:Application

[ 2015-12-16T09:42:27+08:00 ] 127.0.0.1 /Qiao/Application/Home/View/Public/img/d993bcfdd033249281ee4a0e64d3cf26/aimg1.jpg
INFO: [ app_init ] --START--
INFO: Run Behavior\BuildLiteBehavior [ RunTime:0.000095s ]
INFO: [ app_init ] --END-- [ RunTime:0.001414s ]
ERR: 无法加载模块:Application

[ 2015-12-16T09:42:27+08:00 ] 127.0.0.1 /Qiao/Application/Home/View/Public/img/d993bcfdd033249281ee4a0e64d3cf26/bimg1.jpg
INFO: [ app_init ] --START--
INFO: Run Behavior\BuildLiteBehavior [ RunTime:0.000048s ]
INFO: [ app_init ] --END-- [ RunTime:0.000830s ]
ERR: 无法加载模块:Application

[ 2015-12-16T09:42:27+08:00 ] 127.0.0.1 /Qiao/Application/Home/View/Public/img/d993bcfdd033249281ee4a0e64d3cf26/cimg1.jpg
INFO: [ app_init ] --START--
INFO: Run Behavior\BuildLiteBehavior [ RunTime:0.000052s ]
INFO: [ app_init ] --END-- [ RunTime:0.001188s ]
ERR: 无法加载模块:Application

[ 2015-12-16T09:42:33+08:00 ] 127.0.0.1 /Qiao/Application/Home/View/Public/img/d993bcfdd033249281ee4a0e64d3cf26/aimg1.jpg
INFO: [ app_init ] --START--
INFO: Run Behavior\BuildLiteBehavior [ RunTime:0.000042s ]
INFO: [ app_init ] --END-- [ RunTime:0.000711s ]
ERR: 无法加载模块:Application

[ 2015-12-16T09:42:33+08:00 ] 127.0.0.1 /Qiao/Application/Home/View/Public/img/d993bcfdd033249281ee4a0e64d3cf26/cimg1.jpg
INFO: [ app_init ] --START--
INFO: Run Behavior\BuildLiteBehavior [ RunTime:0.000054s ]
INFO: [ app_init ] --END-- [ RunTime:0.000861s ]
ERR: 无法加载模块:Application

[ 2015-12-16T09:42:33+08:00 ] 127.0.0.1 /Qiao/Application/Home/View/Public/img/d993bcfdd033249281ee4a0e64d3cf26/bimg1.jpg
INFO: [ app_init ] --START--
INFO: Run Behavior\BuildLiteBehavior [ RunTime:0.000039s ]
INFO: [ app_init ] --END-- [ RunTime:0.000741s ]
ERR: 无法加载模块:Application

[ 2015-12-16T09:42:37+08:00 ] 127.0.0.1 /Qiao/Application/Home/View/Public/img/d993bcfdd033249281ee4a0e64d3cf26/bimg1.jpg
INFO: [ app_init ] --START--
INFO: Run Behavior\BuildLiteBehavior [ RunTime:0.000046s ]
INFO: [ app_init ] --END-- [ RunTime:0.000715s ]
ERR: 无法加载模块:Application

[ 2015-12-16T09:42:37+08:00 ] 127.0.0.1 /Qiao/Application/Home/View/Public/img/d993bcfdd033249281ee4a0e64d3cf26/cimg1.jpg
INFO: [ app_init ] --START--
INFO: Run Behavior\BuildLiteBehavior [ RunTime:0.000045s ]
INFO: [ app_init ] --END-- [ RunTime:0.001012s ]
ERR: 无法加载模块:Application

[ 2015-12-16T09:42:37+08:00 ] 127.0.0.1 /Qiao/Application/Home/View/Public/img/d993bcfdd033249281ee4a0e64d3cf26/aimg1.jpg
INFO: [ app_init ] --START--
INFO: Run Behavior\BuildLiteBehavior [ RunTime:0.000044s ]
INFO: [ app_init ] --END-- [ RunTime:0.001273s ]
ERR: 无法加载模块:Application

[ 2015-12-16T09:42:59+08:00 ] 127.0.0.1 /Qiao/Application/Home/View/Public/img/d993bcfdd033249281ee4a0e64d3cf26/aimg1.jpg
INFO: [ app_init ] --START--
INFO: Run Behavior\BuildLiteBehavior [ RunTime:0.000048s ]
INFO: [ app_init ] --END-- [ RunTime:0.000793s ]
ERR: 无法加载模块:Application

[ 2015-12-16T09:42:59+08:00 ] 127.0.0.1 /Qiao/Application/Home/View/Public/img/d993bcfdd033249281ee4a0e64d3cf26/bimg1.jpg
INFO: [ app_init ] --START--
INFO: Run Behavior\BuildLiteBehavior [ RunTime:0.000047s ]
INFO: [ app_init ] --END-- [ RunTime:0.000795s ]
ERR: 无法加载模块:Application

[ 2015-12-16T09:42:59+08:00 ] 127.0.0.1 /Qiao/Application/Home/View/Public/img/d993bcfdd033249281ee4a0e64d3cf26/cimg1.jpg
INFO: [ app_init ] --START--
INFO: Run Behavior\BuildLiteBehavior [ RunTime:0.000042s ]
INFO: [ app_init ] --END-- [ RunTime:0.000888s ]
ERR: 无法加载模块:Application

[ 2015-12-16T09:43:34+08:00 ] 127.0.0.1 /Qiao/Application/Home/View/Public/img/d993bcfdd033249281ee4a0e64d3cf26/aimg1.jpg
INFO: [ app_init ] --START--
INFO: Run Behavior\BuildLiteBehavior [ RunTime:0.000041s ]
INFO: [ app_init ] --END-- [ RunTime:0.000718s ]
ERR: 无法加载模块:Application

[ 2015-12-16T09:43:34+08:00 ] 127.0.0.1 /Qiao/Application/Home/View/Public/img/d993bcfdd033249281ee4a0e64d3cf26/cimg1.jpg
INFO: [ app_init ] --START--
INFO: Run Behavior\BuildLiteBehavior [ RunTime:0.000049s ]
INFO: [ app_init ] --END-- [ RunTime:0.000815s ]
ERR: 无法加载模块:Application

[ 2015-12-16T09:43:34+08:00 ] 127.0.0.1 /Qiao/Application/Home/View/Public/img/d993bcfdd033249281ee4a0e64d3cf26/bimg1.jpg
INFO: [ app_init ] --START--
INFO: Run Behavior\BuildLiteBehavior [ RunTime:0.000044s ]
INFO: [ app_init ] --END-- [ RunTime:0.000723s ]
ERR: 无法加载模块:Application

[ 2015-12-16T09:43:39+08:00 ] 127.0.0.1 /Qiao/Application/Home/View/Public/img/d993bcfdd033249281ee4a0e64d3cf26/aimg1.jpg
INFO: [ app_init ] --START--
INFO: Run Behavior\BuildLiteBehavior [ RunTime:0.000040s ]
INFO: [ app_init ] --END-- [ RunTime:0.000733s ]
ERR: 无法加载模块:Application

[ 2015-12-16T09:43:39+08:00 ] 127.0.0.1 /Qiao/Application/Home/View/Public/img/d993bcfdd033249281ee4a0e64d3cf26/bimg1.jpg
INFO: [ app_init ] --START--
INFO: Run Behavior\BuildLiteBehavior [ RunTime:0.000049s ]
INFO: [ app_init ] --END-- [ RunTime:0.000769s ]
ERR: 无法加载模块:Application

[ 2015-12-16T09:43:39+08:00 ] 127.0.0.1 /Qiao/Application/Home/View/Public/img/d993bcfdd033249281ee4a0e64d3cf26/cimg1.jpg
INFO: [ app_init ] --START--
INFO: Run Behavior\BuildLiteBehavior [ RunTime:0.000038s ]
INFO: [ app_init ] --END-- [ RunTime:0.000820s ]
ERR: 无法加载模块:Application

[ 2015-12-16T09:43:46+08:00 ] 127.0.0.1 /Qiao/Application/Home/View/Public/img/d993bcfdd033249281ee4a0e64d3cf26/aimg1.jpg
INFO: [ app_init ] --START--
INFO: Run Behavior\BuildLiteBehavior [ RunTime:0.000043s ]
INFO: [ app_init ] --END-- [ RunTime:0.000705s ]
ERR: 无法加载模块:Application

[ 2015-12-16T09:43:46+08:00 ] 127.0.0.1 /Qiao/Application/Home/View/Public/img/d993bcfdd033249281ee4a0e64d3cf26/cimg1.jpg
INFO: [ app_init ] --START--
INFO: Run Behavior\BuildLiteBehavior [ RunTime:0.000063s ]
INFO: [ app_init ] --END-- [ RunTime:0.001815s ]
ERR: 无法加载模块:Application

[ 2015-12-16T09:43:46+08:00 ] 127.0.0.1 /Qiao/Application/Home/View/Public/img/d993bcfdd033249281ee4a0e64d3cf26/bimg1.jpg
INFO: [ app_init ] --START--
INFO: Run Behavior\BuildLiteBehavior [ RunTime:0.000048s ]
INFO: [ app_init ] --END-- [ RunTime:0.000854s ]
ERR: 无法加载模块:Application

[ 2015-12-16T09:45:50+08:00 ] 127.0.0.1 /Qiao/Application/Home/View/Public/img/d993bcfdd033249281ee4a0e64d3cf26/aimg1.jpg
INFO: [ app_init ] --START--
INFO: Run Behavior\BuildLiteBehavior [ RunTime:0.000039s ]
INFO: [ app_init ] --END-- [ RunTime:0.000700s ]
ERR: 无法加载模块:Application

[ 2015-12-16T09:45:50+08:00 ] 127.0.0.1 /Qiao/Application/Home/View/Public/img/d993bcfdd033249281ee4a0e64d3cf26/cimg1.jpg
INFO: [ app_init ] --START--
INFO: Run Behavior\BuildLiteBehavior [ RunTime:0.000043s ]
INFO: [ app_init ] --END-- [ RunTime:0.000778s ]
ERR: 无法加载模块:Application

[ 2015-12-16T09:45:50+08:00 ] 127.0.0.1 /Qiao/Application/Home/View/Public/img/d993bcfdd033249281ee4a0e64d3cf26/bimg1.jpg
INFO: [ app_init ] --START--
INFO: Run Behavior\BuildLiteBehavior [ RunTime:0.000025s ]
INFO: [ app_init ] --END-- [ RunTime:0.000488s ]
ERR: 无法加载模块:Application

[ 2015-12-16T09:45:53+08:00 ] 127.0.0.1 /Qiao/Application/Home/View/Public/img/d993bcfdd033249281ee4a0e64d3cf26/aimg1.jpg
INFO: [ app_init ] --START--
INFO: Run Behavior\BuildLiteBehavior [ RunTime:0.000040s ]
INFO: [ app_init ] --END-- [ RunTime:0.000697s ]
ERR: 无法加载模块:Application

[ 2015-12-16T09:45:53+08:00 ] 127.0.0.1 /Qiao/Application/Home/View/Public/img/d993bcfdd033249281ee4a0e64d3cf26/bimg1.jpg
INFO: [ app_init ] --START--
INFO: Run Behavior\BuildLiteBehavior [ RunTime:0.000043s ]
INFO: [ app_init ] --END-- [ RunTime:0.000688s ]
ERR: 无法加载模块:Application

[ 2015-12-16T09:45:55+08:00 ] 127.0.0.1 /Qiao/Application/Home/View/Public/img/d993bcfdd033249281ee4a0e64d3cf26/aimg1.jpg
INFO: [ app_init ] --START--
INFO: Run Behavior\BuildLiteBehavior [ RunTime:0.000045s ]
INFO: [ app_init ] --END-- [ RunTime:0.000739s ]
ERR: 无法加载模块:Application

[ 2015-12-16T09:45:55+08:00 ] 127.0.0.1 /Qiao/Application/Home/View/Public/img/d993bcfdd033249281ee4a0e64d3cf26/bimg1.jpg
INFO: [ app_init ] --START--
INFO: Run Behavior\BuildLiteBehavior [ RunTime:0.000049s ]
INFO: [ app_init ] --END-- [ RunTime:0.000724s ]
ERR: 无法加载模块:Application

[ 2015-12-16T09:45:55+08:00 ] 127.0.0.1 /Qiao/Application/Home/View/Public/img/d993bcfdd033249281ee4a0e64d3cf26/cimg1.jpg
INFO: [ app_init ] --START--
INFO: Run Behavior\BuildLiteBehavior [ RunTime:0.000044s ]
INFO: [ app_init ] --END-- [ RunTime:0.000646s ]
ERR: 无法加载模块:Application

[ 2015-12-16T09:46:03+08:00 ] 127.0.0.1 /Qiao/Application/Home/View/Public/img/d993bcfdd033249281ee4a0e64d3cf26/aimg1.jpg
INFO: [ app_init ] --START--
INFO: Run Behavior\BuildLiteBehavior [ RunTime:0.000044s ]
INFO: [ app_init ] --END-- [ RunTime:0.000706s ]
ERR: 无法加载模块:Application

[ 2015-12-16T09:46:03+08:00 ] 127.0.0.1 /Qiao/Application/Home/View/Public/img/d993bcfdd033249281ee4a0e64d3cf26/bimg1.jpg
INFO: [ app_init ] --START--
INFO: Run Behavior\BuildLiteBehavior [ RunTime:0.000048s ]
INFO: [ app_init ] --END-- [ RunTime:0.000792s ]
ERR: 无法加载模块:Application

[ 2015-12-16T09:46:03+08:00 ] 127.0.0.1 /Qiao/Application/Home/View/Public/img/d993bcfdd033249281ee4a0e64d3cf26/cimg1.jpg
INFO: [ app_init ] --START--
INFO: Run Behavior\BuildLiteBehavior [ RunTime:0.000044s ]
INFO: [ app_init ] --END-- [ RunTime:0.000771s ]
ERR: 无法加载模块:Application

[ 2015-12-16T09:46:36+08:00 ] 127.0.0.1 /Qiao/Application/Home/View/Public/img/d993bcfdd033249281ee4a0e64d3cf26/aimg1.jpg
INFO: [ app_init ] --START--
INFO: Run Behavior\BuildLiteBehavior [ RunTime:0.000042s ]
INFO: [ app_init ] --END-- [ RunTime:0.000751s ]
ERR: 无法加载模块:Application

[ 2015-12-16T09:46:36+08:00 ] 127.0.0.1 /Qiao/Application/Home/View/Public/img/d993bcfdd033249281ee4a0e64d3cf26/bimg1.jpg
INFO: [ app_init ] --START--
INFO: Run Behavior\BuildLiteBehavior [ RunTime:0.000048s ]
INFO: [ app_init ] --END-- [ RunTime:0.000806s ]
ERR: 无法加载模块:Application

[ 2015-12-16T09:46:36+08:00 ] 127.0.0.1 /Qiao/Application/Home/View/Public/img/d993bcfdd033249281ee4a0e64d3cf26/cimg1.jpg
INFO: [ app_init ] --START--
INFO: Run Behavior\BuildLiteBehavior [ RunTime:0.000024s ]
INFO: [ app_init ] --END-- [ RunTime:0.000457s ]
ERR: 无法加载模块:Application

[ 2015-12-16T09:47:04+08:00 ] 127.0.0.1 /Qiao/Application/Home/View/Public/img/d993bcfdd033249281ee4a0e64d3cf26/aimg1.jpg
INFO: [ app_init ] --START--
INFO: Run Behavior\BuildLiteBehavior [ RunTime:0.000045s ]
INFO: [ app_init ] --END-- [ RunTime:0.000734s ]
ERR: 无法加载模块:Application

[ 2015-12-16T09:47:04+08:00 ] 127.0.0.1 /Qiao/Application/Home/View/Public/img/d993bcfdd033249281ee4a0e64d3cf26/cimg1.jpg
INFO: [ app_init ] --START--
INFO: Run Behavior\BuildLiteBehavior [ RunTime:0.000050s ]
INFO: [ app_init ] --END-- [ RunTime:0.000772s ]
ERR: 无法加载模块:Application

[ 2015-12-16T09:47:04+08:00 ] 127.0.0.1 /Qiao/Application/Home/View/Public/img/d993bcfdd033249281ee4a0e64d3cf26/bimg1.jpg
INFO: [ app_init ] --START--
INFO: Run Behavior\BuildLiteBehavior [ RunTime:0.000029s ]
INFO: [ app_init ] --END-- [ RunTime:0.000741s ]
ERR: 无法加载模块:Application

[ 2015-12-16T09:48:41+08:00 ] 127.0.0.1 /Qiao/Application/Home/View/Public/img/d993bcfdd033249281ee4a0e64d3cf26/aimg1.jpg
INFO: [ app_init ] --START--
INFO: Run Behavior\BuildLiteBehavior [ RunTime:0.000044s ]
INFO: [ app_init ] --END-- [ RunTime:0.000782s ]
ERR: 无法加载模块:Application

[ 2015-12-16T09:48:41+08:00 ] 127.0.0.1 /Qiao/Application/Home/View/Public/img/d993bcfdd033249281ee4a0e64d3cf26/cimg1.jpg
INFO: [ app_init ] --START--
INFO: Run Behavior\BuildLiteBehavior [ RunTime:0.000041s ]
INFO: [ app_init ] --END-- [ RunTime:0.000701s ]
ERR: 无法加载模块:Application

[ 2015-12-16T09:48:41+08:00 ] 127.0.0.1 /Qiao/Application/Home/View/Public/img/d993bcfdd033249281ee4a0e64d3cf26/bimg1.jpg
INFO: [ app_init ] --START--
INFO: Run Behavior\BuildLiteBehavior [ RunTime:0.000032s ]
INFO: [ app_init ] --END-- [ RunTime:0.000566s ]
ERR: 无法加载模块:Application

[ 2015-12-16T09:48:49+08:00 ] 127.0.0.1 /Qiao/Application/Home/View/Public/img/d993bcfdd033249281ee4a0e64d3cf26/aimg1.jpg
INFO: [ app_init ] --START--
INFO: Run Behavior\BuildLiteBehavior [ RunTime:0.000052s ]
INFO: [ app_init ] --END-- [ RunTime:0.000863s ]
ERR: 无法加载模块:Application

[ 2015-12-16T09:48:49+08:00 ] 127.0.0.1 /Qiao/Application/Home/View/Public/img/d993bcfdd033249281ee4a0e64d3cf26/cimg1.jpg
INFO: [ app_init ] --START--
INFO: Run Behavior\BuildLiteBehavior [ RunTime:0.000050s ]
INFO: [ app_init ] --END-- [ RunTime:0.001543s ]
ERR: 无法加载模块:Application

[ 2015-12-16T09:48:49+08:00 ] 127.0.0.1 /Qiao/Application/Home/View/Public/img/d993bcfdd033249281ee4a0e64d3cf26/bimg1.jpg
INFO: [ app_init ] --START--
INFO: Run Behavior\BuildLiteBehavior [ RunTime:0.000044s ]
INFO: [ app_init ] --END-- [ RunTime:0.002408s ]
ERR: 无法加载模块:Application

[ 2015-12-16T09:48:53+08:00 ] 127.0.0.1 /Qiao/Application/Home/View/Public/img/d993bcfdd033249281ee4a0e64d3cf26/bimg1.jpg
INFO: [ app_init ] --START--
INFO: Run Behavior\BuildLiteBehavior [ RunTime:0.000049s ]
INFO: [ app_init ] --END-- [ RunTime:0.000747s ]
ERR: 无法加载模块:Application

[ 2015-12-16T09:48:53+08:00 ] 127.0.0.1 /Qiao/Application/Home/View/Public/img/d993bcfdd033249281ee4a0e64d3cf26/aimg1.jpg
INFO: [ app_init ] --START--
INFO: Run Behavior\BuildLiteBehavior [ RunTime:0.000171s ]
INFO: [ app_init ] --END-- [ RunTime:0.001862s ]
ERR: 无法加载模块:Application

[ 2015-12-16T09:48:53+08:00 ] 127.0.0.1 /Qiao/Application/Home/View/Public/img/d993bcfdd033249281ee4a0e64d3cf26/cimg1.jpg
INFO: [ app_init ] --START--
INFO: Run Behavior\BuildLiteBehavior [ RunTime:0.000081s ]
INFO: [ app_init ] --END-- [ RunTime:0.000799s ]
ERR: 无法加载模块:Application

[ 2015-12-16T09:48:55+08:00 ] 127.0.0.1 /Qiao/Application/Home/View/Public/img/d993bcfdd033249281ee4a0e64d3cf26/aimg1.jpg
INFO: [ app_init ] --START--
INFO: Run Behavior\BuildLiteBehavior [ RunTime:0.000045s ]
INFO: [ app_init ] --END-- [ RunTime:0.000880s ]
ERR: 无法加载模块:Application

[ 2015-12-16T09:48:55+08:00 ] 127.0.0.1 /Qiao/Application/Home/View/Public/img/d993bcfdd033249281ee4a0e64d3cf26/bimg1.jpg
INFO: [ app_init ] --START--
INFO: Run Behavior\BuildLiteBehavior [ RunTime:0.000052s ]
INFO: [ app_init ] --END-- [ RunTime:0.001248s ]
ERR: 无法加载模块:Application

[ 2015-12-16T09:48:55+08:00 ] 127.0.0.1 /Qiao/Application/Home/View/Public/img/d993bcfdd033249281ee4a0e64d3cf26/cimg1.jpg
INFO: [ app_init ] --START--
INFO: Run Behavior\BuildLiteBehavior [ RunTime:0.000036s ]
INFO: [ app_init ] --END-- [ RunTime:0.000739s ]
ERR: 无法加载模块:Application

[ 2015-12-16T09:49:00+08:00 ] 127.0.0.1 /Qiao/Application/Home/View/Public/img/d993bcfdd033249281ee4a0e64d3cf26/cimg1.jpg
INFO: [ app_init ] --START--
INFO: Run Behavior\BuildLiteBehavior [ RunTime:0.000039s ]
INFO: [ app_init ] --END-- [ RunTime:0.000807s ]
ERR: 无法加载模块:Application

[ 2015-12-16T09:49:00+08:00 ] 127.0.0.1 /Qiao/Application/Home/View/Public/img/d993bcfdd033249281ee4a0e64d3cf26/aimg1.jpg
INFO: [ app_init ] --START--
INFO: Run Behavior\BuildLiteBehavior [ RunTime:0.000051s ]
INFO: [ app_init ] --END-- [ RunTime:0.001413s ]
ERR: 无法加载模块:Application

[ 2015-12-16T09:49:00+08:00 ] 127.0.0.1 /Qiao/Application/Home/View/Public/img/d993bcfdd033249281ee4a0e64d3cf26/bimg1.jpg
INFO: [ app_init ] --START--
INFO: Run Behavior\BuildLiteBehavior [ RunTime:0.000041s ]
INFO: [ app_init ] --END-- [ RunTime:0.000697s ]
ERR: 无法加载模块:Application

[ 2015-12-16T09:49:07+08:00 ] 127.0.0.1 /Qiao/Application/Home/View/Public/img/d993bcfdd033249281ee4a0e64d3cf26/aimg1.jpg
INFO: [ app_init ] --START--
INFO: Run Behavior\BuildLiteBehavior [ RunTime:0.000042s ]
INFO: [ app_init ] --END-- [ RunTime:0.000753s ]
ERR: 无法加载模块:Application

[ 2015-12-16T09:49:07+08:00 ] 127.0.0.1 /Qiao/Application/Home/View/Public/img/d993bcfdd033249281ee4a0e64d3cf26/cimg1.jpg
INFO: [ app_init ] --START--
INFO: Run Behavior\BuildLiteBehavior [ RunTime:0.000097s ]
INFO: [ app_init ] --END-- [ RunTime:0.001662s ]
ERR: 无法加载模块:Application

[ 2015-12-16T09:49:15+08:00 ] 127.0.0.1 /Qiao/Application/Home/View/Public/img/d993bcfdd033249281ee4a0e64d3cf26/aimg1.jpg
INFO: [ app_init ] --START--
INFO: Run Behavior\BuildLiteBehavior [ RunTime:0.000048s ]
INFO: [ app_init ] --END-- [ RunTime:0.000742s ]
ERR: 无法加载模块:Application

[ 2015-12-16T09:49:15+08:00 ] 127.0.0.1 /Qiao/Application/Home/View/Public/img/d993bcfdd033249281ee4a0e64d3cf26/cimg1.jpg
INFO: [ app_init ] --START--
INFO: Run Behavior\BuildLiteBehavior [ RunTime:0.000048s ]
INFO: [ app_init ] --END-- [ RunTime:0.000786s ]
ERR: 无法加载模块:Application

[ 2015-12-16T09:49:15+08:00 ] 127.0.0.1 /Qiao/Application/Home/View/Public/img/d993bcfdd033249281ee4a0e64d3cf26/bimg1.jpg
INFO: [ app_init ] --START--
INFO: Run Behavior\BuildLiteBehavior [ RunTime:0.000031s ]
INFO: [ app_init ] --END-- [ RunTime:0.000581s ]
ERR: 无法加载模块:Application

[ 2015-12-16T10:02:02+08:00 ] 127.0.0.1 /Qiao/Application/Home/View/Public/img/d993bcfdd033249281ee4a0e64d3cf26/cimg1.jpg
INFO: [ app_init ] --START--
INFO: Run Behavior\BuildLiteBehavior [ RunTime:0.000064s ]
INFO: [ app_init ] --END-- [ RunTime:0.000900s ]
ERR: 无法加载模块:Application

[ 2015-12-16T10:02:02+08:00 ] 127.0.0.1 /Qiao/Application/Home/View/Public/img/d993bcfdd033249281ee4a0e64d3cf26/bimg1.jpg
INFO: [ app_init ] --START--
INFO: Run Behavior\BuildLiteBehavior [ RunTime:0.000077s ]
INFO: [ app_init ] --END-- [ RunTime:0.000880s ]
ERR: 无法加载模块:Application

[ 2015-12-16T10:02:02+08:00 ] 127.0.0.1 /Qiao/Application/Home/View/Public/img/d993bcfdd033249281ee4a0e64d3cf26/aimg1.jpg
INFO: [ app_init ] --START--
INFO: Run Behavior\BuildLiteBehavior [ RunTime:0.000040s ]
INFO: [ app_init ] --END-- [ RunTime:0.000793s ]
ERR: 无法加载模块:Application

[ 2015-12-16T10:16:08+08:00 ] 127.0.0.1 /Qiao/Application/Home/View/Public/img/d993bcfdd033249281ee4a0e64d3cf26/aimg1.jpg
INFO: [ app_init ] --START--
INFO: Run Behavior\BuildLiteBehavior [ RunTime:0.000042s ]
INFO: [ app_init ] --END-- [ RunTime:0.000734s ]
ERR: 无法加载模块:Application

[ 2015-12-16T10:16:08+08:00 ] 127.0.0.1 /Qiao/Application/Home/View/Public/img/d993bcfdd033249281ee4a0e64d3cf26/cimg1.jpg
INFO: [ app_init ] --START--
INFO: Run Behavior\BuildLiteBehavior [ RunTime:0.000044s ]
INFO: [ app_init ] --END-- [ RunTime:0.000807s ]
ERR: 无法加载模块:Application

[ 2015-12-16T10:16:08+08:00 ] 127.0.0.1 /Qiao/Application/Home/View/Public/img/d993bcfdd033249281ee4a0e64d3cf26/bimg1.jpg
INFO: [ app_init ] --START--
INFO: Run Behavior\BuildLiteBehavior [ RunTime:0.000044s ]
INFO: [ app_init ] --END-- [ RunTime:0.001262s ]
ERR: 无法加载模块:Application

[ 2015-12-16T10:16:15+08:00 ] 127.0.0.1 /Qiao/Application/Home/View/Public/img/d993bcfdd033249281ee4a0e64d3cf26/aimg1.jpg
INFO: [ app_init ] --START--
INFO: Run Behavior\BuildLiteBehavior [ RunTime:0.000044s ]
INFO: [ app_init ] --END-- [ RunTime:0.000748s ]
ERR: 无法加载模块:Application

[ 2015-12-16T10:16:15+08:00 ] 127.0.0.1 /Qiao/Application/Home/View/Public/img/d993bcfdd033249281ee4a0e64d3cf26/bimg1.jpg
INFO: [ app_init ] --START--
INFO: Run Behavior\BuildLiteBehavior [ RunTime:0.000040s ]
INFO: [ app_init ] --END-- [ RunTime:0.000683s ]
ERR: 无法加载模块:Application

[ 2015-12-16T10:16:15+08:00 ] 127.0.0.1 /Qiao/Application/Home/View/Public/img/d993bcfdd033249281ee4a0e64d3cf26/cimg1.jpg
INFO: [ app_init ] --START--
INFO: Run Behavior\BuildLiteBehavior [ RunTime:0.000041s ]
INFO: [ app_init ] --END-- [ RunTime:0.001046s ]
ERR: 无法加载模块:Application

[ 2015-12-16T10:24:14+08:00 ] 127.0.0.1 /Qiao/Application/Home/View/Public/img/d993bcfdd033249281ee4a0e64d3cf26/aimg1.jpg
INFO: [ app_init ] --START--
INFO: Run Behavior\BuildLiteBehavior [ RunTime:0.000047s ]
INFO: [ app_init ] --END-- [ RunTime:0.000758s ]
ERR: 无法加载模块:Application

[ 2015-12-16T10:24:14+08:00 ] 127.0.0.1 /Qiao/Application/Home/View/Public/img/d993bcfdd033249281ee4a0e64d3cf26/cimg1.jpg
INFO: [ app_init ] --START--
INFO: Run Behavior\BuildLiteBehavior [ RunTime:0.000042s ]
INFO: [ app_init ] --END-- [ RunTime:0.000849s ]
ERR: 无法加载模块:Application

[ 2015-12-16T10:24:14+08:00 ] 127.0.0.1 /Qiao/Application/Home/View/Public/img/d993bcfdd033249281ee4a0e64d3cf26/bimg1.jpg
INFO: [ app_init ] --START--
INFO: Run Behavior\BuildLiteBehavior [ RunTime:0.000046s ]
INFO: [ app_init ] --END-- [ RunTime:0.001001s ]
ERR: 无法加载模块:Application

[ 2015-12-16T10:24:27+08:00 ] 127.0.0.1 /Qiao/Application/Home/View/Public/img/d993bcfdd033249281ee4a0e64d3cf26/aimg1.jpg
INFO: [ app_init ] --START--
INFO: Run Behavior\BuildLiteBehavior [ RunTime:0.000052s ]
INFO: [ app_init ] --END-- [ RunTime:0.000804s ]
ERR: 无法加载模块:Application

[ 2015-12-16T10:24:27+08:00 ] 127.0.0.1 /Qiao/Application/Home/View/Public/img/d993bcfdd033249281ee4a0e64d3cf26/cimg1.jpg
INFO: [ app_init ] --START--
INFO: Run Behavior\BuildLiteBehavior [ RunTime:0.000047s ]
INFO: [ app_init ] --END-- [ RunTime:0.002390s ]
ERR: 无法加载模块:Application

[ 2015-12-16T10:24:27+08:00 ] 127.0.0.1 /Qiao/Application/Home/View/Public/img/d993bcfdd033249281ee4a0e64d3cf26/bimg1.jpg
INFO: [ app_init ] --START--
INFO: Run Behavior\BuildLiteBehavior [ RunTime:0.000028s ]
INFO: [ app_init ] --END-- [ RunTime:0.000516s ]
ERR: 无法加载模块:Application

[ 2015-12-16T10:24:33+08:00 ] 127.0.0.1 /Qiao/Application/Home/View/Public/img/d993bcfdd033249281ee4a0e64d3cf26/aimg1.jpg
INFO: [ app_init ] --START--
INFO: Run Behavior\BuildLiteBehavior [ RunTime:0.000048s ]
INFO: [ app_init ] --END-- [ RunTime:0.000707s ]
ERR: 无法加载模块:Application

[ 2015-12-16T10:24:33+08:00 ] 127.0.0.1 /Qiao/Application/Home/View/Public/img/d993bcfdd033249281ee4a0e64d3cf26/bimg1.jpg
INFO: [ app_init ] --START--
INFO: Run Behavior\BuildLiteBehavior [ RunTime:0.000042s ]
INFO: [ app_init ] --END-- [ RunTime:0.000768s ]
ERR: 无法加载模块:Application

[ 2015-12-16T10:24:33+08:00 ] 127.0.0.1 /Qiao/Application/Home/View/Public/img/d993bcfdd033249281ee4a0e64d3cf26/cimg1.jpg
INFO: [ app_init ] --START--
INFO: Run Behavior\BuildLiteBehavior [ RunTime:0.000044s ]
INFO: [ app_init ] --END-- [ RunTime:0.001164s ]
ERR: 无法加载模块:Application

[ 2015-12-16T10:24:36+08:00 ] 127.0.0.1 /Qiao/Application/Home/View/Public/img/d993bcfdd033249281ee4a0e64d3cf26/aimg1.jpg
INFO: [ app_init ] --START--
INFO: Run Behavior\BuildLiteBehavior [ RunTime:0.000047s ]
INFO: [ app_init ] --END-- [ RunTime:0.000771s ]
ERR: 无法加载模块:Application

[ 2015-12-16T10:24:36+08:00 ] 127.0.0.1 /Qiao/Application/Home/View/Public/img/d993bcfdd033249281ee4a0e64d3cf26/cimg1.jpg
INFO: [ app_init ] --START--
INFO: Run Behavior\BuildLiteBehavior [ RunTime:0.000049s ]
INFO: [ app_init ] --END-- [ RunTime:0.000974s ]
ERR: 无法加载模块:Application

[ 2015-12-16T10:24:36+08:00 ] 127.0.0.1 /Qiao/Application/Home/View/Public/img/d993bcfdd033249281ee4a0e64d3cf26/bimg1.jpg
INFO: [ app_init ] --START--
INFO: Run Behavior\BuildLiteBehavior [ RunTime:0.000044s ]
INFO: [ app_init ] --END-- [ RunTime:0.000776s ]
ERR: 无法加载模块:Application

[ 2015-12-16T10:24:48+08:00 ] 127.0.0.1 /Qiao/Application/Home/View/Public/img/d993bcfdd033249281ee4a0e64d3cf26/aimg1.jpg
INFO: [ app_init ] --START--
INFO: Run Behavior\BuildLiteBehavior [ RunTime:0.000041s ]
INFO: [ app_init ] --END-- [ RunTime:0.000739s ]
ERR: 无法加载模块:Application

[ 2015-12-16T10:24:48+08:00 ] 127.0.0.1 /Qiao/Application/Home/View/Public/img/d993bcfdd033249281ee4a0e64d3cf26/cimg1.jpg
INFO: [ app_init ] --START--
INFO: Run Behavior\BuildLiteBehavior [ RunTime:0.000039s ]
INFO: [ app_init ] --END-- [ RunTime:0.000829s ]
ERR: 无法加载模块:Application

[ 2015-12-16T10:24:48+08:00 ] 127.0.0.1 /Qiao/Application/Home/View/Public/img/d993bcfdd033249281ee4a0e64d3cf26/bimg1.jpg
INFO: [ app_init ] --START--
INFO: Run Behavior\BuildLiteBehavior [ RunTime:0.000029s ]
INFO: [ app_init ] --END-- [ RunTime:0.000730s ]
ERR: 无法加载模块:Application

[ 2015-12-16T12:19:13+08:00 ] 127.0.0.1 /Qiao/Application/Home/View/Public/img/d993bcfdd033249281ee4a0e64d3cf26/aimg1.jpg
INFO: [ app_init ] --START--
INFO: Run Behavior\BuildLiteBehavior [ RunTime:0.000044s ]
INFO: [ app_init ] --END-- [ RunTime:0.000771s ]
ERR: 无法加载模块:Application

[ 2015-12-16T12:19:13+08:00 ] 127.0.0.1 /Qiao/Application/Home/View/Public/img/d993bcfdd033249281ee4a0e64d3cf26/bimg1.jpg
INFO: [ app_init ] --START--
INFO: Run Behavior\BuildLiteBehavior [ RunTime:0.000057s ]
INFO: [ app_init ] --END-- [ RunTime:0.000991s ]
ERR: 无法加载模块:Application

[ 2015-12-16T12:19:13+08:00 ] 127.0.0.1 /Qiao/Application/Home/View/Public/img/d993bcfdd033249281ee4a0e64d3cf26/cimg1.jpg
INFO: [ app_init ] --START--
INFO: Run Behavior\BuildLiteBehavior [ RunTime:0.000052s ]
INFO: [ app_init ] --END-- [ RunTime:0.000929s ]
ERR: 无法加载模块:Application

[ 2015-12-16T12:19:17+08:00 ] 127.0.0.1 /Qiao/Application/Home/View/Public/img/d993bcfdd033249281ee4a0e64d3cf26/aimg1.jpg
INFO: [ app_init ] --START--
INFO: Run Behavior\BuildLiteBehavior [ RunTime:0.000041s ]
INFO: [ app_init ] --END-- [ RunTime:0.000776s ]
ERR: 无法加载模块:Application

[ 2015-12-16T12:19:17+08:00 ] 127.0.0.1 /Qiao/Application/Home/View/Public/img/d993bcfdd033249281ee4a0e64d3cf26/cimg1.jpg
INFO: [ app_init ] --START--
INFO: Run Behavior\BuildLiteBehavior [ RunTime:0.000042s ]
INFO: [ app_init ] --END-- [ RunTime:0.000821s ]
ERR: 无法加载模块:Application

[ 2015-12-16T12:19:17+08:00 ] 127.0.0.1 /Qiao/Application/Home/View/Public/img/d993bcfdd033249281ee4a0e64d3cf26/bimg1.jpg
INFO: [ app_init ] --START--
INFO: Run Behavior\BuildLiteBehavior [ RunTime:0.000049s ]
INFO: [ app_init ] --END-- [ RunTime:0.001039s ]
ERR: 无法加载模块:Application

[ 2015-12-16T13:54:37+08:00 ] 127.0.0.1 /Qiao/Application/Home/View/Public/img/d993bcfdd033249281ee4a0e64d3cf26/aimg1.jpg
INFO: [ app_init ] --START--
INFO: Run Behavior\BuildLiteBehavior [ RunTime:0.000041s ]
INFO: [ app_init ] --END-- [ RunTime:0.000734s ]
ERR: 无法加载模块:Application

[ 2015-12-16T13:54:37+08:00 ] 127.0.0.1 /Qiao/Application/Home/View/Public/img/d993bcfdd033249281ee4a0e64d3cf26/cimg1.jpg
INFO: [ app_init ] --START--
INFO: Run Behavior\BuildLiteBehavior [ RunTime:0.000040s ]
INFO: [ app_init ] --END-- [ RunTime:0.000762s ]
ERR: 无法加载模块:Application

[ 2015-12-16T13:54:37+08:00 ] 127.0.0.1 /Qiao/Application/Home/View/Public/img/d993bcfdd033249281ee4a0e64d3cf26/bimg1.jpg
INFO: [ app_init ] --START--
INFO: Run Behavior\BuildLiteBehavior [ RunTime:0.000123s ]
INFO: [ app_init ] --END-- [ RunTime:0.002478s ]
ERR: 无法加载模块:Application

[ 2015-12-16T14:35:10+08:00 ] 127.0.0.1 /Qiao/Application/Home/View/Public/img/d993bcfdd033249281ee4a0e64d3cf26/aimg1.jpg
INFO: [ app_init ] --START--
INFO: Run Behavior\BuildLiteBehavior [ RunTime:0.000040s ]
INFO: [ app_init ] --END-- [ RunTime:0.000680s ]
ERR: 无法加载模块:Application

[ 2015-12-16T14:35:10+08:00 ] 127.0.0.1 /Qiao/Application/Home/View/Public/img/d993bcfdd033249281ee4a0e64d3cf26/bimg1.jpg
INFO: [ app_init ] --START--
INFO: Run Behavior\BuildLiteBehavior [ RunTime:0.000045s ]
INFO: [ app_init ] --END-- [ RunTime:0.000880s ]
ERR: 无法加载模块:Application

[ 2015-12-16T14:35:10+08:00 ] 127.0.0.1 /Qiao/Application/Home/View/Public/img/d993bcfdd033249281ee4a0e64d3cf26/cimg1.jpg
INFO: [ app_init ] --START--
INFO: Run Behavior\BuildLiteBehavior [ RunTime:0.000045s ]
INFO: [ app_init ] --END-- [ RunTime:0.000857s ]
ERR: 无法加载模块:Application

[ 2015-12-16T14:35:49+08:00 ] 127.0.0.1 /Qiao/Application/Home/View/Public/img/d993bcfdd033249281ee4a0e64d3cf26/aimg1.jpg
INFO: [ app_init ] --START--
INFO: Run Behavior\BuildLiteBehavior [ RunTime:0.000085s ]
INFO: [ app_init ] --END-- [ RunTime:0.001167s ]
ERR: 无法加载模块:Application

[ 2015-12-16T14:35:49+08:00 ] 127.0.0.1 /Qiao/Application/Home/View/Public/img/d993bcfdd033249281ee4a0e64d3cf26/cimg1.jpg
INFO: [ app_init ] --START--
INFO: Run Behavior\BuildLiteBehavior [ RunTime:0.000043s ]
INFO: [ app_init ] --END-- [ RunTime:0.000857s ]
ERR: 无法加载模块:Application

[ 2015-12-16T14:35:49+08:00 ] 127.0.0.1 /Qiao/Application/Home/View/Public/img/d993bcfdd033249281ee4a0e64d3cf26/bimg1.jpg
INFO: [ app_init ] --START--
INFO: Run Behavior\BuildLiteBehavior [ RunTime:0.000045s ]
INFO: [ app_init ] --END-- [ RunTime:0.001503s ]
ERR: 无法加载模块:Application

[ 2015-12-16T14:36:05+08:00 ] 127.0.0.1 /Qiao/Application/Home/View/Public/img/d993bcfdd033249281ee4a0e64d3cf26/bimg1.jpg
INFO: [ app_init ] --START--
INFO: Run Behavior\BuildLiteBehavior [ RunTime:0.000041s ]
INFO: [ app_init ] --END-- [ RunTime:0.000711s ]
ERR: 无法加载模块:Application

[ 2015-12-16T14:36:05+08:00 ] 127.0.0.1 /Qiao/Application/Home/View/Public/img/d993bcfdd033249281ee4a0e64d3cf26/cimg1.jpg
INFO: [ app_init ] --START--
INFO: Run Behavior\BuildLiteBehavior [ RunTime:0.000044s ]
INFO: [ app_init ] --END-- [ RunTime:0.001024s ]
ERR: 无法加载模块:Application

[ 2015-12-16T14:36:05+08:00 ] 127.0.0.1 /Qiao/Application/Home/View/Public/img/d993bcfdd033249281ee4a0e64d3cf26/aimg1.jpg
INFO: [ app_init ] --START--
INFO: Run Behavior\BuildLiteBehavior [ RunTime:0.000031s ]
INFO: [ app_init ] --END-- [ RunTime:0.000547s ]
ERR: 无法加载模块:Application

[ 2015-12-16T14:37:20+08:00 ] 127.0.0.1 /Qiao/Application/Home/View/Public/img/d993bcfdd033249281ee4a0e64d3cf26/aimg1.jpg
INFO: [ app_init ] --START--
INFO: Run Behavior\BuildLiteBehavior [ RunTime:0.000044s ]
INFO: [ app_init ] --END-- [ RunTime:0.000745s ]
ERR: 无法加载模块:Application

[ 2015-12-16T14:37:20+08:00 ] 127.0.0.1 /Qiao/Application/Home/View/Public/img/d993bcfdd033249281ee4a0e64d3cf26/bimg1.jpg
INFO: [ app_init ] --START--
INFO: Run Behavior\BuildLiteBehavior [ RunTime:0.000045s ]
INFO: [ app_init ] --END-- [ RunTime:0.001330s ]
ERR: 无法加载模块:Application

[ 2015-12-16T14:37:20+08:00 ] 127.0.0.1 /Qiao/Application/Home/View/Public/img/d993bcfdd033249281ee4a0e64d3cf26/cimg1.jpg
INFO: [ app_init ] --START--
INFO: Run Behavior\BuildLiteBehavior [ RunTime:0.000049s ]
INFO: [ app_init ] --END-- [ RunTime:0.000922s ]
ERR: 无法加载模块:Application

[ 2015-12-16T14:38:15+08:00 ] 127.0.0.1 /Qiao/Application/Home/View/Public/img/d993bcfdd033249281ee4a0e64d3cf26/aimg1.jpg
INFO: [ app_init ] --START--
INFO: Run Behavior\BuildLiteBehavior [ RunTime:0.000042s ]
INFO: [ app_init ] --END-- [ RunTime:0.000691s ]
ERR: 无法加载模块:Application

[ 2015-12-16T14:38:15+08:00 ] 127.0.0.1 /Qiao/Application/Home/View/Public/img/d993bcfdd033249281ee4a0e64d3cf26/cimg1.jpg
INFO: [ app_init ] --START--
INFO: Run Behavior\BuildLiteBehavior [ RunTime:0.000046s ]
INFO: [ app_init ] --END-- [ RunTime:0.000703s ]
ERR: 无法加载模块:Application

[ 2015-12-16T14:38:15+08:00 ] 127.0.0.1 /Qiao/Application/Home/View/Public/img/d993bcfdd033249281ee4a0e64d3cf26/bimg1.jpg
INFO: [ app_init ] --START--
INFO: Run Behavior\BuildLiteBehavior [ RunTime:0.000280s ]
INFO: [ app_init ] --END-- [ RunTime:0.001164s ]
ERR: 无法加载模块:Application

[ 2015-12-16T14:40:29+08:00 ] 127.0.0.1 /Qiao/Application/Home/View/Public/img/7f58875aa30497c1fa54293c135ea200/aimg1.jpg
INFO: [ app_init ] --START--
INFO: Run Behavior\BuildLiteBehavior [ RunTime:0.000041s ]
INFO: [ app_init ] --END-- [ RunTime:0.000747s ]
ERR: 无法加载模块:Application

[ 2015-12-16T14:40:29+08:00 ] 127.0.0.1 /Qiao/Application/Home/View/Public/img/7f58875aa30497c1fa54293c135ea200/bimg1.jpg
INFO: [ app_init ] --START--
INFO: Run Behavior\BuildLiteBehavior [ RunTime:0.000045s ]
INFO: [ app_init ] --END-- [ RunTime:0.000862s ]
ERR: 无法加载模块:Application

[ 2015-12-16T14:40:29+08:00 ] 127.0.0.1 /Qiao/Application/Home/View/Public/img/7f58875aa30497c1fa54293c135ea200/cimg1.jpg
INFO: [ app_init ] --START--
INFO: Run Behavior\BuildLiteBehavior [ RunTime:0.000042s ]
INFO: [ app_init ] --END-- [ RunTime:0.001386s ]
ERR: 无法加载模块:Application

[ 2015-12-16T15:05:46+08:00 ] 127.0.0.1 /Qiao/Application/Home/View/Public/img/7f58875aa30497c1fa54293c135ea200/aimg1.jpg
INFO: [ app_init ] --START--
INFO: Run Behavior\BuildLiteBehavior [ RunTime:0.000040s ]
INFO: [ app_init ] --END-- [ RunTime:0.000733s ]
ERR: 无法加载模块:Application

[ 2015-12-16T15:05:46+08:00 ] 127.0.0.1 /Qiao/Application/Home/View/Public/img/7f58875aa30497c1fa54293c135ea200/bimg1.jpg
INFO: [ app_init ] --START--
INFO: Run Behavior\BuildLiteBehavior [ RunTime:0.000045s ]
INFO: [ app_init ] --END-- [ RunTime:0.000972s ]
ERR: 无法加载模块:Application

[ 2015-12-16T15:05:46+08:00 ] 127.0.0.1 /Qiao/Application/Home/View/Public/img/7f58875aa30497c1fa54293c135ea200/cimg1.jpg
INFO: [ app_init ] --START--
INFO: Run Behavior\BuildLiteBehavior [ RunTime:0.000029s ]
INFO: [ app_init ] --END-- [ RunTime:0.000714s ]
ERR: 无法加载模块:Application

[ 2015-12-16T15:05:57+08:00 ] 127.0.0.1 /Qiao/Application/Home/View/Public/img/7f58875aa30497c1fa54293c135ea200/aimg1.jpg
INFO: [ app_init ] --START--
INFO: Run Behavior\BuildLiteBehavior [ RunTime:0.000042s ]
INFO: [ app_init ] --END-- [ RunTime:0.000721s ]
ERR: 无法加载模块:Application

[ 2015-12-16T15:05:57+08:00 ] 127.0.0.1 /Qiao/Application/Home/View/Public/img/7f58875aa30497c1fa54293c135ea200/bimg1.jpg
INFO: [ app_init ] --START--
INFO: Run Behavior\BuildLiteBehavior [ RunTime:0.000048s ]
INFO: [ app_init ] --END-- [ RunTime:0.000813s ]
ERR: 无法加载模块:Application

[ 2015-12-16T15:05:57+08:00 ] 127.0.0.1 /Qiao/Application/Home/View/Public/img/7f58875aa30497c1fa54293c135ea200/cimg1.jpg
INFO: [ app_init ] --START--
INFO: Run Behavior\BuildLiteBehavior [ RunTime:0.000093s ]
INFO: [ app_init ] --END-- [ RunTime:0.000857s ]
ERR: 无法加载模块:Application

[ 2015-12-16T15:07:54+08:00 ] 127.0.0.1 /Qiao/Application/Home/View/Public/img/7f58875aa30497c1fa54293c135ea200/aimg1.jpg
INFO: [ app_init ] --START--
INFO: Run Behavior\BuildLiteBehavior [ RunTime:0.000083s ]
INFO: [ app_init ] --END-- [ RunTime:0.000917s ]
ERR: 无法加载模块:Application

[ 2015-12-16T15:07:54+08:00 ] 127.0.0.1 /Qiao/Application/Home/View/Public/img/7f58875aa30497c1fa54293c135ea200/bimg1.jpg
INFO: [ app_init ] --START--
INFO: Run Behavior\BuildLiteBehavior [ RunTime:0.000047s ]
INFO: [ app_init ] --END-- [ RunTime:0.000849s ]
ERR: 无法加载模块:Application

[ 2015-12-16T15:07:54+08:00 ] 127.0.0.1 /Qiao/Application/Home/View/Public/img/7f58875aa30497c1fa54293c135ea200/cimg1.jpg
INFO: [ app_init ] --START--
INFO: Run Behavior\BuildLiteBehavior [ RunTime:0.000027s ]
INFO: [ app_init ] --END-- [ RunTime:0.000499s ]
ERR: 无法加载模块:Application

[ 2015-12-16T15:07:57+08:00 ] 127.0.0.1 /Qiao/Application/Home/View/Public/img/7f58875aa30497c1fa54293c135ea200/aimg1.jpg
INFO: [ app_init ] --START--
INFO: Run Behavior\BuildLiteBehavior [ RunTime:0.000043s ]
INFO: [ app_init ] --END-- [ RunTime:0.000689s ]
ERR: 无法加载模块:Application

[ 2015-12-16T15:07:57+08:00 ] 127.0.0.1 /Qiao/Application/Home/View/Public/img/7f58875aa30497c1fa54293c135ea200/bimg1.jpg
INFO: [ app_init ] --START--
INFO: Run Behavior\BuildLiteBehavior [ RunTime:0.000044s ]
INFO: [ app_init ] --END-- [ RunTime:0.000723s ]
ERR: 无法加载模块:Application

[ 2015-12-16T15:07:57+08:00 ] 127.0.0.1 /Qiao/Application/Home/View/Public/img/7f58875aa30497c1fa54293c135ea200/cimg1.jpg
INFO: [ app_init ] --START--
INFO: Run Behavior\BuildLiteBehavior [ RunTime:0.000044s ]
INFO: [ app_init ] --END-- [ RunTime:0.001037s ]
ERR: 无法加载模块:Application

[ 2015-12-16T15:08:00+08:00 ] 127.0.0.1 /Qiao/Application/Home/View/Public/img/7f58875aa30497c1fa54293c135ea200/aimg1.jpg
INFO: [ app_init ] --START--
INFO: Run Behavior\BuildLiteBehavior [ RunTime:0.000044s ]
INFO: [ app_init ] --END-- [ RunTime:0.000716s ]
ERR: 无法加载模块:Application

[ 2015-12-16T15:08:00+08:00 ] 127.0.0.1 /Qiao/Application/Home/View/Public/img/7f58875aa30497c1fa54293c135ea200/cimg1.jpg
INFO: [ app_init ] --START--
INFO: Run Behavior\BuildLiteBehavior [ RunTime:0.000045s ]
INFO: [ app_init ] --END-- [ RunTime:0.000892s ]
ERR: 无法加载模块:Application

[ 2015-12-16T15:08:00+08:00 ] 127.0.0.1 /Qiao/Application/Home/View/Public/img/7f58875aa30497c1fa54293c135ea200/bimg1.jpg
INFO: [ app_init ] --START--
INFO: Run Behavior\BuildLiteBehavior [ RunTime:0.000028s ]
INFO: [ app_init ] --END-- [ RunTime:0.000517s ]
ERR: 无法加载模块:Application

[ 2015-12-16T15:08:05+08:00 ] 127.0.0.1 /Qiao/Application/Home/View/Public/img/7f58875aa30497c1fa54293c135ea200/cimg1.jpg
INFO: [ app_init ] --START--
INFO: Run Behavior\BuildLiteBehavior [ RunTime:0.000042s ]
INFO: [ app_init ] --END-- [ RunTime:0.000749s ]
ERR: 无法加载模块:Application

[ 2015-12-16T15:08:05+08:00 ] 127.0.0.1 /Qiao/Application/Home/View/Public/img/7f58875aa30497c1fa54293c135ea200/bimg1.jpg
INFO: [ app_init ] --START--
INFO: Run Behavior\BuildLiteBehavior [ RunTime:0.000039s ]
INFO: [ app_init ] --END-- [ RunTime:0.000754s ]
ERR: 无法加载模块:Application

[ 2015-12-16T15:08:05+08:00 ] 127.0.0.1 /Qiao/Application/Home/View/Public/img/7f58875aa30497c1fa54293c135ea200/aimg1.jpg
INFO: [ app_init ] --START--
INFO: Run Behavior\BuildLiteBehavior [ RunTime:0.000049s ]
INFO: [ app_init ] --END-- [ RunTime:0.001076s ]
ERR: 无法加载模块:Application

[ 2015-12-16T15:08:17+08:00 ] 127.0.0.1 /Qiao/Application/Home/View/Public/img/7f58875aa30497c1fa54293c135ea200/cimg1.jpg
INFO: [ app_init ] --START--
INFO: Run Behavior\BuildLiteBehavior [ RunTime:0.000042s ]
INFO: [ app_init ] --END-- [ RunTime:0.000725s ]
ERR: 无法加载模块:Application

[ 2015-12-16T15:08:17+08:00 ] 127.0.0.1 /Qiao/Application/Home/View/Public/img/7f58875aa30497c1fa54293c135ea200/bimg1.jpg
INFO: [ app_init ] --START--
INFO: Run Behavior\BuildLiteBehavior [ RunTime:0.000043s ]
INFO: [ app_init ] --END-- [ RunTime:0.000720s ]
ERR: 无法加载模块:Application

[ 2015-12-16T15:08:17+08:00 ] 127.0.0.1 /Qiao/Application/Home/View/Public/img/7f58875aa30497c1fa54293c135ea200/aimg1.jpg
INFO: [ app_init ] --START--
INFO: Run Behavior\BuildLiteBehavior [ RunTime:0.000030s ]
INFO: [ app_init ] --END-- [ RunTime:0.000617s ]
ERR: 无法加载模块:Application

[ 2015-12-16T15:10:15+08:00 ] 127.0.0.1 /Qiao/Application/Home/View/Public/img/7f58875aa30497c1fa54293c135ea200/aimg1.jpg
INFO: [ app_init ] --START--
INFO: Run Behavior\BuildLiteBehavior [ RunTime:0.000038s ]
INFO: [ app_init ] --END-- [ RunTime:0.000730s ]
ERR: 无法加载模块:Application

[ 2015-12-16T15:10:15+08:00 ] 127.0.0.1 /Qiao/Application/Home/View/Public/img/7f58875aa30497c1fa54293c135ea200/bimg1.jpg
INFO: [ app_init ] --START--
INFO: Run Behavior\BuildLiteBehavior [ RunTime:0.000038s ]
INFO: [ app_init ] --END-- [ RunTime:0.000760s ]
ERR: 无法加载模块:Application

[ 2015-12-16T15:10:15+08:00 ] 127.0.0.1 /Qiao/Application/Home/View/Public/img/7f58875aa30497c1fa54293c135ea200/cimg1.jpg
INFO: [ app_init ] --START--
INFO: Run Behavior\BuildLiteBehavior [ RunTime:0.000049s ]
INFO: [ app_init ] --END-- [ RunTime:0.000775s ]
ERR: 无法加载模块:Application

[ 2015-12-16T15:14:06+08:00 ] 127.0.0.1 /Qiao/Application/Home/View/Public/img/7f58875aa30497c1fa54293c135ea200/aimg1.jpg
INFO: [ app_init ] --START--
INFO: Run Behavior\BuildLiteBehavior [ RunTime:0.000044s ]
INFO: [ app_init ] --END-- [ RunTime:0.001066s ]
ERR: 无法加载模块:Application

[ 2015-12-16T15:14:06+08:00 ] 127.0.0.1 /Qiao/Application/Home/View/Public/img/7f58875aa30497c1fa54293c135ea200/cimg1.jpg
INFO: [ app_init ] --START--
INFO: Run Behavior\BuildLiteBehavior [ RunTime:0.000042s ]
INFO: [ app_init ] --END-- [ RunTime:0.000715s ]
ERR: 无法加载模块:Application

[ 2015-12-16T15:14:06+08:00 ] 127.0.0.1 /Qiao/Application/Home/View/Public/img/7f58875aa30497c1fa54293c135ea200/bimg1.jpg
INFO: [ app_init ] --START--
INFO: Run Behavior\BuildLiteBehavior [ RunTime:0.000058s ]
INFO: [ app_init ] --END-- [ RunTime:0.003111s ]
ERR: 无法加载模块:Application

[ 2015-12-16T15:14:12+08:00 ] 127.0.0.1 /Qiao/Application/Home/View/Public/img/7f58875aa30497c1fa54293c135ea200/aimg1.jpg
INFO: [ app_init ] --START--
INFO: Run Behavior\BuildLiteBehavior [ RunTime:0.000043s ]
INFO: [ app_init ] --END-- [ RunTime:0.000707s ]
ERR: 无法加载模块:Application

[ 2015-12-16T15:14:12+08:00 ] 127.0.0.1 /Qiao/Application/Home/View/Public/img/7f58875aa30497c1fa54293c135ea200/bimg1.jpg
INFO: [ app_init ] --START--
INFO: Run Behavior\BuildLiteBehavior [ RunTime:0.000047s ]
INFO: [ app_init ] --END-- [ RunTime:0.000808s ]
ERR: 无法加载模块:Application

[ 2015-12-16T15:14:12+08:00 ] 127.0.0.1 /Qiao/Application/Home/View/Public/img/7f58875aa30497c1fa54293c135ea200/cimg1.jpg
INFO: [ app_init ] --START--
INFO: Run Behavior\BuildLiteBehavior [ RunTime:0.000053s ]
INFO: [ app_init ] --END-- [ RunTime:0.000913s ]
ERR: 无法加载模块:Application

[ 2015-12-16T15:14:14+08:00 ] 127.0.0.1 /Qiao/Application/Home/View/Public/img/7f58875aa30497c1fa54293c135ea200/aimg1.jpg
INFO: [ app_init ] --START--
INFO: Run Behavior\BuildLiteBehavior [ RunTime:0.000043s ]
INFO: [ app_init ] --END-- [ RunTime:0.000737s ]
ERR: 无法加载模块:Application

[ 2015-12-16T15:14:14+08:00 ] 127.0.0.1 /Qiao/Application/Home/View/Public/img/7f58875aa30497c1fa54293c135ea200/bimg1.jpg
INFO: [ app_init ] --START--
INFO: Run Behavior\BuildLiteBehavior [ RunTime:0.000070s ]
INFO: [ app_init ] --END-- [ RunTime:0.000955s ]
ERR: 无法加载模块:Application

[ 2015-12-16T15:14:14+08:00 ] 127.0.0.1 /Qiao/Application/Home/View/Public/img/7f58875aa30497c1fa54293c135ea200/cimg1.jpg
INFO: [ app_init ] --START--
INFO: Run Behavior\BuildLiteBehavior [ RunTime:0.000039s ]
INFO: [ app_init ] --END-- [ RunTime:0.000753s ]
ERR: 无法加载模块:Application

[ 2015-12-16T15:14:18+08:00 ] 127.0.0.1 /Qiao/Application/Home/View/Public/img/7f58875aa30497c1fa54293c135ea200/aimg1.jpg
INFO: [ app_init ] --START--
INFO: Run Behavior\BuildLiteBehavior [ RunTime:0.000038s ]
INFO: [ app_init ] --END-- [ RunTime:0.000690s ]
ERR: 无法加载模块:Application

[ 2015-12-16T15:14:18+08:00 ] 127.0.0.1 /Qiao/Application/Home/View/Public/img/7f58875aa30497c1fa54293c135ea200/cimg1.jpg
INFO: [ app_init ] --START--
INFO: Run Behavior\BuildLiteBehavior [ RunTime:0.000042s ]
INFO: [ app_init ] --END-- [ RunTime:0.000826s ]
ERR: 无法加载模块:Application

[ 2015-12-16T19:47:56+08:00 ] 127.0.0.1 /Qiao/Application/Home/View/Public/img/7f58875aa30497c1fa54293c135ea200/aimg1.jpg
INFO: [ app_init ] --START--
INFO: Run Behavior\BuildLiteBehavior [ RunTime:0.000047s ]
INFO: [ app_init ] --END-- [ RunTime:0.000783s ]
ERR: 无法加载模块:Application

[ 2015-12-16T19:47:56+08:00 ] 127.0.0.1 /Qiao/Application/Home/View/Public/img/7f58875aa30497c1fa54293c135ea200/bimg1.jpg
INFO: [ app_init ] --START--
INFO: Run Behavior\BuildLiteBehavior [ RunTime:0.000070s ]
INFO: [ app_init ] --END-- [ RunTime:0.002209s ]
ERR: 无法加载模块:Application

[ 2015-12-16T19:47:56+08:00 ] 127.0.0.1 /Qiao/Application/Home/View/Public/img/7f58875aa30497c1fa54293c135ea200/cimg1.jpg
INFO: [ app_init ] --START--
INFO: Run Behavior\BuildLiteBehavior [ RunTime:0.000045s ]
INFO: [ app_init ] --END-- [ RunTime:0.000932s ]
ERR: 无法加载模块:Application

[ 2015-12-16T20:22:45+08:00 ] 127.0.0.1 /Qiao/Application/Home/View/Public/img/7f58875aa30497c1fa54293c135ea200/cimg1.jpg
INFO: [ app_init ] --START--
INFO: Run Behavior\BuildLiteBehavior [ RunTime:0.000051s ]
INFO: [ app_init ] --END-- [ RunTime:0.000839s ]
ERR: 无法加载模块:Application

[ 2015-12-16T20:22:45+08:00 ] 127.0.0.1 /Qiao/Application/Home/View/Public/img/7f58875aa30497c1fa54293c135ea200/bimg1.jpg
INFO: [ app_init ] --START--
INFO: Run Behavior\BuildLiteBehavior [ RunTime:0.000038s ]
INFO: [ app_init ] --END-- [ RunTime:0.001037s ]
ERR: 无法加载模块:Application

[ 2015-12-16T20:22:45+08:00 ] 127.0.0.1 /Qiao/Application/Home/View/Public/img/7f58875aa30497c1fa54293c135ea200/aimg1.jpg
INFO: [ app_init ] --START--
INFO: Run Behavior\BuildLiteBehavior [ RunTime:0.000043s ]
INFO: [ app_init ] --END-- [ RunTime:0.001049s ]
ERR: 无法加载模块:Application

[ 2015-12-16T20:28:24+08:00 ] 127.0.0.1 /Qiao/Application/Home/View/Public/img/7f58875aa30497c1fa54293c135ea200/aimg1.jpg
INFO: [ app_init ] --START--
INFO: Run Behavior\BuildLiteBehavior [ RunTime:0.000051s ]
INFO: [ app_init ] --END-- [ RunTime:0.005538s ]
ERR: 无法加载模块:Application

[ 2015-12-16T20:28:24+08:00 ] 127.0.0.1 /Qiao/Application/Home/View/Public/img/7f58875aa30497c1fa54293c135ea200/cimg1.jpg
INFO: [ app_init ] --START--
INFO: Run Behavior\BuildLiteBehavior [ RunTime:0.000047s ]
INFO: [ app_init ] --END-- [ RunTime:0.000830s ]
ERR: 无法加载模块:Application

[ 2015-12-16T20:28:24+08:00 ] 127.0.0.1 /Qiao/Application/Home/View/Public/img/7f58875aa30497c1fa54293c135ea200/bimg1.jpg
INFO: [ app_init ] --START--
INFO: Run Behavior\BuildLiteBehavior [ RunTime:0.000029s ]
INFO: [ app_init ] --END-- [ RunTime:0.000706s ]
ERR: 无法加载模块:Application

[ 2015-12-16T20:28:39+08:00 ] 127.0.0.1 /Qiao/Application/Home/View/Public/img/7f58875aa30497c1fa54293c135ea200/aimg1.jpg
INFO: [ app_init ] --START--
INFO: Run Behavior\BuildLiteBehavior [ RunTime:0.000042s ]
INFO: [ app_init ] --END-- [ RunTime:0.000797s ]
ERR: 无法加载模块:Application

[ 2015-12-16T20:28:39+08:00 ] 127.0.0.1 /Qiao/Application/Home/View/Public/img/7f58875aa30497c1fa54293c135ea200/cimg1.jpg
INFO: [ app_init ] --START--
INFO: Run Behavior\BuildLiteBehavior [ RunTime:0.000044s ]
INFO: [ app_init ] --END-- [ RunTime:0.000899s ]
ERR: 无法加载模块:Application

[ 2015-12-16T20:28:39+08:00 ] 127.0.0.1 /Qiao/Application/Home/View/Public/img/7f58875aa30497c1fa54293c135ea200/bimg1.jpg
INFO: [ app_init ] --START--
INFO: Run Behavior\BuildLiteBehavior [ RunTime:0.000028s ]
INFO: [ app_init ] --END-- [ RunTime:0.000681s ]
ERR: 无法加载模块:Application

[ 2015-12-16T20:31:41+08:00 ] 127.0.0.1 /Qiao/Application/Home/View/Public/img/7f58875aa30497c1fa54293c135ea200/aimg1.jpg
INFO: [ app_init ] --START--
INFO: Run Behavior\BuildLiteBehavior [ RunTime:0.000042s ]
INFO: [ app_init ] --END-- [ RunTime:0.000706s ]
ERR: 无法加载模块:Application

[ 2015-12-16T20:31:41+08:00 ] 127.0.0.1 /Qiao/Application/Home/View/Public/img/7f58875aa30497c1fa54293c135ea200/cimg1.jpg
INFO: [ app_init ] --START--
INFO: Run Behavior\BuildLiteBehavior [ RunTime:0.000039s ]
INFO: [ app_init ] --END-- [ RunTime:0.000771s ]
ERR: 无法加载模块:Application

[ 2015-12-16T20:31:41+08:00 ] 127.0.0.1 /Qiao/Application/Home/View/Public/img/7f58875aa30497c1fa54293c135ea200/bimg1.jpg
INFO: [ app_init ] --START--
INFO: Run Behavior\BuildLiteBehavior [ RunTime:0.000059s ]
INFO: [ app_init ] --END-- [ RunTime:0.002556s ]
ERR: 无法加载模块:Application

[ 2015-12-16T21:09:00+08:00 ] 127.0.0.1 /Qiao/Application/Home/View/Public/img/7f58875aa30497c1fa54293c135ea200/cimg1.jpg
INFO: [ app_init ] --START--
INFO: Run Behavior\BuildLiteBehavior [ RunTime:0.000055s ]
INFO: [ app_init ] --END-- [ RunTime:0.001088s ]
ERR: 无法加载模块:Application

[ 2015-12-16T21:09:00+08:00 ] 127.0.0.1 /Qiao/Application/Home/View/Public/img/7f58875aa30497c1fa54293c135ea200/aimg1.jpg
INFO: [ app_init ] --START--
INFO: Run Behavior\BuildLiteBehavior [ RunTime:0.000042s ]
INFO: [ app_init ] --END-- [ RunTime:0.000800s ]
ERR: 无法加载模块:Application

[ 2015-12-16T21:09:00+08:00 ] 127.0.0.1 /Qiao/Application/Home/View/Public/img/7f58875aa30497c1fa54293c135ea200/bimg1.jpg
INFO: [ app_init ] --START--
INFO: Run Behavior\BuildLiteBehavior [ RunTime:0.000039s ]
INFO: [ app_init ] --END-- [ RunTime:0.000827s ]
ERR: 无法加载模块:Application

