[ 2015-12-26T00:07:42+08:00 ] 127.0.0.1 /Qiao/Application/Home/View/Public/img/5a040d6f4720539991399c8ea922b258/bimg1.jpg
INFO: [ app_init ] --START--
INFO: Run Behavior\BuildLiteBehavior [ RunTime:0.000061s ]
INFO: [ app_init ] --END-- [ RunTime:0.001482s ]
ERR: 无法加载模块:Application

[ 2015-12-26T00:07:42+08:00 ] 127.0.0.1 /Qiao/Application/Home/View/Public/img/5a040d6f4720539991399c8ea922b258/aimg1.jpg
INFO: [ app_init ] --START--
INFO: Run Behavior\BuildLiteBehavior [ RunTime:0.000059s ]
INFO: [ app_init ] --END-- [ RunTime:0.001894s ]
ERR: 无法加载模块:Application

[ 2015-12-26T00:07:42+08:00 ] 127.0.0.1 /Qiao/Application/Home/View/Public/img/5a040d6f4720539991399c8ea922b258/cimg1.jpg
INFO: [ app_init ] --START--
INFO: Run Behavior\BuildLiteBehavior [ RunTime:0.000095s ]
INFO: [ app_init ] --END-- [ RunTime:0.001834s ]
ERR: 无法加载模块:Application

[ 2015-12-26T00:09:05+08:00 ] 127.0.0.1 /Qiao/Application/Home/View/Public/img/5a040d6f4720539991399c8ea922b258/aimg1.jpg
INFO: [ app_init ] --START--
INFO: Run Behavior\BuildLiteBehavior [ RunTime:0.000093s ]
INFO: [ app_init ] --END-- [ RunTime:0.001979s ]
ERR: 无法加载模块:Application

[ 2015-12-26T00:09:05+08:00 ] 127.0.0.1 /Qiao/Application/Home/View/Public/img/5a040d6f4720539991399c8ea922b258/bimg1.jpg
INFO: [ app_init ] --START--
INFO: Run Behavior\BuildLiteBehavior [ RunTime:0.000063s ]
INFO: [ app_init ] --END-- [ RunTime:0.001309s ]
ERR: 无法加载模块:Application

[ 2015-12-26T00:09:05+08:00 ] 127.0.0.1 /Qiao/Application/Home/View/Public/img/5a040d6f4720539991399c8ea922b258/cimg1.jpg
INFO: [ app_init ] --START--
INFO: Run Behavior\BuildLiteBehavior [ RunTime:0.000129s ]
INFO: [ app_init ] --END-- [ RunTime:0.001638s ]
ERR: 无法加载模块:Application

[ 2015-12-26T00:09:05+08:00 ] 127.0.0.1 /Qiao/Application/Home/View/Public/img/5a040d6f4720539991399c8ea922b258/aimg1.jpg
INFO: [ app_init ] --START--
INFO: Run Behavior\BuildLiteBehavior [ RunTime:0.000084s ]
INFO: [ app_init ] --END-- [ RunTime:0.001523s ]
ERR: 无法加载模块:Application

[ 2015-12-26T00:09:38+08:00 ] 127.0.0.1 /Qiao/Application/Home/View/Public/img/5a040d6f4720539991399c8ea922b258/aimg1.jpg
INFO: [ app_init ] --START--
INFO: Run Behavior\BuildLiteBehavior [ RunTime:0.000090s ]
INFO: [ app_init ] --END-- [ RunTime:0.001864s ]
ERR: 无法加载模块:Application

[ 2015-12-26T00:09:38+08:00 ] 127.0.0.1 /Qiao/Application/Home/View/Public/img/5a040d6f4720539991399c8ea922b258/bimg1.jpg
INFO: [ app_init ] --START--
INFO: Run Behavior\BuildLiteBehavior [ RunTime:0.000090s ]
INFO: [ app_init ] --END-- [ RunTime:0.001878s ]
ERR: 无法加载模块:Application

[ 2015-12-26T00:09:38+08:00 ] 127.0.0.1 /Qiao/Application/Home/View/Public/img/5a040d6f4720539991399c8ea922b258/cimg1.jpg
INFO: [ app_init ] --START--
INFO: Run Behavior\BuildLiteBehavior [ RunTime:0.000089s ]
INFO: [ app_init ] --END-- [ RunTime:0.001858s ]
ERR: 无法加载模块:Application

[ 2015-12-26T00:09:39+08:00 ] 127.0.0.1 /Qiao/Application/Home/View/Public/img/5a040d6f4720539991399c8ea922b258/aimg1.jpg
INFO: [ app_init ] --START--
INFO: Run Behavior\BuildLiteBehavior [ RunTime:0.000057s ]
INFO: [ app_init ] --END-- [ RunTime:0.001261s ]
ERR: 无法加载模块:Application

[ 2015-12-26T00:10:05+08:00 ] 127.0.0.1 /Qiao/Application/Home/View/Public/img/5a040d6f4720539991399c8ea922b258/aimg1.jpg
INFO: [ app_init ] --START--
INFO: Run Behavior\BuildLiteBehavior [ RunTime:0.000090s ]
INFO: [ app_init ] --END-- [ RunTime:0.002832s ]
ERR: 无法加载模块:Application

[ 2015-12-26T00:10:05+08:00 ] 127.0.0.1 /Qiao/Application/Home/View/Public/img/5a040d6f4720539991399c8ea922b258/bimg1.jpg
INFO: [ app_init ] --START--
INFO: Run Behavior\BuildLiteBehavior [ RunTime:0.000099s ]
INFO: [ app_init ] --END-- [ RunTime:0.002269s ]
ERR: 无法加载模块:Application

[ 2015-12-26T00:10:05+08:00 ] 127.0.0.1 /Qiao/Application/Home/View/Public/img/5a040d6f4720539991399c8ea922b258/cimg1.jpg
INFO: [ app_init ] --START--
INFO: Run Behavior\BuildLiteBehavior [ RunTime:0.000111s ]
INFO: [ app_init ] --END-- [ RunTime:0.002460s ]
ERR: 无法加载模块:Application

[ 2015-12-26T00:10:42+08:00 ] 127.0.0.1 /Qiao/Application/Home/View/Public/img/5a040d6f4720539991399c8ea922b258/aimg1.jpg
INFO: [ app_init ] --START--
INFO: Run Behavior\BuildLiteBehavior [ RunTime:0.000061s ]
INFO: [ app_init ] --END-- [ RunTime:0.001399s ]
ERR: 无法加载模块:Application

[ 2015-12-26T00:10:43+08:00 ] 127.0.0.1 /Qiao/Application/Home/View/Public/img/5a040d6f4720539991399c8ea922b258/cimg1.jpg
INFO: [ app_init ] --START--
INFO: Run Behavior\BuildLiteBehavior [ RunTime:0.000089s ]
INFO: [ app_init ] --END-- [ RunTime:0.001870s ]
ERR: 无法加载模块:Application

[ 2015-12-26T00:10:43+08:00 ] 127.0.0.1 /Qiao/Application/Home/View/Public/img/5a040d6f4720539991399c8ea922b258/bimg1.jpg
INFO: [ app_init ] --START--
INFO: Run Behavior\BuildLiteBehavior [ RunTime:0.000091s ]
INFO: [ app_init ] --END-- [ RunTime:0.001846s ]
ERR: 无法加载模块:Application

