[ 2016-01-07T21:51:05+08:00 ] 127.0.0.1 /Qiao/Application/Home/View/Public/img/85c742c99b9934eff5bae2d084b539eb/bimg1.jpg
INFO: [ app_init ] --START--
INFO: Run Behavior\BuildLiteBehavior [ RunTime:0.000095s ]
INFO: [ app_init ] --END-- [ RunTime:0.001734s ]
ERR: 无法加载模块:Application

[ 2016-01-07T21:51:05+08:00 ] 127.0.0.1 /Qiao/Application/Home/View/Public/img/85c742c99b9934eff5bae2d084b539eb/cimg1.jpg
INFO: [ app_init ] --START--
INFO: Run Behavior\BuildLiteBehavior [ RunTime:0.000103s ]
INFO: [ app_init ] --END-- [ RunTime:0.001946s ]
ERR: 无法加载模块:Application

[ 2016-01-07T21:51:05+08:00 ] 127.0.0.1 /Qiao/Application/Home/View/Public/img/85c742c99b9934eff5bae2d084b539eb/aimg1.jpg
INFO: [ app_init ] --START--
INFO: Run Behavior\BuildLiteBehavior [ RunTime:0.000094s ]
INFO: [ app_init ] --END-- [ RunTime:0.002069s ]
ERR: 无法加载模块:Application

[ 2016-01-07T21:51:11+08:00 ] 127.0.0.1 /Qiao/Application/Home/View/Public/img/85c742c99b9934eff5bae2d084b539eb/aimg1.jpg
INFO: [ app_init ] --START--
INFO: Run Behavior\BuildLiteBehavior [ RunTime:0.000108s ]
INFO: [ app_init ] --END-- [ RunTime:0.001832s ]
ERR: 无法加载模块:Application

[ 2016-01-07T21:51:11+08:00 ] 127.0.0.1 /Qiao/Application/Home/View/Public/img/85c742c99b9934eff5bae2d084b539eb/bimg1.jpg
INFO: [ app_init ] --START--
INFO: Run Behavior\BuildLiteBehavior [ RunTime:0.000094s ]
INFO: [ app_init ] --END-- [ RunTime:0.001755s ]
ERR: 无法加载模块:Application

[ 2016-01-07T21:51:11+08:00 ] 127.0.0.1 /Qiao/Application/Home/View/Public/img/85c742c99b9934eff5bae2d084b539eb/cimg1.jpg
INFO: [ app_init ] --START--
INFO: Run Behavior\BuildLiteBehavior [ RunTime:0.000199s ]
INFO: [ app_init ] --END-- [ RunTime:0.002065s ]
ERR: 无法加载模块:Application

[ 2016-01-07T21:51:35+08:00 ] 127.0.0.1 /Qiao/Application/Home/View/Public/img/85c742c99b9934eff5bae2d084b539eb/aimg1.jpg
INFO: [ app_init ] --START--
INFO: Run Behavior\BuildLiteBehavior [ RunTime:0.000093s ]
INFO: [ app_init ] --END-- [ RunTime:0.001839s ]
ERR: 无法加载模块:Application

[ 2016-01-07T21:51:35+08:00 ] 127.0.0.1 /Qiao/Application/Home/View/Public/img/85c742c99b9934eff5bae2d084b539eb/bimg1.jpg
INFO: [ app_init ] --START--
INFO: Run Behavior\BuildLiteBehavior [ RunTime:0.000066s ]
INFO: [ app_init ] --END-- [ RunTime:0.001225s ]
ERR: 无法加载模块:Application

[ 2016-01-07T21:51:35+08:00 ] 127.0.0.1 /Qiao/Application/Home/View/Public/img/85c742c99b9934eff5bae2d084b539eb/cimg1.jpg
INFO: [ app_init ] --START--
INFO: Run Behavior\BuildLiteBehavior [ RunTime:0.000100s ]
INFO: [ app_init ] --END-- [ RunTime:0.002611s ]
ERR: 无法加载模块:Application

[ 2016-01-07T21:53:38+08:00 ] 127.0.0.1 /Qiao/Application/Home/View/Public/img/85c742c99b9934eff5bae2d084b539eb/7cbbc409ec990f19c78c75bd1e06f215/img1.jpg
INFO: [ app_init ] --START--
INFO: Run Behavior\BuildLiteBehavior [ RunTime:0.000057s ]
INFO: [ app_init ] --END-- [ RunTime:0.001162s ]
ERR: 无法加载模块:Application

[ 2016-01-07T21:53:44+08:00 ] 127.0.0.1 /Qiao/Application/Home/View/Public/img/85c742c99b9934eff5bae2d084b539eb/e2c420d928d4bf8ce0ff2ec19b371514/img1.jpg
INFO: [ app_init ] --START--
INFO: Run Behavior\BuildLiteBehavior [ RunTime:0.000064s ]
INFO: [ app_init ] --END-- [ RunTime:0.001358s ]
ERR: 无法加载模块:Application

[ 2016-01-07T21:53:45+08:00 ] 127.0.0.1 /Qiao/Application/Home/View/Public/img/85c742c99b9934eff5bae2d084b539eb/7cbbc409ec990f19c78c75bd1e06f215/img1.jpg
INFO: [ app_init ] --START--
INFO: Run Behavior\BuildLiteBehavior [ RunTime:0.000066s ]
INFO: [ app_init ] --END-- [ RunTime:0.001917s ]
ERR: 无法加载模块:Application

[ 2016-01-07T21:54:30+08:00 ] 127.0.0.1 /Qiao/Application/Home/View/Public/img/85c742c99b9934eff5bae2d084b539eb/32bb90e8976aab5298d5da10fe66f21d/img1.jpg
INFO: [ app_init ] --START--
INFO: Run Behavior\BuildLiteBehavior [ RunTime:0.000058s ]
INFO: [ app_init ] --END-- [ RunTime:0.001991s ]
ERR: 无法加载模块:Application

